    -3031.611929052401592      313407         132
    -3091.400983338010519      321390         133
    -3109.734654463691186      903369         134
    -3063.911370009690927      437181         135
    -3099.607586037968304      232559         136
    -3067.884402254274391      848331         137
    -3086.293733641981817      741888         138
    -3065.748592719746739      118421         139
    -3059.016742282834912      948615         140
    -3097.405143503280669      931874         141
    -3148.774736677903547      192071         142
    -3068.972060576887998       22089         143
    -3186.477013533818081      856536         144
    -3070.990711903283682      788796         145
    -3096.885270995824612      369602         146
    -3094.205266635259704      863094         147
    -3074.884663151319273       51375         148
    -3068.259704308556138      417035         149
    -3072.676317397510047      695155         150
    -3055.777965921463874      606576         151
    -3233.282079264603908      393232         152
    -3031.584772494288700       46437         153
    -3069.685054264600694      150531         154
    -3094.111814116418827       12477         155
    -3061.293832326776737      479273         156
    -3064.528885582991734      972873         157
    -3195.439256468131134      414284         158
    -3166.067164825542477      383986         159
    -3086.082955678071357      456213         160
    -3063.072749775951252      821011         161
    -3043.464837503045601      913639         162
    -3106.283084980066178      484501         163
    -3050.254150864635903      215353         164
    -2985.635539452987814      215353         164
    -2990.376026856090448      313407         132
    -2995.238485020540793       46437         153
    -3011.472346680920054      913639         162
        2.592730684162024
       -3.408326903350293
   2.523695899692617E-001
   7.286046325931628E-001
   0.000000000000000E+000
   0.000000000000000E+000
   5.596932751461946E-002
   3.639439346941512E-002
   5.696095706014451E-001
   1.620223549109143E-001
   2.523695899692617E-001
   7.286046325931628E-001
   0.000000000000000E+000
   0.000000000000000E+000
  -6.110868161787792E-001
  -2.535001414227199E-001
   2.523695899692617E-001
   7.286046325931628E-001
   0.000000000000000E+000
   0.000000000000000E+000
  -8.436350498204746E-002
   6.144298826716391E-001
   2.523695899692617E-001
   7.286046325931628E-001
   0.000000000000000E+000
   0.000000000000000E+000
        2.262985887901650
   1.296177766747074E-001
   2.523695899692617E-001
   7.286046325931628E-001
      -12.252322086404396
       23.312185334883793
       -4.282996494300899
       -3.484580716264049
   7.967443011091492E-001
        1.003073654222096
   9.901366814599490E-001
   9.981141706934116E-001
      -30.520193296938416
       29.159732193678025
   2.670135914663955E-001
  -2.112171974852507E-001
   8.626021713415332E-001
       -9.456714096052520
  -1.008166151567330E-001
        3.419630277661961
        4.013112323967547
        1.258440345455662
        2.631443737752115
      -10.898365323345342
       12.637669096726283
   1.873522622503244E-001
  -7.568779806034100E-001
        1.015736569175814
  -8.083658261203013E-001
        1.251996076078044
        3.208778815154582
        6.530576815727549
        2.122777159878599
        5.260523886283521
      -11.388955244999991
       13.692695401060117
        3.704432226739779
       -1.576892560873943
  -1.722299907933035E-001
  -9.859944649845570E-001
   1.895161700908664E-001
        1.637773300970724
        4.156990380412624
  -1.179486635789959E-001
        3.263024815346204
       -8.863965369508676
       17.470807793814302
        1.330158179828131
  -3.801971977902756E-001
   3.437928852072714E-001
       -1.207706287511151
        1.016935858528186
        5.561854344471858
        8.461841058246959
        3.480687172289257
        4.752029839663180
      -11.720252164093719
       16.220081192609975
        1.685414732747273
       -1.920924784660537
   9.937480609278079E-001
        1.878390142521913
   9.628119613418189E-001
  -5.770292660905286E-002
        2.667669021598419
       -1.101631287094276
       -1.076024555264346
        2.446342333619618
          56
           1
           0
   1.254821917367108E-001   6.511915958532203E-001
       -1.838582658114761   5.014945619760517E-001
  -9.340724614999850E-001   6.946639108800837E-001
   2.177180625492475E-001   8.087189120678751E-001
  -8.735604354771456E-001   6.865504636990756E-001
   1.010240495849629E-001   7.912593472243475E-001
  -8.814668167779466E-001   7.792031792891648E-001
  -9.127340655870263E-002   7.860116571634040E-001
  -6.714202523166384E-001   7.158507494866775E-001
  -1.430070920263455E-003   7.797936707603182E-001
  -7.541267401355600E-001   6.655551584971718E-001
  -4.758212515393493E-002   7.468341747098893E-001
  -9.033726542193012E-001   7.279840999975462E-001
   1.865795583346710E-001   8.154735137321770E-001
  -7.218370927158693E-001   6.036191391367557E-001
   7.833780404346107E-002   7.399318100669474E-001
  -5.296638321085816E-002   5.827673988378568E-001
       -1.171944244008030   3.435630579332261E-001
  -5.944560254991995E-001   6.951033882312219E-001
  -2.795942728488611E-002   7.627698108458395E-001
  -7.267409606042180E-001   6.288222327295492E-001
   2.130337822479767E-002   7.440510785679777E-001
  -5.700662866283782E-001   7.112149935336400E-001
  -2.373530096302229E-001   7.171573632816173E-001
  -7.099679162165861E-001   6.712706548744835E-001
   1.401878261382196E-001   7.793999094732977E-001
  -5.646915698853175E-001   7.114118446018082E-001
  -2.334782427029635E-001   7.173581052423043E-001
  -5.540544415575037E-001   6.907055982255880E-001
  -3.898463700442546E-002   7.551906457349143E-001
  -8.877726491869381E-001   6.567622803020029E-001
   1.832016476751816E-001   7.889152297534749E-001
  -7.502792573729835E-001   6.909847090014061E-001
   5.088540209128243E-002   7.883230758511478E-001
  -3.776359606426464E-001   7.530274787291109E-001
   1.983574998116180E-001   8.029973358024198E-001
  -8.687879085940001E-001   6.623514181653175E-001
   1.123099507378632E-001   7.798366643018801E-001
  -7.236784112552597E-001   6.908324984655126E-001
  -3.107430014399340E-002   7.638599117844912E-001
   3.461563348939924E-001   6.399714501372674E-001
       -1.168938878349318   3.641243541564540E-001
   1.655953221456195E-001   6.920460818274861E-001
       -1.278485168192421   3.832620042743062E-001
  -7.363829611592076E-001   6.939109146531794E-001
   6.966127084932894E-002   7.934047772034803E-001
  -5.512435270228425E-001   6.795739886526436E-001
  -1.965461485152718E-002   7.562303840245314E-001
  -7.232701541359422E-001   6.769467062773887E-001
   2.519311119741290E-001   8.015964485778208E-001
  -8.277998653498797E-001   6.767603858439902E-001
   7.488415144824102E-002   7.847810105310696E-001
   5.744328737830381E-002   6.312931392659668E-001
       -1.870155483534035   5.057775133086141E-001
  -5.150570688294682E-001   6.753995404237993E-001
  -4.174895281894667E-002   7.473716323987049E-001
  -7.363829611592076E-001   6.939109146531794E-001
   6.966127084932894E-002   7.934047772034803E-001
  -4.950777706038609E-001   6.851572072152525E-001
  -1.748526757729278E-001   7.166414578901134E-001
  -8.830339706993368E-001   7.191974252449227E-001
  -1.258999559831860E-001   9.208524972625807E-001
  -6.795184038379022E-001   6.524931799085989E-001
   6.982502362427830E-002   7.593315910854207E-001
  -6.270796191486097E-001   6.666384826947661E-001
  -8.316029944550640E-002   7.335326545088365E-001
  -8.010276840658234E-001   6.725406951397701E-001
   5.968542814849755E-002   7.792041016644025E-001
  -3.622429373715974E-001   7.380751596906783E-001
   3.786162112497723E-001   8.299737603074178E-001
  -8.808125883938915E-001   7.734374976351114E-001
  -1.150293995229756E-001   7.893659282530229E-001
  -6.917437865093469E-001   6.210628884411000E-001
   8.136310330064375E-002   7.478666578859582E-001
  -5.424974437095820E-001   7.792881411691307E-001
   2.842589089355216E-001   8.345962087300419E-001
  -7.585945975799135E-001   7.099348307931885E-001
  -2.612294470538140E-002   7.753714742335583E-001
  -6.461821441530811E-001   6.687351272738767E-001
   2.280443978066942E-002   7.657691170839450E-001
  -1.252846877812106E-001   6.082863894313847E-001
       -1.301450560087202   3.681439780590345E-001
  -5.447891402377740E-001   6.961435463401189E-001
  -1.211479427841923E-001   7.389084298948672E-001
   2.802047693268739E-001   6.047639966779215E-001
       -1.820481244646740   5.128059895108965E-001
  -5.804261285365062E-001   6.840344104256709E-001
   1.666841163917939E-002   7.672242244613185E-001
  -7.922968944123799E-001   6.290662426705710E-001
   6.482436721788246E-002   7.528692588650215E-001
  -5.406133963560077E-001   7.062175424941117E-001
  -2.623596275048933E-001   7.061695877839650E-001
  -5.151242157866560E-001   6.956633568096789E-001
  -2.173103445190990E-001   7.117700920810999E-001
  -8.888084651820612E-001   7.654402706171510E-001
  -6.179663763658023E-002   8.002892747329320E-001
  -7.288781411503049E-001   6.698517852241073E-001
   4.093264365013338E-002   7.735029868056089E-001
  -9.383935613977756E-001   7.494394823168735E-001
   9.491714872884819E-004   8.060076228331933E-001
  -7.300154735138568E-001   6.878143666800246E-001
   3.088086035966632E-001   8.156838611812249E-001
  -5.191238296591220E-001   6.788716477588778E-001
  -1.158577746499619E-001   7.289295736855167E-001
  -8.010276840658234E-001   6.725406951397701E-001
   5.968542814849755E-002   7.792041016644025E-001
  -6.856605390621555E-001   6.830231376272697E-001
   1.578809856938000E-001   7.883866844800568E-001
  -4.950777706038609E-001   6.851572072152525E-001
  -1.748526757729278E-001   7.166414578901134E-001
  -4.946059621418967E-001   8.015760926427395E-001
  -1.110510132029518E-001   7.559441560221263E-001
  -5.674298103966848E-001   6.545584282348388E-001
  -2.911730068427197E-001   9.081126011064036E-001
  -2.685474112176092E-001   7.092406750024116E-001
   5.943520652162088E-001   8.460263679444864E-001
  -1.839123568315306E-001   5.928977789385818E-001
       -1.321813187137710   3.709641373036305E-001
  -5.406133963560077E-001   7.062175424941117E-001
  -2.623596275048933E-001   7.061695877839650E-001
  -8.907505103884932E-001   7.486732804200121E-001
  -1.700327074686972E-002   8.135708169500099E-001
  -6.866961694733726E-001   8.099886904266367E-001
  -8.026087037624689E-003   7.841384755800636E-001
  -8.291678387691421E-001   7.009281696880969E-001
   7.099421301519496E-002   7.995192536934503E-001
       -1.030436439147758   7.993515695252901E-001
  -1.350201485716022E-001   8.198720378466005E-001
  -8.851147377935472E-001   7.206811535310041E-001
   4.272703691123005E-002   8.015396410015089E-001
  -8.944683293905152E-001   6.908578580965142E-001
   2.496143845689894E-002   7.811100243694505E-001
  -2.492369297441780E-001   6.577032647931259E-001
       -1.360494803621443   3.800739030082521E-001
  -6.993490636215972E-001   6.609080204010417E-001
   3.056688801121974E-003   9.141797473733309E-001
  -9.266497921858864E-001   6.728864444529575E-001
   2.475863841266993E-001   8.058108574783592E-001
  -8.886812061482193E-001   7.307173159380146E-001
   4.604917532172767E-003   7.969925329525107E-001
  -5.202909197723935E-001   7.717066059913555E-001
   3.761930327617227E-001   8.441371137396527E-001
  -6.309969182184865E-001   7.323611046182195E-001
  -3.320349578686566E-001   7.055954495695235E-001
  -8.440750882978615E-001   6.569393421960155E-001
   8.827793809486334E-002   7.734375011922074E-001
  -8.971333745870455E-001   6.442813417911917E-001
   3.226302009237186E-001   8.077511228175172E-001
  -2.660408264687957E-001   5.789984099125999E-001
       -1.340099505394623   3.728001442280539E-001
  -7.518808691094807E-001   6.480317468546695E-001
   2.873907093727173E-002   7.580682274610325E-001
  -6.459369110078390E-001   7.147478104530103E-001
  -1.150539633932509E-001   7.519809304388260E-001
  -4.107349990493504E-001   7.621461360677493E-001
   1.422135327265300E-001   7.972427160308544E-001
  -6.578680560763833E-001   6.901700927301734E-001
   5.056811862458229E-002   7.824698319252801E-001
  -8.315720962601898E-001   6.658317601493687E-001
  -1.468910430074571E-002   7.563446566834924E-001
  -5.210965323618868E-001   6.631441091663209E-001
  -1.593606027117146E-002   7.473637674691758E-001
   2.954018959907359E-001   6.573019818036000E-001
       -1.206008059185545   3.689351029759133E-001
  -8.929955015050415E-001   6.556815642931350E-001
   5.999436542951452E-002   7.658975815056950E-001
  -8.952554345939547E-001   7.479321823429219E-001
  -1.653127854333999E-002   7.996490846154455E-001
  -3.376316348292870E-001   7.551407490568256E-001
  -9.791405639523837E-002   7.424667956853759E-001
   7.439134538308653E-002   6.667350690206416E-001
       -1.855971322510735   5.037596393967302E-001
  -8.534220118590903E-001   6.809126301776109E-001
   8.728067190476863E-002   7.877884127046363E-001
  -1.986474170302433E-001   5.562403771381931E-001
       -1.327626829729043   3.664369012998454E-001
  -8.127657619592041E-001   7.428686101672818E-001
  -5.710780224233587E-002   7.845708223624093E-001
  -7.300154735138568E-001   6.878143666800246E-001
   3.088086035966632E-001   8.156838611812249E-001
  -4.950777706038609E-001   6.851572072152525E-001
  -1.748526757729278E-001   7.166414578901134E-001
  -8.109292223526468E-001   6.908029654481397E-001
  -5.520147765512616E-003   7.730789011887113E-001
  -7.154411030797788E-001   6.472544832361593E-001
   1.390991459455447E-002   7.541157303157984E-001
  -5.200883402766452E-001   7.808222790327517E-001
   8.827023680602412E-002   8.018250951371626E-001
  -2.529007322219993E-001   5.751369349816795E-001
       -1.338612410749841   3.714892577561697E-001
  -5.417203466538990E-001   6.958462576853239E-001
  -1.102641193471737E-001   7.400669119416827E-001
  -4.185450020305271E-001   7.573462477386742E-001
   1.647300458558025E-001   8.006408418640809E-001
  -8.022136406656465E-001   7.108391564183290E-001
  -1.161945493421050E-002   7.811116173880612E-001
  -1.261605207399845E-002   6.620411982147194E-001
       -1.810765482894126   4.922594236804699E-001
  -7.585945975799135E-001   7.099348307931885E-001
  -2.612294470538140E-002   7.753714742335583E-001
  -8.481836234795163E-001   6.971868352310575E-001
   6.611789678898007E-002   7.950687579603627E-001
  -7.724678589308873E-001   6.955687179279855E-001
   7.325952833893500E-002   7.968087627168259E-001
  -5.091005489656063E-001   6.754894276704355E-001
  -2.836495908170840E-002   7.492836709194135E-001
  -5.973662835703636E-001   6.691413997753991E-001
   1.313814134741812E-002   7.623115019336841E-001
  -5.607416557616840E-001   7.938051931015876E-001
  -6.513630837588631E-002   7.810269846467568E-001
  -8.877726491869381E-001   6.567622803020029E-001
   1.832016476751816E-001   7.889152297534749E-001
  -5.116982727193321E-001   6.906814689170632E-001
  -1.384342283844075E-001   7.294220169184085E-001
       -1.004372196250367   6.978188606711100E-001
   8.821587734013470E-002   7.954092827749092E-001
   6.092416731278021E-002   4.300557991521443E-001
   4.228395105996614E-001   7.238271377429250E-001
   6.658922433072455E-001   5.009086017576226E-001
   5.197316127486963E-001   7.212262938090256E-001
        1.476264839651673   3.284087600510557E-001
       -1.266496509659636   4.554747299153741E-001
   5.474253701001690E-001   4.049786564668061E-001
   4.110727081698612E-001   6.732119099530735E-001
   7.309622893229653E-001   3.991597308895192E-001
   4.929682250640797E-001   6.972914975406408E-001
   3.052455154443323E-001   3.889357163914551E-001
   6.366082243827492E-001   7.310622680165104E-001
   8.849550292502545E-001   2.957610509820854E-001
  -8.017307464470922E-001   2.928198702715942E-001
   2.923848050526091E-001   3.946727766004090E-001
   6.440920230681864E-001   7.386537251877348E-001
   1.191519817826645E-001   4.504731471910235E-001
   2.898991607296406E-001   7.057972004738043E-001
   1.854871970227044E-001   4.562803637534266E-001
   3.087879197934035E-001   7.152209145576650E-001
   7.615264025477043E-001   4.360304148591624E-001
   6.370992521046653E-001   7.003535569578149E-001
  -1.776993050907841E-001   4.583715337025123E-001
   6.396231226931932E-001   7.755324705025310E-001
   2.248021460089271E-001   4.537983587181628E-001
   2.962015378266989E-001   7.088068252132335E-001
   2.306647419912397E-001   4.551190820371022E-001
   3.112705212819740E-001   7.154241809602230E-001
        1.204585755717408   3.384614190053651E-001
  -6.059683893302790E-001   3.046960994352036E-001
        1.054066122908896   3.437212996508428E-001
  -7.351552707053507E-001   2.853136886539117E-001
   3.734243864470973E-002   4.587004928449775E-001
   3.509624174756973E-001   7.255055371219167E-001
   7.768296674812837E-001   4.296402474643595E-001
   5.564149764211278E-001   6.669057925944952E-001
  -2.364708714363239E-002   4.395394077138491E-001
   3.752394838559214E-001   7.187851674085660E-001
        1.570833829431571   3.769831402464613E-001
       -1.351459469489714   4.636243868944634E-001
   6.635040148996575E-001   4.099639615116278E-001
   5.296064206892965E-001   7.149638274777322E-001
   7.993707364562077E-001   3.782317387926369E-001
   4.309965682153261E-001   6.711969685832974E-001
  -1.102524898650422E-001   4.598159760722870E-001
   4.669006324543818E-001   7.518708693389524E-001
  -2.306332272093884E-002   4.538069020739386E-001
   4.209533757845360E-001   7.342129252129190E-001
   8.717926244187637E-001   4.492786486774921E-001
   6.419958774844229E-001   7.041944885427847E-001
   3.690940429284578E-001   3.886267328523446E-001
   5.592177031309647E-001   7.145196817816077E-001
  -6.920086416356970E-002   4.808301664442412E-001
   4.565429726638982E-001   7.591330163067874E-001
   5.067679043372716E-001   3.583348169667543E-001
  -9.790261009313996E-001   3.014241531065586E-001
   6.809659187274151E-001   4.072412464146787E-001
   4.945221978412109E-001   7.029023479442201E-001
   6.064909769439124E-001   4.240120155174713E-001
   7.264742072368641E-001   7.206514128384717E-001
   4.547061425390769E-001   3.518693205344410E-001
  -9.832365535014895E-001   3.032303812767539E-001
   9.174540418625763E-001   4.500135011729526E-001
   7.041283520375501E-001   7.322007707612034E-001
   6.972597181197708E-001   4.234436840293160E-001
   6.182910779722676E-001   6.884302108238483E-001
   5.600353015179100E-001   4.194206717005475E-001
   5.926551846068058E-001   7.424662354440067E-001
   9.779002173109436E-001   3.843763390403031E-001
   6.719558104441818E-001   7.240251819768795E-001
   4.531398152245246E-001   3.609624394707543E-001
  -9.579873005676602E-001   2.986145558522711E-001
   6.938976286494214E-001   4.055940650691393E-001
   5.087178352650474E-001   7.057205356872316E-001
   2.598300168313241E-001   4.519317543622751E-001
   2.996631895889696E-001   7.108357568062582E-001
   3.709997030627059E-001   3.986147709862053E-001
   5.335466836559092E-001   7.175214343324194E-001
   3.427912208316456E-001   4.703062789477516E-001
   5.807538133369112E-001   7.425689691285237E-001
   9.796244411206175E-001   4.199715197948232E-001
   6.558671953198671E-001   7.085103619406498E-001
   3.458278141518001E-001   4.666655227788530E-001
   4.140883597162792E-001   7.201341175855763E-001
        1.272551516915019   5.323899333633468E-001
   8.903963094727998E-001   7.058092791609705E-001
   9.936899333256708E-001   4.156642481417345E-001
   6.270335215682565E-001   6.995921062712988E-001
        1.250177295448021   5.328311893010013E-001
   9.047905302418369E-001   6.991138097265029E-001
   7.849302250301143E-001   4.736392308705955E-001
   6.956077963655102E-001   7.522896182485211E-001
        1.228474014322032   5.255429032586478E-001
   8.888836581149919E-001   6.921461422417685E-001
   5.955975699336429E-001   4.682671240125308E-001
   3.926886300739856E-001   6.929968207387714E-001
        1.302137886237085   5.365103767969104E-001
   8.633085289117635E-001   6.850512687174198E-001
   6.784461022775037E-001   4.145148958880980E-001
   6.565696104888100E-001   7.152273554092017E-001
        1.002652214394166   4.111317163653854E-001
   6.459004359573476E-001   7.044753824592392E-001
   9.444356335678892E-001   4.228962910252146E-001
   6.815780509275864E-001   7.208077990686881E-001
        1.333031071529208   6.449996173116058E-001
  -3.642579304222306E-001   8.313138947563076E-001
        1.270951352529110   5.338077206857007E-001
   8.826020696270885E-001   6.877037073002946E-001
   1.994499136611533E-001   4.708697110244636E-001
   5.188733657065413E-001   7.303841964686715E-001
        1.120000817036161   5.337448805589373E-001
        1.053966618907780   7.511603009360114E-001
   8.428510210067351E-001   3.935537715298957E-001
  -8.379821964780065E-001   3.142806948168410E-001
        1.533959634525326   3.402474448669480E-001
       -1.431228418087185   4.280576511879587E-001
        1.094806969810899   5.177201636513391E-001
   8.739837839893054E-001   7.401549323402904E-001
   6.715257215953591E-001   3.975165954572734E-001
   6.560950160822823E-001   6.994720392384901E-001
        1.514138794807470   5.169580516330491E-001
   8.822254548188375E-001   7.055119255265755E-001
        1.060474863718964   4.055839873256086E-001
   5.876360959086581E-001   6.782065911116697E-001
        1.244432049824205   5.561444177886773E-001
        1.002472861926332   7.322852615099102E-001
        2.267608849373780   4.823261978631023E-001
  -9.066070328663449E-001   4.985468305537751E-001
   9.923276361459220E-001   4.174320649430973E-001
   5.556801113799018E-001   6.729979649231773E-001
        1.284387908194004   5.270055687878161E-001
   8.804241563947912E-001   7.412416622046289E-001
   6.164352508688170E-001   4.038769752055051E-001
   6.828141012996135E-001   7.161257514520316E-001
        1.500129683860584   3.295882344338076E-001
       -1.415450908433818   3.958920451466872E-001
   3.505942234391154E-001   5.019740669360220E-001
   5.352707232707239E-001   7.460221456625834E-001
        1.782022850058813   4.887020107347557E-001
  -3.593360434579017E-001   3.530135009976790E-001
        1.089749504384492   3.995275674404370E-001
       -1.344986556227438   4.533141565672634E-001
        1.101794377850062   5.778403523581124E-001
        1.231781717055063   8.012567775996117E-001
        1.267231428800837   5.839045826702105E-001
        1.171397986482923   7.580602638702351E-001
        1.082135558840784   5.749692726938631E-001
        1.095281575922959   7.828086439072603E-001
        1.140673386436286   5.780591176104384E-001
   9.253507701980991E-001   7.464485090099165E-001
        1.136985330879283   5.622105778240319E-001
        1.021717163154400   7.656695061890911E-001
  -7.284306373391475E-001   7.311741413433414E-001
   9.541515486231486E-002   8.126126163967665E-001
  -1.006750374004960E-001   5.838145189727157E-001
       -1.245034692750542   3.575106609707916E-001
  -7.304516876291625E-001   7.356835362762720E-001
   1.492097779049126E-002   7.967361412248034E-001
  -4.505118971304634E-001   6.730564623409253E-001
  -1.121264342112172E-001   7.287906380702311E-001
  -4.652418629131265E-001   7.625014535972424E-001
   2.214758882063406E-001   8.191718747528155E-001
  -4.505118971304634E-001   6.730564623409253E-001
  -1.121264342112172E-001   7.287906380702311E-001
  -6.091253424737911E-002   6.250081459996246E-001
       -1.248130617342422   3.496880010579270E-001
  -6.934340342258959E-001   6.889833955203754E-001
   3.272785893676461E-001   8.243197954928236E-001
  -9.841164715605628E-002   7.177493485088292E-001
       -1.947149631594566   5.173133221177302E-001
  -8.146881816446927E-001   8.109980161989604E-001
   7.627067154319785E-002   8.178470771698151E-001
  -5.221317643226477E-001   6.621630530254415E-001
   2.077913901670472E-001   8.020927035512414E-001
  -8.604332790594387E-001   7.512962169654285E-001
   4.831379752353465E-002   8.312467019414533E-001
  -6.962072582156473E-001   7.042413904974951E-001
  -8.095182199236653E-002   7.630635475315969E-001
  -5.381774320381953E-004   6.117462597855415E-001
       -1.223498790244577   3.419106513805872E-001
  -7.011179553287004E-001   7.345268211795329E-001
  -1.034740983682113E-001   7.698896012681840E-001
  -7.556359481421770E-001   7.281442598851181E-001
   1.886897257734664E-001   8.170732876981270E-001
  -5.949772091499252E-001   6.947413399799384E-001
   1.057938579312753E-001   7.977654059260815E-001
   1.706384755087587E-001   6.477577782584636E-001
       -1.815394426377549   4.964579368745089E-001
  -6.686718256104085E-001   7.078958844159170E-001
   1.957155186967164E-001   8.250769313838227E-001
  -5.917996668400374E-001   8.108975566194109E-001
  -6.041720526579592E-002   7.871594081962290E-001
  -3.860118157627780E-001   6.397480464479123E-001
   5.788899159409994E-002   7.573136828497944E-001
  -5.014249672870065E-001   7.749772615906494E-001
   6.709729778981634E-002   7.975738330783025E-001
  -8.053903292580094E-001   7.448385101037096E-001
   8.919924626629634E-002   8.253027033698391E-001
  -7.533715388222527E-001   7.369655869883146E-001
   5.422206003025946E-002   8.081359045659271E-001
  -7.087882931778406E-001   7.056510848547705E-001
   3.044244758053071E-002   7.888906831444104E-001
  -7.979806447675120E-001   7.186311136380165E-001
   2.804046053905603E-001   8.293573909502331E-001
   1.943283210422384E-003   6.947220033771198E-001
       -1.892618165465107   5.073942054902051E-001
  -7.547001445340128E-001   7.156049496478928E-001
   1.714053467138280E-001   8.138335204344156E-001
   2.404244693417115E-001   6.292456346392471E-001
       -1.797390359393469   4.947762728443927E-001
  -5.190060833929713E-001   6.467406471873103E-001
   1.384559114981538E-001   7.780527681166747E-001
  -6.745123557767355E-001   6.914973550085212E-001
   1.184114950534070E-001   7.936399355343706E-001
  -7.945153318322948E-001   7.598497597315672E-001
   9.313404168846402E-002   8.096373974907198E-001
  -5.893386015632710E-001   6.963823061804200E-001
   1.074164136750986E-001   7.948585789843697E-001
  -7.466270383188313E-001   7.278657287601011E-001
   1.652822355983351E-001   8.337768468854537E-001
  -6.210117156706556E-001   6.983595013076205E-001
   1.183198780025078E-001   8.058254141575721E-001
  -8.430268925751658E-001   7.781856317459755E-001
   1.413316945191417E-001   8.233616900589117E-001
  -5.521063619606651E-001   6.908692108506224E-001
   3.495362288223431E-003   7.693258340815160E-001
   1.505374125880134E-001   6.401936123448948E-001
       -1.797391938987674   4.961926508892614E-001
  -7.396318377381452E-001   7.234031500065197E-001
   1.658361490136737E-001   8.340818755178531E-001
   2.391875920772346E-001   6.227459267710871E-001
       -1.760080198306979   4.798345175828480E-001
  -6.237178792344785E-001   6.901195973049625E-001
   1.442083322936897E-001   8.137130862561556E-001
  -6.817730824664739E-001   8.322200205366440E-001
  -1.065688490506516E-001   7.877268682803258E-001
  -7.122058536148136E-001   7.405700840304538E-001
   5.918974358573972E-002   7.910465068780228E-001
  -5.603657769968664E-001   6.906863349503368E-001
   7.506576644163421E-002   7.845060057856528E-001
  -7.795719209816127E-001   7.306547411409684E-001
  -4.975285912425752E-002   7.837989109569259E-001
   2.380531344125492E-001   6.303722825365359E-001
       -1.797060038566522   4.953246104816961E-001
  -7.284306373391475E-001   7.311741413433414E-001
   9.541515486231486E-002   8.126126163967665E-001
  -3.883015449193276E-001   7.700619516806746E-001
  -1.580435047953130E-002   7.653624302560914E-001
  -7.248728065169431E-001   7.252749665858086E-001
   1.610944856832718E-001   8.269419011998254E-001
  -6.133566936000137E-001   6.987790820865398E-001
   1.500596629048573E-001   8.068098221144244E-001
   1.013850619425641E-001   6.712011658031470E-001
       -1.871624261385306   5.093473608811590E-001
  -5.559206246102633E-001   6.876869869741613E-001
   8.737495916794240E-002   7.865120351606201E-001
  -7.789435031042323E-001   7.387568547210835E-001
   1.270946542983506E-001   8.293944407492638E-001
  -4.795286684553207E-001   6.484079330378248E-001
   1.639553742739045E-001   7.991732825225463E-001
  -6.992206968777757E-001   7.213747077845375E-001
   1.442338409356249E-001   8.183893666333538E-001
  -6.403794448728400E-002   5.837451405996761E-001
       -1.242651426152827   3.567364547402403E-001
  -7.915388351577773E-001   7.258852284675119E-001
   7.612306233053412E-002   8.190077408293136E-001
  -5.758599245551442E-001   6.850294914528680E-001
   1.436577733917979E-001   8.026634450165663E-001
  -5.627355362095040E-001   6.943545302685703E-001
   9.553535940821508E-003   7.722973014104668E-001
  -7.246979077684181E-001   7.127922023898948E-001
   1.747807780283682E-001   8.370290451222951E-001
   3.020498333748258E-001   6.132124812032913E-001
       -1.782920066327260   4.963994893285650E-001
  -7.189099029086562E-001   7.211971461127936E-001
   1.658988170787151E-001   8.279614476858977E-001
  -6.210117156706556E-001   6.983595013076205E-001
   1.183198780025078E-001   8.058254141575721E-001
  -7.552833380388353E-001   7.355379925028659E-001
   1.165190708875045E-001   8.216558606321350E-001
  -9.933405180172316E-001   7.946560081886378E-001
  -9.926392245677328E-002   8.119497738931749E-001
  -5.713485743031299E-001   7.848931678173284E-001
   3.486526663331452E-002   7.854307477859714E-001
  -6.713919708659087E-001   7.165781252292339E-001
   1.191434323518277E-001   8.089487745080267E-001
  -6.539594710767754E-001   6.979721574661480E-001
   2.286432185522156E-001   8.287559039682192E-001
  -6.405153417219210E-001   6.910264857285036E-001
   1.257467910524231E-001   8.133688610449799E-001
  -9.113537794264367E-001   7.622934004688657E-001
  -9.259337052105701E-003   8.256419559545951E-001
  -7.005403377489811E-001   7.145365299758312E-001
   1.981314666428563E-001   8.311029959932087E-001
  -6.999175496974555E-001   7.260823517845717E-001
   6.798768603591354E-002   8.028687416284167E-001
  -7.560667873949051E-001   7.415103274649854E-001
  -2.774578477805901E-002   7.922388026577500E-001
  -7.168742401021865E-001   7.029628185621921E-001
   1.700334536225399E-001   8.282685725262382E-001
   2.703005455088079E-001   5.792053922579972E-001
       -1.696630051732711   4.818877136784533E-001
  -6.661677817627508E-001   6.874486935974401E-001
   1.102650775607999E-001   7.943251830243487E-001
  -6.651665733594836E-001   7.209186386472733E-001
  -3.666517202442507E-002   7.777221960543174E-001
       -1.175050300383918   7.585533700456911E-001
   1.917810771137695E-001   9.298412336427802E-001
  -4.825597392830860E-001   6.741724444795408E-001
  -2.530620066087493E-003   7.575761256003618E-001
  -7.818236954946313E-001   7.332027637970718E-001
   1.364822502676872E-001   8.121421005441640E-001
  -6.475738802833639E-001   7.068653649478069E-001
   1.656923488101333E-001   8.144804410962536E-001
   2.510462981745774E-001   5.776952577835450E-001
       -1.614703739056036   4.448195365177267E-001
  -8.541818627417191E-001   7.392170585412172E-001
   2.804935174926104E-002   8.072433175400401E-001
  -6.108210920609379E-001   7.136432123610374E-001
  -1.130495786786011E-001   7.545420051870934E-001
   1.317662958241130E-001   7.553257722472048E-001
       -1.904640068640358   4.719731423997468E-001
  -5.090140527671668E-001   6.489200306708441E-001
   1.021956086137621E-001   7.810905699515700E-001
  -5.548501460949575E-001   6.697820265077912E-001
   5.559826270397058E-002   7.877337114669641E-001
  -6.173040965549667E-001   8.182710232458130E-001
   1.472515515081407E-002   8.005957686034236E-001
  -5.267314389742145E-001   6.566877316048654E-001
   7.518761420476688E-002   7.824938724509102E-001
  -4.042594827452339E-001   7.557125626860034E-001
   5.818946261350414E-002   7.835804980445097E-001
  -4.575786149330167E-001   7.687620833399242E-001
   4.028138775596509E-001   8.439714671293257E-001
  -6.610543879513203E-001   6.775088945928595E-001
   4.446059234705617E-001   8.345050643310835E-001
  -7.560667873949051E-001   7.415103274649854E-001
  -2.774578477805901E-002   7.922388026577500E-001
  -6.959338188734898E-001   7.034914925958328E-001
   8.312205240229288E-002   7.907775116434465E-001
  -6.502695009373575E-001   6.719366991753538E-001
   1.589224700783277E-001   8.035901334928719E-001
  -7.189099029086562E-001   7.211971461127936E-001
   1.658988170787151E-001   8.279614476858977E-001
  -5.998449214629297E-001   7.910965222622571E-001
   1.853144721645708E-001   8.290064208024337E-001
  -6.686718256104085E-001   7.078958844159170E-001
   1.957155186967164E-001   8.250769313838227E-001
  -7.210690375248913E-001   7.165675032420717E-001
   1.953478481735630E-001   8.365205578772220E-001
  -5.959209024253626E-001   6.660803520086673E-001
   1.695800617613339E-001   7.885249838816216E-001
  -8.720208121007791E-001   7.437143336353416E-001
   3.864570493485851E-002   8.066120808917776E-001
  -6.999175496974555E-001   7.260823517845717E-001
   6.798768603591354E-002   8.028687416284167E-001
  -5.495884775344239E-001   6.948500882803614E-001
  -8.043831538347758E-002   7.518747961973236E-001
  -7.159150429506007E-001   6.967922088068436E-001
   1.674311233764710E-001   8.022050090514879E-001
  -6.992206968777757E-001   7.213747077845375E-001
   1.442338409356249E-001   8.183893666333538E-001
  -8.566286738326789E-001   7.430174948494520E-001
   1.089487997892393E-001   8.139325277838896E-001
  -7.396318377381452E-001   7.234031500065197E-001
   1.658361490136737E-001   8.340818755178531E-001
  -5.208434769267721E-001   6.474350914038457E-001
   1.383828762903236E-001   7.716901868918866E-001
  -7.284306373391475E-001   7.311741413433414E-001
   9.541515486231486E-002   8.126126163967665E-001
  -5.502939108478633E-001   6.661098686481080E-001
   5.099542259171141E-002   7.843858632819728E-001
  -6.939884182164299E-001   7.176000223188266E-001
   1.522021852878826E-001   8.197634375838277E-001
  -7.552833380388353E-001   7.355379925028659E-001
   1.165190708875045E-001   8.216558606321350E-001
  -1.438895949950562E-001   6.270716726706227E-001
       -1.256502774477294   3.514616253502025E-001
  -8.496341705574290E-001   7.613969683124189E-001
  -2.583823707964973E-002   8.059631725288902E-001
  -5.382916630781840E-001   6.435017353181864E-001
   3.399342408904311E-001   8.042750089773448E-001
  -5.763938294788244E-001   6.700582732831230E-001
   2.546154055629576E-002   7.715150972104245E-001
  -6.385140836964771E-001   6.776778132038850E-001
   1.503428404780285E-001   7.902647258950459E-001
  -5.400040586287522E-001   6.549790484461840E-001
   1.015328930109277E-001   7.747605845277069E-001
  -7.316305261087259E-001   7.061358014801009E-001
   1.544127171100041E-001   8.230133168141025E-001
  -6.133566936000137E-001   6.987790820865398E-001
   1.500596629048573E-001   8.068098221144244E-001
  -7.990563522323736E-001   8.138464450732664E-001
   6.073641243075415E-001   8.917792101935759E-001
  -2.481547663873175E-001   7.467389851362426E-001
       -1.964079328946741   5.251889715089672E-001
  -6.059590525146478E-001   7.100403256610988E-001
  -1.009740883653625E-001   7.563307942996846E-001
  -6.160022124793303E-001   7.932189751028591E-001
   1.004770582352299E-001   8.172367913374008E-001
  -7.009499532734825E-001   8.305401554028878E-001
  -2.411509203846388E-001   7.672980990933644E-001
  -7.359246931041357E-001   7.171365312900517E-001
   1.779682251435603E-001   8.378321434539315E-001
  -7.284306373391475E-001   7.311741413433414E-001
   9.541515486231486E-002   8.126126163967665E-001
  -1.069385428761592E-001   5.844711577486265E-001
       -1.239236202445190   3.560512123421467E-001
   3.694032601986020E-002   6.414497313235177E-001
       -1.716693654271527   4.629046261554160E-001
  -5.763938294788244E-001   6.700582732831230E-001
   2.546154055629576E-002   7.715150972104245E-001
  -6.949174622007488E-001   7.264445200633447E-001
  -4.544515899149207E-003   7.881369039924575E-001
  -5.483056488971769E-001   6.996262243911783E-001
  -1.619324341796488E-001   7.341452302203240E-001
  -4.485290172905129E-001   6.780181549854475E-001
  -1.879774762383613E-001   7.105281463498868E-001
   1.905096130207952E-001   6.440028378106165E-001
       -1.818882086667199   4.979807227187450E-001
   2.403821369216521E-001   6.370968049246710E-001
       -1.837891997704890   5.118082609038643E-001
  -4.720585032970765E-001   6.706264190868270E-001
  -1.128266431396312E-002   7.543161584675793E-001
  -3.795807015534690E-001   6.490622827773435E-001
  -4.761262934736352E-002   7.313576092814735E-001
  -5.238420779793459E-001   6.852950798585841E-001
  -2.917664614867799E-002   7.585029849851498E-001
  -5.238420779793459E-001   6.852950798585841E-001
  -2.917664614867799E-002   7.585029849851498E-001
  -4.505118971304634E-001   6.730564623409253E-001
  -1.121264342112172E-001   7.287906380702311E-001
  -4.505118971304634E-001   6.730564623409253E-001
  -1.121264342112172E-001   7.287906380702311E-001
  -4.958890513239592E-001   6.798835669309010E-001
  -6.119356172737586E-002   7.475171619226869E-001
  -4.683423561230760E-001   6.746444991856567E-001
  -9.226864574923836E-002   7.363647653823759E-001
  -5.771962066579183E-001   7.098272429137045E-001
  -2.121549674275278E-001   7.275638481757815E-001
  -4.064405382295215E-001   6.543460179210310E-001
  -1.709624861815868E-002   7.424629828451546E-001
   1.529256603436783E-001   6.524455989932251E-001
       -1.812895536608769   4.918776415106983E-001
  -6.108210920609379E-001   7.136432123610374E-001
  -1.130495786786011E-001   7.545420051870934E-001
  -5.538162613960110E-001   6.982682333482266E-001
  -9.227920551878656E-002   7.500015083981725E-001
  -4.683423561230760E-001   6.746444991856567E-001
  -9.226864574923836E-002   7.363647653823759E-001
  -5.848183456160710E-001   6.998218192684272E-001
   2.464006935257273E-002   7.781535095820270E-001
   4.310925763576942E-002   6.015075550409797E-001
       -1.218298375113920   3.357045330645788E-001
  -4.274289116923944E-001   6.634443930345630E-001
  -6.421480875549268E-002   7.356373563672332E-001
  -6.108210920609379E-001   7.136432123610374E-001
  -1.130495786786011E-001   7.545420051870934E-001
  -4.485290172905129E-001   6.780181549854475E-001
  -1.879774762383613E-001   7.105281463498868E-001
   8.228934742963420E-002   6.807696647866667E-001
       -1.909625108571596   5.223495191666040E-001
   3.043572690886568E-002   6.024823290452932E-001
       -1.212989116035852   3.371818092775855E-001
   2.687973327386397E-002   6.047947730320188E-001
       -1.215380633749417   3.379335811833712E-001
  -5.783010516526457E-001   7.002568064159055E-001
  -4.842001868562437E-002   7.627716967220148E-001
  -5.815443453463212E-001   7.083491013600357E-001
  -1.438665802158892E-001   7.434989934212177E-001
  -4.683423561230760E-001   6.746444991856567E-001
  -9.226864574923836E-002   7.363647653823759E-001
  -4.934886330432122E-001   6.844733269415064E-001
  -1.414749090433778E-001   7.295385368463738E-001
  -5.848183456160710E-001   6.998218192684272E-001
   2.464006935257273E-002   7.781535095820270E-001
  -3.743390173785928E-001   6.317015144169532E-001
   9.115360910622372E-002   7.624314402715039E-001
  -5.783010516526457E-001   7.002568064159055E-001
  -4.842001868562437E-002   7.627716967220148E-001
  -5.212754709330505E-001   6.895944324678202E-001
  -1.115306383743077E-001   7.407946163330338E-001
  -5.561181421829513E-001   6.941102939371637E-001
  -8.346740542051090E-003   7.674505357652802E-001
   3.185528283944729E-001   6.106463679914305E-001
       -1.790061981997259   5.011939255245882E-001
  -5.848183456160710E-001   6.998218192684272E-001
   2.464006935257273E-002   7.781535095820270E-001
  -4.683423561230760E-001   6.746444991856567E-001
  -9.226864574923836E-002   7.363647653823759E-001
   2.250728561939375E-001   6.385053778727027E-001
       -1.832958832503884   5.076549637735396E-001
  -4.958890513239592E-001   6.798835669309010E-001
  -6.119356172737586E-002   7.475171619226869E-001
   4.262579841645316E-001   4.245028886439909E-001
   4.142478611679283E-001   7.230131075484046E-001
   5.014440884320246E-001   4.103986616671337E-001
   3.280144072655251E-001   6.893968688854809E-001
   4.273410916222781E-001   4.261447828577689E-001
   4.411340175362954E-001   7.293956710267190E-001
   3.983151988508093E-001   4.330132441232563E-001
   4.942582936377242E-001   7.453863785316167E-001
        1.019014772084409   3.396674856102808E-001
       -1.328346357226020   4.255983350234107E-001
   3.066530051053428E-001   4.501392065315639E-001
   6.635870286905635E-001   7.858344321419379E-001
   7.716533462930508E-001   4.742569312826534E-001
   4.564565756445326E-001   6.928493848720924E-001
   4.781667419159750E-001   5.176121910900570E-001
   5.036188881804690E-001   7.485760007360602E-001
   1.601807700685474E-001   5.487961689666061E-001
   5.914931502948583E-001   7.821447407873694E-001
   1.760306702730982E-001   4.651562119658526E-001
   5.641143669703520E-001   7.924870301173925E-001
   8.067283389072678E-001   3.785163922652268E-001
   5.017692537741014E-001   6.939996255220522E-001
   7.957875895906739E-001   3.789358840611112E-001
   5.014487896933318E-001   6.955180700666587E-001
   3.620659570172136E-001   4.303792180266542E-001
   3.218028589091963E-001   7.075666166579229E-001
   5.882398649302435E-001   4.202039580437553E-001
   8.624577521059528E-001   7.908859207315818E-001
   9.328693393875370E-001   3.280850906585643E-001
  -7.395485998604997E-001   2.841492272086530E-001
   6.059645870473951E-001   3.545170622744900E-001
  -8.562056135166681E-001   2.435612851264900E-001
   2.906890916530047E-001   4.463671511319910E-001
   4.214966548701865E-001   7.418172822586251E-001
   1.223434085135710E-001   4.493986705156187E-001
   3.874157039374307E-001   7.531368489814422E-001
   7.150145362717306E-001   4.106823680647121E-001
   5.699198728831885E-001   7.290788892779635E-001
   8.304921076958532E-001   3.476066199049701E-001
  -8.290276735435496E-001   2.408412405446193E-001
        1.000535954478512   4.376789840579913E-001
   8.508663777154386E-001   7.644006849123390E-001
   3.084391662925587E-001   4.460302612234543E-001
   4.553243074150168E-001   7.462206853143851E-001
   3.129889231956948E-001   4.414523653105957E-001
   3.768521011686924E-001   7.286346606562517E-001
   7.909153061954972E-001   3.826408498843570E-001
   5.345498651501018E-001   7.053096482665451E-001
   3.483386055420614E-001   4.328494343524102E-001
   3.097189416688038E-001   7.064397320881276E-001
   1.333103552144129E-001   4.449188712858748E-001
   4.505294415376015E-001   7.510549376660091E-001
   5.671642376875259E-001   4.209913030746925E-001
   8.731725602024435E-001   7.985735430017294E-001
   5.415297283548347E-001   3.614849201712207E-001
  -9.221593929690114E-001   2.876403502042054E-001
   5.358994560332841E-001   4.212051638626113E-001
   8.750982233742206E-001   8.091434412938798E-001
        1.115224171270881   4.204568319329085E-001
   7.198446064532275E-001   7.130419369264687E-001
        1.506063983278606   3.247669281769573E-001
       -1.244762770177927   4.485013170800518E-001
   6.157920671390726E-001   4.222236766536533E-001
   7.524085190574011E-001   7.746945425643265E-001
   1.550321887969819E-001   4.482899192805636E-001
   3.950025814285191E-001   7.703360675294018E-001
        1.488599048667175   3.228807532153721E-001
       -1.236397319842141   4.405113449163833E-001
        1.066021133278963   4.294289048420319E-001
   8.170689280898794E-001   7.425273091791313E-001
   2.312547319347029E-001   4.571969537440649E-001
   4.812782892222206E-001   7.663620878687312E-001
   7.456629915893859E-001   4.007006926894856E-001
   5.917784298024010E-001   7.250996251464344E-001
   3.228350024008845E-001   4.414906867496369E-001
   4.127907165848428E-001   7.355009156705496E-001
        1.091455861963703   3.435246697945992E-001
  -6.872979695538157E-001   2.700879119267822E-001
        1.226489824088410   2.898239229924958E-001
  -6.249173583894093E-001   2.204371031722347E-001
   1.004996706408984E-001   4.520391737650779E-001
   3.796585381568647E-001   7.732225544438209E-001
   6.313729358755389E-001   4.174168005132202E-001
   6.526171074596778E-001   7.568040614637642E-001
        1.488589768661643   3.228847994763715E-001
       -1.236414118532711   4.405209154608544E-001
        1.161278996272377   4.065452849641868E-001
   6.308939833535702E-001   6.805922877892097E-001
   2.542726009852366E-001   4.556620662239375E-001
   5.249301469047452E-001   7.676216649073156E-001
   6.988753026756150E-001   4.084785926425671E-001
   7.077465400483129E-001   7.542166103167045E-001
   7.188937377647178E-001   4.303495570865559E-001
   6.873259306201960E-001   7.652743158827721E-001
   2.861164398789324E-001   4.484169466512851E-001
   4.583377488330964E-001   7.501858011320984E-001
   3.967161938957944E-001   4.352118414589189E-001
   8.460192411133302E-001   8.042061997189418E-001
   7.912892450247927E-001   3.862108246586209E-001
   5.395690780905378E-001   7.064594408077561E-001
   3.480972308504446E-001   4.319167289927828E-001
   2.747962881277247E-001   6.967818878806877E-001
   7.727187158553513E-001   3.826204065471777E-001
   5.239483841703172E-001   7.051563326589935E-001
        1.632220813021791   5.177675444877569E-001
   9.957336003247614E-001   7.241914434316566E-001
        1.559553961478582   4.694789268416202E-001
   8.205908744163830E-001   6.856738493168499E-001
        1.147309594625761   5.475055332424238E-001
   8.847241951349308E-001   7.414970649114148E-001
        1.910560599608585   4.445819963957925E-001
       -1.159642132672722   4.244038857264852E-001
        1.425650894594054   5.295278211404384E-001
        1.029564688240956   7.839150555519916E-001
        1.078705256508615   4.048031892470453E-001
   6.814489866549968E-001   7.064969936164357E-001
        1.479125996356809   4.944576733005366E-001
   9.480078102298030E-001   7.420911402662149E-001
        1.069703345741642   3.994831544610499E-001
   6.660053620135116E-001   7.038123368246721E-001
        1.261572924862671   4.020372306730179E-001
   8.148169335080746E-001   7.253903572112748E-001
   4.332829348922244E-001   4.463065721912766E-001
   4.720331160301940E-001   7.229557060099097E-001
   4.162395208530380E-001   4.499074821927747E-001
   5.054442268442133E-001   7.321230930725313E-001
        1.594903863758572   5.029646835993485E-001
   9.726955062246426E-001   7.237193321360142E-001
        1.236846327233398   5.560476729700842E-001
   8.800276177553181E-001   7.349252960983578E-001
        1.287591106756013   5.760140777668653E-001
   9.308669518311612E-001   7.391646177359104E-001
   9.359835113611132E-001   4.196073941697284E-001
   8.333884696913899E-001   7.632892675914233E-001
   3.335262679363178E-001   4.668322437597384E-001
   5.634666068468456E-001   7.541440904484944E-001
        1.524512332757395   5.364297950360909E-001
   9.894187699574699E-001   7.480633283783419E-001
        1.601596240709843   5.216620609827224E-001
        1.020446815933252   7.342910181162652E-001
        1.270975740143281   5.569184321982457E-001
   8.253326515132483E-001   7.179229294121399E-001
        1.319794338860804   6.971823670556632E-001
        1.281104128701276   8.033867566258759E-001
        1.584694747413051   4.868432496255903E-001
   9.105319335934792E-001   7.082461403748209E-001
        1.554247239164220   5.162028133820662E-001
        1.039521786411033   7.479841711933671E-001
        1.639553002613233   5.232394401127485E-001
   9.594402480977482E-001   7.161105604041635E-001
        1.743904470644839   3.505528609217477E-001
       -1.077378545981903   4.375571151270933E-001
        2.168122597951452   5.343638637898296E-001
  -9.215228740739775E-001   5.034827839126453E-001
        1.144682304839174   5.080664543115001E-001
   7.564782426884319E-001   7.381844552093649E-001
        1.220102438000684   5.383162044242771E-001
   7.944560418858782E-001   7.185607447943808E-001
   3.919269316377839E-001   4.568717701357754E-001
   5.968022588092781E-001   7.522814368563104E-001
        1.254289556286578   5.401885411804749E-001
   7.680813014796422E-001   7.142511766885580E-001
   6.882089056708814E-001   3.956243047147743E-001
   6.835032317282334E-001   7.461544930001349E-001
        2.033530769416471   4.858393429758164E-001
  -2.269118120637733E-001   3.011783033144529E-001
        1.760660962785112   5.190100617523322E-001
        1.179665993917522   7.538734081398112E-001
        1.543607537465415   4.924990602266958E-001
   9.525758423215254E-001   7.273516191089644E-001
        1.180003867697334   5.217516187291804E-001
   8.166394421849485E-001   7.516934534877587E-001
        1.887557420849216   4.998695975353513E-001
  -9.750215885540269E-001   4.808253414115813E-001
        1.337875149613604   5.510570168741421E-001
   7.375211945260589E-001   7.015059224767913E-001
        1.868625031465268   5.242383009317333E-001
  -2.732453945072833E-001   3.126845516425161E-001
  -6.428638248370009E-001   7.743327584707210E-001
   4.402770313704896E-001   8.486025432280089E-001
           0
