Mplus VERSION 8.10
MUTHEN & MUTHEN
04/01/2025   2:59 PM

INPUT INSTRUCTIONS

  TITLE: Your title goes here

  DATA:
  FILE = "lalondeQPO.dat";
  VARIANCES = NOCHECK;

  VARIABLE:
  NAMES = treat ue780 ue781 age educ ue74 ue75 black hisp married q1 q2 q3 q4 q5 q6 q7
       q8 q9 q10 q11 q12 q13 q14;
  USEV = ue780-q14 notreat;
  !USEV = treat q1-q14;
  CATEGORICAL = ue780 ue781 ue74-married;
  CLASSES = C(4) A(2);
  KNOWNCLASS = A(notreat=0, notreat=1);
  MISSING=.;

  DEFINE:
  notreat = 1-treat;

  ANALYSIS:
  TYPE = mixture;
  ESTIMATOR = mlr;
  LINK = logit;
  !STARTS = 0;
  STARTS = 4096 256;
  PROCESSORS = 16;
  MITERATIONS = 5000;


  MODEL:
  %OVERALL%

      [ c#1*0 ] (lo1);
      [ c#2*0 ] (lo2);
      [ c#3*0 ] (lo3);
      [ a#1*0 ] (g00);

      A on C (g1-g3);

      A ON q1-q14* (g5-g18);
      ue780 ON q1-q14* (b0_1-b0_14);
      ue781 ON q1-q14* (b1_1-b1_14);


     [age-educ*];
     age-educ*;
     age with educ@0;

     [ue780$1-ue781$1* ue74$1-married$1*];
     [ue74$2-ue75$2* ue780$2-ue781$2*];


  !--Class 1--
      %C#1.A#1%
      [age-educ*] (ma_1 ma_2);
      age-educ* (va_1-va_2);
      [ue780$1-ue781$1* ue74$1-married$1*] (t1a_1-t1a_7);
      [ue74$2-ue75$2* ue780$2-ue781$2*] (t2a_1-t2a_4);


      %C#1.A#2%
      [age-educ*] (ma_1 ma_2);
      age-educ* (va_1-va_2);
      [ue780$1-ue781$1* ue74$1-married$1*] (t1a_1-t1a_7);
      [ue74$2-ue75$2* ue780$2-ue781$2*] (t2a_1-t2a_4);


  !-- Class 2--
      %C#2.A#1%
      [age-educ*] (mb_1 mb_2);
      age-educ* (vb_1-vb_2);
      [ue780$1-ue781$1* ue74$1-married$1*] (t1b_1-t1b_7);
      [ue74$2-ue75$2* ue780$2-ue781$2*] (t2b_1-t2b_4);

      %C#2.A#2%
      [age-educ*] (mb_1 mb_2);
      age-educ* (vb_1-vb_2);
      [ue780$1-ue781$1* ue74$1-married$1*] (t1b_1-t1b_7);
      [ue74$2-ue75$2* ue780$2-ue781$2*] (t2b_1-t2b_4);


  !-- Class 3--
      %C#3.A#1%
      [age-educ*] (mc_1 mc_2);
      age-educ* (vc_1-vc_2);
      [ue780$1-ue781$1* ue74$1-married$1*] (t1c_1-t1c_7);
      [ue74$2-ue75$2* ue780$2-ue781$2*] (t2c_1-t2c_4);

      %C#3.A#2%
      [age-educ*] (mc_1 mc_2);
      age-educ* (vc_1-vc_2);
      [ue780$1-ue781$1* ue74$1-married$1*] (t1c_1-t1c_7);
      [ue74$2-ue75$2* ue780$2-ue781$2*] (t2c_1-t2c_4);


  !-- Class 4--
      %C#4.A#1%
      [age-educ*] (md_1 md_2);
      age-educ* (vd_1-vd_2);
      [ue780$1-ue781$1* ue74$1-married$1*] (t1d_1-t1d_7);
      [ue74$2-ue75$2* ue780$2-ue781$2*] (t2d_1-t2d_4);

      %C#4.A#2%
      [age-educ*] (md_1 md_2);
      age-educ* (vd_1-vd_2);
      [ue780$1-ue781$1* ue74$1-married$1*] (t1d_1-t1d_7);;
      [ue74$2-ue75$2* ue780$2-ue781$2*] (t2d_1-t2d_4);



  Model Prior:
      g00~N(0,1);
      g1-g3~N(0,1);
      g5-g18~N(0,1);
      b0_1-b0_14~N(0,1);
      b1_1-b1_14~N(0,1);

      DO(1,2) ma_#~N(0,1);
      DO(1,2) mb_#~N(0,1);
      DO(1,2) mc_#~N(0,1);
      DO(1,2) md_#~N(0,1);

      DO(1,7) t1a_#~N(0,1);
      DO(1,7) t1b_#~N(0,1);
      DO(1,7) t1c_#~N(0,1);
      DO(1,7) t1d_#~N(0,1);
      !DO(1,7) t1e_#~N(0,1);

      DO(1,4) t2a_#~N(0,1);
      DO(1,4) t2b_#~N(0,1);
      DO(1,4) t2c_#~N(0,1);
      DO(1,4) t2d_#~N(0,1);
      !DO(1,4) t2e_#~N(0,1);

      !DO(1,7) diff(t1a_#,t1e_#)~N(0,1);
      !DO(1,7) diff(t1b_#,t1e_#)~N(0,1);
      !DO(1,7) diff(t1c_#,t1e_#)~N(0,1);
      !DO(1,7) diff(t1d_#,t1e_#)~N(0,1);

      !DO(1,4) diff(t2a_#,t2e_#)~N(0,1);
      !DO(1,4) diff(t2b_#,t2e_#)~N(0,1);
      !DO(1,4) diff(t2c_#,t2e_#)~N(0,1);
      !DO(1,4) diff(t2d_#,t2e_#)~N(0,1);



  Model Constraint:
      ! Means must sum to sample average (1)
      DO(1,2) 0 = ma_# + mb_# + mc_# + md_#;
      0 < g1;
      0 < g2 - g1;
      0 < g3 - g2;

      ! Variances constrained to be all equal
      DO(1,2) 0 = va_#-vd_#;
      DO(1,2) 0 = vb_#-vd_#;
      DO(1,2) 0 = vc_#-vd_#;
      !DO(1,2) 0 = vd_#-ve_#;


  OUTPUT:
      svalues;
      NOCHISQUARE;
      NOSERROR;

  SAVEDATA:
      FILE = "cprobs-approach2-4.dat";
      SAVE = cprob;



*** WARNING in SAVEDATA command
   (Err#: 30)
  Error opening data save file:
  cprobs-approach2-4.dat
  Data will not be saved.
   1 WARNING(S) FOUND IN THE INPUT INSTRUCTIONS



Your title goes here

