Mplus VERSION 8.10
MUTHEN & MUTHEN
04/01/2025  11:55 AM

INPUT INSTRUCTIONS

  TITLE: Your title goes here

  DATA: FILE = "lalondeQPO.dat";

  VARIABLE:
  NAMES = treat ue780 ue781 age educ ue74 ue75 black hisp married q1 q2 q3 q4 q5 q6 q7
       q8 q9 q10 q11 q12 q13 q14;
  USEV = ue780-q14 notreat;
  !USEV = treat q1-q14;
  CATEGORICAL = ue780 ue781 ue74-married;
  CLASSES = C(5) A(2);
  KNOWNCLASS = A(notreat=0, notreat=1);
  MISSING=.;

  DEFINE:
  notreat = 1-treat;

  ANALYSIS:
  TYPE = mixture;
  ESTIMATOR = mlr;
  LINK = logit;
  !STARTS = 516 64;
  !PROCESSORS = 16;

  MODEL:
  %OVERALL%
      A on C (g1-g4);

      A ON q1@0.11256;
      A ON q2@0.07853;
      A ON q3@0.13306;
      A ON q4@-0.30643;
      A ON q5@-0.31147;
      A ON q6@0.38802;
      A ON q7@-0.06486;
      A ON q8@-0.17240;
      A ON q9@0.05434;
      A ON q10@-0.15906;
      A ON q11@-0.11731;
      A ON q12@-0.10661;
      A ON q13@-0.07491;
      A ON q14@-0.08308;

     ue780 ON q1@0.01859;
     ue780 ON q2@0.16854;
     ue780 ON q3@-0.06413;
     ue780 ON q4@-0.14402;
     ue780 ON q5@0.72691;
     ue780 ON q6@-0.27908;
     ue780 ON q7@-0.07913;
     ue780 ON q8@0.18570;
     ue780 ON q9@0.19170;
     ue780 ON q10@0.10739;
     ue780 ON q11@-0.07197;
     ue780 ON q12@0.04126;
     ue780 ON q13@0.09972;
     ue780 ON q14@-0.22876;

     ue781 ON q1@-0.11757;
     ue781 ON q2@-0.07650;
     ue781 ON q3@-0.09538;
     ue781 ON q4@0.30357;
     ue781 ON q5@0.02499;
     ue781 ON q6@0.16616;
     ue781 ON q7@0.22838;
     ue781 ON q8@-0.06166;
     ue781 ON q9@0.08078;
     ue781 ON q10@-0.15231;
     ue781 ON q11@0.14095;
     ue781 ON q12@0.13430;
     ue781 ON q13@-0.14695;
     ue781 ON q14@0.15738;

     [age-educ*];
     age-educ*;
     age with educ@0;

     [ue780$1-ue781$1* ue74$1-married$1*];
     [ue74$2-ue75$2* ue780$2-ue781$2*];


  !--Class 1--
      %C#1.A#1%
      [age-educ*] (ma_1 ma_2);
      age-educ* (va_1-va_2);
      [ue780$1-ue781$1* ue74$1-married$1*] (t1a_1-t1a_7);
      [ue74$2-ue75$2* ue780$2-ue781$2*] (t2a_1-t2a_4);


      %C#1.A#2%
      [age-educ*] (ma_1 ma_2);
      age-educ* (va_1-va_2);
      [ue780$1-ue781$1* ue74$1-married$1*] (t1a_1-t1a_7);
      [ue74$2-ue75$2* ue780$2-ue781$2*] (t2a_1-t2a_4);


  !-- Class 2--
      %C#2.A#1%
      [age-educ*] (mb_1 mb_2);
      age-educ* (vb_1-vb_2);
      [ue780$1-ue781$1* ue74$1-married$1*] (t1b_1-t1b_7);
      [ue74$2-ue75$2* ue780$2-ue781$2*] (t2b_1-t2b_4);

      %C#2.A#2%
      [age-educ*] (mb_1 mb_2);
      age-educ* (vb_1-vb_2);
      [ue780$1-ue781$1* ue74$1-married$1*] (t1b_1-t1b_7);
      [ue74$2-ue75$2* ue780$2-ue781$2*] (t2b_1-t2b_4);


  !-- Class 3--
      %C#3.A#1%
      [age-educ*] (mc_1 mc_2);
      age-educ* (vc_1-vc_2);
      [ue780$1-ue781$1* ue74$1-married$1*] (t1c_1-t1c_7);
      [ue74$2-ue75$2* ue780$2-ue781$2*] (t2c_1-t2c_4);

      %C#3.A#2%
      [age-educ*] (mc_1 mc_2);
      age-educ* (vc_1-vc_2);
      [ue780$1-ue781$1* ue74$1-married$1*] (t1c_1-t1c_7);
      [ue74$2-ue75$2* ue780$2-ue781$2*] (t2c_1-t2c_4);


  !-- Class 4--
      %C#4.A#1%
      [age-educ*] (md_1 md_2);
      age-educ* (vd_1-vd_2);
      [ue780$1-ue781$1* ue74$1-married$1*] (t1d_1-t1d_7);
      [ue74$2-ue75$2* ue780$2-ue781$2*] (t2d_1-t2d_4);

      %C#4.A#2%
      [age-educ*] (md_1 md_2);
      age-educ* (vd_1-vd_2);
      [ue780$1-ue781$1* ue74$1-married$1*] (t1d_1-t1d_7);;
      [ue74$2-ue75$2* ue780$2-ue781$2*] (t2d_1-t2d_4);


  !-- Class 5--
      %C#5.A#1%
      [age-educ*] (me_1 me_2);
      age-educ* (ve_1-ve_2);
      [ue780$1-ue781$1* ue74$1-married$1*] (t1e_1-t1e_7);
      [ue74$2-ue75$2* ue780$2-ue781$2*] (t2e_1-t2e_4);

      %C#5.A#2%
      [age-educ*] (me_1 me_2);
      age-educ* (ve_1-ve_2);
      [ue780$1-ue781$1* ue74$1-married$1*] (t1e_1-t1e_7);
      [ue74$2-ue75$2* ue780$2-ue781$2*] (t2e_1-t2e_4);



  Model Prior:
  g1-g4~N(0,1);

  DO(1,7) diff(t1a_#,t1e_#)~N(0,10);
  DO(1,7) diff(t1b_#,t1e_#)~N(0,10);
  DO(1,7) diff(t1c_#,t1e_#)~N(0,10);
  DO(1,7) diff(t1d_#,t1e_#)~N(0,10);

  DO(1,4) diff(t2a_#,t2e_#)~N(0,10);
  DO(1,4) diff(t2b_#,t2e_#)~N(0,10);
  DO(1,4) diff(t2c_#,t2e_#)~N(0,10);
  DO(1,4) diff(t2d_#,t2e_#)~N(0,10);


  Model Constraint:
  DO(1,2) 0 = va_#-ve_#;
  DO(1,2) 0 = vb_#-ve_#;
  DO(1,2) 0 = vc_#-ve_#;
  DO(1,2) 0 = vd_#-ve_#;

  !DO(1,5) 0 < 10 - t1a_#;
  !DO(1,5) 0 < 10 - t1b_#;
  !Do(1,5) 0 < 10 - t1c_#;
  !Do(1,5) 0 < 10 - t1d_#;
  !Do(1,5) 0 < 10 - t1e_#;

  !DO(1,5) 0 < t1a_# + 10;
  !DO(1,5) 0 < t1b_# + 10;
  !Do(1,5) 0 < t1c_# + 10;
  !Do(1,5) 0 < t1d_# + 10;
  !Do(1,5) 0 < t1e_# + 10;

  !DO(1,2) 0 < 10 - t2a_#;
  !DO(1,2) 0 < 10 - t2b_#;
  !Do(1,2) 0 < 10 - t2c_#;
  !Do(1,2) 0 < 10 - t2d_#;
  !Do(1,2) 0 < 10 - t2e_#;

  !DO(1,2) 0 < t2a_# + 10;
  !DO(1,2) 0 < t2b_# + 10;
  !Do(1,2) 0 < t2c_# + 10;
  !Do(1,2) 0 < t2d_# + 10;
  !Do(1,2) 0 < t2e_# + 10;



  OUTPUT:
  svalues;



INPUT READING TERMINATED NORMALLY



Your title goes here

