    -3104.799029292139494      484406         421
    -3149.445816777319124      173191         422
    -3084.501289699000154      798821         423
    -3077.627439916220737      505879         424
    -3071.248783391143661      762461         425
    -3120.785670018346082      937885         426
    -3127.560276633645572      699554         427
    -3071.260366270696522      584397         428
    -3240.807699034529378      153394         429
    -3088.048434700232974      238906         430
    -3116.119297260826443      853195         431
    -3231.266537115199299      518828         432
    -3084.572494466566695      783102         433
    -3057.236999672873026      640833         434
    -3140.259689174155028      283492         435
    -3106.469264756633493      399380         436
    -3086.225030142756168      317640         437
    -3048.339059168703443      375590         438
    -3077.771322602036889      631413         439
    -3044.079538127477008      193569         440
    -3098.655474817015602      741484         441
    -3090.380039907224727      404510         442
    -3081.256895586493556      217130         443
    -3039.324456700379415      888905         444
    -3104.702007348703319      502532         445
    -3151.815616217279967      508482         446
    -3076.972585119265204      263221         447
    -3077.724063367008966      354624         448
    -3103.966943030017774      614535         449
    -3134.436624598348317      408713         450
    -3115.625598905343850      188640         451
    -3058.832122546666596      582296         452
    -2983.244784743723812      193569         440
    -2984.014670279487746      888905         444
  -3.402823466385289E+038      582296         452
  -3.402823466385289E+038      188640         451
        2.594986959362422
       -3.392834127955876
   2.433724145093734E-001
   7.239474907484996E-001
   0.000000000000000E+000
   0.000000000000000E+000
   7.884430111766845E-002
   6.484562559837596E-002
   6.016817254815749E-001
   1.637533221691201E-001
   2.433724145093734E-001
   7.239474907484996E-001
   0.000000000000000E+000
   0.000000000000000E+000
  -6.011479895841527E-001
  -2.430026321173458E-001
   2.433724145093734E-001
   7.239474907484996E-001
   0.000000000000000E+000
   0.000000000000000E+000
  -8.063430100072969E-002
   6.291061955029562E-001
   2.433724145093734E-001
   7.239474907484996E-001
   0.000000000000000E+000
   0.000000000000000E+000
        2.290747925647373
   1.285393756840421E-001
   2.433724145093734E-001
   7.239474907484996E-001
      -24.000381802042650
       23.856339744948656
      -25.342375028363971
      -24.981521430852226
   9.390161699393570E-001
        1.109143910488061
   3.140289648201893E-001
        1.071881551447411
     -102.794931930930204
       98.770464213842743
   5.410927639362864E-001
  -1.907683960524857E-001
   8.246547336757102E-001
      -27.097164011056421
  -1.979097842524396E-001
        4.113249739132695
        4.765318024842689
        1.381537200124690
        3.029905319584058
      -14.970337905067709
       17.789502379067063
   2.342459311918423E-001
  -7.171094200765867E-001
        1.078072396489239
  -8.438399337849489E-001
        1.226099801682075
        3.857447807407268
        7.527057777604650
        2.576513277902827
        6.042921062607951
      -16.104999126711210
       18.592755058454451
        3.422704560908505
      -25.984075908624341
  -5.032653759430826E-001
  -9.533967605572177E-001
   2.084498322919945E-001
        1.917303173429340
        4.795876075100360
  -1.264958490585956E-002
        3.818232826496808
      -12.598282168876393
       25.438770267269806
        1.385876501521650
  -4.362732051964515E-001
   2.888276299560310E-001
       -1.165252337102316
        1.062612283974507
        6.741669799672225
       10.586771903621436
        4.358309929279183
        5.752707519452044
      -14.957572933111598
       21.498909962826623
        1.766554663561275
       -1.885611092908733
        1.045413103327870
        1.927989103430368
   9.685001547299407E-001
  -2.779807029739051E-002
        2.636242744810492
       -1.046315071891791
       -1.104140384488977
        2.466471796709846
         498
           1
           0
   1.366530465423441E-001   6.767828307969945E-001
       -1.862846949438432   4.875029020441360E-001
  -9.270091426795001E-001   6.963284604554980E-001
   2.405125533151211E-001   7.974683629869298E-001
  -8.548206806346221E-001   6.827404392695625E-001
   9.561672312059200E-002   7.814395928609089E-001
  -9.109100060782246E-001   7.826388457248786E-001
  -1.498303906520880E-001   7.667952720677633E-001
  -6.429512879034371E-001   7.142470972080562E-001
  -5.105117954347413E-002   7.583539279526468E-001
  -7.138467435889375E-001   6.547797954176590E-001
  -9.919689259324162E-002   7.200770509235290E-001
  -9.038780768004180E-001   7.277895399149459E-001
   1.948554114685942E-001   8.033114131273413E-001
  -6.681987944216500E-001   5.849548928551193E-001
   4.986591452272029E-002   7.126320632813986E-001
   3.127234392800479E-002   5.812998589443832E-001
       -1.190701110483553   3.023733842435349E-001
  -5.463178345039994E-001   6.884488272956536E-001
  -8.783661857868508E-002   7.373088463783827E-001
  -6.736382642550339E-001   6.122195788628759E-001
  -1.321290362764878E-002   7.204284210771692E-001
  -5.183759247140605E-001   7.134152003727552E-001
  -3.500844108844109E-001   6.758674566599081E-001
  -6.722298854735406E-001   6.616196077122065E-001
   1.250539795812125E-001   7.633636526900807E-001
  -5.114554510341524E-001   7.134581306086268E-001
  -3.474593183427744E-001   6.753288321711112E-001
  -5.019163182486984E-001   6.830120286988892E-001
  -1.051061691862835E-001   7.267552574388472E-001
  -8.661218211184251E-001   6.515047677175893E-001
   1.947658629110259E-001   7.740553288972163E-001
  -7.187325995200502E-001   6.837416833010083E-001
   3.014635782985130E-002   7.765869182419410E-001
  -3.426721067806851E-001   7.560389113686040E-001
   2.239945209416178E-001   7.760639953612249E-001
  -8.428333701674121E-001   6.559688642607208E-001
   1.068486088248439E-001   7.650941421153592E-001
  -6.902083469841669E-001   6.837345372274597E-001
  -8.201388731484759E-002   7.406909252332148E-001
   3.939872006975590E-001   6.545539713600694E-001
       -1.143841066723763   3.307455109467748E-001
   1.703269923124211E-001   7.207930123664347E-001
       -1.267621835742124   3.532927057900369E-001
  -7.087534556742882E-001   6.866157065252489E-001
   5.319154734564098E-002   7.819818242169556E-001
  -4.923171964694902E-001   6.691961109887034E-001
  -7.840218106268158E-002   7.298485317503470E-001
  -6.970597755017722E-001   6.696581932761262E-001
   2.640906245860370E-001   7.862577208932229E-001
  -8.013067577504984E-001   6.695004413000318E-001
   6.469249429353416E-002   7.743318386660086E-001
   9.158212743999908E-002   6.494261907642634E-001
       -1.880145353521171   4.858079727437595E-001
  -4.508480827023452E-001   6.639680862045814E-001
  -1.092067553247357E-001   7.177937250333132E-001
  -7.087534556742882E-001   6.866157065252489E-001
   5.319154734564098E-002   7.819818242169556E-001
  -4.276004536659078E-001   6.789289473525475E-001
  -2.756917698659128E-001   6.766021854554969E-001
  -9.386670972836676E-001   7.071114227187281E-001
  -1.160699976042130E-001   8.914888281060854E-001
  -6.387240837417822E-001   6.388772236954563E-001
   5.815811719622204E-002   7.492999586474600E-001
  -5.720061287113015E-001   6.553193826996547E-001
  -1.495424309807717E-001   7.014439473422964E-001
  -7.727087589867339E-001   6.633131640433769E-001
   4.544465036968447E-002   7.662033339766845E-001
  -3.193899509213468E-001   7.286046310127173E-001
   4.444177841038203E-001   8.058686654614984E-001
  -9.063225632638376E-001   7.859927125368248E-001
  -1.915359805988295E-001   7.684621661027193E-001
  -6.402305981041434E-001   6.046547100826123E-001
   6.791748825288529E-002   7.313004401253100E-001
  -5.300408854631727E-001   7.779071849148808E-001
   3.336118236458545E-001   8.098650596208598E-001
  -7.373691644118170E-001   7.069660718372121E-001
  -7.548890451940024E-002   7.545023347097759E-001
  -5.954874638059459E-001   6.560951989520766E-001
  -1.395024679223545E-002   7.461970716702366E-001
  -9.914511552685794E-002   6.143649220277053E-001
       -1.372623536925909   3.531262052714351E-001
  -4.882829369242644E-001   6.907117917393560E-001
  -2.108893890195596E-001   7.050315492131648E-001
   3.437006838225991E-001   6.156907873478636E-001
       -1.822035345580775   4.954067761274757E-001
  -5.289030397712982E-001   6.746228284728276E-001
  -3.130920726888906E-002   7.440741544681085E-001
  -7.472719944385501E-001   6.177379467677963E-001
   5.046200065151739E-002   7.344853241890046E-001
  -4.823422542521762E-001   7.081717199705988E-001
  -3.800069704138740E-001   6.611908907002229E-001
  -4.513825095067110E-001   6.935411691015461E-001
  -3.267823402533850E-001   6.693846263257757E-001
  -9.086006762586010E-001   7.754699312594904E-001
  -1.214664611931055E-001   7.841908492473452E-001
  -6.896582743482568E-001   6.583249402495356E-001
   1.653930390337694E-002   7.578610815985056E-001
  -9.600205538589884E-001   7.552567217062844E-001
  -3.416504716468220E-002   7.929677123128829E-001
  -7.159344179401875E-001   6.803209613588260E-001
   3.377059106905275E-001   7.994434316508567E-001
  -4.563151013893659E-001   6.694405981340064E-001
  -2.001119809249981E-001   6.935650731367166E-001
  -7.727087589867339E-001   6.633131640433769E-001
   4.544465036968447E-002   7.662033339766845E-001
  -6.595678046985672E-001   6.735949436447652E-001
   1.458172599019923E-001   7.715232831586180E-001
  -4.276004536659078E-001   6.789289473525475E-001
  -2.756917698659128E-001   6.766021854554969E-001
  -4.980766603508349E-001   8.250069645525198E-001
  -1.459203273424474E-001   7.212748749991850E-001
  -5.642515213550928E-001   6.365456926383850E-001
  -3.492087393187630E-001   8.814205896780865E-001
  -2.406544789394050E-001   7.025638483029176E-001
   7.215795685162930E-001   8.264440273773461E-001
  -1.514675308614163E-001   5.960487597042526E-001
       -1.389135028586054   3.549842972796095E-001
  -4.823422542521762E-001   7.081717199705988E-001
  -3.800069704138740E-001   6.611908907002229E-001
  -9.045530703878886E-001   7.525533459934449E-001
  -5.787306126696116E-002   8.104271603072228E-001
  -7.268362584145376E-001   8.220185508765541E-001
  -2.014950015176822E-002   7.629069774635525E-001
  -8.158130192601051E-001   6.964890705235369E-001
   6.262139451059363E-002   7.941956523226822E-001
       -1.092532918720902   8.132810823475177E-001
  -2.135136359941313E-001   8.042995864425126E-001
  -8.766181620111780E-001   7.208304588661660E-001
   1.860479040832307E-002   7.951682707548037E-001
  -8.842388872832273E-001   6.862460972843198E-001
   6.705981234958583E-004   7.643964065805965E-001
  -2.698046159066291E-001   6.757919073920763E-001
       -1.441173706952259   3.649259881687631E-001
  -7.394314686814986E-001   6.391630515173432E-001
   3.131887555682170E-002   8.813424110113838E-001
  -9.186830236992110E-001   6.713723021648824E-001
   2.815297183905123E-001   7.930721918004142E-001
  -8.943194259234938E-001   7.323442994487775E-001
  -3.022852604399752E-002   7.823776682757229E-001
  -5.073760831920697E-001   7.667794317119448E-001
   4.531599381090995E-001   8.211769096920104E-001
  -5.951187588163235E-001   7.420530216520221E-001
  -4.619619681530447E-001   6.590419745411304E-001
  -8.134915171617785E-001   6.484501398749799E-001
   7.673031956424446E-002   7.575967508150961E-001
  -8.922935102728238E-001   6.370368217651804E-001
   3.805243776983546E-001   7.922433856043998E-001
  -2.214684600354331E-001   5.874508604107973E-001
       -1.391654020514365   3.556087734696994E-001
  -7.060829816541371E-001   6.345196392220493E-001
   6.419461892820904E-004   7.392029782261232E-001
  -6.121528768669920E-001   7.140131483007824E-001
  -1.953365499253573E-001   7.224882127817842E-001
  -3.829806389435458E-001   7.669928183548632E-001
   1.564281044458765E-001   7.682389072452217E-001
  -6.179942852351797E-001   6.818518744765412E-001
   1.930856827285504E-002   7.654213426145935E-001
  -8.025186809257054E-001   6.564041850917417E-001
  -5.326019521818049E-002   7.326913196669116E-001
  -4.545669364445287E-001   6.490823731020180E-001
  -7.339931231183429E-002   7.195050699363921E-001
   3.364044988172287E-001   6.753271291193893E-001
       -1.184886768294976   3.367445419271822E-001
  -8.693925179107690E-001   6.483951403614227E-001
   4.268012605090130E-002   7.450382950463482E-001
  -9.095650857969990E-001   7.536243449794503E-001
  -5.948703248846767E-002   7.843110076771318E-001
  -2.776913008607752E-001   7.563554956314210E-001
  -1.394655749346227E-001   6.926533650259104E-001
   6.851298413031075E-002   6.968878417800026E-001
       -1.886911216440797   4.908466398340097E-001
  -8.310777734441265E-001   6.753405013765147E-001
   7.975014784641181E-002   7.778137230459118E-001
  -1.376702643688823E-001   5.581872057863919E-001
       -1.384585525402546   3.501533801499687E-001
  -8.136715169115042E-001   7.480981670053931E-001
  -1.149637173268468E-001   7.640321880630189E-001
  -7.159344179401875E-001   6.803209613588260E-001
   3.377059106905275E-001   7.994434316508567E-001
  -4.276004536659078E-001   6.789289473525475E-001
  -2.756917698659128E-001   6.766021854554969E-001
  -7.888766216750899E-001   6.841963700166661E-001
  -4.422870214923957E-002   7.535634811078312E-001
  -6.639649457755981E-001   6.327923663833240E-001
  -1.950378114907698E-002   7.342686065342757E-001
  -5.016393716025814E-001   7.806374462549690E-001
   8.757954703928991E-002   7.689380106213751E-001
  -2.062160460902416E-001   5.816381369102960E-001
       -1.391437778988593   3.543792338555911E-001
  -4.869271834537540E-001   6.901643580992324E-001
  -1.967996285010010E-001   7.065339103076468E-001
  -3.778322621182724E-001   7.516340472368668E-001
   1.787064235643771E-001   7.675015046784911E-001
  -7.869894783792534E-001   7.080048633045397E-001
  -5.456514508463325E-002   7.624640460452542E-001
  -1.827174876971861E-002   6.861233838310117E-001
       -1.834296440457839   4.608766208880180E-001
  -7.373691644118170E-001   7.069660718372121E-001
  -7.548890451940024E-002   7.545023347097759E-001
  -8.302100108884670E-001   6.931475595334197E-001
   5.412316396573702E-002   7.877951030476190E-001
  -7.503616912180163E-001   6.890569368137625E-001
   6.185961150495849E-002   7.879287522348601E-001
  -4.468132376366105E-001   6.640893622685524E-001
  -9.341277340792925E-002   7.198733447456743E-001
  -5.386610136529035E-001   6.566391376047009E-001
  -3.006291516264836E-002   7.411090873628681E-001
  -5.490739499858850E-001   7.996154279796047E-001
  -1.048313449959145E-001   7.419055172268066E-001
  -8.661218211184251E-001   6.515047677175893E-001
   1.947658629110259E-001   7.740553288972163E-001
  -4.495542529503107E-001   6.845128408380184E-001
  -2.332555113701681E-001   6.925725564393350E-001
       -1.010097034954782   6.988871272347996E-001
   8.744190414925347E-002   7.828436449870489E-001
   1.009364022528822E-001   4.201634607027135E-001
   4.065395349400499E-001   7.273250524444950E-001
   7.103294358631428E-001   4.725834631157746E-001
   4.586295689548348E-001   7.170943625375389E-001
        1.551370669756615   3.018888904865393E-001
       -1.314840728430849   4.269166467406682E-001
   5.741465212850700E-001   3.878853489554445E-001
   3.154280020079500E-001   6.585043723042928E-001
   7.595471523291317E-001   3.893656757356473E-001
   3.992382413959911E-001   6.882994260104950E-001
   2.935179278576757E-001   3.947132244278129E-001
   6.291737334863551E-001   7.258240101462459E-001
   9.594481789249014E-001   2.690959075376206E-001
  -9.026120341003798E-001   2.820314323105166E-001
   2.799310958127571E-001   3.992216723510746E-001
   6.441053374554412E-001   7.355524241961560E-001
   1.793595657495613E-001   4.252183834236509E-001
   2.307991976977798E-001   6.934265258214832E-001
   2.510418774826720E-001   4.319337977174365E-001
   2.505425449768325E-001   7.047224200586267E-001
   7.674439598164035E-001   4.161046553062474E-001
   5.694777785970190E-001   7.048300636656876E-001
  -1.974868253778161E-001   4.487924445590739E-001
   7.205629253873853E-001   7.591503674441920E-001
   2.938872255780696E-001   4.292092289121197E-001
   2.302194944024557E-001   6.953025494835560E-001
   2.983749323760348E-001   4.314400072153899E-001
   2.487334507424424E-001   7.030491570261030E-001
        1.260000995459822   3.041476018096630E-001
  -7.152558147375144E-001   2.845825267593529E-001
        1.096146966187318   3.128763533774099E-001
  -8.609001211251164E-001   2.770677618366260E-001
   9.821814189768570E-002   4.475801939516896E-001
   3.052124218767305E-001   7.213272319964512E-001
   7.887704418834881E-001   4.050813152332304E-001
   4.601382440583216E-001   6.573340917664281E-001
   2.718956699380185E-002   4.286813121533803E-001
   3.398854921717896E-001   7.119514898690473E-001
        1.659169246401575   3.370756921876527E-001
       -1.452031552558379   4.464918337555085E-001
   6.845933188511952E-001   4.006299012267541E-001
   4.552381479365349E-001   7.122108068273411E-001
   8.375190301958975E-001   3.667588507958521E-001
   3.144646796704531E-001   6.539416636005182E-001
  -7.631492881985341E-002   4.541728145712704E-001
   4.706044432273434E-001   7.448008586847166E-001
   2.018727976095889E-002   4.486003071978033E-001
   3.971867787106270E-001   7.285016275804592E-001
   8.851687901587744E-001   4.267676826990913E-001
   5.685490959034718E-001   7.107089138814062E-001
   3.840648979579168E-001   3.900192775657132E-001
   5.274783550977047E-001   7.212684251784360E-001
  -1.486760521605107E-002   4.746053037019083E-001
   4.427127152945877E-001   7.514640089294358E-001
   6.103220164544817E-001   3.254329270880540E-001
       -1.041664449718006   2.827384868144643E-001
   7.104150827368392E-001   3.959855861632088E-001
   4.093288238765306E-001   6.972162191074148E-001
   5.899158719232229E-001   4.176428122920184E-001
   7.000105136976411E-001   7.210159913322346E-001
   5.528281789144783E-001   3.190620260450064E-001
       -1.042292637854226   2.840366161180471E-001
   9.158942578942424E-001   4.318544399649706E-001
   6.490334449435600E-001   7.418736121901102E-001
   6.999850525604285E-001   4.051861209232576E-001
   5.447044107878384E-001   6.851931115084047E-001
   5.672216930625810E-001   4.119547321593459E-001
   5.535703191583766E-001   7.486170019247529E-001
        1.013239184698245   3.828748606924411E-001
   6.692184461809617E-001   7.059875504655452E-001
   5.608344315859846E-001   3.320106471792119E-001
       -1.000427580131155   2.716450311427774E-001
   7.190472760040296E-001   3.957633593603930E-001
   4.243855318472555E-001   6.998030689077565E-001
   3.305245766511839E-001   4.283218121802195E-001
   2.311036662119926E-001   6.958362112349451E-001
   3.778138047103780E-001   3.917060238743565E-001
   4.863493917141781E-001   7.179626147526685E-001
   3.854164133147976E-001   4.577732858214663E-001
   5.293704960217717E-001   7.321611632541355E-001
   9.875774517908452E-001   4.077632766072627E-001
   5.731113298882042E-001   7.091022771197169E-001
   4.084037403086402E-001   4.409531400486013E-001
   3.331650684658111E-001   7.085257302404532E-001
        1.271885825132114   5.292457537260612E-001
   8.334645236606966E-001   7.199558168243896E-001
        1.007711127892046   4.024019296666723E-001
   5.347070113086240E-001   6.979921426676863E-001
        1.249457286518497   5.341140344446866E-001
   8.435370284383091E-001   7.058749513326940E-001
   8.256668789347614E-001   4.570747790663526E-001
   7.243251511836707E-001   7.305516130464436E-001
        1.222556821159014   5.253620086723566E-001
   8.221376711867815E-001   6.944391409794763E-001
   6.557171127222228E-001   4.380181997105799E-001
   3.033420597875400E-001   6.755179261347811E-001
        1.314412778799836   5.360227760159590E-001
   7.841731128780748E-001   6.915993819113868E-001
   6.703687601233650E-001   4.042165055241612E-001
   6.043763156130837E-001   7.230915227149486E-001
        1.010977895878295   4.009990042804534E-001
   5.580642390318822E-001   7.025621680388189E-001
   9.465912580832178E-001   4.124998183251476E-001
   6.143648127925941E-001   7.246596726027726E-001
        1.469104483562395   6.606584983940458E-001
  -6.719927164378363E-001   8.861207288992967E-001
        1.279053831682787   5.358281240078588E-001
   8.179251876515671E-001   6.957738497543594E-001
   2.196582899550120E-001   4.509928761773174E-001
   5.014563427892831E-001   7.276451846406206E-001
        1.078158826079795   5.435622276846753E-001
        1.067615001734860   7.580830528148149E-001
   9.214954322549925E-001   3.543147755697093E-001
  -9.392263087149681E-001   2.967456727981700E-001
        1.640708070420641   3.051175736267122E-001
       -1.530106486227133   4.110073921260115E-001
        1.076582009212315   5.159519953176408E-001
   8.273086331804186E-001   7.461033780942563E-001
   6.731303272357081E-001   3.935717223004246E-001
   5.991359481164504E-001   7.068667001402019E-001
        1.514574982105915   5.087487448678701E-001
   7.990018521268374E-001   7.131572289602267E-001
        1.079509322914286   3.901343798202881E-001
   4.722798020309761E-001   6.688386317073506E-001
        1.234091181052240   5.696190175966838E-001
   9.869999615253384E-001   7.400857543021232E-001
        2.305596162554939   4.560871967755084E-001
       -1.000758375758395   4.667589427388539E-001
        1.010497005549650   4.002121221340911E-001
   4.435147063054792E-001   6.640117207861498E-001
        1.277365247688723   5.166376748185000E-001
   8.425100741088279E-001   7.714799337493686E-001
   6.017821939318426E-001   3.991980796652831E-001
   6.409849781991203E-001   7.209113869087665E-001
        1.595205967638518   2.938503693465213E-001
       -1.527965067817531   3.660965876704675E-001
   3.758430667478410E-001   4.808689911068482E-001
   5.139736718727944E-001   7.327143312248940E-001
        1.839657844441656   4.757628196409573E-001
  -5.053874802680981E-001   3.338313881291747E-001
        1.187013184076669   3.626956832097007E-001
       -1.374874412818262   4.117995886108134E-001
        1.037115689228036   5.935902174398082E-001
        1.315614776304205   8.125700379246498E-001
        1.245759144645056   6.091474256460343E-001
        1.211602262217100   7.662343732050180E-001
        1.012823303436187   5.799617338630882E-001
        1.156889652571129   7.826587873033646E-001
        1.092067901670395   5.797048113935507E-001
   9.317144425538033E-001   7.410037978105249E-001
        1.100732942033677   5.735760249785651E-001
        1.046971714612107   7.656334185187517E-001
  -7.137066499291788E-001   7.323041792734372E-001
   7.875063890268699E-002   8.005944794234436E-001
  -7.045512064378950E-002   5.841726541702499E-001
       -1.299291638471201   3.359108961160331E-001
  -7.157230503798190E-001   7.375622189563651E-001
  -2.947022413070105E-002   7.791299690272671E-001
  -3.804740571199172E-001   6.620795328379923E-001
  -2.011111254318317E-001   6.934466817799901E-001
  -4.376126129298784E-001   7.578595618137073E-001
   2.522588112671351E-001   7.926736756842284E-001
  -3.804740571199172E-001   6.620795328379923E-001
  -2.011111254318317E-001   6.934466817799901E-001
  -4.516383863757568E-002   6.386754272869654E-001
       -1.299342205490868   3.191323202981130E-001
  -6.983581104291904E-001   6.773080356493953E-001
   3.735032604096313E-001   8.069941518853280E-001
  -1.754472924870947E-001   7.579268142436293E-001
       -1.994118497349397   5.011239321448349E-001
  -8.778236545685667E-001   8.169985242519456E-001
   9.199553968102477E-002   8.049890215438706E-001
  -4.849712148905607E-001   6.497100346216166E-001
   2.004900173143039E-001   7.883349378416441E-001
  -8.778376113316090E-001   7.558089252042404E-001
   3.909230047884241E-002   8.365348457307394E-001
  -6.799976453375417E-001   6.981677706024247E-001
  -1.236210169581481E-001   7.542362401792543E-001
   4.989256256011713E-002   6.238927058053177E-001
       -1.259457068309303   3.007897491696246E-001
  -6.796252973635182E-001   7.364163269833556E-001
  -1.844797374055490E-001   7.442189621931008E-001
  -7.715695868602229E-001   7.239537528588518E-001
   2.078802083108287E-001   8.061005025639837E-001
  -5.600504072383954E-001   6.883301367128137E-001
   8.427141161998315E-002   7.850681183375147E-001
   1.839972740180242E-001   6.725139004653075E-001
       -1.834457969577944   4.768831051996281E-001
  -6.545581648692530E-001   7.040483616760818E-001
   2.121863387189916E-001   8.180492001609226E-001
  -6.157169650535527E-001   8.337612525606106E-001
  -8.216924141472387E-002   7.632762078584352E-001
  -3.124296975779892E-001   6.223455423419967E-001
   1.961151672901916E-002   7.361274006216408E-001
  -4.819398313037768E-001   7.740108116420168E-001
   5.935143857622250E-002   7.645545847841805E-001
  -8.125563862557037E-001   7.485496611639145E-001
   7.936567098349730E-002   8.192462640133691E-001
  -7.461251330465669E-001   7.390261495207797E-001
   2.536087165254545E-002   7.947501432936178E-001
  -6.954073730146306E-001   6.972676807702187E-001
  -8.089048043292744E-003   7.746216819520838E-001
  -8.137488147034667E-001   7.097857285687924E-001
   3.173556699139092E-001   8.120950397522412E-001
  -3.830136640017614E-002   7.316985648926105E-001
       -1.924763596139355   4.885249395148559E-001
  -7.642785993210814E-001   7.121301405600541E-001
   1.829426238774002E-001   8.050651192141859E-001
   2.742475591609366E-001   6.474754117315745E-001
       -1.809011369564667   4.723866403410343E-001
  -5.063724739692026E-001   6.398001464565074E-001
   1.550547457128161E-001   7.856141782770488E-001
  -6.575919336700804E-001   6.826296659423015E-001
   1.022543138931144E-001   7.813719688968770E-001
  -8.167932936725559E-001   7.589585001723054E-001
   9.051825021257891E-002   7.951060415699256E-001
  -5.418639526866891E-001   6.900540522228479E-001
   8.424195821444037E-002   7.785068691189583E-001
  -7.389751569573713E-001   7.291234000896532E-001
   1.894817582573703E-001   8.333479205086772E-001
  -5.926236617786906E-001   6.924822841415436E-001
   1.038606676460835E-001   7.969588961580517E-001
  -8.852440986655891E-001   7.752148999237991E-001
   1.572004031983307E-001   8.101293059616405E-001
  -5.019246209159400E-001   6.820811079698148E-001
  -5.332958866157939E-002   7.451684012850449E-001
   1.691998310041440E-001   6.589006593179294E-001
       -1.830309963005185   4.815252185098993E-001
  -7.395320092771740E-001   7.234066831363105E-001
   1.843715051112084E-001   8.341120240625310E-001
   2.723321601277643E-001   6.389816564586639E-001
       -1.765471997594527   4.529278313919141E-001
  -5.991276062743887E-001   6.821472729363089E-001
   1.407823047621185E-001   8.116949815976077E-001
  -7.390369380828241E-001   8.599139579044539E-001
  -1.294475484879935E-001   7.685388592532416E-001
  -7.188605724986357E-001   7.356979968986616E-001
   4.091764516082197E-002   7.714026277480014E-001
  -5.074237167256825E-001   6.826699965092682E-001
   3.857512198869566E-002   7.651533223851278E-001
  -7.792652797376718E-001   7.263195487359514E-001
  -1.081511810240038E-001   7.640067723584304E-001
   2.696044397834005E-001   6.496800546691149E-001
       -1.810272594766986   4.739998754313694E-001
  -7.137066499291788E-001   7.323041792734372E-001
   7.875063890268699E-002   8.005944794234436E-001
  -3.673358469923376E-001   7.839009208513967E-001
  -3.114633154091645E-002   7.357379004045982E-001
  -7.119322006130834E-001   7.254682028421388E-001
   1.758624599020893E-001   8.212553491244190E-001
  -5.810357576323616E-001   6.926957047602156E-001
   1.403269455297537E-001   7.935278087397335E-001
   9.388758567566320E-002   7.023580604709816E-001
       -1.897602376675144   4.915702007045282E-001
  -5.079700858616459E-001   6.790762241491803E-001
   5.239550088299583E-002   7.677905632904070E-001
  -7.779462356800966E-001   7.418591858076157E-001
   1.333026682649731E-001   8.253870889984020E-001
  -4.433096203027175E-001   6.388919343782558E-001
   2.095902806356467E-001   8.031603593608554E-001
  -6.792695302484011E-001   7.204615414291347E-001
   1.457235271389389E-001   8.087125377853700E-001
  -4.195179189444415E-002   5.821120892434162E-001
       -1.307642152697443   3.386540226729404E-001
  -7.881615514337362E-001   7.230571311357650E-001
   6.935043106520988E-002   8.249616680266475E-001
  -5.397324573966690E-001   6.764103458022190E-001
   1.329066593485085E-001   7.923979256409066E-001
  -5.188293651611438E-001   6.875683982564982E-001
  -4.204671470398500E-002   7.503845377173670E-001
  -7.276817520980267E-001   7.122199475775237E-001
   2.030480774737778E-001   8.455970854799094E-001
   3.505970504073830E-001   6.267099930172226E-001
       -1.793826608585317   4.752479548081299E-001
  -7.125742893977224E-001   7.201420034909956E-001
   1.780498801276969E-001   8.229374925904186E-001
  -5.926236617786906E-001   6.924822841415436E-001
   1.038606676460835E-001   7.969588961580517E-001
  -7.478926345428832E-001   7.376869995669737E-001
   1.124193663502643E-001   8.132269718102221E-001
       -1.044023915255908   8.090462496291279E-001
  -1.677349584173789E-001   7.972265276601374E-001
  -5.950510006308637E-001   7.937726682122042E-001
   3.844565876656814E-002   7.651453294108654E-001
  -6.438667549068047E-001   7.145681369624813E-001
   1.062652439031918E-001   7.960237072375944E-001
  -6.441432119683324E-001   6.932119612710961E-001
   2.547748811786981E-001   8.236440782760842E-001
  -6.194776757861773E-001   6.827601082711406E-001
   1.186116613916290E-001   8.141241134664112E-001
  -9.387881222956949E-001   7.679155399455621E-001
  -3.901267315110821E-002   8.276348285471354E-001
  -6.783793781131290E-001   7.134340320813993E-001
   2.362225001900608E-001   8.291277199700006E-001
  -6.780389976868035E-001   7.260218117119154E-001
   3.856984367813777E-002   7.876573298086448E-001
  -7.490509072416642E-001   7.444382207685071E-001
  -8.161945657247814E-002   7.734277308563458E-001
  -7.264425492612895E-001   7.030463958252441E-001
   1.958787547297547E-001   8.384055670713749E-001
   3.271252500824567E-001   5.769312670274238E-001
       -1.719198835469076   4.511321057982711E-001
  -6.475825031196605E-001   6.785178497047740E-001
   9.325367676647267E-002   7.856322595546510E-001
  -6.378581676915083E-001   7.190385483724197E-001
  -9.766027280399191E-002   7.551657264445554E-001
       -1.300117202681363   7.487463189952349E-001
   3.052925735786788E-001   8.973710005435561E-001
  -4.230557646815529E-001   6.625250784644411E-001
  -6.261582578935174E-002   7.315666827792454E-001
  -7.935091814347505E-001   7.291190842847690E-001
   1.385375726730924E-001   7.999537920788180E-001
  -6.135381942933638E-001   7.031882776515446E-001
   1.739638425486575E-001   8.040089521760601E-001
   3.006307762785495E-001   5.762597668004366E-001
       -1.625854473068092   4.023445832950834E-001
  -8.616741000343467E-001   7.371980887457035E-001
  -1.878667807102216E-003   7.988153839985536E-001
  -5.682997464332541E-001   7.108860642267671E-001
  -2.000702944983699E-001   7.246018020266632E-001
   3.621486436085387E-002   8.006975231028629E-001
       -1.922602046722746   4.367785788349635E-001
  -4.901653544917889E-001   6.401271406379100E-001
   1.352969013724434E-001   7.993912979607930E-001
  -5.248578326637461E-001   6.617666215904151E-001
   9.544481104769555E-002   8.058978933075116E-001
  -6.689688942368703E-001   8.428419826363630E-001
   2.875009253185649E-002   7.856931647763102E-001
  -5.069060699856650E-001   6.480624602808658E-001
   1.084533176030592E-001   8.004902125189942E-001
  -3.646557174306826E-001   7.514011286936332E-001
   4.607346285011119E-002   7.475677404836421E-001
  -4.951842706605281E-001   7.852775700487297E-001
   5.130796225763764E-001   8.415604131228229E-001
  -6.784199991300330E-001   6.637590741742516E-001
   5.263797648511392E-001   8.186273417735116E-001
  -7.490509072416642E-001   7.444382207685071E-001
  -8.161945657247814E-002   7.734277308563458E-001
  -6.828945778712084E-001   6.946229432639817E-001
   5.808324685814147E-002   7.744935288036390E-001
  -6.323910070532056E-001   6.612298224250033E-001
   1.617289745668108E-001   8.017662218214711E-001
  -7.125742893977224E-001   7.201420034909956E-001
   1.780498801276969E-001   8.229374925904186E-001
  -5.958847346771543E-001   7.922121757112358E-001
   2.074116233291947E-001   8.032383670898230E-001
  -6.545581648692530E-001   7.040483616760818E-001
   2.121863387189916E-001   8.180492001609226E-001
  -7.018033965098038E-001   7.164115566821844E-001
   2.406466955845505E-001   8.411086270958096E-001
  -5.524403229503297E-001   6.476279150629556E-001
   1.508898235823434E-001   7.707387338337117E-001
  -8.833300753686276E-001   7.415904562054788E-001
   9.344748359372932E-003   7.933496711476197E-001
  -6.780389976868035E-001   7.260218117119154E-001
   3.856984367813777E-002   7.876573298086448E-001
  -4.968534757166859E-001   6.870776625084362E-001
  -1.590078638778744E-001   7.221436782477610E-001
  -7.006021599570810E-001   6.853892504656145E-001
   1.578918171398326E-001   7.824505185896193E-001
  -6.792695302484011E-001   7.204615414291347E-001
   1.457235271389389E-001   8.087125377853700E-001
  -8.692809928152757E-001   7.386415999416349E-001
   9.815979419949344E-002   7.990850561531717E-001
  -7.395320092771740E-001   7.234066831363105E-001
   1.843715051112084E-001   8.341120240625310E-001
  -4.811735354555481E-001   6.299636991884043E-001
   1.116772118804882E-001   7.514447217822048E-001
  -7.137066499291788E-001   7.323041792734372E-001
   7.875063890268699E-002   8.005944794234436E-001
  -5.315519434403890E-001   6.585014316446512E-001
   8.216628459465579E-002   8.001457930846202E-001
  -6.797210894704619E-001   7.154774790995063E-001
   1.537008767802208E-001   8.107563188814509E-001
  -7.478926345428832E-001   7.376869995669737E-001
   1.124193663502643E-001   8.132269718102221E-001
  -1.445452885078773E-001   6.380354233393785E-001
       -1.305399330459035   3.184327007751640E-001
  -8.646255369317364E-001   7.686357411012864E-001
  -7.443641120313044E-002   7.909290320581662E-001
  -5.262564006178568E-001   6.325197346442666E-001
   3.770096763781844E-001   7.893738689266508E-001
  -5.439881832955895E-001   6.572554337797294E-001
   2.364721061489953E-002   7.793760197538623E-001
  -6.069410718934470E-001   6.626989025222654E-001
   1.310345373598654E-001   7.711082036458475E-001
  -4.817923785871318E-001   6.344328557139669E-001
   9.404259819215487E-002   7.783071155790821E-001
  -6.941830015592306E-001   6.976091996842390E-001
   1.708285012339041E-001   8.376755857410521E-001
  -5.810357576323616E-001   6.926957047602156E-001
   1.403269455297537E-001   7.935278087397335E-001
  -8.582913626831854E-001   8.129450990034017E-001
   7.709851718273586E-001   8.791633306842023E-001
  -3.342385505093753E-001   7.906734122467273E-001
       -2.032949512602389   5.081212627565340E-001
  -5.642466627455240E-001   7.061151246807198E-001
  -1.825337039686298E-001   7.276068330216114E-001
  -6.201312946702754E-001   7.949771026294524E-001
   1.028273175127981E-001   7.883123603449920E-001
  -7.503201223059002E-001   8.546511878875533E-001
  -3.016180708038659E-001   7.306350839879161E-001
  -7.173516696528672E-001   7.168835996119752E-001
   2.205128646198531E-001   8.495903207149561E-001
  -7.137066499291788E-001   7.323041792734372E-001
   7.875063890268699E-002   8.005944794234436E-001
  -7.161799957246233E-002   5.859879052770207E-001
       -1.287726936819422   3.317557646169307E-001
   3.953779331517366E-002   6.586091417372140E-001
       -1.739356050474002   4.253177569585997E-001
  -5.439881832955895E-001   6.572554337797294E-001
   2.364721061489953E-002   7.793760197538623E-001
  -6.740752516827067E-001   7.259687997819598E-001
  -5.501239235817313E-002   7.685725016752673E-001
  -4.913730531260174E-001   6.951164533512502E-001
  -2.607542666787488E-001   6.983422524303311E-001
  -3.741572583909577E-001   6.708569047142481E-001
  -2.932709190692961E-001   6.686626213556366E-001
   2.102619677142448E-001   6.670372031913256E-001
       -1.834095471555751   4.764708929041535E-001
   2.730374692756863E-001   6.586257029768886E-001
       -1.859194618212110   4.958233131702161E-001
  -4.068758810129550E-001   6.570382772630388E-001
  -7.690253956666639E-002   7.261112501077102E-001
  -3.004558559050274E-001   6.315592701561262E-001
  -1.255176910960483E-001   6.977122894578377E-001
  -4.677134398092717E-001   6.750126908431735E-001
  -9.592946580313716E-002   7.311258150134510E-001
  -4.677134398092717E-001   6.750126908431735E-001
  -9.592946580313716E-002   7.311258150134510E-001
  -3.804740571199172E-001   6.620795328379923E-001
  -2.011111254318317E-001   6.934466817799901E-001
  -3.804740571199172E-001   6.620795328379923E-001
  -2.011111254318317E-001   6.934466817799901E-001
  -4.333791513157226E-001   6.684448133171018E-001
  -1.375910716994145E-001   7.168352906989561E-001
  -3.991153905468360E-001   6.624738057791117E-001
  -1.777655758045138E-001   7.022568313687980E-001
  -5.247601894913678E-001   7.094281066042989E-001
  -3.210502239215089E-001   6.888655356128207E-001
  -3.331152928396924E-001   6.380195787315841E-001
  -8.603763099505722E-002   7.122516201483419E-001
   1.623954136669453E-001   6.783862402535336E-001
       -1.826216511928904   4.677261195180876E-001
  -5.682997464332541E-001   7.108860642267671E-001
  -2.000702944983699E-001   7.246018020266632E-001
  -4.998765886854999E-001   6.914783552042515E-001
  -1.759871051462982E-001   7.190270252306311E-001
  -3.991153905468360E-001   6.624738057791117E-001
  -1.777655758045138E-001   7.022568313687980E-001
  -5.385614501197888E-001   6.932548492469197E-001
  -2.585358507254143E-002   7.560936537462492E-001
   9.207928993548023E-002   6.111113826782234E-001
       -1.256572663985678   2.974998441470355E-001
  -3.557460680916785E-001   6.493310302487969E-001
  -1.429650252832718E-001   7.028685167081840E-001
  -5.682997464332541E-001   7.108860642267671E-001
  -2.000702944983699E-001   7.246018020266632E-001
  -3.741572583909577E-001   6.708569047142481E-001
  -2.932709190692961E-001   6.686626213556366E-001
   6.893045036332165E-002   7.145287552464379E-001
       -1.944960024499214   5.096195088105041E-001
   7.598817772121090E-002   6.125162984732786E-001
       -1.254970588603047   3.008201990122666E-001
   7.990438218596163E-002   6.149554102753909E-001
       -1.251249778632799   2.969634033606023E-001
  -5.324895189382903E-001   6.934915608672240E-001
  -1.170933126473049E-001   7.362743820570066E-001
  -5.312157096920150E-001   7.052732218250626E-001
  -2.397994163737612E-001   7.100174947886874E-001
  -3.991153905468360E-001   6.624738057791117E-001
  -1.777655758045138E-001   7.022568313687980E-001
  -4.263932752033767E-001   6.758797223982120E-001
  -2.374048235855271E-001   6.927772021527300E-001
  -5.385614501197888E-001   6.932548492469197E-001
  -2.585358507254143E-002   7.560936537462492E-001
  -2.989925546803033E-001   6.133590504925418E-001
   6.509943218733975E-002   7.449681329396549E-001
  -5.324895189382903E-001   6.934915608672240E-001
  -1.170933126473049E-001   7.362743820570066E-001
  -4.613032312449243E-001   6.812374383808057E-001
  -1.993113801307027E-001   7.076472933914439E-001
  -5.043665729945450E-001   6.858714805457495E-001
  -6.948901927655457E-002   7.421794688752977E-001
   3.716230611341692E-001   6.233028638123241E-001
       -1.802897917619032   4.817192120202055E-001
  -5.385614501197888E-001   6.932548492469197E-001
  -2.585358507254143E-002   7.560936537462492E-001
  -3.991153905468360E-001   6.624738057791117E-001
  -1.777655758045138E-001   7.022568313687980E-001
   2.554768801273646E-001   6.596440533676348E-001
       -1.852246622088209   4.900425608225263E-001
  -4.333791513157226E-001   6.684448133171018E-001
  -1.375910716994145E-001   7.168352906989561E-001
   4.764643900723665E-001   4.117270095847342E-001
   3.539200438673414E-001   7.118160340453994E-001
   5.627280250642974E-001   3.908849475703737E-001
   2.326677342386316E-001   6.708459173474103E-001
   4.754902671306989E-001   4.145804212769112E-001
   3.867052273675227E-001   7.184713643346065E-001
   4.300633891372949E-001   4.256512588342340E-001
   4.716762255943167E-001   7.368110224450055E-001
        1.113177317221427   3.119539714391130E-001
       -1.359183624451125   3.847064748618045E-001
   2.974646304439355E-001   4.382627204150974E-001
   7.434823651255813E-001   7.729716006387682E-001
   8.185940643106712E-001   4.460292490560638E-001
   3.641812843758787E-001   6.788866035124227E-001
   4.770036758308710E-001   5.609520465057272E-001
   5.494382777270400E-001   7.505101529737082E-001
   1.026986990419053E-001   5.455474083470906E-001
   6.793397653613537E-001   7.735024378480913E-001
   2.193572059793306E-001   4.469322703019676E-001
   6.471289963507291E-001   7.916097880529231E-001
   8.346482733720377E-001   3.732719148300729E-001
   4.001439769206950E-001   6.838561586959988E-001
   8.234976744342369E-001   3.740989077791769E-001
   4.027478177833980E-001   6.859769191060748E-001
   4.314450940948780E-001   4.101122347202893E-001
   2.438977272156035E-001   6.904005215417008E-001
   5.215663644104337E-001   4.180389244349537E-001
   9.500558290143033E-001   7.862338114225152E-001
   9.690552395576768E-001   2.914750506778855E-001
  -8.422796916945173E-001   2.669944658031296E-001
   7.176989089761711E-001   3.070065250469480E-001
  -8.917889961202851E-001   1.840167330586745E-001
   3.425354217807079E-001   4.331675801663878E-001
   3.878509075401848E-001   7.308825047037866E-001
   1.622643154884958E-001   4.351076566721893E-001
   3.435157470607066E-001   7.468266772680336E-001
   7.250824518380951E-001   3.993830333242186E-001
   5.280319345007577E-001   7.619304884619112E-001
   9.176197320856634E-001   3.127083347397218E-001
  -8.949806118562733E-001   2.030376500664804E-001
   9.748126549000492E-001   4.313000496102610E-001
   8.763472180272452E-001   7.624208734860898E-001
   3.505328432479380E-001   4.347336775949412E-001
   4.222946317407524E-001   7.360952729427397E-001
   3.777365677061094E-001   4.244530764926562E-001
   3.235184388399084E-001   7.157197993350485E-001
   8.134418121019501E-001   3.802247477110082E-001
   4.447142660076004E-001   6.979044578242953E-001
   4.223839091854381E-001   4.110336077425980E-001
   2.310276331120058E-001   6.883852186383386E-001
   1.932076864529019E-001   4.239303129149600E-001
   4.128777780576601E-001   7.427436571048355E-001
   5.192611655645735E-001   4.130167589221997E-001
        1.000031749543980   7.981241423336454E-001
   6.385488243707684E-001   3.242509943202351E-001
  -9.727702900016091E-001   2.575531153625645E-001
   4.890275933603082E-001   4.123588598054738E-001
        1.019658694243633   8.143336805367763E-001
        1.109713635791202   4.121680749485337E-001
   6.378357786942986E-001   7.137121490108583E-001
        1.577956981136760   3.001793377692751E-001
       -1.291111498787647   4.152928538822391E-001
   5.774188174334317E-001   4.216701192957491E-001
   7.864064825680104E-001   7.705403887085263E-001
   1.952482818019791E-001   4.301334198383319E-001
   3.404717328309438E-001   7.742744674731307E-001
        1.559519859752529   2.978288028493277E-001
       -1.278864872862536   4.046804232853982E-001
        1.039260957280738   4.272217662057879E-001
   7.873149394765603E-001   7.411921286547621E-001
   2.620386247438284E-001   4.448321057480623E-001
   4.640379817962581E-001   7.668729756237032E-001
   7.534922557264754E-001   4.001524182393572E-001
   5.246937540452228E-001   7.228981345750897E-001
   3.872744342906886E-001   4.254185662321787E-001
   3.728495896323706E-001   7.238091649126654E-001
        1.113503389076627   3.185095877652677E-001
  -8.097384268318130E-001   2.578541077669076E-001
        1.287535075528230   2.617611475613661E-001
  -7.212972642920026E-001   1.816819273625960E-001
   1.472895908579691E-001   4.321661264377096E-001
   3.355768869269152E-001   7.776167820024305E-001
   6.157722905817724E-001   4.115519502497557E-001
   6.207439293909799E-001   7.708438844142760E-001
        1.559512195122284   2.978317345059378E-001
       -1.278888410499355   4.046973029063199E-001
        1.170872520227301   3.921961578551665E-001
   5.144471181116824E-001   6.736922719271927E-001
   2.784699394294742E-001   4.456903057394423E-001
   5.349498901790715E-001   7.574319335134082E-001
   6.774891151458859E-001   4.122100221329095E-001
   7.038188328287279E-001   7.462582928146153E-001
   6.968229675623484E-001   4.207378478869200E-001
   6.642856619468360E-001   7.927745525687935E-001
   3.293880996975829E-001   4.371032587208221E-001
   4.376415234139933E-001   7.395455771040873E-001
   3.168715358138783E-001   4.317049312716254E-001
   9.507284570784043E-001   8.041995260528092E-001
   8.112052352220752E-001   3.837729527527298E-001
   4.518515043565177E-001   7.002958875776913E-001
   4.263038691975960E-001   4.077467345820686E-001
   1.890267604630019E-001   6.757840474129971E-001
   7.989146487331732E-001   3.795151146367031E-001
   4.353906995659841E-001   6.975816607009713E-001
        1.619471080321152   5.248814873123390E-001
   9.378083189277666E-001   7.307208444852938E-001
        1.553563960778105   4.606371914493880E-001
   7.055515049270196E-001   6.856992795019973E-001
        1.123606899101874   5.491933659114135E-001
   8.705079489708971E-001   7.418998019112776E-001
        2.069902650344228   4.156814988692647E-001
       -1.193742748318571   3.873341731544905E-001
        1.396592735278752   5.284511877740303E-001
        1.068298590112053   8.058848288598308E-001
        1.079320433710855   3.983261632625330E-001
   5.902992912709631E-001   7.051687118373203E-001
        1.455853286612145   4.900692050203989E-001
   9.101831340239485E-001   7.525760739528480E-001
        1.077556541195573   3.923880628792116E-001
   5.712621751537649E-001   7.004392962125221E-001
        1.294597976567459   4.032681553939897E-001
   8.155791781186378E-001   7.112416011498044E-001
   4.757321127998946E-001   4.238175339435593E-001
   4.108974454763755E-001   7.079232055702326E-001
   4.526404332718797E-001   4.299869496835173E-001
   4.569892003631338E-001   7.172595258976201E-001
        1.582811885698193   5.057362385058228E-001
   9.158568731077165E-001   7.290924867872463E-001
        1.240978810228523   5.627486633104497E-001
   8.555614612870008E-001   7.461164403451376E-001
        1.297709137592844   5.907466089454294E-001
   9.110894436327257E-001   7.466033925054649E-001
   8.944153730590987E-001   4.197946551856607E-001
   8.506151659599487E-001   7.605159674106525E-001
   3.585707870360884E-001   4.489059489015979E-001
   5.546524069782270E-001   7.390270846840307E-001
        1.511108237882528   5.363934648058408E-001
   9.624986415022765E-001   7.654949643762745E-001
        1.582091528949349   5.287826772323228E-001
   9.809151318351178E-001   7.415923964524080E-001
        1.287593652999562   5.626513221070021E-001
   7.705302950238154E-001   7.213293919796456E-001
        1.175000430101260   7.416506865802973E-001
        1.439542541966571   8.201094172298992E-001
        1.570251854026002   4.854949166411953E-001
   8.261642755771620E-001   7.127869851513863E-001
        1.523760141821801   5.223107353266569E-001
        1.025668304510779   7.550714216036331E-001
        1.635740722159485   5.278534556910117E-001
   8.893688574608755E-001   7.239126105484834E-001
        1.790401887271773   3.172071689893247E-001
       -1.139837265049813   4.024105089731475E-001
        2.199482508223750   5.153725784810479E-001
       -1.023308464174720   4.703623633783995E-001
        1.141052373107891   4.938805553149949E-001
   6.986381859544132E-001   7.621647284505396E-001
        1.229250380539755   5.371718565019926E-001
   7.439472333527212E-001   7.306453639696288E-001
   4.045329621576794E-001   4.427624339357519E-001
   5.913752591966221E-001   7.371334289482708E-001
        1.279119498910472   5.375877269877456E-001
   7.123375320994376E-001   7.384627152863159E-001
   6.872062153559725E-001   3.926366093133459E-001
   6.455755080242245E-001   7.545926777667903E-001
        2.049337573422890   4.765138180766039E-001
  -3.871845211582912E-001   2.696998015185733E-001
        1.800718730792136   5.283646170289265E-001
        1.253392106312340   7.470720820505236E-001
        1.523080715438868   4.921907807954327E-001
   8.966698534733848E-001   7.334153379254252E-001
        1.178281641076958   5.116649444084204E-001
   7.801580573742929E-001   7.868809963749014E-001
        1.927307834174389   4.727707822960952E-001
       -1.063377450912201   4.325405160567153E-001
        1.372641996099693   5.502070847314980E-001
   6.778957547351834E-001   7.276248076845053E-001
        1.925834692423279   5.139051554575299E-001
  -4.053993869844956E-001   2.756284951333918E-001
  -7.190639814952434E-001   7.759482708062769E-001
   5.603216495876432E-001   8.390237563609414E-001
           0
