  -3.402823466385289E+038      314034         513
  -3.402823466385289E+038      147440         514
  -3.402823466385289E+038      140849         515
  -3.402823466385289E+038      689529         516
  -3.402823466385289E+038       79212         517
  -3.402823466385289E+038      327475         518
  -3.402823466385289E+038      161421         519
  -3.402823466385289E+038      489927         520
  -3.402823466385289E+038      745972         521
  -3.402823466385289E+038      486622         522
  -3.402823466385289E+038      715255         523
  -3.402823466385289E+038      638611         524
  -3.402823466385289E+038      995249         525
  -3.402823466385289E+038      126371         526
  -3.402823466385289E+038      830292         527
  -3.402823466385289E+038      252346         528
  -3.402823466385289E+038       78862         529
  -3.402823466385289E+038      704798         530
  -3.402823466385289E+038      742609         531
  -3.402823466385289E+038      371737         532
  -3.402823466385289E+038      347222         533
  -3.402823466385289E+038      858804         534
  -3.402823466385289E+038      413564         535
  -3.402823466385289E+038      291149         536
  -3.402823466385289E+038      247912         537
  -3.402823466385289E+038      723035         538
  -3.402823466385289E+038      154575         539
  -3.402823466385289E+038      355674         540
  -3.402823466385289E+038      944186         541
  -3.402823466385289E+038      231281         542
  -3.402823466385289E+038      809240         543
  -3.402823466385289E+038      539389         544
  -3.402823466385289E+038      897782         545
  -3.402823466385289E+038      160326         546
  -3.402823466385289E+038      995875         547
  -3.402823466385289E+038        4091         548
  -3.402823466385289E+038      331681         549
  -3.402823466385289E+038      760531         550
  -3.402823466385289E+038      351622         551
  -3.402823466385289E+038      434915         552
  -3.402823466385289E+038      903633         553
  -3.402823466385289E+038      370957         554
  -3.402823466385289E+038      279850         555
  -3.402823466385289E+038      248742         556
  -3.402823466385289E+038      172913         557
  -3.402823466385289E+038      574942         558
  -3.402823466385289E+038      519357         559
  -3.402823466385289E+038      358074         560
  -3.402823466385289E+038      871438         561
  -3.402823466385289E+038      312754         562
  -3.402823466385289E+038      491970         563
  -3.402823466385289E+038       67009         564
  -3.402823466385289E+038      436892         565
  -3.402823466385289E+038      804104         566
  -3.402823466385289E+038      831410         567
  -3.402823466385289E+038      212934         568
  -3.402823466385289E+038      405371         569
  -3.402823466385289E+038      117731         570
  -3.402823466385289E+038      699810         571
  -3.402823466385289E+038      117587         572
  -3.402823466385289E+038      947714         573
  -3.402823466385289E+038      473942         574
  -3.402823466385289E+038      566739         575
  -3.402823466385289E+038      506886         576
  -3.402823466385289E+038      650354         577
  -3.402823466385289E+038      333082         578
  -3.402823466385289E+038      157351         579
  -3.402823466385289E+038      910224         580
  -3.402823466385289E+038      158612         581
  -3.402823466385289E+038      505244         582
  -3.402823466385289E+038       92564         583
  -3.402823466385289E+038      163110         584
    -3329.181090027742812      113138         585
  -3.402823466385289E+038      486646         586
  -3.402823466385289E+038      130011         587
  -3.402823466385289E+038       22874         588
  -3.402823466385289E+038      260953         589
  -3.402823466385289E+038      691041         590
  -3.402823466385289E+038      641794         591
  -3.402823466385289E+038       17896         592
  -3.402823466385289E+038      855760         593
  -3.402823466385289E+038      742688         594
  -3.402823466385289E+038      793487         595
  -3.402823466385289E+038      685268         596
  -3.402823466385289E+038      566687         597
  -3.402823466385289E+038       84013         598
  -3.402823466385289E+038      276102         599
  -3.402823466385289E+038      284384         600
  -3.402823466385289E+038      118438         601
  -3.402823466385289E+038      848356         602
  -3.402823466385289E+038      383979         603
  -3.402823466385289E+038      402699         604
  -3.402823466385289E+038      213189         605
  -3.402823466385289E+038      588923         606
  -3.402823466385289E+038      824956         607
  -3.402823466385289E+038      881886         608
  -3.402823466385289E+038      941525         609
  -3.402823466385289E+038       15270         610
  -3.402823466385289E+038      920593         611
  -3.402823466385289E+038      313306         612
  -3.402823466385289E+038      507218         613
  -3.402823466385289E+038      752476         614
  -3.402823466385289E+038      805935         615
  -3.402823466385289E+038      852283         616
  -3.402823466385289E+038      351807         617
  -3.402823466385289E+038      373815         618
  -3.402823466385289E+038      738393         619
  -3.402823466385289E+038      763285         620
  -3.402823466385289E+038      822698         621
  -3.402823466385289E+038      345974         622
  -3.402823466385289E+038      435287         623
  -3.402823466385289E+038      343926         624
  -3.402823466385289E+038      442072         625
  -3.402823466385289E+038      810705         626
  -3.402823466385289E+038      781489         627
  -3.402823466385289E+038      999211         628
  -3.402823466385289E+038      192191         629
  -3.402823466385289E+038      377584         630
  -3.402823466385289E+038      712531         631
  -3.402823466385289E+038      209031         632
  -3.402823466385289E+038       29591         633
  -3.402823466385289E+038      264901         634
  -3.402823466385289E+038      778953         635
  -3.402823466385289E+038      322790         636
  -3.402823466385289E+038      294811         637
  -3.402823466385289E+038      166851         638
  -3.402823466385289E+038      775884         639
  -3.402823466385289E+038       97300         640
  -3.402823466385289E+038      865906         641
  -3.402823466385289E+038       62835         642
  -3.402823466385289E+038      638977         643
  -3.402823466385289E+038      942358         644
  -3.402823466385289E+038      291112         645
  -3.402823466385289E+038      882750         646
  -3.402823466385289E+038      668003         647
  -3.402823466385289E+038      602032         648
  -3.402823466385289E+038       92091         649
  -3.402823466385289E+038      876943         650
  -3.402823466385289E+038      953843         651
  -3.402823466385289E+038      459221         652
  -3.402823466385289E+038      341519         653
  -3.402823466385289E+038      552272         654
  -3.402823466385289E+038      939870         655
  -3.402823466385289E+038      266008         656
  -3.402823466385289E+038      563584         657
  -3.402823466385289E+038      599729         658
  -3.402823466385289E+038       22075         659
  -3.402823466385289E+038      617658         660
  -3.402823466385289E+038      237332         661
  -3.402823466385289E+038      642386         662
  -3.402823466385289E+038      659773         663
  -3.402823466385289E+038      307843         664
  -3.402823466385289E+038      961454         665
  -3.402823466385289E+038      662983         666
  -3.402823466385289E+038      545108         667
  -3.402823466385289E+038      696830         668
  -3.402823466385289E+038      373702         669
  -3.402823466385289E+038       59963         670
  -3.402823466385289E+038      666720         671
  -3.402823466385289E+038      266038         672
  -3.402823466385289E+038      383902         673
  -3.402823466385289E+038      278661         674
  -3.402823466385289E+038      404042         675
  -3.402823466385289E+038      276696         676
  -3.402823466385289E+038      838615         677
  -3.402823466385289E+038      327140         678
  -3.402823466385289E+038      574412         679
  -3.402823466385289E+038      677062         680
  -3.402823466385289E+038      677720         681
  -3.402823466385289E+038      148918         682
  -3.402823466385289E+038      266340         683
  -3.402823466385289E+038      712702         684
  -3.402823466385289E+038      341960         685
  -3.402823466385289E+038      106561         686
    -3305.433818401661938      179022         687
  -3.402823466385289E+038      488581         688
  -3.402823466385289E+038      534193         689
  -3.402823466385289E+038      686384         690
  -3.402823466385289E+038      580181         691
  -3.402823466385289E+038       72866         692
  -3.402823466385289E+038      917702         693
  -3.402823466385289E+038      848590         694
  -3.402823466385289E+038      204959         695
  -3.402823466385289E+038      536551         696
    -3242.539855989542957        7195         697
  -3.402823466385289E+038      626208         698
  -3.402823466385289E+038      669639         699
  -3.402823466385289E+038      856612         700
  -3.402823466385289E+038      964570         701
  -3.402823466385289E+038      531546         702
  -3.402823466385289E+038       35191         703
  -3.402823466385289E+038      926762         704
  -3.402823466385289E+038      476393         705
  -3.402823466385289E+038      579138         706
  -3.402823466385289E+038       49293         707
  -3.402823466385289E+038      114433         708
  -3.402823466385289E+038      765586         709
  -3.402823466385289E+038      117391         710
  -3.402823466385289E+038      610181         711
  -3.402823466385289E+038       77210         712
  -3.402823466385289E+038      284716         713
  -3.402823466385289E+038       46502         714
  -3.402823466385289E+038      833196         715
  -3.402823466385289E+038      853781         716
  -3.402823466385289E+038      607072         717
  -3.402823466385289E+038      702492         718
  -3.402823466385289E+038      512403         719
  -3.402823466385289E+038      178031         720
  -3.402823466385289E+038      670281         721
  -3.402823466385289E+038      461866         722
  -3.402823466385289E+038      699834         723
  -3.402823466385289E+038      502495         724
  -3.402823466385289E+038      647617         725
  -3.402823466385289E+038      177936         726
  -3.402823466385289E+038       91231         727
  -3.402823466385289E+038      878749         728
  -3.402823466385289E+038       72662         729
  -3.402823466385289E+038       42523         730
  -3.402823466385289E+038      478341         731
  -3.402823466385289E+038      548673         732
  -3.402823466385289E+038      682718         733
  -3.402823466385289E+038      556929         734
  -3.402823466385289E+038        3307         735
  -3.402823466385289E+038      244349         736
  -3.402823466385289E+038      982520         737
  -3.402823466385289E+038      231400         738
  -3.402823466385289E+038      760850         739
  -3.402823466385289E+038      317868         740
  -3.402823466385289E+038      646573         741
  -3.402823466385289E+038      370481         742
  -3.402823466385289E+038      220492         743
  -3.402823466385289E+038      761302         744
  -3.402823466385289E+038      462821         745
  -3.402823466385289E+038      792389         746
  -3.402823466385289E+038      241197         747
  -3.402823466385289E+038      318177         748
  -3.402823466385289E+038      348637         749
  -3.402823466385289E+038      847088         750
  -3.402823466385289E+038      800454         751
  -3.402823466385289E+038      308582         752
  -3.402823466385289E+038      178181         753
  -3.402823466385289E+038      659832         754
  -3.402823466385289E+038      569338         755
  -3.402823466385289E+038      549244         756
  -3.402823466385289E+038      127362         757
  -3.402823466385289E+038      496703         758
  -3.402823466385289E+038      326091         759
  -3.402823466385289E+038      860029         760
  -3.402823466385289E+038       88437         761
  -3.402823466385289E+038      403801         762
  -3.402823466385289E+038      520865         763
  -3.402823466385289E+038      940533         764
  -3.402823466385289E+038      109357         765
  -3.402823466385289E+038      551340         766
  -3.402823466385289E+038      547702         767
  -3.402823466385289E+038      721392         768
    -3302.935262710064308      113138         585
  -3.402823466385289E+038      721392         768
  -3.402823466385289E+038      547702         767
  -3.402823466385289E+038      551340         766
  -3.402823466385289E+038      109357         765
  -3.402823466385289E+038      940533         764
  -3.402823466385289E+038      520865         763
  -3.402823466385289E+038      403801         762
  -3.402823466385289E+038       88437         761
  -3.402823466385289E+038      860029         760
  -3.402823466385289E+038      326091         759
  -3.402823466385289E+038      496703         758
  -3.402823466385289E+038      127362         757
  -3.402823466385289E+038      549244         756
  -3.402823466385289E+038      569338         755
  -3.402823466385289E+038      659832         754
       -1.411338205929920
   8.507557057329190E-001
   4.353619186749753E-001
   9.484022844088702E-001
  -2.653249073803651E-001
   8.593592099798779E-002
   4.353619186749753E-001
   9.484022844088702E-001
  -3.758535320497799E-001
  -7.810789976806731E-001
   4.353619186749753E-001
   9.484022844088702E-001
        2.052516645360065
  -1.556126290502336E-001
   4.353619186749753E-001
   9.484022844088702E-001
  -1.292618103066516E-011
  -8.939716061100282E-012
  -9.277200205562714E-012
  -4.021361591231418E-012
  -6.929650698365298E-010
   6.544202627973710E-010
  -4.255744615525912E-011
  -3.376946347740117E-011
   4.703104825786902E-011
  -3.366404362732568E-011
   4.038192033347399E-011
  -2.190539289917278E-002
   1.652451353009243E-001
  -7.568983852886138E-002
  -1.436896909946395E-001
   6.582152942435112E-001
  -2.789814573702667E-001
  -7.664175266214016E-002
   1.558505519294116E-001
   1.898665257995648E-001
   1.027294640448263E-001
  -7.303201138455220E-002
   3.754417211660183E-002
   9.254910823607157E-002
  -2.191786242292216E-001
  -1.000547791659084E-001
  -7.584728531715799E-002
  -7.308093917780885E-002
   2.939352564065497E-001
   2.399501344788100E-002
   2.257355632496214E-001
   2.176593905714127E-001
  -6.139333904992160E-002
   6.765981389322653E-002
  -1.414293132754209E-001
   1.363182628765675E-001
   1.274322746605711E-001
  -1.480312486349039E-001
   1.427606375599864E-001
  -6.534646647159533E-001
   9.334247105787804E-001
       -1.032690779784662
   5.463427654300492E-001
   8.262176660616517E-001
        1.719533398306506
   4.307115503218575E-001
        1.549216221703351
       -2.042772209429591
        3.240234185214335
        1.653944286816418
  -9.351237456223759E-001
   6.696308565277961E-001
       -1.066079802649972
        1.163630522417835
        1.664431119599793
        1.664431119721656
        1.466140311410490
        1.466140311761407
        2.227026900820935
       -1.666025123425954
        1.551783575397036
  -2.518212111537333E-001
   8.419347292198683E-001
       -1.270226622698997
   6.471608520193836E-001
        1.364070227806905
        1.762120450160070
        1.120031777588177
        1.400481017796101
       -1.819194137697868
        2.378636769757565
   8.575591051346484E-001
      -27.629715864246929
        1.936857335290946
  -5.727249515160464E-001
  -3.561613751422682E-001
  -1.125600076517023E-001
  -7.852967658833312E-002
  -1.330581282112046E-001
   3.064305793494023E-001
   3.114706832675893E-001
  -3.880164604392220E-001
   6.485665846061497E-002
   1.724042905203914E-001
  -5.433920811073206E-002
   1.590644622170347E-001
   1.173114615734874E-001
   1.066084073735755E-001
   7.490475873838290E-002
   8.308421057175208E-002
   1.071957233959563E-013
   3.842108696850834E-013
   3.844214152820195E-013
      -29.864120040764195
      -28.914704210474088
      -36.096829431704478
          46
           0
