  -3.402823466385289E+038      514936        1793
  -3.402823466385289E+038      353580        1794
  -3.402823466385289E+038      764692        1795
  -3.402823466385289E+038      479110        1796
  -3.402823466385289E+038      860940        1797
  -3.402823466385289E+038      376289        1798
  -3.402823466385289E+038      442672        1799
  -3.402823466385289E+038      690608        1800
  -3.402823466385289E+038       96362        1801
  -3.402823466385289E+038      235468        1802
  -3.402823466385289E+038      165822        1803
  -3.402823466385289E+038      613723        1804
  -3.402823466385289E+038      496935        1805
  -3.402823466385289E+038      400467        1806
  -3.402823466385289E+038      643723        1807
  -3.402823466385289E+038      899876        1808
  -3.402823466385289E+038      269105        1809
    -3278.524768293512352      181069        1810
    -3327.908837450695955      891041        1811
  -3.402823466385289E+038      318742        1812
  -3.402823466385289E+038      511170        1813
  -3.402823466385289E+038      344904        1814
  -3.402823466385289E+038      237971        1815
  -3.402823466385289E+038      165382        1816
  -3.402823466385289E+038       32291        1817
  -3.402823466385289E+038      117891        1818
  -3.402823466385289E+038      930501        1819
  -3.402823466385289E+038      666752        1820
  -3.402823466385289E+038      414110        1821
  -3.402823466385289E+038       76107        1822
  -3.402823466385289E+038       81954        1823
  -3.402823466385289E+038      480926        1824
  -3.402823466385289E+038      198305        1825
  -3.402823466385289E+038      200463        1826
  -3.402823466385289E+038      712638        1827
  -3.402823466385289E+038      290837        1828
  -3.402823466385289E+038      150154        1829
  -3.402823466385289E+038      738069        1830
  -3.402823466385289E+038      227272        1831
  -3.402823466385289E+038      370434        1832
  -3.402823466385289E+038      173683        1833
  -3.402823466385289E+038      361694        1834
  -3.402823466385289E+038      365050        1835
  -3.402823466385289E+038      548360        1836
  -3.402823466385289E+038      586619        1837
  -3.402823466385289E+038      607642        1838
  -3.402823466385289E+038      128569        1839
  -3.402823466385289E+038      821206        1840
  -3.402823466385289E+038      309926        1841
  -3.402823466385289E+038      945083        1842
  -3.402823466385289E+038      567252        1843
  -3.402823466385289E+038      860643        1844
  -3.402823466385289E+038      530559        1845
  -3.402823466385289E+038      867231        1846
  -3.402823466385289E+038      893169        1847
  -3.402823466385289E+038      572342        1848
  -3.402823466385289E+038      578623        1849
  -3.402823466385289E+038      269529        1850
  -3.402823466385289E+038      354483        1851
  -3.402823466385289E+038      791614        1852
  -3.402823466385289E+038      299996        1853
  -3.402823466385289E+038      853283        1854
  -3.402823466385289E+038      592494        1855
  -3.402823466385289E+038      518561        1856
  -3.402823466385289E+038      733175        1857
  -3.402823466385289E+038       70157        1858
  -3.402823466385289E+038      428893        1859
  -3.402823466385289E+038      874208        1860
  -3.402823466385289E+038      269910        1861
  -3.402823466385289E+038       11951        1862
  -3.402823466385289E+038      280227        1863
  -3.402823466385289E+038      410023        1864
  -3.402823466385289E+038      812578        1865
  -3.402823466385289E+038      866261        1866
  -3.402823466385289E+038       14000        1867
  -3.402823466385289E+038      123962        1868
  -3.402823466385289E+038      374630        1869
  -3.402823466385289E+038      606769        1870
  -3.402823466385289E+038       95219        1871
  -3.402823466385289E+038      331689        1872
  -3.402823466385289E+038      270428        1873
  -3.402823466385289E+038      437351        1874
  -3.402823466385289E+038      280104        1875
  -3.402823466385289E+038      670998        1876
  -3.402823466385289E+038      566399        1877
  -3.402823466385289E+038      897910        1878
  -3.402823466385289E+038      745177        1879
  -3.402823466385289E+038       48713        1880
  -3.402823466385289E+038      678813        1881
  -3.402823466385289E+038      952682        1882
  -3.402823466385289E+038      790297        1883
  -3.402823466385289E+038      250295        1884
  -3.402823466385289E+038       62304        1885
  -3.402823466385289E+038      910119        1886
  -3.402823466385289E+038      313278        1887
  -3.402823466385289E+038       30166        1888
  -3.402823466385289E+038      401377        1889
  -3.402823466385289E+038      985325        1890
  -3.402823466385289E+038      340147        1891
  -3.402823466385289E+038      729232        1892
  -3.402823466385289E+038      322593        1893
  -3.402823466385289E+038      642008        1894
  -3.402823466385289E+038      279482        1895
  -3.402823466385289E+038      980958        1896
  -3.402823466385289E+038      483538        1897
  -3.402823466385289E+038      528938        1898
  -3.402823466385289E+038      673336        1899
  -3.402823466385289E+038      480649        1900
  -3.402823466385289E+038      248493        1901
  -3.402823466385289E+038      239088        1902
  -3.402823466385289E+038      526077        1903
  -3.402823466385289E+038      501017        1904
  -3.402823466385289E+038      369024        1905
  -3.402823466385289E+038      853118        1906
  -3.402823466385289E+038      583281        1907
  -3.402823466385289E+038       91710        1908
  -3.402823466385289E+038      117116        1909
  -3.402823466385289E+038      513949        1910
  -3.402823466385289E+038      242713        1911
  -3.402823466385289E+038      172531        1912
  -3.402823466385289E+038      332331        1913
  -3.402823466385289E+038      262922        1914
  -3.402823466385289E+038      479256        1915
  -3.402823466385289E+038      676943        1916
  -3.402823466385289E+038      472543        1917
  -3.402823466385289E+038      933977        1918
  -3.402823466385289E+038      378530        1919
  -3.402823466385289E+038      145431        1920
  -3.402823466385289E+038      154750        1921
  -3.402823466385289E+038       72450        1922
  -3.402823466385289E+038      256197        1923
  -3.402823466385289E+038      356068        1924
  -3.402823466385289E+038       91976        1925
    -3343.821216758998162      680987        1926
  -3.402823466385289E+038      856347        1927
  -3.402823466385289E+038      129198        1928
  -3.402823466385289E+038      401245        1929
  -3.402823466385289E+038      904490        1930
  -3.402823466385289E+038      608208        1931
  -3.402823466385289E+038       90218        1932
  -3.402823466385289E+038      611687        1933
  -3.402823466385289E+038      966994        1934
  -3.402823466385289E+038      483599        1935
  -3.402823466385289E+038      444363        1936
  -3.402823466385289E+038      766178        1937
  -3.402823466385289E+038      988290        1938
  -3.402823466385289E+038      209986        1939
  -3.402823466385289E+038      344410        1940
  -3.402823466385289E+038      164643        1941
  -3.402823466385289E+038      125763        1942
  -3.402823466385289E+038      784504        1943
  -3.402823466385289E+038      820170        1944
  -3.402823466385289E+038      242970        1945
  -3.402823466385289E+038      928085        1946
  -3.402823466385289E+038      331259        1947
  -3.402823466385289E+038      891481        1948
  -3.402823466385289E+038      594127        1949
  -3.402823466385289E+038      118244        1950
  -3.402823466385289E+038      471512        1951
  -3.402823466385289E+038      215483        1952
  -3.402823466385289E+038      768687        1953
  -3.402823466385289E+038      662359        1954
  -3.402823466385289E+038      564643        1955
  -3.402823466385289E+038      932449        1956
  -3.402823466385289E+038      643910        1957
  -3.402823466385289E+038      772315        1958
  -3.402823466385289E+038       76847        1959
  -3.402823466385289E+038      116136        1960
  -3.402823466385289E+038      189463        1961
  -3.402823466385289E+038      526265        1962
  -3.402823466385289E+038      739458        1963
  -3.402823466385289E+038      227786        1964
  -3.402823466385289E+038      234137        1965
  -3.402823466385289E+038      427363        1966
  -3.402823466385289E+038      883789        1967
  -3.402823466385289E+038      795831        1968
  -3.402823466385289E+038      286835        1969
  -3.402823466385289E+038      738142        1970
  -3.402823466385289E+038      929361        1971
  -3.402823466385289E+038      261759        1972
  -3.402823466385289E+038      563993        1973
  -3.402823466385289E+038      533691        1974
  -3.402823466385289E+038      448749        1975
  -3.402823466385289E+038       40588        1976
  -3.402823466385289E+038      516908        1977
  -3.402823466385289E+038      184656        1978
  -3.402823466385289E+038      923767        1979
  -3.402823466385289E+038      988537        1980
  -3.402823466385289E+038      943550        1981
  -3.402823466385289E+038      780626        1982
  -3.402823466385289E+038      177414        1983
  -3.402823466385289E+038      503540        1984
  -3.402823466385289E+038      835019        1985
  -3.402823466385289E+038      462167        1986
  -3.402823466385289E+038       75718        1987
  -3.402823466385289E+038       21130        1988
  -3.402823466385289E+038      266349        1989
  -3.402823466385289E+038      382611        1990
  -3.402823466385289E+038      115929        1991
  -3.402823466385289E+038      620550        1992
  -3.402823466385289E+038      505082        1993
  -3.402823466385289E+038      927045        1994
  -3.402823466385289E+038      201311        1995
  -3.402823466385289E+038      899942        1996
  -3.402823466385289E+038       92355        1997
  -3.402823466385289E+038      502974        1998
  -3.402823466385289E+038      294948        1999
  -3.402823466385289E+038      266425        2000
  -3.402823466385289E+038      270249        2001
  -3.402823466385289E+038      994893        2002
  -3.402823466385289E+038       76204        2003
  -3.402823466385289E+038      532095        2004
  -3.402823466385289E+038      169882        2005
  -3.402823466385289E+038      141887        2006
  -3.402823466385289E+038      114115        2007
  -3.402823466385289E+038      613319        2008
  -3.402823466385289E+038      543202        2009
  -3.402823466385289E+038      697272        2010
  -3.402823466385289E+038      420002        2011
  -3.402823466385289E+038       23143        2012
  -3.402823466385289E+038      250631        2013
  -3.402823466385289E+038      690330        2014
  -3.402823466385289E+038      262076        2015
  -3.402823466385289E+038      513448        2016
  -3.402823466385289E+038      758437        2017
  -3.402823466385289E+038      919494        2018
  -3.402823466385289E+038      961880        2019
  -3.402823466385289E+038      518472        2020
  -3.402823466385289E+038      429335        2021
  -3.402823466385289E+038      425831        2022
  -3.402823466385289E+038      668293        2023
  -3.402823466385289E+038      173814        2024
  -3.402823466385289E+038      588887        2025
  -3.402823466385289E+038      931959        2026
  -3.402823466385289E+038      776546        2027
  -3.402823466385289E+038      273640        2028
  -3.402823466385289E+038      143337        2029
  -3.402823466385289E+038      546118        2030
  -3.402823466385289E+038      330772        2031
  -3.402823466385289E+038      420636        2032
  -3.402823466385289E+038      553174        2033
  -3.402823466385289E+038      910119        2034
  -3.402823466385289E+038      786984        2035
  -3.402823466385289E+038      668655        2036
  -3.402823466385289E+038      481974        2037
  -3.402823466385289E+038      354693        2038
  -3.402823466385289E+038      247610        2039
  -3.402823466385289E+038      935195        2040
  -3.402823466385289E+038      879409        2041
  -3.402823466385289E+038      371138        2042
  -3.402823466385289E+038      818278        2043
  -3.402823466385289E+038       61127        2044
  -3.402823466385289E+038      782096        2045
  -3.402823466385289E+038      714574        2046
  -3.402823466385289E+038      164467        2047
  -3.402823466385289E+038       42638        2048
  -3.402823466385289E+038      181069        1810
  -3.402823466385289E+038       42638        2048
  -3.402823466385289E+038      164467        2047
  -3.402823466385289E+038      714574        2046
  -3.402823466385289E+038      782096        2045
  -3.402823466385289E+038       61127        2044
  -3.402823466385289E+038      818278        2043
  -3.402823466385289E+038      371138        2042
  -3.402823466385289E+038      879409        2041
  -3.402823466385289E+038      935195        2040
  -3.402823466385289E+038      247610        2039
  -3.402823466385289E+038      354693        2038
  -3.402823466385289E+038      481974        2037
  -3.402823466385289E+038      668655        2036
  -3.402823466385289E+038      786984        2035
  -3.402823466385289E+038      910119        2034
   3.684238069895557E-001
        1.039056471811189
   9.773335908363314E-001
   7.651074637697683E-001
  -1.235791526133318E-001
       -1.341928099853456
   9.773335908363314E-001
   7.651074637697683E-001
  -2.249977209106123E-001
   2.320858792006316E-001
   9.773335908363314E-001
   7.651074637697683E-001
  -1.984693346561162E-002
   7.078574884163444E-002
   9.773335908363314E-001
   7.651074637697683E-001
  -9.382222850038945E-001
   4.389103994892479E-001
  -9.807824935447164E-001
   7.492011157665551E-001
   1.665047187033463E-001
        2.872122271378097
   4.290851695238028E-001
   5.578832923217326E-001
  -9.058355499790918E-001
        1.472011123411273
  -4.523986497557709E-001
   2.170310449377830E-002
   1.580304836345914E-001
  -5.689165527650142E-002
  -1.457975641592857E-001
   6.088426331796392E-001
  -2.479452902347944E-001
  -9.491916954250050E-002
   1.567089774982548E-001
   1.326405583612894E-001
   1.022527796185775E-001
  -7.409437256407092E-002
   3.373356861119968E-002
   4.783038604107626E-002
  -2.389612970773630E-001
  -1.003735179526605E-001
  -7.145353434751017E-002
  -8.379859105008876E-002
   3.046705132973124E-001
   1.481681336794065E-001
   1.002315086968799E-001
   2.484292757293114E-001
   1.034171836789737E-002
   2.093731080437721E-001
  -3.297597068567945E-002
   1.878118292403305E-001
   1.673636594125565E-001
  -5.353045739906623E-003
   1.727703606469972E-001
  -6.020544812290466E-001
        1.066733255545200
       -1.153732155085626
   7.961348373146609E-001
        2.196510656215035
        2.687152538015755
        2.013764349546787
        3.961825663081740
   6.314018273374761E-001
  -2.544112570043781E-001
        1.723914974597703
  -7.865751859508324E-001
   8.607176048130362E-001
  -8.214243556650024E-001
        1.126992286310818
       -2.284031492143415
   1.564904387470221E-001
       -2.889675715412854
  -4.937189765131315E-002
       -1.293491541623460
        1.946383624434551
        1.183600014239145
  -5.719872933246661E-001
   9.152100404883070E-001
       -1.130719685704007
   3.109605991756573E-001
        2.864547509271214
        3.597961750415933
        1.730654899044755
        3.375134237271319
       -2.475644837555768
        3.961110282967135
        1.908067345587518
       -2.638678718678971
       -1.866738468383611
  -8.707888762663272E-001
  -3.561613751420281E-001
  -1.125600076516245E-001
  -7.852967658836515E-002
  -1.330581282111851E-001
   3.064305793494189E-001
   3.114706832674861E-001
  -3.880164604391519E-001
   6.485665846060307E-002
   1.724042905203454E-001
  -5.433920811082164E-002
   1.590644622169576E-001
   1.173114615734660E-001
   1.066084073735392E-001
   7.490475873828988E-002
   8.308421057173350E-002
   1.232365423015201E-015
   2.671740691294478E-015
   3.947648781378675E-013
      -34.329840964189025
      -34.174567216931941
      -28.567276987814598
          16
           0
