  -3.402823466385289E+038      300470        1153
  -3.402823466385289E+038      861413        1154
  -3.402823466385289E+038      168199        1155
  -3.402823466385289E+038      930654        1156
  -3.402823466385289E+038      467843        1157
  -3.402823466385289E+038      708207        1158
  -3.402823466385289E+038      716616        1159
    -3346.498049970767624       75168        1160
  -3.402823466385289E+038      797955        1161
  -3.402823466385289E+038      185331        1162
  -3.402823466385289E+038      261601        1163
  -3.402823466385289E+038      778292        1164
  -3.402823466385289E+038      420322        1165
  -3.402823466385289E+038      901159        1166
  -3.402823466385289E+038      990489        1167
  -3.402823466385289E+038      917570        1168
  -3.402823466385289E+038      366872        1169
  -3.402823466385289E+038      346838        1170
  -3.402823466385289E+038      288620        1171
  -3.402823466385289E+038      197621        1172
  -3.402823466385289E+038      673039        1173
  -3.402823466385289E+038      360597        1174
  -3.402823466385289E+038      754485        1175
  -3.402823466385289E+038      428783        1176
  -3.402823466385289E+038      181089        1177
  -3.402823466385289E+038      374735        1178
  -3.402823466385289E+038      710833        1179
  -3.402823466385289E+038      788599        1180
  -3.402823466385289E+038      661264        1181
  -3.402823466385289E+038      554483        1182
  -3.402823466385289E+038      158157        1183
  -3.402823466385289E+038      525403        1184
  -3.402823466385289E+038      321574        1185
  -3.402823466385289E+038      156147        1186
  -3.402823466385289E+038      640728        1187
  -3.402823466385289E+038      628997        1188
  -3.402823466385289E+038       44340        1189
  -3.402823466385289E+038      747551        1190
    -3338.330518423627836      860541        1191
  -3.402823466385289E+038      696266        1192
  -3.402823466385289E+038      332986        1193
  -3.402823466385289E+038      711214        1194
  -3.402823466385289E+038      653391        1195
  -3.402823466385289E+038      415538        1196
  -3.402823466385289E+038      883688        1197
  -3.402823466385289E+038      743895        1198
  -3.402823466385289E+038      376992        1199
  -3.402823466385289E+038      414059        1200
  -3.402823466385289E+038      548493        1201
  -3.402823466385289E+038      258359        1202
  -3.402823466385289E+038      132387        1203
  -3.402823466385289E+038      897581        1204
  -3.402823466385289E+038      929823        1205
  -3.402823466385289E+038      694918        1206
  -3.402823466385289E+038      242406        1207
  -3.402823466385289E+038      997836        1208
  -3.402823466385289E+038      565631        1209
  -3.402823466385289E+038      404840        1210
  -3.402823466385289E+038      794804        1211
  -3.402823466385289E+038       24070        1212
  -3.402823466385289E+038      810560        1213
  -3.402823466385289E+038      738551        1214
  -3.402823466385289E+038      539683        1215
    -3254.702042707995588      895878        1216
  -3.402823466385289E+038      573976        1217
  -3.402823466385289E+038      622873        1218
  -3.402823466385289E+038      237742        1219
  -3.402823466385289E+038      224410        1220
  -3.402823466385289E+038      125750        1221
  -3.402823466385289E+038      420298        1222
  -3.402823466385289E+038      964389        1223
  -3.402823466385289E+038      420643        1224
  -3.402823466385289E+038      100054        1225
  -3.402823466385289E+038      614032        1226
  -3.402823466385289E+038      702409        1227
  -3.402823466385289E+038        2066        1228
  -3.402823466385289E+038      707032        1229
  -3.402823466385289E+038      781442        1230
  -3.402823466385289E+038      122040        1231
  -3.402823466385289E+038      647690        1232
  -3.402823466385289E+038      355253        1233
  -3.402823466385289E+038      110911        1234
  -3.402823466385289E+038      353983        1235
  -3.402823466385289E+038      443741        1236
  -3.402823466385289E+038      364689        1237
  -3.402823466385289E+038      665858        1238
  -3.402823466385289E+038      897272        1239
  -3.402823466385289E+038      217415        1240
  -3.402823466385289E+038      856737        1241
  -3.402823466385289E+038      940258        1242
  -3.402823466385289E+038      712296        1243
  -3.402823466385289E+038      432950        1244
  -3.402823466385289E+038      424280        1245
  -3.402823466385289E+038      180878        1246
  -3.402823466385289E+038      219602        1247
  -3.402823466385289E+038      445689        1248
  -3.402823466385289E+038      463473        1249
  -3.402823466385289E+038      676560        1250
  -3.402823466385289E+038      611740        1251
  -3.402823466385289E+038       14253        1252
  -3.402823466385289E+038      681671        1253
  -3.402823466385289E+038      652857        1254
  -3.402823466385289E+038      656945        1255
  -3.402823466385289E+038      818353        1256
  -3.402823466385289E+038      685146        1257
  -3.402823466385289E+038       77596        1258
  -3.402823466385289E+038      197385        1259
  -3.402823466385289E+038      449171        1260
  -3.402823466385289E+038      871188        1261
  -3.402823466385289E+038      845617        1262
  -3.402823466385289E+038      227797        1263
  -3.402823466385289E+038      182163        1264
  -3.402823466385289E+038      896153        1265
  -3.402823466385289E+038      798541        1266
  -3.402823466385289E+038      401601        1267
  -3.402823466385289E+038      571757        1268
  -3.402823466385289E+038      705631        1269
  -3.402823466385289E+038      780726        1270
  -3.402823466385289E+038      531668        1271
  -3.402823466385289E+038      144139        1272
  -3.402823466385289E+038      573035        1273
  -3.402823466385289E+038      282261        1274
  -3.402823466385289E+038      510491        1275
  -3.402823466385289E+038      990548        1276
  -3.402823466385289E+038      921206        1277
  -3.402823466385289E+038      195407        1278
  -3.402823466385289E+038      293820        1279
  -3.402823466385289E+038      778331        1280
  -3.402823466385289E+038      895878        1216
  -3.402823466385289E+038      778331        1280
  -3.402823466385289E+038      293820        1279
  -3.402823466385289E+038      195407        1278
  -3.402823466385289E+038      921206        1277
  -3.402823466385289E+038      990548        1276
  -3.402823466385289E+038      510491        1275
  -3.402823466385289E+038      282261        1274
  -3.402823466385289E+038      573035        1273
  -3.402823466385289E+038      144139        1272
  -3.402823466385289E+038      531668        1271
  -3.402823466385289E+038      780726        1270
  -3.402823466385289E+038      705631        1269
  -3.402823466385289E+038      571757        1268
  -3.402823466385289E+038      401601        1267
  -3.402823466385289E+038      798541        1266
  -9.039905486774001E-002
   1.903714669341092E-001
   9.830176755059337E-001
   9.673388174197389E-001
  -3.149579233563535E-001
  -4.868361097376964E-001
   9.830176755059337E-001
   9.673388174197389E-001
   7.429432145374121E-002
  -4.729208905797981E-003
   9.830176755059337E-001
   9.673388174197389E-001
   3.310626567703523E-001
   3.011938517093851E-001
   9.830176755059337E-001
   9.673388174197389E-001
  -3.934554211903609E-001
        1.134198850418320
  -8.477661719072618E-001
   9.506144003985550E-001
       -2.012178973881415
   3.852605172430003E-002
       -2.922499368930972
  -1.285717401597025E-001
       -1.987562861296470
        3.165652182750153
        1.094136440510995
   2.642631753567148E-002
   1.480572944869877E-001
  -7.873380807482529E-002
  -1.328019690183173E-001
   6.999937315586777E-001
  -2.774266112077421E-001
  -5.997175988940155E-002
   1.742714269696790E-001
   2.627926738917394E-001
   1.561899357672956E-001
  -5.222258869045791E-002
   7.091619065157623E-002
   1.325569039380159E-001
  -2.007120750128021E-001
  -8.503944668633902E-002
  -8.274137938620954E-002
  -8.674879949990455E-002
   2.741088719938661E-001
   1.327303604642300E-001
   1.791442328909516E-001
   2.337250929964577E-001
  -1.197024033410669E-002
   1.791547098996021E-001
  -6.262017414352489E-002
   1.737467465580689E-001
   1.793425098882444E-001
  -5.018545140373359E-002
   1.693080563241188E-001
  -8.253428133254676E-001
   8.850087987907924E-001
       -1.338363301836992
        1.254634245533618
   6.126058910873109E-001
        1.821777205912335
   5.420606184521024E-001
        1.227279606672838
        2.555393352749259
       -1.919973426886025
        1.332761240454676
  -7.006122017008358E-001
   8.025920819782285E-001
       -1.135884520271453
   3.684318650788323E-001
        2.957125886475180
        3.621151804013396
        1.837131618744907
        3.351350845034409
       -2.375891853998715
        4.122464049686113
        1.764221952895421
  -6.138858782667848E-002
   6.535811609705210E-002
  -3.136850640332641E-002
   3.987578483512297E-003
  -1.509564861316590E-002
   4.588020871760685E-002
  -1.415389661393046E-002
  -2.297890193093425E-003
   3.553123865348078E-002
   1.835090313607652E-002
   1.803539498436880E-002
        4.986407534032829
        3.980366379438752
        5.977168467762401
  -1.086301214975644E-001
  -1.129099089010368E-001
  -7.554837851607960E-002
  -1.283385838622053E-001
   3.085125765336886E-001
   3.027997149703897E-001
  -3.751740393287965E-001
   5.151156694078306E-002
   1.665580991125729E-001
  -4.830929144058809E-002
   1.546851913873582E-001
   1.174870338775608E-001
   1.040714620717133E-001
   7.093596656008067E-002
   8.315998545321641E-002
  -1.086301214975564E-001
  -1.086301214975539E-001
  -1.086301214975390E-001
      -32.460364336208890
      -33.591034131235396
      -31.843207184072867
          67
           0
