    -3098.288420615719133      467339          66
    -3164.904529783243106      789985          67
    -3049.676174643472677      405079          68
    -3039.692401953046101      685657          69
    -3100.111787340494175      987090          70
    -3066.150245834518046      475420          71
    -3071.432454994863747      783110          72
    -3108.914541916919461      354559          73
    -3130.700592360495648      471398          74
    -3076.354794660198422      784664          75
    -3072.069252450715339       76337          76
    -3051.460795042165046      992389          77
    -3121.395552677010528      391179          78
    -3161.005265344949294      957392          79
    -3055.510354514569372      696773          80
    -3094.711167228991599      314084          81
    -3063.722020532948136      284109          82
    -3085.952642654304327      268217          83
    -3102.903958341813905      782200          84
    -3072.131190389344738      569833          85
    -3066.567365945377787      170954          86
    -3113.128368881626557      544048          87
    -3113.362839881188847      373505          88
    -3027.771313040776022      436460          89
    -3093.690384570303650      131856          90
    -3089.208565688580165      402224          91
    -3080.767242018841898      813779          92
    -3129.984546722433151      846194          93
    -3071.638043739591922      247224          94
    -3137.028064862055999      848890          95
    -3189.435083890260557      124999          96
    -3283.198553434927362      723775          97
    -3070.004714453490124      570908          98
  -3.402823466385289E+038      436460          89
  -3.402823466385289E+038      570908          98
  -3.402823466385289E+038      723775          97
  -3.402823466385289E+038      124999          96
   1.583932636493393E-001
       -2.839319890734166
   2.497405105943583E-001
   6.271921608954948E-001
   0.000000000000000E+000
   0.000000000000000E+000
   7.359421427392399E-002
   6.264907786571691E-002
   2.263171839602512E-001
   4.273166284075297E-001
   2.497405105943583E-001
   6.271921608954948E-001
   0.000000000000000E+000
   0.000000000000000E+000
        3.035060032129154
       -3.337619462001748
   2.497405105943583E-001
   6.271921608954948E-001
   0.000000000000000E+000
   0.000000000000000E+000
  -6.309318108661803E-001
  -1.667606792249562E-001
   2.497405105943583E-001
   6.271921608954948E-001
   0.000000000000000E+000
   0.000000000000000E+000
        2.106056298341727
   1.154920905267848E-001
   2.497405105943583E-001
   6.271921608954948E-001
   7.682224640090300E-001
       25.131244153767341
      -25.224574560627342
   7.798058442398377E-002
       -1.053409611532350
        1.459222394152761
       -1.420116907823297
        1.495737857455607
       -9.194092678350708
        9.054536889852240
       25.722201501842804
  -4.444313023182842E-001
   6.035228039588723E-001
       -1.352525878635438
   3.024352383441906E-002
        2.780000343482270
        4.478710966678327
   6.458139121368025E-001
        3.148249828394898
      -12.977435191951715
       20.410912266434963
   6.350399203947601E-001
      -23.508108722763126
       23.494938481928362
      -24.858230101553513
      -24.703737115832684
   5.368321914322485E-001
        2.070405853795991
   2.829501410596302E-001
        1.801581995173764
      -88.568915991666827
       85.046610267091410
  -3.595346639936453E-001
  -8.117652386718107E-001
        1.033075580501156
  -7.766739559528126E-001
        1.149145073048758
        3.599894333363847
        7.344212273070420
        2.322893746800946
        5.983932900005882
      -15.950901807841063
       18.698497259156966
        3.806200494384107
  -3.359716337928236E-001
   5.742955600840671E-001
       -1.315071690770831
        1.030376888242796
        6.460111750242767
        9.315565109706961
        4.049300849449673
        5.407750233287587
      -15.684815251744595
       20.393907452089483
        1.472063283907020
       -1.605564644927314
        1.387681525977318
       -2.355364568991045
        1.658153471218366
  -3.195092799135718E-001
   8.982426200667754E-001
   5.556348912631194E-001
        2.564376607626740
  -5.968254046535817E-001
         500
           1
           0
   1.090847706676956E-001   6.787171041530726E-001
       -1.899184324130765   4.735273589639017E-001
  -8.579764043428737E-001   6.804455384034062E-001
   2.006520781764644E-001   7.797232934456607E-001
  -7.906739930865830E-001   6.738512627366958E-001
   5.804927345667099E-002   7.671001264385793E-001
  -9.054183483413629E-001   8.333226445805737E-001
  -1.102916520903530E-001   7.709144223746921E-001
  -6.574647592177876E-001   7.162154903861113E-001
  -6.302927696575213E-002   7.596860980505949E-001
  -6.063676527237216E-001   6.688297863426667E-001
  -2.198447643646020E-002   7.576405402973667E-001
  -9.438353613950602E-001   7.133020031234323E-001
   2.139105946117562E-001   7.917975939017567E-001
  -5.079657721022534E-001   5.971903583598521E-001
   1.125834414374156E-001   7.520433443883995E-001
  -3.805864820358264E-002   5.806879876692298E-001
       -1.206867993755685   3.007533268421707E-001
  -5.564680527746063E-001   6.931577336523856E-001
  -8.732634661200948E-002   7.430616405006641E-001
  -5.425260718350137E-001   6.285194652635816E-001
   7.892169163693157E-002   7.678419935115360E-001
  -5.502788797609712E-001   7.181361404568020E-001
  -3.629136512064555E-001   6.794695434853547E-001
  -7.119013515920155E-001   6.417301320763930E-001
   1.248256264005371E-001   7.469705995411785E-001
  -5.552538310527828E-001   7.198371047749265E-001
  -3.718219068799923E-001   6.760416828886180E-001
  -5.169232862658760E-001   6.855509608422341E-001
  -9.963707600544200E-002   7.329436957021881E-001
  -7.341073711657500E-001   6.495982304322605E-001
   1.468146529248389E-001   7.623737960256011E-001
  -6.788526547839336E-001   6.862968220384317E-001
   3.491945968099775E-002   7.830310183371765E-001
  -3.795641136854682E-001   7.582101500977105E-001
   2.565621633582985E-001   7.961487431638435E-001
  -7.297378062609881E-001   6.552047977328159E-001
   7.361025914827450E-002   7.595257404116421E-001
  -6.296506031103554E-001   6.899610999488804E-001
  -4.029463711951369E-002   7.603448372618138E-001
   3.962356607693871E-001   6.501929179999417E-001
       -1.163831947057645   3.159950692884549E-001
   1.344452397062751E-001   7.234504655614072E-001
       -1.298188216244688   3.428827075602419E-001
  -6.748087255477796E-001   6.854499101224615E-001
   6.000060937088948E-002   7.870956249973394E-001
  -4.907075249326849E-001   6.738324239421259E-001
  -5.850564870100231E-002   7.402851623798494E-001
  -7.577816838329985E-001   6.469682923092933E-001
   2.880483559031529E-001   7.760429595431109E-001
  -7.252213394155158E-001   6.677629068242372E-001
   4.507844588075612E-002   7.733069735283709E-001
   2.695941616454517E-002   6.488807689303350E-001
       -1.972660650237251   4.368843280794804E-001
  -4.569413066508592E-001   6.681578799145707E-001
  -9.285692298696485E-002   7.279085326230953E-001
  -6.748087255477796E-001   6.854499101224615E-001
   6.000060937088948E-002   7.870956249973394E-001
  -4.448393276879962E-001   6.809944456240665E-001
  -2.653866966477442E-001   6.862552718572248E-001
  -8.196640301432896E-001   7.042387221818642E-001
  -4.249048190227453E-001   8.892262448517879E-001
  -6.189551030584269E-001   6.209191632790191E-001
   2.581122239602320E-002   7.197230685493322E-001
  -4.917417196034697E-001   6.653925294124099E-001
  -5.309208929834531E-002   7.399239382404584E-001
  -6.876160517599402E-001   6.643517522920919E-001
   5.553448116270862E-002   7.774129078949137E-001
  -3.774519848074230E-001   7.368257797209585E-001
   5.242001984510225E-001   8.243931583229054E-001
       -1.072868684271381   5.919369666540121E-001
  -1.332295926652841E-001   6.272309506074798E-001
  -5.399102377515961E-001   5.994922757357670E-001
   1.570061647025247E-002   7.089224373305496E-001
  -6.060193127467425E-001   7.902895629931137E-001
   3.320171893414830E-001   8.234156172830026E-001
  -6.981214618760702E-001   7.100909889792947E-001
  -6.847645059080887E-002   7.634366285570157E-001
  -5.357449944325875E-001   6.636562904423469E-001
   5.999523389088477E-002   7.703329970875090E-001
  -2.570877013716208E-002   6.253141569628682E-001
       -1.300001748539766   3.052077339988447E-001
  -5.198534083821417E-001   6.965924722430736E-001
  -2.257117015337304E-001   7.082168793705234E-001
   2.936693549552916E-001   6.198554233387880E-001
       -1.900207064020641   4.893400764916459E-001
  -5.211441221031431E-001   6.772823139619493E-001
  -5.020784209150446E-003   7.541727823506367E-001
  -6.133723650060879E-001   6.224800738909720E-001
  -3.717344281173927E-002   7.044455898349032E-001
  -5.170248449797926E-001   7.131308527080382E-001
  -3.928863316598649E-001   6.652389541593704E-001
  -4.786100630768020E-001   6.970243003124375E-001
  -3.294454982740772E-001   6.757825336105907E-001
       -1.089398650547844   5.787375377514060E-001
  -3.249506429194091E-002   6.560669395889066E-001
  -6.139000038468887E-001   6.644616408331702E-001
   6.969412855521784E-002   7.806643481566191E-001
  -9.258937151244618E-001   7.509685124415771E-001
  -1.331331767191324E-001   7.742455968942994E-001
  -8.292362716122972E-001   6.623157271400085E-001
   3.951114876262991E-001   7.952392608111405E-001
  -4.485186575158514E-001   6.710314392343820E-001
  -1.666094330773326E-001   7.094383693798106E-001
  -6.876160517599402E-001   6.643517522920919E-001
   5.553448116270862E-002   7.774129078949137E-001
  -7.700875255434537E-001   6.571449429736004E-001
   2.192879708500838E-001   7.671519215997098E-001
  -4.448393276879962E-001   6.809944456240665E-001
  -2.653866966477442E-001   6.862552718572248E-001
  -4.240852880050664E-001   7.944371714206402E-001
  -1.980606820294374E-001   7.146331634533354E-001
  -4.655487331946272E-001   6.385082846502553E-001
  -6.436917620512755E-001   8.799522427271661E-001
  -2.983600153489812E-001   6.997103162872854E-001
   7.942152897077274E-001   8.399671579040252E-001
  -7.049783897783166E-002   6.055717491187897E-001
       -1.294133483651880   3.064235383938074E-001
  -5.170248449797926E-001   7.131308527080382E-001
  -3.928863316598649E-001   6.652389541593704E-001
  -9.673914404624478E-001   7.420775401253683E-001
  -4.038019295794643E-002   7.932088832039758E-001
  -5.811496433708392E-001   8.429675579733793E-001
  -6.407419558413184E-002   7.509985988642045E-001
  -7.848167192816936E-001   6.860449538424227E-001
   4.079064022430120E-002   7.820686656372038E-001
       -1.210830620047027   6.078732486447208E-001
  -5.226379575178513E-002   6.642169650036008E-001
  -8.912024585134616E-001   7.079451856167254E-001
  -6.899183928681277E-003   7.757268196454895E-001
  -7.794755090497973E-001   6.896921167083531E-001
  -4.352566446956972E-002   7.603782310831868E-001
  -2.596961088675710E-001   6.932186925370288E-001
       -1.404059538114945   3.313039528106871E-001
  -6.346374909413597E-001   6.389584494978106E-001
  -2.655647938583466E-001   8.799935208126444E-001
  -7.998700990395925E-001   6.627829810145235E-001
   2.255495128960128E-001   7.766210855568636E-001
  -8.482808405079219E-001   7.304696211938395E-001
  -9.617563993430416E-002   7.720669640441130E-001
  -5.590064590787786E-001   7.738066611793230E-001
   5.163724322736495E-001   8.354825775936660E-001
  -6.413586471898506E-001   7.494311955119484E-001
  -4.926518305693913E-001   6.590526998288453E-001
  -6.983308722196689E-001   6.510171661126003E-001
   5.992743289237265E-002   7.605738517173890E-001
  -7.278570907954430E-001   6.376768516191826E-001
   3.185676557839248E-001   7.790930243345139E-001
  -1.522550463118674E-001   5.969857812600532E-001
       -1.297878165026528   3.118979119412866E-001
  -5.967565949579955E-001   6.465096713878720E-001
   6.273078135183718E-002   7.723519103224280E-001
  -6.199503368349945E-001   7.168896777502088E-001
  -1.955595864408722E-001   7.284512846624531E-001
  -4.117504680208212E-001   7.651336896690129E-001
   1.716748685332208E-001   7.849790135768104E-001
  -5.960632284506756E-001   6.839144247141854E-001
   4.383855966215038E-002   7.745514778159319E-001
  -6.807493872505522E-001   6.681059461067175E-001
  -2.905536417105799E-002   7.546632842576267E-001
  -4.263298746335094E-001   6.532345274833936E-001
  -1.410997914522983E-002   7.393740766472517E-001
   3.201635738195057E-001   6.761173144301876E-001
       -1.208349523378316   3.240513535589288E-001
  -7.212731165686544E-001   6.555787388712683E-001
   1.211967099587802E-002   7.435781399220770E-001
  -8.884434563335948E-001   7.511688556686037E-001
  -1.315048064046270E-001   7.730117122019032E-001
  -3.744858909796862E-001   7.798404273295176E-001
  -1.060378818509937E-001   7.307235183753426E-001
   2.863399322412336E-002   6.992603793432467E-001
       -1.926945781119537   4.810259892236624E-001
  -7.584236258951885E-001   6.700929235617430E-001
   4.742111944687062E-002   7.692145739363908E-001
  -3.694786686973123E-002   5.696630455313458E-001
       -1.264227502061342   3.000002073596312E-001
  -8.109689613642144E-001   7.491889596933253E-001
  -1.503172904458297E-001   7.618665332964025E-001
  -8.292362716122972E-001   6.623157271400085E-001
   3.951114876262991E-001   7.952392608111405E-001
  -4.448393276879962E-001   6.809944456240665E-001
  -2.653866966477442E-001   6.862552718572248E-001
  -7.068612721573261E-001   6.897820363204495E-001
  -3.641557272927973E-002   7.656617488564779E-001
  -5.592941725461222E-001   6.468512955778942E-001
   6.813729626494121E-002   7.732893241518075E-001
  -5.518288374775047E-001   7.890380715643943E-001
   1.152705842429178E-001   7.903874156739064E-001
  -1.275744375507708E-001   5.908956604443532E-001
       -1.291034701958456   3.092217120127865E-001
  -5.154018167231167E-001   6.937812043974364E-001
  -2.035686936085734E-001   7.104921706049431E-001
  -4.264734906382691E-001   7.599559071841075E-001
   2.154408977115509E-001   7.907570791480727E-001
  -7.369566087630570E-001   7.104413814984050E-001
  -6.283634267529817E-002   7.679032500290690E-001
  -4.549226214502065E-002   7.083839027643709E-001
       -1.989623301251620   4.378952559738346E-001
  -6.981214618760702E-001   7.100909889792947E-001
  -6.847645059080887E-002   7.634366285570157E-001
  -7.888983909398120E-001   6.866362531611870E-001
   2.026933369573965E-002   7.769158742216745E-001
  -7.132037901374048E-001   6.851827333661810E-001
   5.566030531888062E-002   7.885264507285344E-001
  -4.527723265985413E-001   6.663247087875136E-001
  -7.177033026469859E-002   7.300590535324173E-001
  -4.998587257781036E-001   6.638513693148922E-001
   2.553278359676605E-002   7.600139444179822E-001
  -6.144106764622971E-001   8.084180461762482E-001
  -9.917750128820217E-002   7.614451381719024E-001
  -7.341073711657500E-001   6.495982304322605E-001
   1.468146529248389E-001   7.623737960256011E-001
  -4.809584091462812E-001   6.883568629667699E-001
  -2.396901056012248E-001   6.970596842697973E-001
  -8.776742819712207E-001   7.003388619163560E-001
  -1.281924303935533E-002   7.570604939252821E-001
   2.196419371963825E-001   3.994386930543682E-001
   3.066744562486849E-001   6.939272726151624E-001
   6.996225427247658E-001   4.737714533878791E-001
   4.328963535925717E-001   7.212608787619678E-001
        1.562202962718727   3.104994927555145E-001
       -1.320186634681397   4.073122301105645E-001
   7.540177360081504E-001   3.995428001296147E-001
   4.857665917879434E-001   7.208231128686570E-001
   7.959910726249997E-001   3.934128013331221E-001
   4.515011113178861E-001   7.028488256934750E-001
   3.933179175233391E-001   3.806808888344653E-001
   5.092385121778079E-001   7.128177079580765E-001
        1.063800230873959   2.912947149001914E-001
  -7.966706572379298E-001   2.092468800020138E-001
   3.896591024280404E-001   3.931698654240749E-001
   5.947055079373902E-001   7.655162828228316E-001
   3.017208067847614E-001   4.309198429823805E-001
   3.587528895425381E-001   7.402875864330991E-001
   3.252168121839571E-001   4.314233619088998E-001
   3.223841669142681E-001   7.278738456172559E-001
   8.654016411529876E-001   4.353245128949785E-001
   6.409357374239711E-001   7.708869727120140E-001
  -5.088126179064020E-002   4.448248405316428E-001
   6.236460727574087E-001   7.466645553615242E-001
   3.562178001043383E-001   4.282467060975838E-001
   2.943497145504867E-001   7.163593240970636E-001
   3.403684258509719E-001   4.305304379294975E-001
   2.867706879448321E-001   7.161855372230469E-001
        1.218215182128384   2.966185757138894E-001
  -6.891772945114081E-001   2.259530753910162E-001
        1.294952322267549   2.815593258678932E-001
  -7.409500159081317E-001   1.823888613951272E-001
   6.962561676818582E-002   4.172983655151040E-001
   2.972985374142485E-001   6.951943070074724E-001
   9.426169567545976E-001   4.343951390861849E-001
   5.755233039357612E-001   7.395172290137133E-001
   1.197249373852699E-001   4.075247923885575E-001
   2.730391651521223E-001   6.865622846802308E-001
        1.582025456790259   3.603131672833783E-001
       -1.350576292046096   4.125417230853239E-001
   7.446019225672993E-001   4.048134367131290E-001
   5.383899991558789E-001   7.259981381318382E-001
   8.372041040429623E-001   3.751366832963816E-001
   3.194131759773577E-001   6.621507771094514E-001
   1.863057635134934E-002   4.333741181449523E-001
   4.056357878956237E-001   7.327928736657626E-001
   7.681603896231169E-002   4.186016354580298E-001
   3.472009878485942E-001   7.033383296285294E-001
   9.949387264720699E-001   4.382732531870341E-001
   6.676805588818908E-001   7.549935236098860E-001
   4.657654045759217E-001   3.747421359051379E-001
   4.575305865575773E-001   7.227284880468552E-001
  -3.636043817665999E-002   4.497336127798989E-001
   4.300335289426908E-001   7.362195886584370E-001
   6.461292033049131E-001   3.114571892396516E-001
  -9.695606556434394E-001   2.257423143917526E-001
   7.747321314841650E-001   3.978646054310052E-001
   4.785738310811827E-001   7.137183780788694E-001
   6.185319222748806E-001   4.124888373154608E-001
   5.727411776729709E-001   7.171835535545720E-001
   6.250919538864783E-001   3.100501232012706E-001
  -9.562121871364356E-001   2.260968667443193E-001
   9.406204983037290E-001   4.419242253255512E-001
   6.500268478127580E-001   7.551047422127402E-001
   7.706036498672145E-001   4.219718110226444E-001
   5.409644689309698E-001   7.348049335224531E-001
   6.362327326919135E-001   4.141279469738633E-001
   6.359517982639981E-001   7.602030428656010E-001
   9.616963962255087E-001   3.972796276838058E-001
   6.669140304070639E-001   7.218740051012250E-001
   6.179565202887184E-001   3.243477325562920E-001
  -9.437954149499607E-001   2.265301961456985E-001
   7.713448618223946E-001   3.993674546909822E-001
   4.945016115090115E-001   7.148085704325741E-001
   3.494325655651967E-001   4.305032403330228E-001
   2.451973429119869E-001   7.033744579531996E-001
   5.067210713082159E-001   3.971630364420082E-001
   5.405219935659960E-001   7.712171569918790E-001
   3.115433211906485E-001   4.430111609208807E-001
   5.652435662992171E-001   7.208097271868936E-001
        1.025929668615609   4.125317211025397E-001
   6.072298885184934E-001   7.211838617372683E-001
   3.143620286085483E-001   4.339487265801613E-001
   3.834391091558970E-001   6.972920078705125E-001
        1.301255610336335   5.398037526421745E-001
   7.978809436317721E-001   7.502156005914894E-001
        1.034756166990585   4.151138244960274E-001
   5.484062578936112E-001   7.054485083262432E-001
        1.281616565499208   5.462724382814227E-001
   7.878354413068822E-001   7.334291512999840E-001
   7.845463155596781E-001   4.650927046560890E-001
   7.403936883755320E-001   7.421491082407975E-001
        1.255325970897134   5.391290037546351E-001
   7.432995202003239E-001   7.111115315178432E-001
   6.469555559893448E-001   4.464248604300545E-001
   2.962217167028103E-001   6.819188154510939E-001
        1.377337433081752   5.525009450049008E-001
   8.032763561806019E-001   7.495347738345350E-001
   7.245654399228798E-001   3.962921198211427E-001
   5.385395479957069E-001   7.358529594864350E-001
        1.014931669142245   4.212096851767847E-001
   5.550701094132175E-001   7.064658185657759E-001
   9.750283175987845E-001   4.177558444063158E-001
   6.246487613019124E-001   7.341069235586565E-001
   6.527688528736821E-001   5.727461599892890E-001
   9.826444907137434E-001   7.249164342943715E-001
        1.277603573458123   5.391658142562004E-001
   6.668135746063085E-001   6.707657129576591E-001
   3.071753080871726E-001   4.336499317067446E-001
   3.585962281458714E-001   6.864957702142990E-001
        1.082382295678291   5.481992413578441E-001
   9.654343896748735E-001   7.388474250594947E-001
   9.540342953691344E-001   3.476650027147855E-001
  -8.541362834861798E-001   2.308700953125370E-001
        1.550911016343121   3.144077414318798E-001
       -1.405643312253369   3.948256152639783E-001
        1.015083896058568   5.291322495449923E-001
   8.883432316435114E-001   7.386886615850671E-001
   7.044906922372376E-001   3.799848572962647E-001
   4.902859665927127E-001   6.878093583078749E-001
        1.536961748329164   5.140409631272713E-001
   8.074843235927753E-001   7.245247439916217E-001
        1.107360250518068   3.957447605888185E-001
   4.995625959294687E-001   6.813565857504343E-001
        1.231270299916400   5.734620371240202E-001
   8.958639127523741E-001   7.167560443535034E-001
        2.281198972531343   4.804855621326794E-001
       -1.028766205160586   4.595909258159755E-001
        1.079982443070193   3.982086854287691E-001
   4.933531154212470E-001   6.861178689823140E-001
        1.251751084031915   5.224276736876664E-001
   7.992836618510116E-001   7.612343589650958E-001
   6.599352510614417E-001   3.903091650448980E-001
   5.448920939073489E-001   7.226616726923106E-001
        1.514220433403168   2.993466087514525E-001
       -1.365722694826318   3.599836805191826E-001
   3.309259116358721E-001   5.536039056276542E-001
   5.786007919732036E-001   7.410885330390605E-001
        1.801358524789728   4.884729957570505E-001
  -4.635393351030662E-001   2.816375455458390E-001
        1.163661704258590   3.856198046284981E-001
       -1.512578229016861   3.719154558321567E-001
   9.758573658213751E-001   5.984169290560361E-001
        1.392530493566761   8.021250504079778E-001
        1.265395269945389   6.193261478510033E-001
        1.100218634559138   7.507053298364422E-001
        1.028279801191312   6.458867055563059E-001
        1.238573752576437   7.821795021037328E-001
        1.329673486019459   6.943017568485617E-001
   9.302971466461187E-001   7.411138746934595E-001
        1.046042217889722   6.013121630010768E-001
        1.174359152040317   7.655306813636281E-001
  -7.475142294216379E-001   7.265770923606468E-001
   4.861615980446841E-002   7.963629170617943E-001
  -7.439046307936835E-002   5.717692525657921E-001
       -1.266028664661924   3.029266416328333E-001
  -7.479579213721350E-001   7.374708079211806E-001
  -5.414240338917772E-002   7.771626972304545E-001
  -4.178975800932289E-001   6.668093259436266E-001
  -2.135061747795199E-001   6.966301858907786E-001
  -4.833537670088749E-001   7.646839931749410E-001
   2.850315049268879E-001   8.118146193215910E-001
  -4.178975800932289E-001   6.668093259436266E-001
  -2.135061747795199E-001   6.966301858907786E-001
  -1.188309538750647E-001   6.454579799626098E-001
       -1.332113425012664   3.147883414776468E-001
  -7.677182496165126E-001   7.491777834008672E-001
   4.098044303553566E-001   8.190982149767005E-001
  -3.687025235840332E-001   5.558758202476314E-001
       -1.632674648756400   5.334409123882301E-001
  -5.494849775790687E-001   8.318183250135084E-001
  -8.858461808506934E-002   7.615596193975459E-001
  -4.736114535345547E-001   6.385054475383368E-001
   2.200574071919287E-001   7.942944063136643E-001
  -9.780818449532086E-001   7.496423456182553E-001
   7.443795871333246E-002   8.246661263443152E-001
  -8.666484734002109E-001   7.002969811268994E-001
  -5.901412603593320E-002   7.577464277304763E-001
   5.841011289315931E-004   6.236267447572589E-001
       -1.291127059160827   3.021424308608420E-001
  -7.165088703940722E-001   7.402693706675083E-001
  -2.078637449930349E-001   7.434324832521525E-001
  -7.934269269867571E-001   7.816331832632660E-001
   2.429228367101323E-001   8.127264961200340E-001
  -5.975116152689036E-001   6.828250086302384E-001
   5.188538773331008E-002   7.788346775796449E-001
   1.506701133601260E-001   6.781509497031059E-001
       -1.884925205021105   4.754462324472890E-001
  -6.860609713994484E-001   6.944780395173381E-001
   1.834524259507024E-001   8.123811573333566E-001
  -5.475149918462169E-001   7.976178225571179E-001
  -1.479890180262597E-001   7.473500432327195E-001
  -3.688492364714067E-001   6.208277768540332E-001
  -3.821916819254176E-002   7.252948168575704E-001
  -5.337614654394870E-001   7.830369674088137E-001
   6.785494952405105E-002   7.823493513665616E-001
  -8.626749530016384E-001   7.477469844642952E-001
   6.182804858941163E-002   8.114323297804953E-001
  -7.836482434233896E-001   7.404850543835337E-001
  -6.196342780383731E-003   7.905130779526642E-001
  -8.359402783895077E-001   7.041121847296310E-001
   7.622434867936451E-002   7.833612176601186E-001
  -8.407771506501917E-001   7.904351124824399E-001
   3.263000797976758E-001   8.214529083258939E-001
  -8.079814757050374E-002   7.361938279175796E-001
       -1.964385377245706   4.917458289841226E-001
  -8.599967575930129E-001   7.375249151213660E-001
   2.553294959729766E-001   8.107802681171357E-001
   2.545395986376811E-001   6.512726062521801E-001
       -1.841765501053130   4.679510297042246E-001
  -6.174941274193059E-001   6.126830625283022E-001
   1.720786413120422E-001   7.572649075664356E-001
  -7.853390230612201E-001   6.750784716193576E-001
   1.753686627671492E-001   7.795012266186996E-001
  -6.025814177425690E-001   8.352157228880205E-001
  -1.074226392113597E-002   7.779184570700474E-001
  -5.726148435921008E-001   6.838500842576586E-001
   7.116098741370989E-002   7.795519303939765E-001
  -7.919022081223208E-001   7.113269107035142E-001
   1.347247579835160E-001   8.162054905827735E-001
  -6.373914817232269E-001   6.843041889479613E-001
   6.906985045348703E-002   7.865180363927876E-001
  -6.989083439852319E-001   8.516547321250639E-001
   7.396642019656476E-002   8.008643710487309E-001
  -5.334200230791472E-001   6.847803309307160E-001
  -6.056329467408866E-002   7.482086035165895E-001
   1.162098662324207E-001   6.618557784152690E-001
       -1.905524440235977   4.674207773327509E-001
  -7.923940756584106E-001   7.143224840280367E-001
   1.710461552237718E-001   8.227159387598999E-001
   2.565978747869330E-001   6.394432254298791E-001
       -1.804127994384014   4.502289077359587E-001
  -6.549450145770147E-001   6.659892673737887E-001
   1.032443916030465E-001   7.907198417096669E-001
  -5.725327474539684E-001   8.097103223930364E-001
  -2.572806458290418E-001   7.277584327811165E-001
  -6.259462088560486E-001   8.150373121061211E-001
   8.134868965944455E-003   7.680208597037754E-001
  -5.366591890481031E-001   6.793284619044643E-001
   3.592604353654576E-002   7.683448455538536E-001
  -8.705001910402699E-001   7.690544945341602E-001
  -3.666530054020233E-002   7.852927417842374E-001
   2.438871711000788E-001   6.542605449465950E-001
       -1.854152912763778   4.727637738812146E-001
  -7.475142294216379E-001   7.265770923606468E-001
   4.861615980446841E-002   7.963629170617943E-001
  -2.839858770975242E-001   7.464347293623035E-001
  -8.980957091584002E-002   7.218964275677132E-001
  -7.538862124933612E-001   7.110571268767298E-001
   1.254208316588874E-001   8.106067970688189E-001
  -6.085694505840286E-001   6.885262378551905E-001
   1.261384393272149E-001   7.932306618244019E-001
   5.581572213344260E-002   7.106619428066040E-001
       -1.941515893666699   4.916824638136175E-001
  -5.354983951395709E-001   6.788208826720843E-001
   4.893984762575101E-002   7.707360262140907E-001
  -8.260363602459522E-001   7.304461803698374E-001
   9.562570347795654E-002   8.136310265237068E-001
  -5.089461882798710E-001   6.139043966331281E-001
   1.032675540938046E-001   7.673328300082216E-001
  -7.150012342370261E-001   7.097194692560911E-001
   1.066071377683293E-001   8.027902892823989E-001
  -2.942640189809036E-002   5.682535204012534E-001
       -1.259032238680827   2.989341208116151E-001
  -9.280040311332666E-001   7.132065802164864E-001
   1.303571056051946E-001   8.114029683686570E-001
  -5.755353015962471E-001   6.657594810941043E-001
   9.457590852968109E-002   7.837596458045047E-001
  -5.527296158512941E-001   6.895535268652822E-001
  -6.563798665889670E-002   7.491776938739718E-001
  -7.982308648308722E-001   6.961521042251068E-001
   2.019256293257651E-001   8.269510249449016E-001
   3.300496619186423E-001   6.304316785642099E-001
       -1.829771808584538   4.717600232895864E-001
  -7.535809327502349E-001   7.129120337224394E-001
   1.550605670110640E-001   8.152137812670154E-001
  -6.373914817232269E-001   6.843041889479613E-001
   6.906985045348703E-002   7.865180363927876E-001
  -7.867666329381532E-001   7.291140067772377E-001
   7.609032172222772E-002   8.057866112303916E-001
       -1.133036640401012   6.071117379029479E-001
  -5.777016104100753E-002   6.693994547450832E-001
  -3.327177318865417E-001   7.854702330295636E-001
  -1.013630654752980E-001   7.265948653292297E-001
  -6.761150629072918E-001   7.072026859346654E-001
   7.945370768460203E-002   7.934216073575155E-001
  -6.619466339106933E-001   6.758962045905244E-001
   2.107759236655283E-001   8.152584993080803E-001
  -6.926251655900695E-001   6.660908856657147E-001
   1.000797759969372E-001   7.895768881086458E-001
       -1.059872016229742   7.671726961971059E-001
   3.867521351961776E-002   8.258574351401841E-001
  -7.246942720719018E-001   6.900949531638674E-001
   1.471540379472040E-001   8.103368852933786E-001
  -7.092866970808503E-001   7.228010701336917E-001
   1.560242773072317E-002   7.857653529613822E-001
  -7.902792516831262E-001   7.476171819144460E-001
  -1.195429388202995E-001   7.684674561580271E-001
  -8.022411987109507E-001   6.779421295110819E-001
   2.052107527724526E-001   8.135759190292483E-001
   2.349854749131649E-001   5.753482074672316E-001
       -1.883078296475758   4.173429650775037E-001
  -7.628083907439985E-001   6.630369846717505E-001
   1.489259349647006E-001   7.757660457557244E-001
  -6.747574267250911E-001   7.233569248389534E-001
  -1.247344644296612E-001   7.541190316969284E-001
       -1.164743462427443   7.446666015587903E-001
  -3.489578173729175E-002   8.951060804435240E-001
  -4.544152671808854E-001   6.647836692920616E-001
  -7.312443606107469E-002   7.339197540620718E-001
  -7.754720516993439E-001   8.019096001351553E-001
   1.490589234467197E-001   8.091326888767315E-001
  -6.487300541346328E-001   6.892639124289014E-001
   1.262597630176517E-001   7.986329394097402E-001
   3.690143690149817E-001   6.362281541337449E-001
       -1.786477625731987   3.976754688887992E-001
       -1.016762860515412   7.439891339079763E-001
   1.028822753871661E-001   8.114972556063595E-001
  -6.041437011917492E-001   7.142492417085747E-001
  -2.110983761775756E-001   7.267290501779105E-001
  -4.584336394266118E-003   7.995991626507956E-001
       -1.883303484046849   4.327805604704171E-001
  -6.074662575423119E-001   6.185551617876547E-001
   1.125716732011812E-001   7.584697156023766E-001
  -6.462102609540546E-001   6.439137528879978E-001
   2.306553968642631E-002   7.547179203235252E-001
  -4.801887451992701E-001   7.889476836107432E-001
  -9.347367085492932E-002   7.498193538169206E-001
  -6.285698363290655E-001   6.315915221199030E-001
   8.283431700606715E-002   7.633375424418994E-001
  -4.104946316761376E-001   7.575705176492724E-001
   6.214404486013692E-002   7.667941924190479E-001
  -2.209443728595303E-001   7.211106074524957E-001
   3.538135024108384E-001   7.990276373279819E-001
  -8.068451956801058E-001   7.008931851295240E-001
   6.125993020587488E-001   8.289260033710534E-001
  -7.902792516831262E-001   7.476171819144460E-001
  -1.195429388202995E-001   7.684674561580271E-001
  -8.080689813520824E-001   7.132103221549011E-001
   1.371816164994656E-001   7.827573700782747E-001
  -6.485808834328279E-001   6.336265978472685E-001
   1.319967809230300E-001   7.707999355234654E-001
  -7.535809327502349E-001   7.129120337224394E-001
   1.550605670110640E-001   8.152137812670154E-001
  -6.431893504228200E-001   7.971947262647722E-001
   2.438878970728297E-001   8.223071377888020E-001
  -6.860609713994484E-001   6.944780395173381E-001
   1.834524259507024E-001   8.123811573333566E-001
  -7.608521834966838E-001   6.895476932900180E-001
   1.457981244655291E-001   8.117294503242178E-001
  -7.557324074400431E-001   6.459374691582371E-001
   2.608753820669182E-001   7.775098326224997E-001
       -1.016806304944516   7.645396887755801E-001
   1.040845065938181E-001   8.096357307600663E-001
  -7.092866970808503E-001   7.228010701336917E-001
   1.560242773072317E-002   7.857653529613822E-001
  -5.337159806408851E-001   6.915987215936257E-001
  -1.716642555774398E-001   7.246646401272701E-001
  -8.945617082568506E-001   6.920428282982483E-001
   2.551472260782336E-001   7.928882881608490E-001
  -7.150012342370261E-001   7.097194692560911E-001
   1.066071377683293E-001   8.027902892823989E-001
  -9.568444987443526E-001   7.828297386660310E-001
   1.690228863305803E-001   8.112516514596548E-001
  -7.923940756584106E-001   7.143224840280367E-001
   1.710461552237718E-001   8.227159387598999E-001
  -6.692334476776328E-001   6.265788423440042E-001
   2.023971264410121E-001   7.592298428208617E-001
  -7.475142294216379E-001   7.265770923606468E-001
   4.861615980446841E-002   7.963629170617943E-001
  -6.508534915191865E-001   6.469016100539822E-001
   5.687990709657176E-002   7.689051495256957E-001
  -7.141764763170909E-001   7.104643392826209E-001
   1.296263375084914E-001   8.061672858164950E-001
  -7.867666329381532E-001   7.291140067772377E-001
   7.609032172222772E-002   8.057866112303916E-001
  -2.647756808013217E-001   6.509244988850867E-001
       -1.362934172310715   3.263987053783033E-001
  -9.330253722936674E-001   7.340349037306299E-001
  -9.445190921048073E-002   7.569006172830975E-001
  -6.673433855282821E-001   6.120262435351671E-001
   4.735966976322338E-001   7.904708622700101E-001
  -7.094880536375147E-001   6.490161734604096E-001
   4.347104671857902E-002   7.516869740037677E-001
  -8.099069833205027E-001   6.624409396365001E-001
   2.374966379904594E-001   7.807372435208131E-001
  -6.598471182667623E-001   6.264247071037845E-001
   1.355370848423652E-001   7.521098209717391E-001
  -8.283087718824361E-001   6.777149041718813E-001
   1.810358811189224E-001   7.963711196416883E-001
  -6.085694505840286E-001   6.885262378551905E-001
   1.261384393272149E-001   7.932306618244019E-001
  -8.986406217576336E-001   8.129686918848443E-001
   8.087540363948309E-001   8.836533602423956E-001
  -5.722089654392890E-001   5.973634430018051E-001
       -1.502691595399014   4.590034343101905E-001
  -6.037101279425440E-001   7.116149687057410E-001
  -2.051533874473658E-001   7.280426716148328E-001
  -6.639132294952709E-001   8.023617048036855E-001
   1.125156199902049E-001   8.047793510578145E-001
  -7.640966235350124E-001   8.430616910107727E-001
  -3.330193328009309E-001   7.583508452496261E-001
  -7.953746937170386E-001   6.893063873071130E-001
   1.417257510639321E-001   8.100545870825517E-001
  -7.475142294216379E-001   7.265770923606468E-001
   4.861615980446841E-002   7.963629170617943E-001
  -9.186475422216055E-002   5.747379787679521E-001
       -1.268410550676110   3.045845081057688E-001
   3.298119565405135E-001   7.408781459594157E-001
       -1.877393041187494   4.542099683273815E-001
  -7.094880536375147E-001   6.490161734604096E-001
   4.347104671857902E-002   7.516869740037677E-001
  -7.102792473710200E-001   7.294713565084898E-001
  -8.434661676028871E-002   7.666565930465131E-001
  -5.338337978090582E-001   7.013552352022951E-001
  -2.801067674135005E-001   7.003032184995656E-001
  -4.165051517642425E-001   6.773481409553020E-001
  -3.121544145761795E-001   6.713749205260662E-001
   1.857884859431425E-001   6.723545044768204E-001
       -1.871244752245893   4.735164174042228E-001
   2.429188744292969E-001   6.662431190338802E-001
       -1.899773939531326   4.937772466921669E-001
  -4.377098228029819E-001   6.597110270925711E-001
  -7.240725326544958E-002   7.322122469790315E-001
  -3.320999893344234E-001   6.343648473029335E-001
  -1.213714816419249E-001   7.045873871130278E-001
  -5.006533999800098E-001   6.783203965494561E-001
  -1.008724151617592E-001   7.350047287663448E-001
  -5.006533999800098E-001   6.783203965494561E-001
  -1.008724151617592E-001   7.350047287663448E-001
  -4.178975800932289E-001   6.668093259436266E-001
  -2.135061747795199E-001   6.966301858907786E-001
  -4.178975800932289E-001   6.668093259436266E-001
  -2.135061747795199E-001   6.966301858907786E-001
  -4.680049906713729E-001   6.721251895727188E-001
  -1.406798321774565E-001   7.215079641692125E-001
  -4.354317452093760E-001   6.663696721928934E-001
  -1.795150693185634E-001   7.077348575378056E-001
  -5.719936619974898E-001   7.171142388620199E-001
  -3.484701185217742E-001   6.893974716738267E-001
  -3.630980571052368E-001   6.403889774187853E-001
  -8.398240853252192E-002   7.181362430649078E-001
   1.440968903517690E-001   6.794991716503163E-001
       -1.867958457347372   4.669506480214694E-001
  -6.041437011917492E-001   7.142492417085747E-001
  -2.110983761775756E-001   7.267290501779105E-001
  -5.337336896055614E-001   6.939310181473347E-001
  -1.775442031580144E-001   7.232495079875630E-001
  -4.354317452093760E-001   6.663696721928934E-001
  -1.795150693185634E-001   7.077348575378056E-001
  -5.673661093408242E-001   6.928762237561847E-001
  -2.843892216397347E-002   7.592775683409405E-001
   5.689276471908074E-002   6.205835931416972E-001
       -1.289708518069413   2.966212170390395E-001
  -3.895868715247863E-001   6.528426839332699E-001
  -1.479052711442979E-001   7.073680399222140E-001
  -6.041437011917492E-001   7.142492417085747E-001
  -2.110983761775756E-001   7.267290501779105E-001
  -4.165051517642425E-001   6.773481409553020E-001
  -3.121544145761795E-001   6.713749205260662E-001
   1.535934450408582E-002   7.219071722115513E-001
       -1.984778198888216   5.144727906074745E-001
   5.170807965803521E-002   6.163636937703948E-001
       -1.279653670012352   2.962170570914880E-001
   4.935700331316959E-002   6.170410444620033E-001
       -1.280097188307639   2.969094770307190E-001
  -5.677830641144166E-001   6.975757757763702E-001
  -1.317723725369425E-001   7.380330129901302E-001
  -5.685808805242546E-001   7.089535915697752E-001
  -2.491775373089404E-001   7.130626623019298E-001
  -4.354317452093760E-001   6.663696721928934E-001
  -1.795150693185634E-001   7.077348575378056E-001
  -4.662970001320090E-001   6.809621332310367E-001
  -2.473966095973294E-001   6.968967931752548E-001
  -5.673661093408242E-001   6.928762237561847E-001
  -2.843892216397347E-002   7.592775683409405E-001
  -3.568419875530955E-001   6.058213796232866E-001
  -5.322376118221014E-003   7.294410067746012E-001
  -5.677830641144166E-001   6.975757757763702E-001
  -1.317723725369425E-001   7.380330129901302E-001
  -4.997602714737355E-001   6.860665382098393E-001
  -2.104015740577753E-001   7.109537917869261E-001
  -5.337655911291954E-001   6.866405701761991E-001
  -6.767981581735681E-002   7.465626158031953E-001
   3.510424749119036E-001   6.274780986825022E-001
       -1.835810200781732   4.770818935049263E-001
  -5.673661093408242E-001   6.928762237561847E-001
  -2.843892216397347E-002   7.592775683409405E-001
  -4.354317452093760E-001   6.663696721928934E-001
  -1.795150693185634E-001   7.077348575378056E-001
   2.296892078541020E-001   6.657211078383150E-001
       -1.886630450091416   4.858503534268112E-001
  -4.680049906713729E-001   6.721251895727188E-001
  -1.406798321774565E-001   7.215079641692125E-001
   4.451104830843061E-001   4.225866954313586E-001
   3.384124463510461E-001   7.147396485024144E-001
   5.326618593054316E-001   4.027537220420356E-001
   2.274435006365336E-001   6.778910577008395E-001
   4.383796463169297E-001   4.267131017122429E-001
   3.847114113588413E-001   7.246847471905116E-001
   3.977674905709122E-001   4.323858637628535E-001
   4.343579151878353E-001   7.388060111393817E-001
        1.043732095962453   3.223606493080197E-001
       -1.529384231309944   3.501674394499477E-001
   2.534905801665487E-001   4.452374870785912E-001
   6.370651207513844E-001   7.831740499265354E-001
   7.942694730354402E-001   4.608974036790826E-001
   3.400719377622451E-001   6.786460854109634E-001
   5.905450787075868E-001   4.794764334766222E-001
   4.872883111104874E-001   7.296633507831396E-001
   2.236969105671014E-001   6.491682342853660E-001
   6.212094810712295E-001   7.876850019823103E-001
   1.326336853598832E-001   4.405322624905620E-001
   4.585432916114085E-001   7.831270286485078E-001
   8.190844671261368E-001   3.871306109557465E-001
   4.124472862261099E-001   6.935518751219906E-001
   8.085475006422912E-001   3.871090828835231E-001
   4.068256025600669E-001   6.932986308700971E-001
   3.982950629966311E-001   4.220663824213663E-001
   2.391718690607318E-001   6.969435837710894E-001
   4.996576047638992E-001   4.224588567839672E-001
   8.532996113159828E-001   7.924849744379704E-001
   9.913397604467294E-001   2.648991655164066E-001
  -7.966750323417262E-001   2.105684015679016E-001
   6.027393405198890E-001   3.275123389535330E-001
  -9.454956391705087E-001   2.271594342600161E-001
   3.080850930784486E-001   4.422339375448803E-001
   3.641184074461115E-001   7.328888155453203E-001
   2.326438797994041E-002   4.487847185440503E-001
   4.213323964612263E-001   7.471770973477539E-001
   6.234902550766743E-001   4.158729371041576E-001
   6.062104992157696E-001   7.254896923036165E-001
   9.067771305528393E-001   3.167884894396306E-001
  -9.158121700478213E-001   1.912221829612648E-001
   9.139692665806390E-001   4.480016233204482E-001
   7.676781304126522E-001   7.803314695097570E-001
   3.238179800448936E-001   4.400857903609790E-001
   4.270616547440795E-001   7.435090446636550E-001
   3.372251697146414E-001   4.355894556032669E-001
   3.081435363125081E-001   7.202074027231091E-001
   7.978356621129870E-001   3.936855431106119E-001
   4.571923730393456E-001   7.063679970293062E-001
   3.853986362210565E-001   4.237087127256559E-001
   2.241830206770604E-001   6.948551208221699E-001
  -3.452767663298112E-003   4.388766377014326E-001
   5.287956789508540E-001   7.393241517297044E-001
   4.602845552132903E-001   4.183268032036021E-001
   7.778252964679558E-001   8.093424645300390E-001
   6.395299154180164E-001   3.074938230615659E-001
  -9.461789291486693E-001   2.252526039719331E-001
   4.198435109243848E-001   4.153927591852195E-001
   7.610803361317540E-001   8.145889620556871E-001
        1.101863534435768   4.251544653030676E-001
   6.296747220432886E-001   7.210823794577081E-001
        1.583768527051690   3.099785852745393E-001
       -1.315100664218994   4.092504436153495E-001
   5.685588578728868E-001   4.169793769934635E-001
   6.935990181702683E-001   7.879178253519017E-001
   8.507016382938229E-002   4.355681669315596E-001
   3.781466225882656E-001   7.579651845396045E-001
        1.565180226794113   3.074010187120207E-001
       -1.304059234170853   3.994015918074320E-001
        1.026639501221127   4.402633661211863E-001
   7.764187716417138E-001   7.512654316026487E-001
   2.249645126115765E-001   4.346485686457943E-001
   4.015819496506622E-001   7.610386010951216E-001
   7.588076085240232E-001   4.065501008224586E-001
   5.570678928081348E-001   7.322105957080993E-001
   3.395507222149330E-001   4.359623570163496E-001
   3.615328579495800E-001   7.317649673091841E-001
        1.118959432864875   3.062679446878320E-001
  -7.817106289286921E-001   2.043864301144551E-001
        1.288848752282214   2.710662563234350E-001
  -7.435670955886126E-001   1.777115850350101E-001
  -3.285550425463262E-002   4.768623591338394E-001
   4.395849869013672E-001   7.769177596026020E-001
   5.241756934573297E-001   4.368862971401395E-001
   7.709589353187398E-001   7.654700809203764E-001
        1.565170284877395   3.074048228333771E-001
       -1.304075361244285   3.994120906135619E-001
        1.172251444735466   4.045888322332297E-001
   5.135213839278376E-001   6.797904596489029E-001
   2.451297099952502E-001   4.483731075689165E-001
   4.960846501580856E-001   7.640780742511969E-001
   6.674454045620622E-001   4.181471971605463E-001
   7.223073451607939E-001   7.527625127676407E-001
   6.310048943943031E-001   4.276379599363374E-001
   6.797366236318749E-001   7.566390797256818E-001
   2.946102853919848E-001   4.446260564766299E-001
   4.157252579970281E-001   7.433597095231501E-001
   3.629744862643697E-001   4.118409046841501E-001
   7.998026646761387E-001   8.099975199937161E-001
   8.018984898386997E-001   3.947716558726560E-001
   4.642785068850441E-001   7.086998669295852E-001
   3.908477469964123E-001   4.201599247700447E-001
   1.766126819941929E-001   6.809425651251255E-001
   7.805536975808859E-001   3.928327729746471E-001
   4.369828532971010E-001   7.040623927902627E-001
        1.614645211094908   5.343695358447735E-001
   9.486608029184151E-001   7.425507555138463E-001
        1.037862850335504   6.144991912160551E-001
   6.652919116082773E-001   6.187207993650981E-001
        1.112951594689409   6.035937785406710E-001
   9.845876535722586E-001   7.526358515338761E-001
        2.091951755693167   3.220325428089665E-001
       -1.181182421631018   3.860051326956550E-001
        1.345954468032769   5.381428932420945E-001
        1.007756568234232   8.001486373806905E-001
        1.075338065792256   4.098309873434242E-001
   5.976492009441109E-001   7.146468360394734E-001
        1.374958841006954   5.419686395851702E-001
   8.727707890694163E-001   7.422156459916556E-001
        1.068020048813100   4.068601480355776E-001
   5.820533859557990E-001   7.097556625858731E-001
        1.213513466136999   4.129709667202359E-001
   8.222145027638790E-001   7.289356738912406E-001
   2.988512154099835E-001   4.422934995398426E-001
   5.378556668643905E-001   7.219968752000463E-001
   2.731806747521046E-001   4.482544579332358E-001
   5.893124541610414E-001   7.307383381291854E-001
        1.559018358424037   5.187850191437209E-001
   8.953117086982160E-001   7.397825935993869E-001
        1.144024768429963   5.639598465562670E-001
   9.901645704179654E-001   7.446565808162622E-001
        1.211504638933009   5.909794510589638E-001
        1.028417241601803   7.441734400448138E-001
   8.556096815565917E-001   4.489090575802305E-001
   7.735705936143289E-001   7.665324794682490E-001
   1.889666699198492E-001   4.766792943633130E-001
   6.897536734756290E-001   7.515536160917847E-001
        1.460730933754318   5.462803996577444E-001
   8.885049168484198E-001   7.668104183811211E-001
        1.573120086030578   5.382611465462397E-001
   9.779525415461711E-001   7.545451069278258E-001
        1.193539498567569   5.615597371533002E-001
   8.950889210385877E-001   7.246020591208808E-001
        1.668312970256010   6.264889850955787E-001
        1.243643487602400   7.759105475340322E-001
        1.568129641682846   4.955325778582628E-001
   8.168339608382754E-001   7.146572248217989E-001
        1.501989628856284   5.324718390733186E-001
   9.925956880124078E-001   7.655709422816208E-001
        1.621226402290837   5.375458154680670E-001
   8.745795339240229E-001   7.342836792021328E-001
        1.742983052078592   3.457447165398344E-001
       -1.229671423928651   4.220509320343910E-001
        2.161188113965149   5.109904758990682E-001
       -1.118075264673651   4.400712713753447E-001
        1.068598274479420   5.169757486626682E-001
   8.539713366496949E-001   7.678409469654908E-001
        1.136877520475886   5.378386793374875E-001
   8.695546046249308E-001   7.322475009157434E-001
   2.250802008042030E-001   4.597343545521799E-001
   7.261289634542724E-001   7.474962746186540E-001
        1.180850543273633   5.396090307916194E-001
   8.172029546086952E-001   7.202787880879274E-001
   5.404061367626304E-001   4.097644482023473E-001
   7.682913507290577E-001   7.378617702251262E-001
        1.948001616044331   5.035618780255275E-001
  -4.354671349162734E-001   2.685717313954771E-001
        1.673140633229205   5.283585874248165E-001
        1.228655283378015   7.598467890349748E-001
        1.510260771922299   5.033464100198368E-001
   8.777702870847132E-001   7.373830960917136E-001
        1.098231933099354   5.226007754088642E-001
   8.898585797817069E-001   7.645195741089154E-001
        1.994297364917804   4.747281730134866E-001
       -1.177047354516616   4.035399842916697E-001
        1.280844277823291   5.484483038599344E-001
   7.486445034843291E-001   7.049192110391209E-001
        1.832450044495336   4.973361519791378E-001
  -4.526146292405987E-001   2.830845204168870E-001
  -5.848879326526180E-001   8.320963634042573E-001
   4.913540964036150E-001   8.400235123666949E-001
           0
