  -3.402823466385289E+038      585607        1537
  -3.402823466385289E+038      586870        1538
  -3.402823466385289E+038      536082        1539
  -3.402823466385289E+038       12050        1540
  -3.402823466385289E+038      238262        1541
  -3.402823466385289E+038      529627        1542
  -3.402823466385289E+038       45696        1543
  -3.402823466385289E+038      426169        1544
  -3.402823466385289E+038      453384        1545
  -3.402823466385289E+038      526742        1546
  -3.402823466385289E+038      727880        1547
  -3.402823466385289E+038      509060        1548
  -3.402823466385289E+038      722095        1549
  -3.402823466385289E+038      726787        1550
    -3339.145183129055113      276071        1551
  -3.402823466385289E+038      975027        1552
  -3.402823466385289E+038      159678        1553
  -3.402823466385289E+038      595190        1554
  -3.402823466385289E+038      700298        1555
  -3.402823466385289E+038      140015        1556
  -3.402823466385289E+038      246967        1557
  -3.402823466385289E+038      403287        1558
  -3.402823466385289E+038      828340        1559
  -3.402823466385289E+038      173709        1560
  -3.402823466385289E+038       57148        1561
  -3.402823466385289E+038      675953        1562
  -3.402823466385289E+038      797493        1563
  -3.402823466385289E+038      711657        1564
  -3.402823466385289E+038       68291        1565
  -3.402823466385289E+038      663031        1566
  -3.402823466385289E+038      925741        1567
  -3.402823466385289E+038       16207        1568
  -3.402823466385289E+038      975897        1569
  -3.402823466385289E+038      691615        1570
  -3.402823466385289E+038      865890        1571
  -3.402823466385289E+038      996270        1572
  -3.402823466385289E+038      358688        1573
  -3.402823466385289E+038       28983        1574
  -3.402823466385289E+038      131202        1575
  -3.402823466385289E+038      326355        1576
  -3.402823466385289E+038      166171        1577
  -3.402823466385289E+038      823410        1578
  -3.402823466385289E+038      235969        1579
  -3.402823466385289E+038      568279        1580
  -3.402823466385289E+038      154044        1581
  -3.402823466385289E+038      226337        1582
  -3.402823466385289E+038      925004        1583
  -3.402823466385289E+038      199867        1584
  -3.402823466385289E+038      252020        1585
  -3.402823466385289E+038      898058        1586
  -3.402823466385289E+038      621978        1587
  -3.402823466385289E+038      638118        1588
  -3.402823466385289E+038      526230        1589
  -3.402823466385289E+038      364895        1590
  -3.402823466385289E+038       44679        1591
  -3.402823466385289E+038      178341        1592
  -3.402823466385289E+038      815575        1593
  -3.402823466385289E+038      363979        1594
  -3.402823466385289E+038      553953        1595
  -3.402823466385289E+038      829442        1596
  -3.402823466385289E+038        9311        1597
  -3.402823466385289E+038      240994        1598
  -3.402823466385289E+038      191267        1599
  -3.402823466385289E+038      216815        1600
  -3.402823466385289E+038      627151        1601
  -3.402823466385289E+038      871915        1602
  -3.402823466385289E+038      785277        1603
    -3315.437091619891362      505528        1604
    -3298.858546525647853       95624        1605
  -3.402823466385289E+038       32468        1606
  -3.402823466385289E+038      591290        1607
  -3.402823466385289E+038      578694        1608
  -3.402823466385289E+038      432765        1609
    -3332.729055535974567      283715        1610
  -3.402823466385289E+038      518162        1611
  -3.402823466385289E+038      142946        1612
  -3.402823466385289E+038      235334        1613
  -3.402823466385289E+038      128045        1614
  -3.402823466385289E+038      648352        1615
  -3.402823466385289E+038      189515        1616
  -3.402823466385289E+038      419858        1617
  -3.402823466385289E+038      406263        1618
  -3.402823466385289E+038      863643        1619
  -3.402823466385289E+038      290210        1620
  -3.402823466385289E+038      291884        1621
    -3253.060822480651495      798446        1622
  -3.402823466385289E+038      975141        1623
  -3.402823466385289E+038      373691        1624
  -3.402823466385289E+038      891510        1625
  -3.402823466385289E+038      172699        1626
  -3.402823466385289E+038      299730        1627
  -3.402823466385289E+038       84437        1628
  -3.402823466385289E+038      232249        1629
  -3.402823466385289E+038      287787        1630
  -3.402823466385289E+038       64717        1631
  -3.402823466385289E+038      128920        1632
  -3.402823466385289E+038      529346        1633
  -3.402823466385289E+038      810241        1634
  -3.402823466385289E+038      205875        1635
  -3.402823466385289E+038      443241        1636
  -3.402823466385289E+038      178659        1637
  -3.402823466385289E+038      737045        1638
  -3.402823466385289E+038      141203        1639
  -3.402823466385289E+038      102845        1640
  -3.402823466385289E+038      231199        1641
  -3.402823466385289E+038      242621        1642
  -3.402823466385289E+038      696878        1643
  -3.402823466385289E+038      858002        1644
  -3.402823466385289E+038      372483        1645
  -3.402823466385289E+038      564016        1646
  -3.402823466385289E+038      848838        1647
  -3.402823466385289E+038      634333        1648
  -3.402823466385289E+038      508457        1649
  -3.402823466385289E+038      818852        1650
  -3.402823466385289E+038      928860        1651
  -3.402823466385289E+038      180370        1652
  -3.402823466385289E+038      170194        1653
  -3.402823466385289E+038       85666        1654
  -3.402823466385289E+038      598245        1655
  -3.402823466385289E+038      746966        1656
  -3.402823466385289E+038      551282        1657
  -3.402823466385289E+038      119225        1658
  -3.402823466385289E+038      263877        1659
  -3.402823466385289E+038       53089        1660
  -3.402823466385289E+038      933600        1661
  -3.402823466385289E+038        4737        1662
  -3.402823466385289E+038      839844        1663
  -3.402823466385289E+038      484224        1664
  -3.402823466385289E+038      159259        1665
  -3.402823466385289E+038      735183        1666
  -3.402823466385289E+038      822358        1667
  -3.402823466385289E+038      695961        1668
    -3341.268528307241922      777248        1669
  -3.402823466385289E+038      216091        1670
  -3.402823466385289E+038      853439        1671
  -3.402823466385289E+038      171430        1672
  -3.402823466385289E+038      146857        1673
  -3.402823466385289E+038      275003        1674
  -3.402823466385289E+038      452606        1675
  -3.402823466385289E+038      422856        1676
  -3.402823466385289E+038      778787        1677
  -3.402823466385289E+038      719798        1678
  -3.402823466385289E+038      137877        1679
  -3.402823466385289E+038       22518        1680
  -3.402823466385289E+038      538470        1681
  -3.402823466385289E+038      758926        1682
  -3.402823466385289E+038      983830        1683
  -3.402823466385289E+038      654377        1684
  -3.402823466385289E+038      958803        1685
  -3.402823466385289E+038      269800        1686
  -3.402823466385289E+038      784646        1687
  -3.402823466385289E+038      320563        1688
  -3.402823466385289E+038      987174        1689
  -3.402823466385289E+038       59890        1690
  -3.402823466385289E+038      960582        1691
  -3.402823466385289E+038      135076        1692
  -3.402823466385289E+038      672339        1693
  -3.402823466385289E+038      209243        1694
  -3.402823466385289E+038      514629        1695
  -3.402823466385289E+038       62158        1696
  -3.402823466385289E+038      172133        1697
  -3.402823466385289E+038       17730        1698
  -3.402823466385289E+038      739486        1699
  -3.402823466385289E+038      703098        1700
  -3.402823466385289E+038      847855        1701
  -3.402823466385289E+038      296924        1702
  -3.402823466385289E+038      573574        1703
  -3.402823466385289E+038      949654        1704
  -3.402823466385289E+038      812408        1705
  -3.402823466385289E+038      638032        1706
  -3.402823466385289E+038      868600        1707
  -3.402823466385289E+038      460453        1708
  -3.402823466385289E+038      990491        1709
  -3.402823466385289E+038      208230        1710
  -3.402823466385289E+038      217759        1711
  -3.402823466385289E+038      138555        1712
  -3.402823466385289E+038      283112        1713
  -3.402823466385289E+038      139018        1714
  -3.402823466385289E+038      290366        1715
  -3.402823466385289E+038      977507        1716
  -3.402823466385289E+038      437936        1717
  -3.402823466385289E+038      115028        1718
  -3.402823466385289E+038      965074        1719
  -3.402823466385289E+038      884146        1720
  -3.402823466385289E+038      826811        1721
  -3.402823466385289E+038      708128        1722
  -3.402823466385289E+038       58353        1723
  -3.402823466385289E+038      358115        1724
  -3.402823466385289E+038      767770        1725
  -3.402823466385289E+038      452792        1726
  -3.402823466385289E+038      178337        1727
  -3.402823466385289E+038      816796        1728
  -3.402823466385289E+038      109920        1729
  -3.402823466385289E+038      125089        1730
  -3.402823466385289E+038      255016        1731
  -3.402823466385289E+038      762690        1732
  -3.402823466385289E+038      463894        1733
  -3.402823466385289E+038      259148        1734
  -3.402823466385289E+038      586561        1735
  -3.402823466385289E+038      673767        1736
  -3.402823466385289E+038      127359        1737
  -3.402823466385289E+038      501592        1738
  -3.402823466385289E+038      276468        1739
  -3.402823466385289E+038      993088        1740
  -3.402823466385289E+038      263394        1741
  -3.402823466385289E+038      962482        1742
  -3.402823466385289E+038      149357        1743
  -3.402823466385289E+038      262320        1744
  -3.402823466385289E+038      495995        1745
  -3.402823466385289E+038      492814        1746
  -3.402823466385289E+038      582916        1747
  -3.402823466385289E+038      908674        1748
  -3.402823466385289E+038      238331        1749
  -3.402823466385289E+038      752292        1750
  -3.402823466385289E+038      966243        1751
  -3.402823466385289E+038      836345        1752
  -3.402823466385289E+038      519119        1753
  -3.402823466385289E+038      661337        1754
  -3.402823466385289E+038      149046        1755
  -3.402823466385289E+038      269874        1756
  -3.402823466385289E+038      848795        1757
  -3.402823466385289E+038      906196        1758
  -3.402823466385289E+038      398067        1759
  -3.402823466385289E+038        4730        1760
  -3.402823466385289E+038      685155        1761
  -3.402823466385289E+038      457017        1762
  -3.402823466385289E+038      153153        1763
  -3.402823466385289E+038      774692        1764
  -3.402823466385289E+038      271319        1765
  -3.402823466385289E+038      100595        1766
  -3.402823466385289E+038       76930        1767
  -3.402823466385289E+038      276243        1768
  -3.402823466385289E+038      546909        1769
  -3.402823466385289E+038      197701        1770
  -3.402823466385289E+038      504861        1771
  -3.402823466385289E+038      978153        1772
  -3.402823466385289E+038      148079        1773
  -3.402823466385289E+038      257136        1774
  -3.402823466385289E+038      804111        1775
  -3.402823466385289E+038      140864        1776
  -3.402823466385289E+038      299774        1777
  -3.402823466385289E+038       46552        1778
  -3.402823466385289E+038      826241        1779
  -3.402823466385289E+038      719490        1780
  -3.402823466385289E+038      981727        1781
  -3.402823466385289E+038      197904        1782
  -3.402823466385289E+038       96452        1783
  -3.402823466385289E+038      268664        1784
  -3.402823466385289E+038      753939        1785
    -3251.303409767428548      135605        1786
  -3.402823466385289E+038      491386        1787
  -3.402823466385289E+038      168648        1788
  -3.402823466385289E+038      845533        1789
  -3.402823466385289E+038      588962        1790
  -3.402823466385289E+038      472001        1791
  -3.402823466385289E+038       44697        1792
    -3226.057342543482264      135605        1786
    -3246.872515571548774      283715        1610
  -3.402823466385289E+038       44697        1792
  -3.402823466385289E+038      472001        1791
  -3.402823466385289E+038      588962        1790
  -3.402823466385289E+038      845533        1789
  -3.402823466385289E+038      168648        1788
  -3.402823466385289E+038      491386        1787
  -3.402823466385289E+038      753939        1785
  -3.402823466385289E+038      268664        1784
  -3.402823466385289E+038       96452        1783
  -3.402823466385289E+038      197904        1782
  -3.402823466385289E+038      981727        1781
  -3.402823466385289E+038      719490        1780
  -3.402823466385289E+038      826241        1779
  -3.402823466385289E+038       46552        1778
  -8.934188258092209E-001
  -3.279866492215247E-001
   4.462985730011299E-001
   9.694420848606428E-001
  -3.485746189264916E-001
   2.955636171356520E-001
   4.462985730011299E-001
   9.694420848606428E-001
  -3.605240796827491E-001
   2.054141179990481E-002
   4.462985730011299E-001
   9.694420848606428E-001
        1.602517524418462
   1.188162028596778E-002
   4.462985730011299E-001
   9.694420848606428E-001
       -1.468758958538484
   4.892799696806368E-001
       -1.329047700077223
        1.291048960613439
   5.167437442146600E-001
        1.724297171912001
   4.553186428602241E-001
        1.191072615901614
        2.457432079543461
       -1.930053424991282
        1.433936659228453
  -6.548314965553836E-002
   1.360954310596328E-001
  -9.518403523080415E-002
  -1.402724711827957E-001
   7.215833216809123E-001
  -3.845983674843446E-001
  -5.627231365766391E-002
   1.838355389823058E-001
   2.820999102385720E-001
   1.687241793565743E-001
  -4.678931908678012E-002
   7.744699898694055E-002
   1.635490847061266E-001
  -1.844884757960023E-001
  -1.939768967886449E-002
  -9.451795380551341E-002
  -8.019785457489152E-002
   2.987613968915738E-001
   6.937575636204756E-002
   2.133831444781630E-001
   2.307565148641327E-001
  -3.548296906100695E-002
   1.093017890458239E-001
  -1.112428680946349E-001
   1.456149709016621E-001
   1.525478821550748E-001
  -1.030866985403344E-001
   1.481331713762419E-001
  -2.770572745092662E-001
        1.253133114468853
  -9.635688247519021E-001
   8.024864775848801E-001
       -2.113624763759071
   5.195454331228458E-002
       -2.900200459857324
  -5.136312382717276E-002
       -1.855729759102138
        3.004067316899897
        1.229760510296137
  -7.860630941222734E-001
   7.932165732781588E-001
  -9.211866179825430E-001
   4.492653622026611E-001
        2.741625993956407
        3.444589151051262
        1.731812776838937
        3.400054434120891
       -2.336533371277815
        3.925397310897795
        1.989970053521324
  -1.825121628527228E-001
   8.672556237333272E-001
       -1.490963687523045
   4.295130606718965E-001
        1.621772247679929
        1.972453826182297
        1.112239995786557
        1.476408320458576
       -1.685790654678516
        2.234286571246084
   7.394827827196997E-001
  -6.711987966553309E-001
   3.916156656195527E-001
        1.273888056995243
  -3.561613751420254E-001
  -1.125600076516377E-001
  -7.852967658836206E-002
  -1.330581282112008E-001
   3.064305793494085E-001
   3.114706832675926E-001
  -3.880164604391943E-001
   6.485665846061572E-002
   1.724042905203912E-001
  -5.433920811073130E-002
   1.590644622170359E-001
   1.173114615734881E-001
   1.066084073735819E-001
   7.490475873838495E-002
   8.308421057175699E-002
   5.201827063419842E-015
   1.141111922028566E-013
   1.314837090569656E-013
      -32.889766472685224
      -29.848260371062036
      -31.683886928544560
         272
           0
