  -3.402823466385289E+038      661978        1281
  -3.402823466385289E+038      410512        1282
  -3.402823466385289E+038      366739        1283
  -3.402823466385289E+038      290980        1284
  -3.402823466385289E+038      225932        1285
  -3.402823466385289E+038      769072        1286
  -3.402823466385289E+038      421051        1287
  -3.402823466385289E+038      385822        1288
  -3.402823466385289E+038      976103        1289
  -3.402823466385289E+038      134413        1290
  -3.402823466385289E+038      701716        1291
  -3.402823466385289E+038      124829        1292
  -3.402823466385289E+038      767822        1293
  -3.402823466385289E+038       13472        1294
  -3.402823466385289E+038      815445        1295
  -3.402823466385289E+038      606078        1296
  -3.402823466385289E+038      324517        1297
  -3.402823466385289E+038      284400        1298
  -3.402823466385289E+038      881268        1299
  -3.402823466385289E+038      115671        1300
  -3.402823466385289E+038       39053        1301
  -3.402823466385289E+038      123102        1302
  -3.402823466385289E+038      193990        1303
  -3.402823466385289E+038      626789        1304
  -3.402823466385289E+038       42278        1305
  -3.402823466385289E+038      426557        1306
  -3.402823466385289E+038      928683        1307
  -3.402823466385289E+038      518570        1308
  -3.402823466385289E+038      369684        1309
  -3.402823466385289E+038      461409        1310
  -3.402823466385289E+038      397522        1311
  -3.402823466385289E+038      234114        1312
  -3.402823466385289E+038      232015        1313
  -3.402823466385289E+038      568556        1314
  -3.402823466385289E+038      298997        1315
  -3.402823466385289E+038      346843        1316
  -3.402823466385289E+038      941497        1317
  -3.402823466385289E+038      476204        1318
  -3.402823466385289E+038      337570        1319
  -3.402823466385289E+038      885099        1320
  -3.402823466385289E+038        3137        1321
    -3347.384393515810643      502203        1322
  -3.402823466385289E+038      675765        1323
  -3.402823466385289E+038      537745        1324
  -3.402823466385289E+038      426364        1325
  -3.402823466385289E+038       18944        1326
  -3.402823466385289E+038       61710        1327
  -3.402823466385289E+038      533355        1328
  -3.402823466385289E+038      163116        1329
  -3.402823466385289E+038      289688        1330
  -3.402823466385289E+038      494365        1331
  -3.402823466385289E+038      925186        1332
  -3.402823466385289E+038      486572        1333
  -3.402823466385289E+038      538669        1334
  -3.402823466385289E+038      537905        1335
  -3.402823466385289E+038       20976        1336
  -3.402823466385289E+038      917184        1337
  -3.402823466385289E+038      404917        1338
  -3.402823466385289E+038      785822        1339
  -3.402823466385289E+038      803696        1340
  -3.402823466385289E+038      452356        1341
  -3.402823466385289E+038      338858        1342
  -3.402823466385289E+038      188340        1343
  -3.402823466385289E+038      682178        1344
  -3.402823466385289E+038      350502        1345
  -3.402823466385289E+038      182461        1346
  -3.402823466385289E+038      953815        1347
  -3.402823466385289E+038      289739        1348
  -3.402823466385289E+038       36183        1349
  -3.402823466385289E+038      708577        1350
  -3.402823466385289E+038      830367        1351
  -3.402823466385289E+038      654884        1352
  -3.402823466385289E+038      276023        1353
  -3.402823466385289E+038      344689        1354
  -3.402823466385289E+038      393453        1355
  -3.402823466385289E+038      449258        1356
  -3.402823466385289E+038      547354        1357
  -3.402823466385289E+038      971119        1358
  -3.402823466385289E+038      357700        1359
  -3.402823466385289E+038      873222        1360
  -3.402823466385289E+038      635599        1361
  -3.402823466385289E+038      175583        1362
  -3.402823466385289E+038      859223        1363
  -3.402823466385289E+038      199491        1364
  -3.402823466385289E+038      198008        1365
  -3.402823466385289E+038      394609        1366
  -3.402823466385289E+038       74838        1367
  -3.402823466385289E+038      743830        1368
  -3.402823466385289E+038      934216        1369
  -3.402823466385289E+038      493083        1370
  -3.402823466385289E+038      970728        1371
  -3.402823466385289E+038      356754        1372
  -3.402823466385289E+038      842091        1373
  -3.402823466385289E+038      277373        1374
  -3.402823466385289E+038      319298        1375
  -3.402823466385289E+038      661290        1376
  -3.402823466385289E+038      967567        1377
  -3.402823466385289E+038      425140        1378
  -3.402823466385289E+038      667170        1379
  -3.402823466385289E+038      865693        1380
  -3.402823466385289E+038      913926        1381
  -3.402823466385289E+038      115218        1382
  -3.402823466385289E+038      357258        1383
  -3.402823466385289E+038      160041        1384
  -3.402823466385289E+038      622896        1385
  -3.402823466385289E+038      925994        1386
  -3.402823466385289E+038      115653        1387
  -3.402823466385289E+038      723096        1388
  -3.402823466385289E+038      924828        1389
  -3.402823466385289E+038      320884        1390
  -3.402823466385289E+038      230121        1391
  -3.402823466385289E+038      227999        1392
  -3.402823466385289E+038      356194        1393
  -3.402823466385289E+038      540747        1394
  -3.402823466385289E+038       65562        1395
  -3.402823466385289E+038      182880        1396
  -3.402823466385289E+038      337381        1397
  -3.402823466385289E+038      847341        1398
  -3.402823466385289E+038      903099        1399
    -3231.257020337370250      555330        1400
  -3.402823466385289E+038      778338        1401
  -3.402823466385289E+038      493775        1402
  -3.402823466385289E+038      558208        1403
  -3.402823466385289E+038      372158        1404
  -3.402823466385289E+038      300844        1405
  -3.402823466385289E+038      877272        1406
  -3.402823466385289E+038      381543        1407
  -3.402823466385289E+038      855963        1408
  -3.402823466385289E+038      612092        1409
  -3.402823466385289E+038      534256        1410
  -3.402823466385289E+038      914193        1411
  -3.402823466385289E+038      565595        1412
  -3.402823466385289E+038       79890        1413
  -3.402823466385289E+038      662524        1414
  -3.402823466385289E+038      703313        1415
  -3.402823466385289E+038      417600        1416
  -3.402823466385289E+038      940007        1417
  -3.402823466385289E+038      476338        1418
  -3.402823466385289E+038      945711        1419
  -3.402823466385289E+038      299108        1420
  -3.402823466385289E+038      376373        1421
  -3.402823466385289E+038      228271        1422
  -3.402823466385289E+038      159216        1423
  -3.402823466385289E+038      464810        1424
  -3.402823466385289E+038       46666        1425
  -3.402823466385289E+038      949086        1426
  -3.402823466385289E+038      317476        1427
  -3.402823466385289E+038       89016        1428
  -3.402823466385289E+038      769797        1429
  -3.402823466385289E+038      732319        1430
  -3.402823466385289E+038      697923        1431
  -3.402823466385289E+038      338892        1432
  -3.402823466385289E+038      991399        1433
  -3.402823466385289E+038      149777        1434
  -3.402823466385289E+038       33659        1435
  -3.402823466385289E+038      912489        1436
  -3.402823466385289E+038      574727        1437
  -3.402823466385289E+038      610066        1438
  -3.402823466385289E+038      422699        1439
  -3.402823466385289E+038      559773        1440
  -3.402823466385289E+038      884619        1441
  -3.402823466385289E+038      419870        1442
  -3.402823466385289E+038      444166        1443
  -3.402823466385289E+038      708042        1444
  -3.402823466385289E+038      726025        1445
  -3.402823466385289E+038      586510        1446
  -3.402823466385289E+038      732971        1447
  -3.402823466385289E+038      256781        1448
  -3.402823466385289E+038      185064        1449
  -3.402823466385289E+038      685140        1450
  -3.402823466385289E+038      468731        1451
  -3.402823466385289E+038      696107        1452
  -3.402823466385289E+038      179229        1453
  -3.402823466385289E+038      488514        1454
  -3.402823466385289E+038      657746        1455
  -3.402823466385289E+038      845197        1456
  -3.402823466385289E+038      365620        1457
  -3.402823466385289E+038      779009        1458
  -3.402823466385289E+038      879349        1459
  -3.402823466385289E+038      188490        1460
  -3.402823466385289E+038      464174        1461
  -3.402823466385289E+038      432490        1462
  -3.402823466385289E+038      347886        1463
  -3.402823466385289E+038      170768        1464
  -3.402823466385289E+038      196948        1465
  -3.402823466385289E+038      551829        1466
  -3.402823466385289E+038      262022        1467
  -3.402823466385289E+038      331955        1468
  -3.402823466385289E+038      511988        1469
  -3.402823466385289E+038      120380        1470
  -3.402823466385289E+038      945797        1471
  -3.402823466385289E+038      537007        1472
  -3.402823466385289E+038       18366        1473
  -3.402823466385289E+038      599003        1474
  -3.402823466385289E+038      360215        1475
  -3.402823466385289E+038       30019        1476
    -3247.610522856242369      540217        1477
  -3.402823466385289E+038      953003        1478
  -3.402823466385289E+038      851200        1479
  -3.402823466385289E+038      319993        1480
  -3.402823466385289E+038      775996        1481
  -3.402823466385289E+038      387401        1482
  -3.402823466385289E+038      379464        1483
  -3.402823466385289E+038      868112        1484
  -3.402823466385289E+038      277422        1485
  -3.402823466385289E+038      285763        1486
  -3.402823466385289E+038      523233        1487
  -3.402823466385289E+038      550800        1488
  -3.402823466385289E+038      877429        1489
  -3.402823466385289E+038      799404        1490
  -3.402823466385289E+038      809654        1491
  -3.402823466385289E+038       10968        1492
  -3.402823466385289E+038      492839        1493
  -3.402823466385289E+038      508613        1494
  -3.402823466385289E+038      967588        1495
  -3.402823466385289E+038      674786        1496
  -3.402823466385289E+038      352269        1497
  -3.402823466385289E+038      494663        1498
  -3.402823466385289E+038      417002        1499
  -3.402823466385289E+038      695486        1500
  -3.402823466385289E+038      919217        1501
  -3.402823466385289E+038      166220        1502
  -3.402823466385289E+038      492040        1503
  -3.402823466385289E+038      137719        1504
  -3.402823466385289E+038      889514        1505
  -3.402823466385289E+038      329944        1506
  -3.402823466385289E+038      813351        1507
  -3.402823466385289E+038      353772        1508
  -3.402823466385289E+038      111066        1509
  -3.402823466385289E+038      626277        1510
  -3.402823466385289E+038       84927        1511
  -3.402823466385289E+038      612578        1512
  -3.402823466385289E+038      186047        1513
  -3.402823466385289E+038      165375        1514
  -3.402823466385289E+038      932967        1515
  -3.402823466385289E+038       27352        1516
  -3.402823466385289E+038      539423        1517
  -3.402823466385289E+038      627249        1518
  -3.402823466385289E+038      708047        1519
  -3.402823466385289E+038      252175        1520
  -3.402823466385289E+038      102093        1521
  -3.402823466385289E+038      964999        1522
  -3.402823466385289E+038      242966        1523
    -3317.847315425803117      157736        1524
  -3.402823466385289E+038      438792        1525
  -3.402823466385289E+038      392260        1526
  -3.402823466385289E+038       88388        1527
  -3.402823466385289E+038      669947        1528
  -3.402823466385289E+038      289928        1529
  -3.402823466385289E+038      384859        1530
  -3.402823466385289E+038      720994        1531
  -3.402823466385289E+038      560402        1532
  -3.402823466385289E+038      346141        1533
  -3.402823466385289E+038       59296        1534
  -3.402823466385289E+038      106244        1535
  -3.402823466385289E+038      182318        1536
    -3309.277554249835703      502203        1322
  -3.402823466385289E+038      182318        1536
  -3.402823466385289E+038      106244        1535
  -3.402823466385289E+038       59296        1534
  -3.402823466385289E+038      346141        1533
  -3.402823466385289E+038      560402        1532
  -3.402823466385289E+038      720994        1531
  -3.402823466385289E+038      384859        1530
  -3.402823466385289E+038      289928        1529
  -3.402823466385289E+038      669947        1528
  -3.402823466385289E+038       88388        1527
  -3.402823466385289E+038      392260        1526
  -3.402823466385289E+038      438792        1525
  -3.402823466385289E+038      157736        1524
  -3.402823466385289E+038      242966        1523
  -3.402823466385289E+038      964999        1522
  -9.773739292981465E-001
        3.198000823911205
   9.352882513225130E-001
   7.086387618094263E-001
  -3.441012693868974E-001
  -3.140872413939370E-001
   9.352882513225130E-001
   7.086387618094263E-001
        1.327492714966064
       -3.018440362479777
   9.352882513225130E-001
   7.086387618094263E-001
  -6.017516281020521E-003
   1.345267799625098E-001
   9.352882513225130E-001
   7.086387618094263E-001
  -4.090433626432494E-012
   2.368583083872146E-011
  -1.385531757207958E-010
   5.373620090417859E-011
  -1.646970285059329E-010
   4.970396348323837E-011
  -9.075035173995590E-011
  -8.494479284182226E-011
  -4.334041858268314E-011
   3.267534546944798E-011
  -3.053848812727022E-012
  -2.908746704935270E-003
   1.600006227369656E-001
  -4.592298518335999E-002
  -9.031499215814524E-002
   6.260759496927728E-001
  -2.548851273337651E-001
  -7.553067413201717E-002
   1.398102889665931E-001
   1.870338181306349E-001
   1.034276834044904E-001
  -6.613970388643421E-002
   3.795178148677913E-002
   7.799338883609223E-002
  -2.204026065480901E-001
  -8.552500274096363E-002
  -8.209124760688638E-002
  -1.297701096637185E-001
   2.406052647611029E-001
   5.374841395425203E-002
   2.304930944267546E-001
   2.181755379725355E-001
  -5.079451709157388E-002
   6.647733132032696E-002
  -1.386411345206797E-001
   1.461199989984711E-001
   1.339443037901219E-001
  -1.372019958441613E-001
   1.467763042020532E-001
  -9.392786183608552E-001
   7.682767378387065E-001
       -1.406466249622807
        1.187805662676742
   4.433415378210512E-001
        1.682604675155133
   3.690317237753879E-001
        1.135809024065514
        2.535354888101839
       -1.507894657919258
        1.300555564785871
  -2.372564835113647E-001
        1.208555186692494
       -1.191791299430736
   2.749640565873341E-002
        1.343275630452326
        1.343275630452327
        1.346424462256078
        1.346424462256118
       -1.127299786459640
        1.154494854158493
        1.007896003831949
  -6.209378980696967E-001
   8.899077470392130E-001
       -1.028137390240842
   5.781870276033964E-001
   9.949239713343441E-001
        1.760397601085422
   5.743377011396649E-001
        1.598185354061932
       -2.409133529355284
        4.379482147457020
        1.583860456758387
      -29.199598673444566
       -2.205379440709246
       -3.408211449018146
  -3.561613751419318E-001
  -1.125600076516079E-001
  -7.852967658837579E-002
  -1.330581282112080E-001
   3.064305793494089E-001
   3.114706832675847E-001
  -3.880164604392254E-001
   6.485665846061286E-002
   1.724042905203902E-001
  -5.433920811073226E-002
   1.590644622170351E-001
   1.173114615734870E-001
   1.066084073735808E-001
   7.490475873838269E-002
   8.308421057175641E-002
   3.311737777897591E-014
   3.443001175594557E-014
   3.459558331476397E-014
      -31.038718241868100
      -34.266740606945447
      -36.337128192957444
          65
           0
