  -3.402823466385289E+038      809593        3329
  -3.402823466385289E+038      749212        3330
  -3.402823466385289E+038      147744        3331
  -3.402823466385289E+038      957066        3332
  -3.402823466385289E+038      296242        3333
  -3.402823466385289E+038      698420        3334
  -3.402823466385289E+038      746304        3335
  -3.402823466385289E+038      761017        3336
  -3.402823466385289E+038      427979        3337
  -3.402823466385289E+038       98578        3338
  -3.402823466385289E+038      761888        3339
  -3.402823466385289E+038      671703        3340
  -3.402823466385289E+038      245560        3341
  -3.402823466385289E+038      895274        3342
  -3.402823466385289E+038      786713        3343
  -3.402823466385289E+038      749808        3344
  -3.402823466385289E+038      561513        3345
  -3.402823466385289E+038      677999        3346
  -3.402823466385289E+038      659367        3347
  -3.402823466385289E+038      676616        3348
    -3287.305167995960346      928686        3349
  -3.402823466385289E+038      830978        3350
  -3.402823466385289E+038      192731        3351
  -3.402823466385289E+038      893448        3352
  -3.402823466385289E+038      134638        3353
  -3.402823466385289E+038      679391        3354
  -3.402823466385289E+038      270973        3355
  -3.402823466385289E+038      387354        3356
  -3.402823466385289E+038      161998        3357
  -3.402823466385289E+038      500237        3358
  -3.402823466385289E+038       74096        3359
  -3.402823466385289E+038      839912        3360
  -3.402823466385289E+038      137767        3361
  -3.402823466385289E+038      175767        3362
  -3.402823466385289E+038      105912        3363
  -3.402823466385289E+038      785215        3364
  -3.402823466385289E+038      171846        3365
  -3.402823466385289E+038      278885        3366
  -3.402823466385289E+038      575827        3367
  -3.402823466385289E+038      274385        3368
  -3.402823466385289E+038      185823        3369
  -3.402823466385289E+038      388467        3370
  -3.402823466385289E+038      325083        3371
  -3.402823466385289E+038      494200        3372
  -3.402823466385289E+038      383791        3373
  -3.402823466385289E+038      763415        3374
  -3.402823466385289E+038      752523        3375
  -3.402823466385289E+038      718972        3376
  -3.402823466385289E+038      830618        3377
  -3.402823466385289E+038      663189        3378
  -3.402823466385289E+038      511811        3379
  -3.402823466385289E+038      555550        3380
  -3.402823466385289E+038         568        3381
  -3.402823466385289E+038      198168        3382
  -3.402823466385289E+038      939470        3383
  -3.402823466385289E+038      724245        3384
  -3.402823466385289E+038      766824        3385
  -3.402823466385289E+038      712456        3386
  -3.402823466385289E+038       77063        3387
  -3.402823466385289E+038      476830        3388
  -3.402823466385289E+038      540809        3389
  -3.402823466385289E+038      715647        3390
  -3.402823466385289E+038      200506        3391
  -3.402823466385289E+038      806904        3392
  -3.402823466385289E+038      245878        3393
  -3.402823466385289E+038      116609        3394
  -3.402823466385289E+038      489524        3395
  -3.402823466385289E+038      552100        3396
  -3.402823466385289E+038      696575        3397
  -3.402823466385289E+038      575260        3398
  -3.402823466385289E+038      877705        3399
  -3.402823466385289E+038      338951        3400
  -3.402823466385289E+038      818326        3401
  -3.402823466385289E+038      622568        3402
  -3.402823466385289E+038      975502        3403
  -3.402823466385289E+038      106840        3404
  -3.402823466385289E+038      132965        3405
  -3.402823466385289E+038      664045        3406
  -3.402823466385289E+038      347593        3407
  -3.402823466385289E+038      200591        3408
  -3.402823466385289E+038      342423        3409
  -3.402823466385289E+038      788034        3410
  -3.402823466385289E+038      427062        3411
  -3.402823466385289E+038      844709        3412
  -3.402823466385289E+038      290171        3413
  -3.402823466385289E+038      491181        3414
  -3.402823466385289E+038      857751        3415
  -3.402823466385289E+038      691368        3416
  -3.402823466385289E+038       88117        3417
  -3.402823466385289E+038      313599        3418
  -3.402823466385289E+038      787782        3419
    -3290.186156676796600      164804        3420
    -3278.817986950652539      391752        3421
  -3.402823466385289E+038      413360        3422
  -3.402823466385289E+038      720085        3423
  -3.402823466385289E+038      410745        3424
  -3.402823466385289E+038      438127        3425
  -3.402823466385289E+038      560838        3426
  -3.402823466385289E+038      812064        3427
  -3.402823466385289E+038      952886        3428
  -3.402823466385289E+038      266630        3429
  -3.402823466385289E+038      399194        3430
  -3.402823466385289E+038      356956        3431
  -3.402823466385289E+038      969383        3432
  -3.402823466385289E+038      402876        3433
  -3.402823466385289E+038      120772        3434
  -3.402823466385289E+038      903141        3435
  -3.402823466385289E+038      773943        3436
  -3.402823466385289E+038      337181        3437
  -3.402823466385289E+038      635223        3438
  -3.402823466385289E+038      208723        3439
  -3.402823466385289E+038      189029        3440
  -3.402823466385289E+038      781531        3441
  -3.402823466385289E+038      350076        3442
  -3.402823466385289E+038      126237        3443
  -3.402823466385289E+038      966924        3444
  -3.402823466385289E+038      711046        3445
    -3339.637248716827344      623663        3446
  -3.402823466385289E+038      293963        3447
  -3.402823466385289E+038      109599        3448
  -3.402823466385289E+038      259997        3449
  -3.402823466385289E+038      280543        3450
  -3.402823466385289E+038      322964        3451
  -3.402823466385289E+038      807225        3452
  -3.402823466385289E+038      592063        3453
  -3.402823466385289E+038      785023        3454
  -3.402823466385289E+038      641252        3455
  -3.402823466385289E+038      576960        3456
  -3.402823466385289E+038      526244        3457
  -3.402823466385289E+038      751592        3458
  -3.402823466385289E+038      498105        3459
    -3266.574305270427885      442267        3460
  -3.402823466385289E+038      753789        3461
  -3.402823466385289E+038      931515        3462
  -3.402823466385289E+038      651352        3463
  -3.402823466385289E+038      221256        3464
  -3.402823466385289E+038      883488        3465
  -3.402823466385289E+038      212241        3466
  -3.402823466385289E+038      483093        3467
  -3.402823466385289E+038      500273        3468
  -3.402823466385289E+038      885995        3469
  -3.402823466385289E+038      580993        3470
  -3.402823466385289E+038      799920        3471
  -3.402823466385289E+038      654041        3472
  -3.402823466385289E+038      433121        3473
  -3.402823466385289E+038      279027        3474
  -3.402823466385289E+038      558535        3475
  -3.402823466385289E+038       56176        3476
  -3.402823466385289E+038      777529        3477
  -3.402823466385289E+038      720663        3478
  -3.402823466385289E+038      519234        3479
  -3.402823466385289E+038      219197        3480
  -3.402823466385289E+038      182256        3481
  -3.402823466385289E+038      821678        3482
  -3.402823466385289E+038       71909        3483
  -3.402823466385289E+038      589391        3484
  -3.402823466385289E+038       51296        3485
  -3.402823466385289E+038      958973        3486
  -3.402823466385289E+038      693300        3487
  -3.402823466385289E+038      230385        3488
  -3.402823466385289E+038       37506        3489
  -3.402823466385289E+038      319349        3490
  -3.402823466385289E+038       35562        3491
  -3.402823466385289E+038       61144        3492
  -3.402823466385289E+038      899062        3493
  -3.402823466385289E+038      108322        3494
    -3290.539222020036505      156465        3495
  -3.402823466385289E+038      232480        3496
  -3.402823466385289E+038      776063        3497
  -3.402823466385289E+038      916761        3498
  -3.402823466385289E+038      677447        3499
  -3.402823466385289E+038      173997        3500
  -3.402823466385289E+038      291063        3501
  -3.402823466385289E+038      970402        3502
  -3.402823466385289E+038      999729        3503
  -3.402823466385289E+038      771103        3504
  -3.402823466385289E+038      179748        3505
  -3.402823466385289E+038      371378        3506
  -3.402823466385289E+038       15160        3507
  -3.402823466385289E+038      978555        3508
  -3.402823466385289E+038      750625        3509
  -3.402823466385289E+038      699983        3510
  -3.402823466385289E+038      745674        3511
  -3.402823466385289E+038      758825        3512
  -3.402823466385289E+038      294492        3513
  -3.402823466385289E+038      721467        3514
  -3.402823466385289E+038      411295        3515
    -3305.565737011498186      349898        3516
  -3.402823466385289E+038      314015        3517
  -3.402823466385289E+038      188637        3518
  -3.402823466385289E+038      459780        3519
  -3.402823466385289E+038      165026        3520
  -3.402823466385289E+038      119023        3521
  -3.402823466385289E+038      100829        3522
  -3.402823466385289E+038      557917        3523
  -3.402823466385289E+038      633122        3524
  -3.402823466385289E+038      669610        3525
  -3.402823466385289E+038      110721        3526
  -3.402823466385289E+038      897975        3527
  -3.402823466385289E+038      619846        3528
  -3.402823466385289E+038      688999        3529
  -3.402823466385289E+038       16258        3530
  -3.402823466385289E+038      760342        3531
  -3.402823466385289E+038      834916        3532
  -3.402823466385289E+038      971444        3533
  -3.402823466385289E+038      603244        3534
  -3.402823466385289E+038      435058        3535
  -3.402823466385289E+038       18840        3536
  -3.402823466385289E+038      582630        3537
  -3.402823466385289E+038      446528        3538
  -3.402823466385289E+038      795438        3539
  -3.402823466385289E+038      290586        3540
  -3.402823466385289E+038      330328        3541
  -3.402823466385289E+038      460630        3542
  -3.402823466385289E+038      867690        3543
  -3.402823466385289E+038      419474        3544
  -3.402823466385289E+038      219035        3545
  -3.402823466385289E+038      467509        3546
  -3.402823466385289E+038      414306        3547
  -3.402823466385289E+038      926659        3548
  -3.402823466385289E+038      757640        3549
  -3.402823466385289E+038      578301        3550
  -3.402823466385289E+038      530079        3551
  -3.402823466385289E+038      359053        3552
  -3.402823466385289E+038      141171        3553
  -3.402823466385289E+038      692628        3554
  -3.402823466385289E+038      754885        3555
  -3.402823466385289E+038      570510        3556
  -3.402823466385289E+038      681680        3557
  -3.402823466385289E+038      995233        3558
  -3.402823466385289E+038      636919        3559
  -3.402823466385289E+038      406311        3560
  -3.402823466385289E+038      540314        3561
  -3.402823466385289E+038      950796        3562
  -3.402823466385289E+038      109260        3563
  -3.402823466385289E+038      540841        3564
  -3.402823466385289E+038      800161        3565
  -3.402823466385289E+038      335877        3566
  -3.402823466385289E+038      845569        3567
  -3.402823466385289E+038      715948        3568
  -3.402823466385289E+038      323342        3569
  -3.402823466385289E+038      116150        3570
  -3.402823466385289E+038      251502        3571
  -3.402823466385289E+038       65917        3572
  -3.402823466385289E+038      109229        3573
  -3.402823466385289E+038      318571        3574
  -3.402823466385289E+038      315772        3575
  -3.402823466385289E+038      188833        3576
  -3.402823466385289E+038      426103        3577
  -3.402823466385289E+038      560824        3578
  -3.402823466385289E+038       71251        3579
  -3.402823466385289E+038      728986        3580
  -3.402823466385289E+038      709990        3581
  -3.402823466385289E+038      670286        3582
  -3.402823466385289E+038      954581        3583
  -3.402823466385289E+038      307998        3584
    -3278.192766437572118      349898        3516
    -3278.192830797688657      391752        3421
  -3.402823466385289E+038      307998        3584
  -3.402823466385289E+038      954581        3583
  -3.402823466385289E+038      670286        3582
  -3.402823466385289E+038      709990        3581
  -3.402823466385289E+038      728986        3580
  -3.402823466385289E+038       71251        3579
  -3.402823466385289E+038      560824        3578
  -3.402823466385289E+038      426103        3577
  -3.402823466385289E+038      188833        3576
  -3.402823466385289E+038      315772        3575
  -3.402823466385289E+038      318571        3574
  -3.402823466385289E+038      109229        3573
  -3.402823466385289E+038       65917        3572
  -3.402823466385289E+038      251502        3571
        2.094578810415286
  -1.821317115220892E-001
   4.423093163543100E-001
   9.700481319797231E-001
  -2.457179383637311E-001
   7.944934839999399E-002
   4.423093163543100E-001
   9.700481319797231E-001
  -4.157812058675460E-001
  -4.459252930229015E-001
   4.423093163543100E-001
   9.700481319797231E-001
       -1.433079666184009
   5.486076561449967E-001
   4.423093163543100E-001
   9.700481319797231E-001
  -2.210310623179958E-001
   7.654463205673709E-001
       -1.248575764118852
   6.602858427728500E-001
        1.407823238999308
        1.733958995540112
        1.158807244565477
        1.451451396444796
       -1.852091284181715
        2.458031944995006
   8.472662758455799E-001
  -1.576367562682546E-002
   1.505352511464301E-001
  -8.506890814705438E-002
  -1.402412439979300E-001
   6.231134459455254E-001
  -3.525141337918088E-001
  -7.864777187472355E-002
   1.537515932229414E-001
   1.855367875045723E-001
   9.803589425495426E-002
  -7.373339886888755E-002
   3.634268937615760E-002
   7.839040493349798E-002
  -2.217558038971474E-001
  -1.004081186579521E-001
  -6.780455579371777E-002
  -7.825975117897818E-002
   2.954577944582644E-001
   4.558316590018967E-002
   2.456490732724803E-001
   2.269825099817068E-001
  -5.314232929997970E-002
   6.702161974880123E-002
  -1.345072718176840E-001
   1.403876546352927E-001
   1.334575986264689E-001
  -1.345289579047574E-001
   1.419969726216879E-001
  -5.912385048644517E-001
   9.765847334765851E-001
       -1.017027882735552
   5.169544532099186E-001
   9.268216375082899E-001
        1.714812122614678
   5.059411512640406E-001
        1.586858244266618
       -2.393116821327480
        4.307601610449316
        1.685907374702686
       -1.353793823497622
   4.841760672563279E-001
       -1.369957743524368
        1.198818462299323
   4.721505813126870E-001
        1.688743919567617
   4.078565029263557E-001
        1.148418096229311
        2.550638889315815
       -1.628394310821368
        1.342477207866500
   0.000000000000000E+000
   0.000000000000000E+000
   0.000000000000000E+000
   0.000000000000000E+000
   0.000000000000000E+000
   0.000000000000000E+000
   0.000000000000000E+000
   0.000000000000000E+000
   0.000000000000000E+000
   0.000000000000000E+000
   0.000000000000000E+000
       27.490098957011753
       29.447480688725875
       27.331253024365136
  -3.561613751423128E-001
  -1.125600076517146E-001
  -7.852967658833300E-002
  -1.330581282112138E-001
   3.064305793494022E-001
   3.114706832675790E-001
  -3.880164604392819E-001
   6.485665846061475E-002
   1.724042905203930E-001
  -5.433920811073328E-002
   1.590644622170339E-001
   1.173114615734865E-001
   1.066084073735755E-001
   7.490475873838214E-002
   8.308421057175115E-002
   2.952456170319879E-016
   4.074606190000495E-013
   6.550728379227658E-013
      -35.758724063863767
      -28.529556969186451
      -29.026912505872346
          42
           0
