  -3.402823466385289E+038      314034         513
  -3.402823466385289E+038      147440         514
  -3.402823466385289E+038      140849         515
  -3.402823466385289E+038      689529         516
  -3.402823466385289E+038       79212         517
  -3.402823466385289E+038      327475         518
  -3.402823466385289E+038      161421         519
  -3.402823466385289E+038      489927         520
  -3.402823466385289E+038      745972         521
  -3.402823466385289E+038      486622         522
  -3.402823466385289E+038      715255         523
  -3.402823466385289E+038      638611         524
  -3.402823466385289E+038      995249         525
  -3.402823466385289E+038      126371         526
  -3.402823466385289E+038      830292         527
  -3.402823466385289E+038      252346         528
  -3.402823466385289E+038       78862         529
  -3.402823466385289E+038      704798         530
  -3.402823466385289E+038      742609         531
  -3.402823466385289E+038      371737         532
  -3.402823466385289E+038      347222         533
  -3.402823466385289E+038      858804         534
  -3.402823466385289E+038      413564         535
  -3.402823466385289E+038      291149         536
  -3.402823466385289E+038      247912         537
  -3.402823466385289E+038      723035         538
  -3.402823466385289E+038      154575         539
  -3.402823466385289E+038      355674         540
  -3.402823466385289E+038      944186         541
  -3.402823466385289E+038      231281         542
  -3.402823466385289E+038      809240         543
  -3.402823466385289E+038      539389         544
  -3.402823466385289E+038      897782         545
  -3.402823466385289E+038      160326         546
  -3.402823466385289E+038      995875         547
  -3.402823466385289E+038        4091         548
  -3.402823466385289E+038      331681         549
  -3.402823466385289E+038      760531         550
  -3.402823466385289E+038      351622         551
  -3.402823466385289E+038      434915         552
  -3.402823466385289E+038      903633         553
  -3.402823466385289E+038      370957         554
  -3.402823466385289E+038      279850         555
  -3.402823466385289E+038      248742         556
  -3.402823466385289E+038      172913         557
  -3.402823466385289E+038      574942         558
  -3.402823466385289E+038      519357         559
  -3.402823466385289E+038      358074         560
  -3.402823466385289E+038      871438         561
  -3.402823466385289E+038      312754         562
  -3.402823466385289E+038      491970         563
    -3350.389797390699641       67009         564
  -3.402823466385289E+038      436892         565
  -3.402823466385289E+038      804104         566
  -3.402823466385289E+038      831410         567
  -3.402823466385289E+038      212934         568
  -3.402823466385289E+038      405371         569
  -3.402823466385289E+038      117731         570
  -3.402823466385289E+038      699810         571
  -3.402823466385289E+038      117587         572
  -3.402823466385289E+038      947714         573
  -3.402823466385289E+038      473942         574
  -3.402823466385289E+038      566739         575
  -3.402823466385289E+038      506886         576
  -3.402823466385289E+038      650354         577
  -3.402823466385289E+038      333082         578
  -3.402823466385289E+038      157351         579
  -3.402823466385289E+038      910224         580
  -3.402823466385289E+038      158612         581
  -3.402823466385289E+038      505244         582
  -3.402823466385289E+038       92564         583
  -3.402823466385289E+038      163110         584
    -3387.213239503132627      113138         585
  -3.402823466385289E+038      486646         586
  -3.402823466385289E+038      130011         587
  -3.402823466385289E+038       22874         588
  -3.402823466385289E+038      260953         589
  -3.402823466385289E+038      691041         590
  -3.402823466385289E+038      641794         591
  -3.402823466385289E+038       17896         592
  -3.402823466385289E+038      855760         593
  -3.402823466385289E+038      742688         594
  -3.402823466385289E+038      793487         595
  -3.402823466385289E+038      685268         596
  -3.402823466385289E+038      566687         597
  -3.402823466385289E+038       84013         598
  -3.402823466385289E+038      276102         599
  -3.402823466385289E+038      284384         600
  -3.402823466385289E+038      118438         601
  -3.402823466385289E+038      848356         602
  -3.402823466385289E+038      383979         603
  -3.402823466385289E+038      402699         604
  -3.402823466385289E+038      213189         605
  -3.402823466385289E+038      588923         606
  -3.402823466385289E+038      824956         607
  -3.402823466385289E+038      881886         608
  -3.402823466385289E+038      941525         609
  -3.402823466385289E+038       15270         610
  -3.402823466385289E+038      920593         611
  -3.402823466385289E+038      313306         612
  -3.402823466385289E+038      507218         613
  -3.402823466385289E+038      752476         614
  -3.402823466385289E+038      805935         615
  -3.402823466385289E+038      852283         616
  -3.402823466385289E+038      351807         617
  -3.402823466385289E+038      373815         618
  -3.402823466385289E+038      738393         619
  -3.402823466385289E+038      763285         620
  -3.402823466385289E+038      822698         621
  -3.402823466385289E+038      345974         622
  -3.402823466385289E+038      435287         623
  -3.402823466385289E+038      343926         624
  -3.402823466385289E+038      442072         625
  -3.402823466385289E+038      810705         626
  -3.402823466385289E+038      781489         627
  -3.402823466385289E+038      999211         628
  -3.402823466385289E+038      192191         629
  -3.402823466385289E+038      377584         630
  -3.402823466385289E+038      712531         631
  -3.402823466385289E+038      209031         632
  -3.402823466385289E+038       29591         633
  -3.402823466385289E+038      264901         634
  -3.402823466385289E+038      778953         635
  -3.402823466385289E+038      322790         636
  -3.402823466385289E+038      294811         637
  -3.402823466385289E+038      166851         638
  -3.402823466385289E+038      775884         639
  -3.402823466385289E+038       97300         640
    -3314.890372907037090      113138         585
  -3.402823466385289E+038       97300         640
  -3.402823466385289E+038      775884         639
  -3.402823466385289E+038      166851         638
  -3.402823466385289E+038      294811         637
  -3.402823466385289E+038      322790         636
  -3.402823466385289E+038      778953         635
  -3.402823466385289E+038      264901         634
  -3.402823466385289E+038       29591         633
  -3.402823466385289E+038      209031         632
  -3.402823466385289E+038      712531         631
  -3.402823466385289E+038      377584         630
  -3.402823466385289E+038      192191         629
  -3.402823466385289E+038      999211         628
  -3.402823466385289E+038      781489         627
  -3.402823466385289E+038      810705         626
       -1.618349198181326
   7.946282041172686E-002
   4.542143191485802E-001
   9.812946389336570E-001
  -2.171665581517946E-001
   1.670737354104873E-001
   4.542143191485802E-001
   9.812946389336570E-001
  -2.826923149175634E-001
  -7.973851639025814E-002
   4.542143191485802E-001
   9.812946389336570E-001
        2.118208071250684
  -1.667980394319560E-001
   4.542143191485802E-001
   9.812946389336570E-001
   0.000000000000000E+000
   0.000000000000000E+000
   0.000000000000000E+000
   0.000000000000000E+000
   0.000000000000000E+000
   0.000000000000000E+000
   0.000000000000000E+000
   0.000000000000000E+000
   0.000000000000000E+000
   0.000000000000000E+000
   0.000000000000000E+000
  -9.196283986644013E-002
   2.024306598558875E-001
  -6.175412630952832E-002
  -1.678317043247925E-001
   7.574238890874581E-001
  -2.995491074954426E-001
  -8.315624316761933E-002
   2.039750511073641E-001
   1.996607059344106E-001
   1.131101933625236E-001
  -6.824586181392624E-002
   4.772348440939811E-002
   1.200301784329731E-001
  -1.990689166407532E-001
  -1.704550721664584E-001
   1.376742471190154E-002
   6.947536431442253E-003
   3.405356461923791E-001
  -4.322733276349511E-001
   5.023166441258654E-001
   1.778113334099123E-001
  -2.534687677028709E-001
  -2.867793867379121E-001
  -4.628302277862503E-001
  -9.580249506717532E-003
  -1.248385400676957E-001
  -4.915578880586316E-001
  -2.267058101340701E-001
  -6.303931953240133E-001
   9.296244257885402E-001
       -2.390706152863759
  -3.489002190219521E-001
  -9.215616046998232E-001
   5.434257578479825E-001
       -2.462204177123064
   2.812826263129051E-001
       -1.449267549621940
        2.316050420505860
        1.304390931783584
  -7.932395580896737E-001
   9.042169934651181E-001
  -3.421224600552353E-001
        1.135307897520402
        5.554760903853046
        5.554760986675583
        5.327071422121143
        5.327099152855491
       -1.618660653580292
        2.201768896874337
        1.947510304881124
   1.318798615278507E-001
        1.110419812324426
       -1.093818834648547
        1.175477883653908
        2.357896145387959
        3.115741438050530
        1.694663471420362
        2.266897566312232
       -2.176077547329021
        3.238517960403489
        1.138629896399769
      -27.502507046524517
        1.208143360844788
        1.593634949407177
  -3.561613751422701E-001
  -1.125600076516976E-001
  -7.852967658833107E-002
  -1.330581282112052E-001
   3.064305793494039E-001
   3.114706832675929E-001
  -3.880164604392261E-001
   6.485665846060995E-002
   1.724042905203922E-001
  -5.433920811073779E-002
   1.590644622170285E-001
   1.173114615734821E-001
   1.066084073735807E-001
   7.490475873838544E-002
   8.308421057175430E-002
   1.071957233959563E-013
   3.842108696850834E-013
   3.844214152820195E-013
      -29.864120040764195
      -28.914704210474088
      -36.096829431704478
          73
           0
