    -3077.432655380564029       50887         389
    -3131.314427036572852      416250         390
    -3318.721651209467382      146900         391
    -3229.461092493374508      561664         392
    -3056.489664842493312      801065         393
    -3127.830385430000661      937225         394
    -3062.393627232560902       79945         395
    -3102.682525875372903      965994         396
    -3062.061093801159132      137377         397
    -3185.702371068920002      923437         398
    -3108.471564370676333      714997         399
    -3097.787124407068404       61587         400
    -3041.999781915757922      700349         401
    -3087.461195782125287      971853         402
    -3092.790138270634998      471040         403
    -3185.617623384238868      605565         404
    -3293.635759121244064      596257         405
    -3050.945161966494197      926797         406
    -3142.684246080386401      772131         407
    -3053.893757231360723       55115         408
    -3103.669461396902079      605161         409
    -3063.296387787610911      746978         410
    -3419.014040099038539       85734         411
    -3094.407794913728139      918558         412
    -3044.935818608061709      275475         413
    -3109.890729369085420      736574         414
    -3130.284251864994985      399508         415
    -3393.500227818499752      791285         416
    -3054.091903359819753      665121         417
    -3051.204461245606581      298275         418
    -3133.348099737939265      802682         419
    -3062.247449242071070      749635         420
    -2993.688903308055615      700349         401
    -3011.754611762775767      275475         413
  -3.402823466385289E+038      749635         420
  -3.402823466385289E+038      802682         419
  -6.153376246662546E-001
  -2.849446939971559E-001
   2.950835115840512E-001
   6.464608953437493E-001
   0.000000000000000E+000
   0.000000000000000E+000
   5.402913418060759E-002
   3.267784716581941E-002
        2.038961344886487
       -3.232118840663045
   2.950835115840512E-001
   6.464608953437493E-001
   0.000000000000000E+000
   0.000000000000000E+000
   3.564198897396748E-001
   2.008994273003671E-001
   2.950835115840512E-001
   6.464608953437493E-001
   0.000000000000000E+000
   0.000000000000000E+000
        2.184219550384712
   1.932123560367842E-001
   2.950835115840512E-001
   6.464608953437493E-001
   0.000000000000000E+000
   0.000000000000000E+000
  -1.146799203589232E-001
   7.603234885013691E-001
   2.950835115840512E-001
   6.464608953437493E-001
  -7.639131209348712E-001
        1.029197361725251
  -7.010923230982267E-001
        1.215427267118935
        3.099026766583883
        6.380015826905026
        1.996296707882413
        4.959994001206145
      -10.372387259102164
       12.495288450653826
        6.613492132398016
   3.841476152074892E-001
        4.800056328336967
       -6.401027354538464
       -1.185425602364694
        5.267558883513962
        5.268467782224147
        4.542023759277931
        4.542135071787348
       -9.156174966409198
        8.770467104344849
        1.144345293461449
  -2.691217163244407E-001
   8.754267102749427E-001
       -1.907901699246362
   2.779230431496539E-002
        3.068318726793860
        4.164146799263907
        1.060881128424749
        2.332419100919068
      -11.302519114927458
       13.267811265058290
   1.857770767312714E-002
  -5.128973844931389E-001
   3.373414163211628E-001
       -1.222780151404887
        1.038497941739923
        5.085007195384401
        7.755082467004292
        3.081063647836188
        4.349565088559096
       -9.540331785223618
       13.366482542936538
        1.633319176559550
       -2.093544531814519
  -3.127057148732653E-001
       -1.057559206969071
   2.203833488308621E-001
        1.666983035767754
        4.311868786297074
   2.396414348180837E-002
        4.798428043324067
       -7.261919209817110
       18.872132638126736
        1.985791042799166
        1.057232047325213
       -2.218387029203791
   4.364535341206657E-001
  -7.018969332639721E-001
        2.094780876388847
       -3.219490884175083
  -5.751922549156444E-001
       -2.701737989249370
       -2.244160330254187
          50
           1
           0
   1.206340152734777E-001   6.406360017545331E-001
       -1.812020878186509   5.120543060672506E-001
  -9.076257768235325E-001   6.935600123351414E-001
   2.216729957036377E-001   8.104415157059269E-001
  -8.378535788329342E-001   6.929784857949545E-001
   1.021985310065855E-001   7.957190867256670E-001
  -8.846931165361014E-001   7.854281946886194E-001
  -7.653927358758901E-002   8.070596910758260E-001
  -6.795386762210238E-001   7.141922580714507E-001
   1.165342523825753E-002   7.825804552619923E-001
  -7.605902702031853E-001   6.684941190678190E-001
   1.016548593824292E-003   7.433800445602889E-001
  -8.969322282720138E-001   7.255738859662723E-001
   1.788317305795473E-001   8.252190951962015E-001
  -7.335961615789343E-001   6.031498464054409E-001
   1.680260166504848E-001   7.413029911845445E-001
  -2.574101036137939E-002   5.765115430656971E-001
       -1.203427846218230   3.619388611302831E-001
  -6.143844984970190E-001   6.967493280100838E-001
   6.158322401889130E-003   7.694561656572385E-001
  -7.487960880144678E-001   6.305759785583858E-001
   8.277164866790890E-002   7.398613388487899E-001
  -6.026271322574980E-001   7.117345729005109E-001
  -1.952360642853395E-001   7.271003440884301E-001
  -6.506977466481026E-001   6.727829712926815E-001
   9.995204794419274E-002   7.961599964398015E-001
  -6.071432576738539E-001   7.137070265453327E-001
  -1.962693785435870E-001   7.275247920032901E-001
  -5.807962368794909E-001   6.900530238034330E-001
  -2.474445078891312E-003   7.612253263223078E-001
  -8.700850726557809E-001   6.586693559674202E-001
   2.177202910080029E-001   7.866350778457152E-001
  -7.337931652953186E-001   6.966777408840757E-001
   6.481860600175868E-002   7.911905462932293E-001
  -4.568838878078618E-001   7.421397496741057E-001
   2.556884678505301E-001   7.942495399562671E-001
  -8.473962993431987E-001   6.682117681027830E-001
   1.385151576993063E-001   7.793574156551220E-001
  -7.184795438817227E-001   6.935435337570660E-001
   7.134917697858719E-003   7.643858511129430E-001
   2.494783084408426E-001   6.212184658015391E-001
       -1.031521552310805   3.649479663265559E-001
   5.263909892337745E-002   6.773074248480093E-001
       -1.155753366000392   3.890237825004020E-001
  -7.342232725095070E-001   6.936958551790903E-001
   6.793441843597621E-002   7.888765448177203E-001
  -5.796404750090970E-001   6.814313437834137E-001
   2.268652530926493E-002   7.625998999090325E-001
  -6.809167051153761E-001   6.748390779430024E-001
   2.246593856519389E-001   8.184071926384242E-001
  -8.003390544559806E-001   6.845539184293380E-001
   8.561998356605995E-002   7.861886426394679E-001
   7.445781903433342E-002   6.243726711663079E-001
       -1.902960265326036   5.050248955750182E-001
  -5.497089990764755E-001   6.773880458236060E-001
   5.636642198164254E-003   7.554824394413807E-001
  -7.342232725095070E-001   6.936958551790903E-001
   6.793441843597621E-002   7.888765448177203E-001
  -5.285074153901985E-001   6.851828122815690E-001
  -1.184980630002224E-001   7.282369875099001E-001
  -7.169794078512995E-001   8.258826585318815E-001
   3.853340397983039E-001   8.262267517738352E-001
  -6.039970105355018E-001   6.581905057169428E-001
   2.234291120262474E-002   7.667170078633160E-001
  -6.602696989894539E-001   6.661708277083920E-001
  -3.046422564675272E-002   7.313700374085561E-001
  -7.974661026174342E-001   6.737561760191894E-001
   7.334760627153367E-002   7.713135287088574E-001
  -4.271022895352785E-001   7.258065853351120E-001
   4.294225638000665E-001   8.203238266767405E-001
  -8.805822759336666E-001   7.752033603152051E-001
  -1.348330083343446E-001   7.861647853341240E-001
  -6.143564903485936E-001   6.392240324963175E-001
   6.420466547409270E-002   7.530254240069593E-001
  -5.928210222509280E-001   7.696270799067545E-001
   2.930204111839996E-001   8.191674392083403E-001
  -7.374736844254118E-001   7.126693691703561E-001
   2.204137710660981E-003   7.784518350070649E-001
  -6.826522482142837E-001   6.659317139995238E-001
   4.253857021844558E-002   7.555800603745482E-001
  -1.303064535353579E-001   6.066637472221795E-001
       -1.283917531071698   4.029627452399865E-001
  -5.806012554009864E-001   6.986671422175993E-001
  -8.149085869424939E-002   7.486134402465818E-001
   2.333440033973381E-001   5.976163556080769E-001
       -1.946080006622187   5.347630139539065E-001
  -6.089672861220223E-001   6.826261895192052E-001
   4.313711280222242E-002   7.679189630607094E-001
  -6.538570857074943E-001   6.585801734156291E-001
   3.651301406224380E-003   7.545294311977931E-001
  -5.783696221272836E-001   7.072881767131015E-001
  -2.163649238755132E-001   7.179205517018216E-001
  -5.497452772179739E-001   6.960984138929965E-001
  -1.659016659270837E-001   7.237146093408117E-001
  -8.465987165814062E-001   7.834350294878374E-001
  -8.250125479241785E-002   7.943713770075481E-001
  -7.447668156148697E-001   6.688693230367189E-001
   5.684180008222944E-002   7.629388988710460E-001
  -8.741948474608583E-001   7.530122268118560E-001
  -2.881666501484418E-002   8.089295676229296E-001
  -7.199230776143043E-001   6.848825378097003E-001
   2.885643134100291E-001   8.328308130563745E-001
  -5.514419807592132E-001   6.785761183011779E-001
  -6.042887487823349E-002   7.364661738451177E-001
  -7.974661026174342E-001   6.737561760191894E-001
   7.334760627153367E-002   7.713135287088574E-001
  -6.832809336030481E-001   6.816686962327390E-001
   1.498006539899558E-001   8.093170529087631E-001
  -5.285074153901985E-001   6.851828122815690E-001
  -1.184980630002224E-001   7.282369875099001E-001
  -5.519951931420592E-001   7.801748633992921E-001
  -6.151590815963084E-002   7.468784985069757E-001
  -3.558651290486943E-001   7.532291428495695E-001
   3.901576240323122E-001   7.820971600372367E-001
  -3.345472768588029E-001   6.978384092545653E-001
   6.265630259207833E-001   8.383554591664065E-001
  -1.986377899761967E-001   5.894480214598811E-001
       -1.325312197273965   4.163546544686740E-001
  -5.783696221272836E-001   7.072881767131015E-001
  -2.163649238755132E-001   7.179205517018216E-001
  -8.812519039393558E-001   7.499910133112559E-001
  -1.974729056587758E-002   8.256195516066525E-001
  -6.748037150352625E-001   7.941970878003308E-001
   8.370476158151346E-003   7.797836958239948E-001
  -8.094316825724999E-001   7.022762522743606E-001
   6.434869447129306E-002   7.989173270193300E-001
  -2.711899609630312E-001   7.725097028775627E-001
  -1.142884936729679E-001   6.510610571816966E-001
  -8.493036024846098E-001   7.257519111010995E-001
   2.630132368007628E-002   8.144937528344667E-001
  -8.417742463866966E-001   7.013585546838988E-001
   3.284200288168657E-002   7.813010116619493E-001
  -2.205974538290429E-001   6.517512387280596E-001
       -1.311790082163397   3.929301496699352E-001
  -4.279485978640865E-001   7.647029809378385E-001
   5.662008233597252E-001   8.238977752013598E-001
  -9.032220439619258E-001   6.717407802983574E-001
   2.686782183310049E-001   8.035778300824721E-001
  -8.304701742654368E-001   7.361941734564904E-001
  -2.419147399718797E-003   8.009108376654104E-001
  -5.595726672146982E-001   7.560773278960650E-001
   3.960405212640111E-001   8.290106440118943E-001
  -6.720087955163595E-001   7.343552553865272E-001
  -3.005561857495068E-001   7.148470136983801E-001
  -8.286776589782805E-001   6.631918258491456E-001
   1.201542704816997E-001   7.722665405198117E-001
  -8.780400608365488E-001   6.407924180784481E-001
   3.664090980001466E-001   8.038836796654147E-001
  -2.513303314342483E-001   5.825717248698012E-001
       -1.330199547088506   4.158779505359270E-001
  -7.616305111094802E-001   6.522992476123939E-001
   7.261010721315705E-002   7.540134301360537E-001
  -6.550334046381495E-001   7.139029461804527E-001
  -7.998182259792144E-002   7.578276104249904E-001
  -4.892252879775642E-001   7.509933102834592E-001
   1.941985530644036E-001   7.876697770619632E-001
  -6.729044510114098E-001   6.887021915869247E-001
   6.169889989691175E-002   7.795459861515173E-001
  -8.188085394248160E-001   6.715448843891935E-001
   2.569291719848530E-002   7.530475627370964E-001
  -5.792669704582626E-001   6.611270185979428E-001
   1.709265856575927E-002   7.436103790029860E-001
   1.873586727897561E-001   6.412946234924281E-001
       -1.077621017646491   3.736307742987884E-001
  -8.717822416312209E-001   6.596483351265356E-001
   9.795256872444526E-002   7.607836130425426E-001
  -8.469610775957254E-001   7.498571842594181E-001
  -3.099217344471313E-002   8.022326521462468E-001
  -4.605118618106899E-001   7.559465084425516E-001
  -8.796628958951676E-003   7.440134489704092E-001
   6.789716927140578E-002   6.567066568362314E-001
       -1.831394752345217   5.121876684936597E-001
  -8.202850144416238E-001   6.884649820137865E-001
   9.299101419082158E-002   7.907060147284841E-001
  -1.971426380468066E-001   5.596271223340711E-001
       -1.319429560722316   4.173038412657893E-001
  -7.903990479708241E-001   7.425599294921477E-001
  -5.148655987790054E-002   7.869680132336973E-001
  -7.199230776143043E-001   6.848825378097003E-001
   2.885643134100291E-001   8.328308130563745E-001
  -5.285074153901985E-001   6.851828122815690E-001
  -1.184980630002224E-001   7.282369875099001E-001
  -7.840758834464177E-001   6.971170934523410E-001
   2.161172346526188E-002   7.730485417141191E-001
  -7.352344438482618E-001   6.501409237510825E-001
   5.948264232945165E-002   7.490427686891126E-001
  -5.789727214896691E-001   7.684877051535952E-001
   1.261798297942578E-001   7.876624974761958E-001
  -2.451064949397701E-001   5.759267899663347E-001
       -1.330425456855324   4.181223443034300E-001
  -5.733381223902621E-001   6.961631428486700E-001
  -6.949515476014637E-002   7.486532503254475E-001
  -4.870315084608098E-001   7.456300318187752E-001
   2.152091012609504E-001   7.896379873845102E-001
  -7.692655366046807E-001   7.154195817641351E-001
   9.983128383538665E-003   7.840702855856820E-001
   3.650095199067164E-003   6.562222011334231E-001
       -1.895769103823842   4.904875691967693E-001
  -7.374736844254118E-001   7.126693691703561E-001
   2.204137710660981E-003   7.784518350070649E-001
  -8.085020235912393E-001   7.050250617490610E-001
   6.136084868785181E-002   8.013967941830755E-001
  -7.620504555951898E-001   6.962089153966619E-001
   6.747114393741059E-002   7.926404259411920E-001
  -5.470889650777251E-001   6.750483785530044E-001
   1.320954284897887E-002   7.544980282909076E-001
  -6.272534382328386E-001   6.709035773252653E-001
   5.039854977801539E-002   7.623081023063060E-001
  -6.337310680940256E-001   7.839425855857826E-001
  -2.403397719486046E-002   7.676138856260438E-001
  -8.700850726557809E-001   6.586693559674202E-001
   2.177202910080029E-001   7.866350778457152E-001
  -5.482557465972429E-001   6.915879839283673E-001
  -9.215933961549572E-002   7.398568758210387E-001
  -9.043174438696223E-001   7.140002873795214E-001
   5.230769686394594E-002   7.949603141926093E-001
   1.927920545395999E-001   4.381100699606134E-001
   3.516366988864316E-001   7.058678081985087E-001
   6.605565274933934E-001   4.940933597467576E-001
   5.376926117364466E-001   7.230600756378069E-001
        1.432135415756883   3.257090797591905E-001
       -1.230596319362997   4.683713428043960E-001
   5.371580838604827E-001   3.923685673674440E-001
   4.926297949583401E-001   6.532548136606631E-001
   6.796931942564434E-001   3.960477783524332E-001
   5.364449448153594E-001   6.866121881691979E-001
   3.819230705256495E-001   3.896861488854552E-001
   7.031956349219541E-001   7.182035637331566E-001
   9.436352408762414E-001   3.161225363705107E-001
  -7.511131207747345E-001   3.589580013121590E-001
   3.584393188395387E-001   3.939097879666756E-001
   7.176629885539156E-001   7.236215069434231E-001
   8.730487980301199E-002   4.462231863017460E-001
   3.455385134787412E-001   6.883969046931270E-001
   1.795311669970100E-001   4.542321774289824E-001
   3.710199439199165E-001   7.125155913789110E-001
   8.265882461892439E-001   4.193224278079786E-001
   7.323644822875582E-001   6.680643849090717E-001
  -1.302632605115451E-001   4.572656860560000E-001
   6.792129009453785E-001   7.694319354565112E-001
   2.088194968575929E-001   4.517301513617353E-001
   3.580782414794342E-001   7.073859314498373E-001
   2.293593250792959E-001   4.503824757976357E-001
   3.674728667003969E-001   7.165047512486663E-001
        1.338681857719215   3.601077623818507E-001
  -5.036576616256162E-001   3.657312998134694E-001
        1.017064268124504   3.296140316203717E-001
  -7.393608164662666E-001   3.494986307394878E-001
   1.002998767414054E-001   4.417029063511964E-001
   2.896164690340010E-001   7.288845432911601E-001
   8.505382854649882E-001   4.158234283816506E-001
   6.753346935578068E-001   6.437690647865790E-001
   7.337913072137596E-002   4.447917895482287E-001
   3.567570075282989E-001   7.198332182481376E-001
        1.690205658971799   3.763417824612103E-001
       -1.438067147312443   4.775125135091092E-001
   6.240605342210094E-001   4.017661390859514E-001
   5.674884142306422E-001   6.964489604342985E-001
   7.630608677561613E-001   3.753794081304526E-001
   4.787364957385253E-001   6.734395201905126E-001
  -6.633699497180168E-002   4.581268155627756E-001
   4.979011078776630E-001   7.470524399666396E-001
   5.871347557662625E-002   4.491241310169687E-001
   3.986796788393334E-001   7.359047834130479E-001
   8.911435149806194E-001   4.259887174755517E-001
   7.173981414968531E-001   6.717247110295648E-001
   4.238935896952756E-001   3.827679418678099E-001
   6.049447029323161E-001   6.959238572136766E-001
  -2.933483441089231E-002   4.706673801307044E-001
   4.479049807275386E-001   7.653539403111499E-001
   5.561363901824959E-001   3.593150809228146E-001
  -9.706547358998979E-001   3.184973503575239E-001
   6.570089344954272E-001   3.990018931461775E-001
   5.513787998036583E-001   6.929072825180744E-001
   7.378118938886652E-001   4.226563798954588E-001
   8.185432201447737E-001   7.010048383060368E-001
   4.850323720449150E-001   3.706444694236085E-001
  -9.505963765365707E-001   3.606550232415111E-001
   9.349429717309854E-001   4.324416960434139E-001
   7.356150432003705E-001   7.113441570994230E-001
   8.014800038399654E-001   4.176524306800870E-001
   7.329423924863635E-001   6.673498792647024E-001
   5.687525721169927E-001   4.068226087165245E-001
   6.279039316559963E-001   7.224787127730155E-001
   8.833273082645738E-001   3.699267967468083E-001
   6.823412669010388E-001   6.957968725224852E-001
   4.724553567842159E-001   3.748555010149052E-001
  -9.287802830783145E-001   3.552889950293794E-001
   6.477801330711775E-001   3.995505159379286E-001
   5.496058047208366E-001   6.902771423959304E-001
   2.578728231140616E-001   4.453581272720852E-001
   3.489563798883024E-001   7.132786844189828E-001
   4.299728008306436E-001   3.961571144175186E-001
   6.072235523640717E-001   6.998594530406835E-001
   3.788997215208511E-001   4.578655057163710E-001
   5.152232671159812E-001   7.578162596559438E-001
   9.999157251797984E-001   4.034457861670468E-001
   7.175833114153554E-001   7.101073404731547E-001
   3.603201652925906E-001   4.600403035596407E-001
   3.728066234111307E-001   7.413773018474408E-001
        1.372760689399923   5.215062711291137E-001
   9.751604046382250E-001   7.037197750807007E-001
        1.012208474282849   3.983431763934344E-001
   6.837111569998637E-001   7.018662938995140E-001
        1.367763834087212   5.222851172307584E-001
        1.015777151586857   6.973344084777434E-001
   6.904865025241989E-001   4.653191414977585E-001
   7.198038091686670E-001   7.344787811403760E-001
        1.363670438766522   5.141076844262494E-001
        1.013634818473997   6.827647589866409E-001
   5.778990831638136E-001   4.622310527343123E-001
   4.284824672147877E-001   7.024683299586082E-001
        1.411800087496703   5.220916182424234E-001
   9.932584698003262E-001   6.819180668342573E-001
   8.300698832787392E-001   4.136363080269557E-001
   7.367070057860752E-001   7.365530027115597E-001
        1.004671516086103   3.974283265936557E-001
   6.796712845039671E-001   7.022165278676797E-001
   9.748267744436362E-001   4.046484550199684E-001
   7.273429888326763E-001   7.207321706859724E-001
        1.521756893549793   4.909717828687404E-001
   7.922998892453983E-001   6.001617132957170E-001
        1.323376792835286   5.326039277165286E-001
   7.510165025304807E-001   6.955956411785574E-001
   3.543854325126756E-001   4.649094728682820E-001
   3.772890542220002E-001   7.396335329997830E-001
        1.232905737920962   5.301494149578073E-001
        1.082097627312776   7.522926971184904E-001
   9.420807453252488E-001   4.063101002474738E-001
  -7.612957172351532E-001   3.377599180684399E-001
        1.499971373897504   3.459206259800125E-001
       -1.322886878597241   4.567094203647726E-001
        1.135583964543696   5.205429209861240E-001
   8.442890373284206E-001   7.506126809576967E-001
   7.651417340211111E-001   3.881792872263387E-001
   5.548503183380799E-001   7.051866325393578E-001
        1.531487336641048   5.024637292597729E-001
   9.231723444641201E-001   7.061507494614758E-001
        1.050551414612428   3.946728515388756E-001
   6.526371556771182E-001   6.831120997668141E-001
        1.312745127448829   5.572259762040758E-001
   9.523318541285289E-001   7.397398595865343E-001
        2.241858068912310   4.843509687574783E-001
  -8.436439888546329E-001   5.079933448606813E-001
        1.031078902637637   3.965239337131539E-001
   6.408071214125691E-001   6.802730887873305E-001
        1.335069048205752   5.228322603823018E-001
   8.885978818014726E-001   7.481959732458330E-001
   7.582142608282892E-001   4.096703323988202E-001
   7.474348215009519E-001   7.275559981477240E-001
        1.490735223932253   3.439600087855567E-001
       -1.288761817657042   4.361444131044120E-001
   3.542428911217168E-001   5.045316936598133E-001
   5.177456045898472E-001   7.515494358110061E-001
        1.919727696872529   4.842029135403825E-001
  -2.593011880370603E-001   4.054698288078719E-001
        1.058301600647370   4.026200229381027E-001
       -1.418380923587474   4.409980478798990E-001
        1.139621718891621   5.766757920482274E-001
        1.187065303334326   8.066153739765920E-001
        1.365097696718315   5.791495135183633E-001
        1.181458806901131   7.684669830192244E-001
        1.105138859662298   5.707589029832512E-001
        1.066051022987266   7.864253570106013E-001
        1.189855633712647   5.813084169123350E-001
   9.242541868349462E-001   7.454125717656936E-001
        1.159034834110595   5.649312417442445E-001
        1.011040326726020   7.755054949763057E-001
  -7.315054506945941E-001   7.250815289236111E-001
   8.778767434284679E-002   8.147145822592124E-001
  -1.339293973316084E-001   5.779195398107161E-001
       -1.278626074335686   3.937939215483456E-001
  -7.409705851292165E-001   7.317789707910296E-001
   2.032913291893147E-002   7.988253632095965E-001
  -4.837891737672043E-001   6.733811992275283E-001
  -7.306984615606647E-002   7.372909051643168E-001
  -5.219839828003121E-001   7.494678192133416E-001
   2.461314647898384E-001   8.024417560783973E-001
  -4.837891737672043E-001   6.733811992275283E-001
  -7.306984615606647E-002   7.372909051643168E-001
  -7.690213564980479E-002   6.157278371547109E-001
       -1.229349955183583   3.629662305818525E-001
  -7.239775356387016E-001   6.968608444152818E-001
   3.113766022640618E-001   8.422010521856926E-001
  -9.651719521029023E-002   7.203794193839373E-001
       -1.927073869934109   5.366959306195879E-001
  -7.574410187167226E-001   8.050336123095658E-001
   4.711792533501002E-002   8.047978500637460E-001
  -5.847439156822759E-001   6.579546815199834E-001
   1.949429960735426E-001   7.940191450207219E-001
  -8.789731821981308E-001   7.507892508869523E-001
   4.935082033319240E-002   8.432818133898311E-001
  -7.572023783654015E-001   7.101070824007512E-001
  -1.358776166319486E-001   7.761670518973859E-001
  -1.995533286347402E-002   6.007624397945240E-001
       -1.191873428688075   3.533741333398522E-001
  -7.249045246734654E-001   7.334814984751958E-001
  -8.251943269922982E-002   7.741674672002793E-001
  -7.554376934933625E-001   7.432923955303127E-001
   1.874539044264656E-001   8.309436739176107E-001
  -6.014354291571058E-001   6.896431894749215E-001
   9.305478184555104E-002   7.983814562403599E-001
   1.529221871357308E-001   6.377801125099032E-001
       -1.795416129674115   5.067844336688901E-001
  -6.679042114712446E-001   7.006502493603944E-001
   1.725286391230224E-001   8.248159397761092E-001
  -6.415482725990785E-001   7.890388934508723E-001
  -2.819771630263290E-002   7.704448749694812E-001
  -4.128250485629259E-001   6.265784242004591E-001
  -1.926682782266665E-001   7.110928975995890E-001
  -5.692348186483860E-001   7.649337661617730E-001
   9.297216969685386E-002   7.818389711293425E-001
  -8.049380583748621E-001   7.403774476614378E-001
   6.911111401109135E-002   8.232204218112803E-001
  -7.559589924806123E-001   7.324062553928303E-001
   4.006878538325991E-002   8.055549049282688E-001
  -7.441025618926570E-001   7.133187649455249E-001
   5.058141635590652E-002   8.198196939048548E-001
  -8.313900475003938E-001   7.267771527754264E-001
   2.597491555257663E-001   8.470033990502166E-001
  -1.462705489984527E-002   6.847782580352872E-001
       -1.871245915213021   5.175060011610895E-001
  -7.807410503499034E-001   7.267256784119625E-001
   1.820467970618551E-001   8.352451527893821E-001
   2.192718288363940E-001   6.186573186858909E-001
       -1.763086451399029   5.015749656252526E-001
  -5.445395759497681E-001   6.454448833016762E-001
   1.137062295431624E-001   7.916264631078933E-001
  -7.174430323010509E-001   6.968732281605968E-001
   1.367993776685749E-001   8.164610166741970E-001
  -7.603190178561043E-001   7.738819909704555E-001
   7.398035462890651E-002   8.156755405211571E-001
  -6.024944864324835E-001   6.912848345773194E-001
   1.295562304791202E-001   8.013025345861776E-001
  -7.440356996662620E-001   7.197705144548571E-001
   1.312900023240959E-001   8.360435348053415E-001
  -6.254731853411503E-001   6.932475319921464E-001
   9.832143199587184E-002   8.064471987066960E-001
  -8.019854468853769E-001   7.885989485256726E-001
   1.191096005879082E-001   8.243799206248494E-001
  -5.723326109613800E-001   6.886356835426065E-001
   3.324310528700989E-002   7.743415137745217E-001
   1.402336628765353E-001   6.297911293772154E-001
       -1.794254320016818   5.005345885108666E-001
  -7.392819670986325E-001   7.176842094871886E-001
   1.440744950512708E-001   8.348013884567179E-001
   2.253813833567472E-001   6.101304756227905E-001
       -1.731454097502402   4.896409337785279E-001
  -6.325199991410677E-001   6.856620673323505E-001
   1.181422164655670E-001   8.145083983097497E-001
  -6.969655810636876E-001   8.063418572105645E-001
  -8.713446148175333E-002   7.694736120387669E-001
  -6.880265573571011E-001   7.550227339109964E-001
   4.649307135298541E-002   7.999328270891549E-001
  -5.785022612836695E-001   6.868049518271664E-001
   1.098369166134458E-001   7.923800006188948E-001
  -8.137269729456074E-001   7.418519655766399E-001
  -2.343059707738187E-002   8.190331882181212E-001
   2.172928976170402E-001   6.203776086864148E-001
       -1.771094607386315   5.048368595929184E-001
  -7.315054506945941E-001   7.250815289236111E-001
   8.778767434284679E-002   8.147145822592124E-001
  -4.247822331802741E-001   7.435236168783493E-001
   2.082445512545458E-002   7.467942941194194E-001
  -7.223047206477213E-001   7.171503617616231E-001
   1.343083521117758E-001   8.293361487943105E-001
  -6.193117313464358E-001   6.928473437462428E-001
   1.496222531173946E-001   8.079956049614490E-001
   7.907013377158406E-002   6.624715820355754E-001
       -1.847325200150972   5.189201366804194E-001
  -5.706144791134193E-001   6.837367921836929E-001
   1.093725702589898E-001   7.902556583050590E-001
  -7.777339487114618E-001   7.318395897961598E-001
   1.011487795747814E-001   8.312600610140018E-001
  -4.803348095272640E-001   6.340905492126948E-001
  -4.576633019683932E-002   7.519793267122024E-001
  -6.996131169582619E-001   7.139382629893818E-001
   1.300938880736762E-001   8.213439356110295E-001
  -1.076574006622428E-001   5.757439743829963E-001
       -1.266755746534725   3.967002261603605E-001
  -8.231354384411979E-001   7.277338732644296E-001
   8.741478150575414E-002   8.417708331167590E-001
  -5.846946963031152E-001   6.794838304981047E-001
   1.240785530432982E-001   8.025787038515962E-001
  -5.778257755295785E-001   6.914661022929601E-001
   1.834662507406936E-002   7.741655250607372E-001
  -7.345693570368806E-001   7.088326961793928E-001
   1.597592095455051E-001   8.417112239602592E-001
   2.778945566689938E-001   6.033911520464984E-001
       -1.750992219380723   5.041557380596510E-001
  -7.164893852661961E-001   7.146676498600125E-001
   1.431868028343685E-001   8.274190640735088E-001
  -6.254731853411503E-001   6.932475319921464E-001
   9.832143199587184E-002   8.064471987066960E-001
  -7.550243021674038E-001   7.287442754749058E-001
   9.786712879229892E-002   8.233502028124005E-001
  -9.969163737797804E-001   7.949048477610838E-001
  -1.261100403793713E-001   8.073400003583672E-001
  -5.181259758085414E-001   7.646078187391748E-001
   2.150907822543871E-002   7.642719814628504E-001
  -6.762268512278157E-001   7.101844386320457E-001
   1.192300158050348E-001   8.126832578271082E-001
  -6.592388347240707E-001   6.907873473725513E-001
   1.931960677708446E-001   8.262504350251059E-001
  -6.544716145247100E-001   6.883150296341362E-001
   1.086189518091579E-001   8.178155915749786E-001
  -9.407928347548984E-001   7.653506868571895E-001
   9.171489179364077E-003   8.440370362681221E-001
  -6.954380885237028E-001   7.052226580679929E-001
   1.575518375856534E-001   8.327811956158830E-001
  -7.074629276992918E-001   7.209680721236348E-001
   7.220964568222674E-002   8.057707346707313E-001
  -7.654626317159392E-001   7.386534277585515E-001
  -3.672282124500022E-002   7.898260609978037E-001
  -7.438775875911040E-001   7.015888957945079E-001
   1.668532766075383E-001   8.372733847232062E-001
   2.452616587446485E-001   5.702377473589598E-001
       -1.790499020380468   4.697386608575025E-001
  -7.090200283184029E-001   6.900254169166308E-001
   1.274132316551264E-001   8.145729767372046E-001
  -6.809635319693573E-001   7.187313981870622E-001
  -2.769467390413042E-002   7.785904973291601E-001
  -8.877614612972576E-001   8.483904279432678E-001
   5.044198615098016E-001   8.646478639312719E-001
  -5.051404705006418E-001   6.722349121113574E-001
   2.469479559718638E-002   7.627395925680028E-001
  -7.796534771439541E-001   7.487581899598217E-001
   1.332172984800651E-001   8.295769574001411E-001
  -6.501988714724279E-001   6.992346909137344E-001
   1.560768004143625E-001   8.185388313341976E-001
   2.692804596914257E-001   5.751552081072828E-001
       -1.712550641753624   4.443374116529294E-001
  -8.951451936842394E-001   7.462803298259746E-001
   4.911540354520275E-002   8.404526827450426E-001
  -6.411999961099142E-001   7.133110160103124E-001
  -7.458100247438679E-002   7.627095437167160E-001
   6.455199545398428E-002   7.326609502954794E-001
       -1.766596306544326   4.878519614913709E-001
  -5.359898046429059E-001   6.462416616553874E-001
   2.756005229473947E-002   7.759383920210513E-001
  -5.808509323338156E-001   6.633594213268368E-001
  -7.693027091495822E-002   7.630572478342996E-001
  -6.196243213869144E-001   7.878702712996868E-001
   2.553192304595290E-002   7.785271087083950E-001
  -5.550438918452203E-001   6.532136322222161E-001
  -2.632532903416308E-002   7.687924601585849E-001
  -4.792608392339108E-001   7.457139685228771E-001
   1.017850106940499E-001   7.707861131861474E-001
  -4.341505824543680E-001   7.366078109686404E-001
   3.861274433567581E-001   8.186378114922579E-001
  -6.883748771502177E-001   6.832743519216132E-001
   4.420758468051799E-001   8.517499764509945E-001
  -7.654626317159392E-001   7.386534277585515E-001
  -3.672282124500022E-002   7.898260609978037E-001
  -7.241674054177635E-001   7.141034312426591E-001
   9.429631267090167E-002   8.169282724759882E-001
  -6.831729055142131E-001   6.673400570020369E-001
   1.536623262329777E-001   8.001536835564521E-001
  -7.164893852661961E-001   7.146676498600125E-001
   1.431868028343685E-001   8.274190640735088E-001
  -6.589819905403033E-001   7.794467169280065E-001
   2.156352036576505E-001   8.144689676402277E-001
  -6.679042114712446E-001   7.006502493603944E-001
   1.725286391230224E-001   8.248159397761092E-001
  -7.164176836324690E-001   7.074747210819472E-001
   1.488840504510647E-001   8.373490587728761E-001
  -6.495105970618282E-001   6.722355548486192E-001
   1.822849384486832E-001   8.183868842683482E-001
  -9.082914809012532E-001   7.526899808720082E-001
   5.237290952130359E-002   8.387022242868429E-001
  -7.074629276992918E-001   7.209680721236348E-001
   7.220964568222674E-002   8.057707346707313E-001
  -5.768818748884476E-001   6.942459750811704E-001
  -4.680369218675076E-002   7.582526498713464E-001
  -7.699351420535071E-001   7.042803820875334E-001
   1.605460770309950E-001   8.289347816318305E-001
  -6.996131169582619E-001   7.139382629893818E-001
   1.300938880736762E-001   8.213439356110295E-001
  -8.754603186076040E-001   7.540135920180203E-001
   1.111726748724741E-001   8.379447248068292E-001
  -7.392819670986325E-001   7.176842094871886E-001
   1.440744950512708E-001   8.348013884567179E-001
  -5.697997280795408E-001   6.536266265883922E-001
   1.369963685298690E-001   8.008976117344783E-001
  -7.315054506945941E-001   7.250815289236111E-001
   8.778767434284679E-002   8.147145822592124E-001
  -5.772713645401050E-001   6.611389474834657E-001
  -7.895067514096024E-002   7.619931619258681E-001
  -6.928796486932464E-001   7.111106110676505E-001
   1.353045239285962E-001   8.191027044521717E-001
  -7.550243021674038E-001   7.287442754749058E-001
   9.786712879229892E-002   8.233502028124005E-001
  -1.462512488305591E-001   6.241498530018622E-001
       -1.289025950207453   3.708844160492787E-001
  -8.539775299615228E-001   7.584628902859667E-001
  -4.985814860950020E-002   8.010258739757253E-001
  -5.732300227479098E-001   6.424135625432005E-001
   3.629298744703981E-001   8.267753031321096E-001
  -6.254573822705719E-001   6.729696981712073E-001
  -2.361659475600168E-002   7.797077424275677E-001
  -6.955054693126768E-001   6.851674667734612E-001
   1.551033014105641E-001   8.198585558022439E-001
  -5.803846340255567E-001   6.574247865296649E-001
   8.744949650315145E-002   7.940108556500609E-001
  -7.536447377567796E-001   7.035399259973900E-001
   1.506077143564326E-001   8.357279416850424E-001
  -6.193117313464358E-001   6.928473437462428E-001
   1.496222531173946E-001   8.079956049614490E-001
  -7.854543768197374E-001   7.949081938457316E-001
   5.375413788789117E-001   8.720284939955667E-001
   3.782821550429361E-001   7.113558975693596E-001
       -1.502921710660106   5.752469492302834E-001
  -6.315018205192185E-001   7.095020799288936E-001
  -7.760996130881891E-002   7.605064295965684E-001
  -6.783453530040426E-001   7.832870722015877E-001
   1.172807048247183E-001   8.007048248949062E-001
  -4.619473275638107E-001   7.851887992677969E-001
   1.855696289305229E-001   7.771021002789177E-001
  -7.363378577606842E-001   7.094397051337328E-001
   1.369022049397050E-001   8.396268318006670E-001
  -7.315054506945941E-001   7.250815289236111E-001
   8.778767434284679E-002   8.147145822592124E-001
  -1.414225773768744E-001   5.796082245563783E-001
       -1.281856080262916   3.912115661667288E-001
   5.512009540775496E-002   6.391672650987760E-001
       -1.821483763700680   4.647162783450146E-001
  -6.254573822705719E-001   6.729696981712073E-001
  -2.361659475600168E-002   7.797077424275677E-001
  -7.059576570148202E-001   7.233740890895306E-001
  -3.418781380559604E-003   7.875755966395325E-001
  -5.833289861682454E-001   7.004888304794926E-001
  -1.264797251576198E-001   7.420793597098230E-001
  -4.889555546520806E-001   6.797388636110401E-001
  -1.476029457289023E-001   7.206986750345862E-001
   1.701011836120251E-001   6.337901747821881E-001
       -1.788262289071866   5.059204988005805E-001
   2.116819411931244E-001   6.290570543171795E-001
       -1.808716745564073   5.193179062944137E-001
  -4.996584112242797E-001   6.694019417931927E-001
   3.565551547582578E-002   7.632327287092805E-001
  -4.142959237130021E-001   6.489521868109172E-001
   3.744113793185219E-003   7.421220648202079E-001
  -5.486436422046005E-001   6.839187701393293E-001
   7.918013226617272E-003   7.652681415433805E-001
  -5.486436422046005E-001   6.839187701393293E-001
   7.918013226617272E-003   7.652681415433805E-001
  -4.837891737672043E-001   6.733811992275283E-001
  -7.306984615606647E-002   7.372909051643168E-001
  -4.837891737672043E-001   6.733811992275283E-001
  -7.306984615606647E-002   7.372909051643168E-001
  -5.252162276868837E-001   6.792753984769270E-001
  -1.749930218000292E-002   7.561356796349356E-001
  -5.020995661686186E-001   6.747234218902526E-001
  -4.266620862136495E-002   7.469249097758784E-001
  -6.157009070888911E-001   7.114583529128433E-001
  -1.812024677907694E-001   7.352089473477659E-001
  -4.373551746005525E-001   6.535326290757415E-001
   2.720218937061840E-002   7.512135196584567E-001
   1.374614908941473E-001   6.402315925302993E-001
       -1.783243532433179   5.000099366752958E-001
  -6.411999961099142E-001   7.133110160103124E-001
  -7.458100247438679E-002   7.627095437167160E-001
  -5.858919774859780E-001   6.978894564081265E-001
  -4.358200189582008E-002   7.604325399599973E-001
  -5.020995661686186E-001   6.747234218902526E-001
  -4.266620862136495E-002   7.469249097758784E-001
  -6.045631757350246E-001   6.968591625139191E-001
   6.041077315547673E-002   7.856269435528174E-001
   9.667550679538671E-003   5.958900863036771E-001
       -1.187090462660323   3.466533030647891E-001
  -4.586619524498686E-001   6.631020186555404E-001
  -2.188591012175840E-002   7.444038519942978E-001
  -6.411999961099142E-001   7.133110160103124E-001
  -7.458100247438679E-002   7.627095437167160E-001
  -4.889555546520806E-001   6.797388636110401E-001
  -1.476029457289023E-001   7.206986750345862E-001
   5.398162253218965E-002   6.735991486810656E-001
       -1.886840366331332   5.315809346157409E-001
   5.136122711210776E-003   5.939922162219667E-001
       -1.180287995082194   3.493096329571534E-001
   4.322891304370666E-003   5.951559704523770E-001
       -1.180169549760384   3.486038148983888E-001
  -6.008707510564896E-001   6.988639057437596E-001
  -2.155178914637367E-002   7.673631333416204E-001
  -6.167209672725138E-001   7.087277381142074E-001
  -9.926707129448141E-002   7.535535922067228E-001
  -5.020995661686186E-001   6.747234218902526E-001
  -4.266620862136495E-002   7.469249097758784E-001
  -5.298995920510807E-001   6.852370230834437E-001
  -9.622718156377290E-002   7.397742188922536E-001
  -6.045631757350246E-001   6.968591625139191E-001
   6.041077315547673E-002   7.856269435528174E-001
  -4.004326701716963E-001   6.189369360298973E-001
  -1.524933923270876E-001   7.139956287353553E-001
  -6.008707510564896E-001   6.988639057437596E-001
  -2.155178914637367E-002   7.673631333416204E-001
  -5.532029314769882E-001   6.897033225169535E-001
  -7.177779184478725E-002   7.490600681070041E-001
  -5.807082570894120E-001   6.921288404182276E-001
   3.622542861264371E-002   7.765501206665874E-001
   2.915590785039283E-001   6.013410744939431E-001
       -1.755431723998662   5.075655506985700E-001
  -6.045631757350246E-001   6.968591625139191E-001
   6.041077315547673E-002   7.856269435528174E-001
  -5.020995661686186E-001   6.747234218902526E-001
  -4.266620862136495E-002   7.469249097758784E-001
   1.986196551007307E-001   6.293445641073299E-001
       -1.798613547565198   5.134754998218567E-001
  -5.252162276868837E-001   6.792753984769270E-001
  -1.749930218000292E-002   7.561356796349356E-001
   4.031033762202501E-001   4.225123873646607E-001
   4.337095388051488E-001   7.215762873170382E-001
   4.691580952326931E-001   4.114084631614336E-001
   3.713006826822698E-001   6.942003117131373E-001
   3.996608134961606E-001   4.252646367063080E-001
   4.767038385820542E-001   7.333095216950669E-001
   3.846129688208415E-001   4.278653682556170E-001
   4.868716548699413E-001   7.399535646341276E-001
        1.007253061469805   3.413912178340899E-001
       -1.412398305050789   4.162272784837013E-001
   3.008634496778740E-001   4.422747857711549E-001
   6.184766439063144E-001   7.859031236921299E-001
   7.455015401575367E-001   4.759682911679055E-001
   4.707836258675893E-001   6.895427285956631E-001
   4.279590771049439E-001   4.726915398736954E-001
   5.305548193984410E-001   7.237005019259253E-001
   2.114507896972133E-001   5.387748518053762E-001
   5.656146121609080E-001   7.656592171583108E-001
   1.554235329557437E-001   4.565248275281911E-001
   5.262404190969591E-001   7.910742099164398E-001
   7.685084431224055E-001   3.771130509806195E-001
   5.507758403953374E-001   6.988215035936165E-001
   7.612549840396716E-001   3.762413882872030E-001
   5.420947033678828E-001   6.978805040897077E-001
   3.247181281485763E-001   4.302833795213207E-001
   3.602007271602731E-001   7.126216791972716E-001
   5.911883005899786E-001   4.093391280477809E-001
   8.072088592742366E-001   7.839404396819215E-001
   9.348375511914251E-001   3.207302597180039E-001
  -7.073779961177084E-001   3.436672240965290E-001
   5.864574885214461E-001   3.665707573507049E-001
  -9.271202669548431E-001   2.787232991578725E-001
   2.654678406531625E-001   4.425593157850122E-001
   4.269300380421976E-001   7.398305967056663E-001
   8.832129517317136E-002   4.585004502092092E-001
   4.176863549240074E-001   7.789409942218797E-001
   6.824636718449266E-001   4.135270885222986E-001
   5.443179985966253E-001   7.324674100908745E-001
   7.806206323298792E-001   3.501603420684694E-001
  -7.975638500614819E-001   2.603662145984548E-001
   9.673899616102697E-001   4.346166055515119E-001
   8.352224974387610E-001   7.609952216407008E-001
   2.643085726479458E-001   4.465327284103657E-001
   4.747772481190565E-001   7.462823501411767E-001
   2.791638590882761E-001   4.398145238897231E-001
   4.044464393912908E-001   7.324121719219877E-001
   7.549574488408417E-001   3.804666734992929E-001
   5.772866569213115E-001   7.080626926989952E-001
   3.089083343846134E-001   4.331625465507189E-001
   3.525583101451318E-001   7.135689077442319E-001
   8.898074762830546E-002   4.441742873974567E-001
   4.514814635239671E-001   7.722320587183247E-001
   5.650839027226263E-001   4.092569297610353E-001
   8.128225848850285E-001   7.956883319503908E-001
   5.279218340703189E-001   3.698396506720388E-001
  -9.316442787518973E-001   3.424719127548861E-001
   5.371857541231794E-001   4.097022682934763E-001
   8.127013893647421E-001   8.035785456197331E-001
        1.078238882097011   4.184237980841624E-001
   7.362212509914080E-001   7.062348021342623E-001
        1.455375639816388   3.250776238295600E-001
       -1.208996708964750   4.603590640911915E-001
   5.967002447133962E-001   4.101980781804025E-001
   7.249962529708656E-001   7.585622440908452E-001
   1.387226905218141E-001   4.525482785182580E-001
   4.244076765848054E-001   7.825401400864417E-001
        1.437763025758070   3.235781561827483E-001
       -1.199402895790904   4.513658383561106E-001
        1.029886758958270   4.268879759601501E-001
   8.199897567940299E-001   7.362008037509351E-001
   2.033808322095916E-001   4.523348321859563E-001
   4.678143721033342E-001   7.587814460783219E-001
   6.872250193424286E-001   4.002305266291897E-001
   6.143362266007730E-001   7.138440231511732E-001
   2.845872953643453E-001   4.406261375588069E-001
   4.502513356409660E-001   7.418462854916730E-001
        1.040956983730614   3.316336219821678E-001
  -6.808523280612854E-001   3.261506675789401E-001
        1.178286177454940   2.914510963868246E-001
  -5.840374695856447E-001   2.353723476605115E-001
   7.339263106275143E-002   4.620466227926627E-001
   4.241287856460711E-001   7.993441961256582E-001
   6.516875237268115E-001   4.364043915476710E-001
   7.138941118434009E-001   7.887269578845630E-001
        1.437757751712331   3.235796064241123E-001
       -1.199429343669906   4.513834285203012E-001
        1.123831453189866   4.056341640918877E-001
   6.621448817022989E-001   6.785411696645557E-001
   2.280567884601327E-001   4.510761475822814E-001
   5.154303143661108E-001   7.659982351380107E-001
   6.601445389607541E-001   4.043976113902565E-001
   7.118884300025171E-001   7.473420683541759E-001
   7.516822232635298E-001   4.363422316327466E-001
   8.022197969897411E-001   7.535530654144070E-001
   2.604604922909511E-001   4.444468555677923E-001
   4.632614720343301E-001   7.491900668988166E-001
   3.948147471981368E-001   4.153951722434108E-001
   8.176143235569368E-001   7.750542797595332E-001
   7.517912558048219E-001   3.846700855127758E-001
   5.754062138029054E-001   7.051014083919491E-001
   3.081069393082978E-001   4.325358695553191E-001
   3.149199075804625E-001   7.031242844970901E-001
   7.392191470749921E-001   3.793479310624085E-001
   5.632889441895725E-001   7.076350638507789E-001
        1.599176357126127   5.182711595083681E-001
        1.021299014834035   7.251080566818280E-001
        1.523676058108587   4.678716186298079E-001
   8.319503110251563E-001   6.787654349362252E-001
        1.193468411441430   5.608125657401599E-001
   8.974596408627142E-001   7.541497299233141E-001
        1.845128345397369   3.784158528383829E-001
       -1.063981410173581   4.516129028579537E-001
        1.408144793066107   5.308087555162987E-001
        1.000464160131695   7.774653502354165E-001
        1.050831386459719   3.994417669015404E-001
   7.174340819304791E-001   7.074468786724900E-001
        1.449105510338607   4.953001001672050E-001
   9.284256655526650E-001   7.360906575498916E-001
        1.032683062636264   3.973711102629980E-001
   7.102650677701651E-001   7.081878317891109E-001
        1.158121326678287   3.896628483748911E-001
   8.442524455935003E-001   7.026656173027629E-001
   3.647500649273842E-001   4.565410835678604E-001
   4.768128474630842E-001   7.553626349312352E-001
   3.485792393233402E-001   4.599620814816473E-001
   5.102590737366006E-001   7.631567824645835E-001
        1.553436043940545   5.065138515981470E-001
   9.832391764977917E-001   7.273698217790812E-001
        1.224491600405309   5.545223454132014E-001
   8.827246407628853E-001   7.528931247201580E-001
        1.286834129466591   5.743455596955558E-001
   9.333717193925850E-001   7.570409675955302E-001
   9.217441050088490E-001   4.100423241141493E-001
   7.894684108371174E-001   7.542391183185930E-001
   2.803132451703894E-001   4.759746488805604E-001
   5.600437818073890E-001   7.792259491658490E-001
        1.504154069518301   5.344173869503901E-001
   9.713306973136139E-001   7.450331265463569E-001
        1.570811044334101   5.213966637722516E-001
        1.033534796311108   7.344527331070495E-001
        1.258915127828633   5.542308416140979E-001
   8.213586911564185E-001   7.368513278557923E-001
        1.445381360180705   6.415141926415936E-001
        1.239699253245951   7.755982261402866E-001
        1.555632510764786   4.853340523517228E-001
   9.211183810403389E-001   7.016448228846167E-001
        1.523523212080666   5.176454005703903E-001
        1.025538610634089   7.474842740150978E-001
        1.608931687294759   5.223765493293057E-001
   9.751711763041114E-001   7.158321285900578E-001
        1.692197767465931   3.539750776002170E-001
       -1.052093256969674   4.555521657930613E-001
        2.168321885199162   5.345072190898340E-001
  -9.149950717404275E-001   5.179492376726923E-001
        1.165947987370872   5.141617309517981E-001
   7.962687149073197E-001   7.660471924456153E-001
        1.203077346298424   5.355443140903073E-001
   7.827062037733831E-001   7.335966834140886E-001
   3.318388421869086E-001   4.645606623390329E-001
   5.907319646994154E-001   7.772551098351091E-001
        1.223077852665682   5.372969277590768E-001
   7.572818424365039E-001   7.259749701547096E-001
   6.682402498770715E-001   3.997672379131180E-001
   6.746997915907558E-001   7.587727358174419E-001
        2.006325344112921   4.798741292808058E-001
  -1.882338537181364E-001   3.268556649077559E-001
        1.662067556402039   5.069711461159202E-001
        1.177926761149039   7.277339376882872E-001
        1.508161359344051   4.940538312098022E-001
   9.499855403130969E-001   7.249119716273685E-001
        1.186898565692023   5.261824788093032E-001
   8.432195897894661E-001   7.708540416940414E-001
        1.934446599817416   5.039736786331834E-001
       -1.004408946136244   4.860042758596546E-001
        1.299114749676795   5.443853876162086E-001
   6.955064715281840E-001   7.028259146503846E-001
        1.791185432502420   5.056301548735378E-001
  -3.639090934622520E-001   3.156476238323708E-001
  -6.643336336250752E-001   7.597301947162024E-001
   4.296152912748826E-001   8.468281877356174E-001
           0
