    -3121.099211198019020      263268         165
    -3099.439165042251716      297518         166
    -3074.229255245394597      654136         167
    -3089.985178224473202      636396         168
    -3087.985577577929689      303634         169
    -3140.908211246218343      783165         170
    -3144.340287961520062      411615         171
    -3092.686804823378679      950604         172
    -3333.068712159627466      848969         173
    -3070.838456815424706      860772         174
    -3090.048342158122978      286735         175
    -3090.615674099497483      319144         176
    -3106.145709856642497      728038         177
    -3052.685089303623954      526324         178
    -3107.078341797044686      476498         179
    -3129.513779049627374      717754         180
    -3072.825565976289454      609185         181
    -3083.432442219622317      991329         182
    -3060.900828047830601      579995         183
    -3056.148311620275308      281558         184
    -3255.774690413742064      329127         185
    -3070.947905231122604      264081         186
    -3037.932479196459099      793035         187
    -3139.971052372356553       40340         188
    -3070.237008599769979      458181         189
    -3102.274707032623610      618000         190
    -3112.755791337437131      726035         191
    -3098.326476055507555      496881         192
    -3131.683921453793118      570782         193
    -3167.542945892368607      415502         194
    -3065.841357552877980      674171         195
    -3085.472108573988407      354208         196
    -2980.105113418626388      526324         178
    -2990.340566129644685      281558         184
    -3011.540832789313754      579995         183
    -3011.829035162716991      793035         187
   1.782863057438487E-001
       -2.890215694204306
   2.511913863147727E-001
   6.169342947721745E-001
   0.000000000000000E+000
   0.000000000000000E+000
   5.288986877528858E-002
   3.673334737183378E-002
  -6.482802514259738E-001
  -1.856665252860778E-001
   2.511913863147727E-001
   6.169342947721745E-001
   0.000000000000000E+000
   0.000000000000000E+000
   2.164496131278353E-001
   4.464578833033961E-001
   2.511913863147727E-001
   6.169342947721745E-001
   0.000000000000000E+000
   0.000000000000000E+000
        3.078232195703278
       -3.454151033155949
   2.511913863147727E-001
   6.169342947721745E-001
   0.000000000000000E+000
   0.000000000000000E+000
        2.074676955322633
   1.148551351879309E-001
   2.511913863147727E-001
   6.169342947721745E-001
   6.403609730397163E-001
       10.730550158031058
       -8.653760376615553
   1.233325051428875E-001
        2.062923459312094
        2.063536066833962
        1.933167978843936
        1.933624461906692
       -6.493753506784748
        6.333749583705789
       18.953822994635196
  -8.342777818520852E-001
   9.712485936407876E-001
  -7.913392107599596E-001
        1.175775199620056
        2.985960640710004
        6.354317703462595
        1.910333733457742
        5.115339767869356
      -11.154948859074690
       13.534671297620728
        3.568289476783690
  -3.822063781022930E-001
   6.736620560205620E-001
       -1.300334898964508
   3.724145193454781E-002
        2.279445890211733
        3.835966352596385
   4.410824853756777E-001
        2.768085708028936
      -10.407366689627191
       16.608144384756848
   6.724223748354805E-001
      -12.883980390148338
       23.911934802819211
       -5.415046747790797
       -5.415004350864788
       11.811816566528604
       20.357863678793983
       10.297114903077478
       18.715450063121505
      -31.482060162330075
       30.242785760367784
  -7.019982122289648E-003
  -3.779002882539631E-001
   5.586169050920879E-001
       -1.344159423868944
        1.006474138591902
        5.271232406171358
        7.500199553053007
        3.309354278608049
        4.430739967673280
      -10.982691769995906
       14.130435157218256
        1.374198925036727
       -1.593469626865423
        1.620062322843802
        1.368645485866324
       -2.381524134166575
  -3.268495087696134E-001
   8.340453278325607E-001
  -6.108367099244030E-001
   5.797425263434216E-001
        2.571285468340276
          70
           1
           0
   9.546293929113896E-002   6.580898999374801E-001
       -1.841385816956665   4.982185464553325E-001
  -8.641265889718073E-001   6.857431055512986E-001
   1.642322585419974E-001   8.041610726896621E-001
  -8.053867505321013E-001   6.805716563562227E-001
   3.675399424431368E-002   7.869551764878893E-001
  -8.603333763450151E-001   8.099111925100738E-001
  -6.458856156285490E-002   7.919657376869836E-001
  -6.910803529712507E-001   7.157002984012818E-001
  -9.928494119380593E-003   7.758079959199936E-001
  -6.472851530185133E-001   6.739454657217406E-001
  -1.934286594734867E-002   7.743658330778348E-001
  -9.353775188624350E-001   7.137394280540071E-001
   1.734766147323305E-001   8.139400318564165E-001
  -5.543131091134059E-001   6.150035089384256E-001
   8.034271505094205E-002   7.660807128952644E-001
  -6.213782763262729E-002   5.767433141787990E-001
       -1.260691436193895   3.436286391161605E-001
  -6.054459906108585E-001   6.966238795484293E-001
  -2.637812786383196E-002   7.608466853850006E-001
  -5.879406355831398E-001   6.413655685613239E-001
   5.256059499938324E-002   7.797925163089527E-001
  -6.050209025118607E-001   7.143818317666799E-001
  -2.476042394448464E-001   7.087480398401753E-001
  -7.392955778066874E-001   6.542486823781852E-001
   1.063527149659442E-001   7.786674133854279E-001
  -6.086048320298043E-001   7.156140446287287E-001
  -2.536219864094886E-001   7.061444544440196E-001
  -5.713475360730921E-001   6.903909821085656E-001
  -3.250894230814194E-002   7.520935390448005E-001
  -7.569352475799173E-001   6.598295896080149E-001
   1.197331810381829E-001   7.865843912861717E-001
  -7.077740868271691E-001   6.908742755980702E-001
   3.622595192268818E-002   7.971529405836172E-001
  -4.320573637353620E-001   7.536404087519366E-001
   2.639993800647712E-001   8.006818562916180E-001
  -7.526633640555100E-001   6.649134903789676E-001
   5.110305270898039E-002   7.805040592305864E-001
  -6.675402905562206E-001   6.920485393081139E-001
  -1.806224173530077E-002   7.775610072597257E-001
   2.937448537499886E-001   6.389644211190232E-001
       -1.063733381808730   3.470213235610376E-001
   8.001108913996091E-002   6.969890232199917E-001
       -1.187976459742897   3.708351104624005E-001
  -7.029496145917390E-001   6.903309869279627E-001
   5.934739738623643E-002   8.008329708739360E-001
  -5.487876818253528E-001   6.803806404989828E-001
  -1.036233366688911E-003   7.580919897174071E-001
  -7.738101235921799E-001   6.579897353947830E-001
   2.403814743295344E-001   8.033844922682778E-001
  -7.475054877202258E-001   6.754227190935479E-001
   2.382782801534532E-002   7.886205535136445E-001
   3.818939057838495E-002   6.306649874335579E-001
       -2.028594978715281   4.670129444407546E-001
  -5.198071880624717E-001   6.760053098409529E-001
  -2.574740809353313E-002   7.474397799855403E-001
  -7.029496145917390E-001   6.903309869279627E-001
   5.934739738623643E-002   8.008329708739360E-001
  -5.130069777722764E-001   6.854978931601798E-001
  -1.646030476859883E-001   7.133577341516480E-001
  -1.720611179915544E-001   9.528146183046005E-001
  -1.081077511050949E-001   9.462258216008662E-001
  -6.565904954657384E-001   6.378875959357463E-001
   2.668159897934275E-002   7.568825200075315E-001
  -5.493133438485612E-001   6.717275916526763E-001
  -1.238477620316120E-002   7.590119987350781E-001
  -7.139000477830856E-001   6.724352066415441E-001
   3.580855711809044E-002   7.915557207007176E-001
  -4.177077145749223E-001   7.389577118680940E-001
   4.716280337478139E-001   8.309042317190147E-001
  -7.075084428915837E-001   6.786047402881016E-001
   1.097310035895789E-001   6.660938612119691E-001
  -5.853814270170231E-001   6.199572143742323E-001
   2.007032787863768E-002   7.472242953929631E-001
  -6.249140613701722E-001   7.875093442561477E-001
   3.111740534511021E-001   8.286869247296491E-001
  -7.257764655068346E-001   7.090415827517819E-001
  -3.908349301730627E-002   7.810964901273362E-001
  -5.845366937563012E-001   6.712640546604328E-001
   7.517274699283424E-002   7.852616139127696E-001
  -5.673745451700635E-002   6.127982537426128E-001
       -1.255231249506652   3.465868900962421E-001
  -5.764075378595138E-001   6.993549574178461E-001
  -1.334901094228447E-001   7.313804261101616E-001
   2.517216272857195E-001   6.138729216526515E-001
       -1.824778660238115   5.069507793901301E-001
  -5.742827005762406E-001   6.828746219287365E-001
   3.977243674460916E-002   7.703487676685938E-001
  -6.526679892967171E-001   6.389139899366649E-001
  -2.962356979479554E-002   7.441414524669698E-001
  -5.774301693880963E-001   7.095741180053702E-001
  -2.725493015610573E-001   6.973876295086936E-001
  -5.438058502213605E-001   6.975030252613972E-001
  -2.183273567024550E-001   7.053087740237106E-001
  -7.052607401924115E-001   6.697094302303951E-001
   1.983472919553615E-001   6.889782750451938E-001
  -6.503565313553114E-001   6.722570820115722E-001
   6.146692531472404E-002   7.943737567200717E-001
  -9.181505053888894E-001   7.431430495709133E-001
  -1.045291072574052E-001   7.941032194087685E-001
  -8.307673685345159E-001   6.709502410254964E-001
   3.244058484118004E-001   8.201420539640052E-001
  -5.129368593316707E-001   6.780546718523323E-001
  -8.673196202813008E-002   7.324122663934353E-001
  -7.139000477830856E-001   6.724352066415441E-001
   3.580855711809044E-002   7.915557207007176E-001
  -7.870266739885496E-001   6.668780116581440E-001
   1.853124547884301E-001   7.958992497186193E-001
  -5.130069777722764E-001   6.854978931601798E-001
  -1.646030476859883E-001   7.133577341516480E-001
  -4.745294460379212E-001   7.804859523579720E-001
  -1.076646558067883E-001   7.333502375444625E-001
   3.855456626765711E-001   9.257061322488367E-001
  -1.710986742404445E-001   9.313499661890293E-001
  -3.249225966393693E-001   7.093510016539708E-001
   6.842419466376645E-001   8.450006893521019E-001
  -8.272266104429513E-002   5.990408882606914E-001
       -1.294859008295289   3.516042986659633E-001
  -5.774301693880963E-001   7.095741180053702E-001
  -2.725493015610573E-001   6.973876295086936E-001
  -9.333087120589929E-001   7.393755162388798E-001
  -9.657646913594727E-003   8.132367482604916E-001
  -5.858242280931686E-001   8.149457983175964E-001
  -2.883103685882640E-002   7.585558880725186E-001
  -7.979027734575687E-001   6.909204786674710E-001
   2.403205444701047E-002   7.973801900764673E-001
  -8.389516081676586E-001   7.059158628170845E-001
   1.609956664573369E-001   7.001794538190129E-001
  -8.899179848503804E-001   7.093156794082922E-001
  -1.519802599950136E-002   7.953547433474779E-001
  -7.954780282937486E-001   6.923365537972547E-001
  -4.945130139295513E-002   7.791249664993414E-001
  -2.415738897658767E-001   6.658285471007658E-001
       -1.344341597331319   3.664671702940656E-001
   2.449516304793579E-001   9.293607706689699E-001
   1.245928667755831E-001   9.430547682319569E-001
  -8.128248754363441E-001   6.708456121474553E-001
   1.869542902413426E-001   8.015448805501727E-001
  -8.531500547161046E-001   7.260038963674376E-001
  -7.711193070815445E-002   7.907327640693577E-001
  -5.761364605043384E-001   7.720897184573179E-001
   4.587140164643971E-001   8.429707804551375E-001
  -6.810289347090503E-001   7.385126212694620E-001
  -3.586830733981987E-001   6.935093262635745E-001
  -7.247228117737909E-001   6.613953514628338E-001
   3.679072712567404E-002   7.790881105974707E-001
  -7.447175810300338E-001   6.492848453610556E-001
   2.681223936373096E-001   8.047871417946576E-001
  -1.566877231201182E-001   5.899386133304136E-001
       -1.351624225735484   3.492091034988077E-001
  -6.358548846894615E-001   6.569026016833580E-001
   4.206661090056717E-002   7.853231671972380E-001
  -6.594542322989571E-001   7.156374187998223E-001
  -1.165568748104211E-001   7.492270086521822E-001
  -4.628269408159473E-001   7.608865560015221E-001
   1.951830759696782E-001   7.921919484699468E-001
  -6.370688928155385E-001   6.886498794713152E-001
   6.573716137638608E-002   7.890746462017159E-001
  -7.107770254381800E-001   6.738809425903600E-001
  -3.821581057035991E-002   7.722793972747570E-001
  -4.920395999885642E-001   6.626466835343696E-001
   3.742621271860093E-002   7.572625671665038E-001
   2.296318611247117E-001   6.589540231892743E-001
       -1.108615041974971   3.553107825154520E-001
  -7.454339605032122E-001   6.648278905315068E-001
  -7.018238490350325E-004   7.679434533229932E-001
  -8.860376303796168E-001   7.433960639656216E-001
  -9.549927592108949E-002   7.922297117972743E-001
  -4.341291931670849E-001   7.710251171608664E-001
  -2.837114586240893E-002   7.461551391269969E-001
   3.627788089849555E-002   6.737106887645495E-001
       -1.854554533914937   5.097499834445471E-001
  -7.767770389688597E-001   6.774529665724441E-001
   2.605479156878569E-002   7.867473890334821E-001
  -5.888135604468996E-002   5.702517825286614E-001
       -1.305481089194742   3.429888423349750E-001
  -8.200024598200188E-001   7.419209496978847E-001
  -9.580470553684432E-002   7.806127314713580E-001
  -8.307673685345159E-001   6.709502410254964E-001
   3.244058484118004E-001   8.201420539640052E-001
  -5.130069777722764E-001   6.854978931601798E-001
  -1.646030476859883E-001   7.133577341516480E-001
  -7.331698104185933E-001   6.918806163087627E-001
  -3.446824383351815E-002   7.823737466191762E-001
  -6.038109269283719E-001   6.569312831225186E-001
   5.466280052336756E-002   7.864181887986252E-001
  -5.839297418102641E-001   7.840573563856610E-001
   1.483910400692722E-001   7.990734049393112E-001
  -1.347007422069622E-001   5.856115626103146E-001
       -1.341593722789714   3.478343229021212E-001
  -5.717951583517752E-001   6.972361836130037E-001
  -1.155269876007629E-001   7.333155841237701E-001
  -4.772261914375797E-001   7.594592027968513E-001
   2.322832738498270E-001   7.991401322681432E-001
  -7.588011005631281E-001   7.092388834549687E-001
  -4.408953660364272E-002   7.853920325786982E-001
  -6.877639020327314E-003   6.798465602822669E-001
       -2.033128250427828   4.756986793074741E-001
  -7.257764655068346E-001   7.090415827517819E-001
  -3.908349301730627E-002   7.810964901273362E-001
  -8.025341229563946E-001   6.913995436170031E-001
   5.439655947273921E-003   7.932611525443138E-001
  -7.356539920676506E-001   6.901904410286347E-001
   4.669353602826179E-002   8.021493090961395E-001
  -5.157364085057002E-001   6.742421254928941E-001
  -7.508123724538413E-003   7.493328344914195E-001
  -5.555219555386925E-001   6.713528509705727E-001
   5.686343071278198E-002   7.753345646413591E-001
  -6.368537123756238E-001   7.999291075485779E-001
  -2.496452698860676E-002   7.754726677767166E-001
  -7.569352475799173E-001   6.598295896080149E-001
   1.197331810381829E-001   7.865843912861717E-001
  -5.436168601231545E-001   6.923670748282433E-001
  -1.437402318721539E-001   7.222002378795026E-001
  -8.801008408583717E-001   7.021197652944471E-001
  -2.040246875107492E-002   7.814154526743451E-001
   1.814612508613641E-001   4.210537375692828E-001
   3.203538146375378E-001   7.176026730000675E-001
   6.561855660462345E-001   4.970379637788666E-001
   4.951652919333482E-001   7.263592411818622E-001
        1.472988300496344   3.337102860052796E-001
       -1.250231745727387   4.438056557964129E-001
   7.155182203171503E-001   3.990323119429580E-001
   5.443099006891270E-001   7.204868203401333E-001
   7.573432291323999E-001   3.938076142464120E-001
   5.354982589848437E-001   7.045151685049631E-001
   3.923892103052208E-001   3.866993774245465E-001
   5.188422886182212E-001   7.297997702658180E-001
        1.027448270228019   3.101242382765345E-001
  -7.787277026560141E-001   2.680127972788622E-001
   3.857284203519956E-001   3.949600750332993E-001
   5.628457641942858E-001   7.555413141379295E-001
   2.429852858622532E-001   4.452625158196477E-001
   3.836144205501751E-001   7.463327026576471E-001
   2.603926444892875E-001   4.463101324400638E-001
   3.648364814154976E-001   7.347536020556688E-001
   8.423586995779445E-001   4.486070407618682E-001
   6.330682124781426E-001   7.537559870866581E-001
  -5.467584084231579E-002   4.596138307761271E-001
   5.617846179565991E-001   7.721710754617406E-001
   2.868989812736842E-001   4.436482449282360E-001
   3.499135387291678E-001   7.241287814352487E-001
   2.703340416151996E-001   4.464316971865970E-001
   3.424812228731782E-001   7.241397879025470E-001
        1.213548398099408   3.346251289727419E-001
  -6.920272456213263E-001   2.685037673972588E-001
        1.218880720660993   3.024338885289185E-001
  -6.341079788494400E-001   2.314247309281769E-001
   2.802697175071831E-002   4.405825149150900E-001
   3.048454125591623E-001   7.244592725426614E-001
   9.019115684580198E-001   4.485087360648938E-001
   5.876408781663265E-001   7.294996430572243E-001
   7.840886551211709E-002   4.317473662852703E-001
   2.867253887720723E-001   7.159308122511990E-001
        1.577310717253411   3.859294348986667E-001
       -1.324655023617065   4.709803450894325E-001
   7.164774233195802E-001   4.018654889460898E-001
   5.929504716034818E-001   7.268953748022945E-001
   7.847858340977182E-001   3.825151134789240E-001
   4.324670791091860E-001   6.694657452442249E-001
  -1.641389280332342E-002   4.514851762640113E-001
   3.842276114761120E-001   7.489730584051243E-001
   4.048641861649364E-002   4.391114725258898E-001
   3.495168747838538E-001   7.302831790758222E-001
   9.678262177769572E-001   4.496785082155150E-001
   6.907337969818218E-001   7.457877659720513E-001
   4.579288884258803E-001   3.856304599118223E-001
   4.763851988045027E-001   7.326713812415587E-001
  -6.782115892302076E-002   4.643696727875961E-001
   3.992609007933869E-001   7.548383401520735E-001
   5.952930851658735E-001   3.499152131821312E-001
       -1.009361505576462   2.724216446433929E-001
   7.390374948845391E-001   3.968615982657254E-001
   5.519143701932911E-001   7.137840636495991E-001
   6.280911044181523E-001   4.260962520330532E-001
   5.848745831655462E-001   7.235541595552867E-001
   5.682480367935043E-001   3.471569947415596E-001
       -1.006202743020577   2.697852403214517E-001
   9.295484193352858E-001   4.482603691900899E-001
   6.856429816512304E-001   7.476492382734266E-001
   7.501992764456924E-001   4.350142156255150E-001
   5.383974305840368E-001   7.222857173362723E-001
   6.222791554559534E-001   4.110990905949605E-001
   6.410077869820745E-001   7.600499306313337E-001
   8.959730350137554E-001   3.918357097543757E-001
   6.983289811618666E-001   7.224028448661027E-001
   5.554774282359217E-001   3.545230387643111E-001
  -9.950820988214983E-001   2.710281647883738E-001
   7.377191378982787E-001   3.978630772348082E-001
   5.646856298317585E-001   7.157680235823928E-001
   2.761858897439067E-001   4.460333977212568E-001
   3.122086053025718E-001   7.130595938995959E-001
   4.810123741047873E-001   3.985851489067656E-001
   5.154135444264072E-001   7.567420245973630E-001
   3.072843444117449E-001   4.646708712693804E-001
   5.553564814917830E-001   7.444069147484547E-001
        1.007829643812714   4.167484001972522E-001
   6.834041561613194E-001   7.175847095140576E-001
   2.869468652504253E-001   4.645244890754989E-001
   4.017762006281408E-001   7.237759254777848E-001
        1.296697933676803   5.463307570162724E-001
   8.058838137532881E-001   7.340664458641319E-001
        1.018756243127529   4.116811055075146E-001
   6.400643786641617E-001   7.034680698307242E-001
        1.278588771065239   5.504658661920404E-001
   7.983524442512934E-001   7.228211197632750E-001
   7.129865134186217E-001   4.798991751075402E-001
   7.270109419442971E-001   7.492307222795667E-001
        1.254289916736823   5.445479528269853E-001
   7.661699120540608E-001   7.093076254563236E-001
   5.814965301565354E-001   4.726239576162424E-001
   3.868764060759893E-001   6.945381500878128E-001
        1.359840517129380   5.558990868268414E-001
   8.075559568830669E-001   7.308499532979824E-001
   7.236977393581877E-001   4.096637970521461E-001
   5.598380789125800E-001   7.342480412428918E-001
        1.005926172180542   4.120681752399841E-001
   6.459190609569357E-001   7.052056411787182E-001
   9.648812637311810E-001   4.202840279240547E-001
   6.916364103411830E-001   7.291127483854187E-001
   7.916035979401840E-001   5.539466300493597E-001
        1.046621968848862   7.099965105554863E-001
        1.278176689424063   5.452970043291165E-001
   7.187331375365679E-001   6.886761400426002E-001
   2.768065167346433E-001   4.642050857102715E-001
   3.755608266029652E-001   7.143532671734678E-001
        1.118760779545016   5.482278726948109E-001
   9.474510878978675E-001   7.495395767061114E-001
   9.268296086800724E-001   3.896751652459637E-001
  -8.441063826655376E-001   2.879466240403333E-001
        1.542582097191064   3.460459483476601E-001
       -1.403489247642702   4.382593974143374E-001
        1.058677069946120   5.290429272197338E-001
   8.772240190023725E-001   7.430051167195009E-001
   7.181079868385740E-001   3.986086761332755E-001
   5.357717889414741E-001   7.080197821451762E-001
        1.528188362864804   5.162081104685871E-001
   8.822479701629490E-001   7.175586121743244E-001
        1.073615709737994   4.048720922899313E-001
   6.083292820994625E-001   6.825019208055523E-001
        1.244097152405997   5.697741531877252E-001
   9.043991877701861E-001   7.303520043306178E-001
        2.268293851550767   4.847779204544347E-001
  -9.036991845338306E-001   4.949676501955920E-001
        1.046470942723042   4.074401551787463E-001
   5.960341788984105E-001   6.865929164379326E-001
        1.258397537287475   5.330520137688266E-001
   8.130914795555226E-001   7.461203219119072E-001
   6.654105550981955E-001   4.025627702996288E-001
   5.622613866305050E-001   7.258342468041447E-001
        1.500127905223628   3.311355926309660E-001
       -1.401931279855630   3.960395957073527E-001
   3.133407386276461E-001   5.454824635032424E-001
   5.674330216519360E-001   7.498145569102550E-001
        1.793616076336505   5.031341377279317E-001
  -4.383221054075856E-001   3.261753353807477E-001
        1.111323234103542   4.157433097791538E-001
       -1.567617127931999   4.137907107036413E-001
        1.058158607846716   5.900704272541698E-001
        1.284174871031527   8.046191069983248E-001
        1.280503468930112   6.038656394966340E-001
        1.064190981677323   7.601342565646897E-001
        1.130869377400025   6.279672881946149E-001
        1.144981754001140   7.829177886491392E-001
        1.385456652733910   6.420249931312332E-001
   9.335500697709971E-001   7.218207349542104E-001
        1.112089237987010   5.902083063702526E-001
        1.108952324074042   7.751697114669369E-001
  -7.672375282505620E-001   7.248625909920959E-001
   7.221364735538038E-002   8.055265046406638E-001
  -8.808116694378407E-002   5.711172008749670E-001
       -1.315506338948372   3.429030070004074E-001
  -7.688866127622690E-001   7.339191445290690E-001
  -2.169741331553368E-003   7.887774128147060E-001
  -4.896894095807138E-001   6.753808275942356E-001
  -1.206367762226900E-001   7.210395662784401E-001
  -5.236114101417941E-001   7.649997809500877E-001
   2.832416943556560E-001   8.163822091508304E-001
  -4.896894095807138E-001   6.753808275942356E-001
  -1.206367762226900E-001   7.210395662784401E-001
  -1.233863548646834E-001   6.292103952861243E-001
       -1.285824600360018   3.539126401850074E-001
  -7.410049592086325E-001   7.456961931889402E-001
   3.303625157825137E-001   8.258799632620676E-001
   7.659622036548043E-003   6.309571456342512E-001
       -1.430672916005372   5.634309192792114E-001
  -5.681665616673593E-001   8.071873290733188E-001
  -3.314327725127045E-002   7.650849654349263E-001
  -5.254725358448264E-001   6.486443657661093E-001
   2.007161508475840E-001   8.031783626314748E-001
  -9.582973272217451E-001   7.447293452725107E-001
   6.144591046197681E-002   8.320894052989934E-001
  -8.723023187495708E-001   7.061036508700916E-001
  -3.652907515946156E-002   7.907310747970451E-001
  -4.208016398957274E-002   6.111613950278679E-001
       -1.235207972477683   3.411113561046070E-001
  -7.420983396178998E-001   7.362311840592699E-001
  -1.218180192400328E-001   7.604242061835741E-001
  -7.766179793337794E-001   7.723118308243905E-001
   1.987524877925603E-001   8.152516448554696E-001
  -6.383932335499262E-001   6.891814344881991E-001
   7.913756295992098E-002   7.919558595916760E-001
   1.242060570608219E-001   6.572960847980424E-001
       -1.828485911826462   4.972523531219369E-001
  -7.111973476442007E-001   6.983152945904233E-001
   1.682168895073783E-001   8.197894749230920E-001
  -5.839279999822488E-001   7.898416694899969E-001
  -6.194002543038078E-002   7.627917657045706E-001
  -4.351313133860726E-001   6.386098624268368E-001
   2.527939534432078E-002   7.509366673358663E-001
  -5.703194273166143E-001   7.800004116386030E-001
   1.086698393259834E-001   7.919887223650945E-001
  -8.623941274430851E-001   7.445880715195012E-001
   8.263501146780218E-002   8.188348695087962E-001
  -7.998368218007249E-001   7.374970954209009E-001
   3.542985866371537E-002   7.999076309724209E-001
  -8.381662844941897E-001   7.084867119909658E-001
   5.946898459852904E-002   8.010660326516740E-001
  -8.034888917427556E-001   7.811482987400290E-001
   2.601631212341575E-001   8.257399151113781E-001
  -4.747898699628438E-002   7.030231884502706E-001
       -1.880509504535915   5.224696129894801E-001
  -8.503991185931893E-001   7.340031262080828E-001
   2.044824174369753E-001   8.196431267697679E-001
   2.057283971450909E-001   6.358273335214728E-001
       -1.794650638258294   4.925027622557101E-001
  -6.508633023380966E-001   6.294691044448956E-001
   1.492501215877882E-001   7.837019283148622E-001
  -7.979595417227489E-001   6.816767662771356E-001
   1.432826207150991E-001   7.999705052298839E-001
  -5.948651669283027E-001   8.089233116512727E-001
   4.153136333820100E-003   7.731633625815004E-001
  -6.180213286826266E-001   6.882270934292358E-001
   9.623968722552743E-002   7.903843537500906E-001
  -8.013467792337129E-001   7.113528002819741E-001
   1.116826491519407E-001   8.229574534417347E-001
  -6.712838742167504E-001   6.909406112823820E-001
   8.620679334574786E-002   7.997725489202105E-001
  -6.905808318611051E-001   8.243253593763631E-001
   8.061968541334932E-002   7.955398231637707E-001
  -5.877367982378787E-001   6.907188041384752E-001
   1.029466865376374E-003   7.632720238157558E-001
   1.070270895816103E-001   6.455547754105961E-001
       -1.851329826480301   4.965289306796306E-001
  -8.020879695626019E-001   7.155232616214292E-001
   1.509888049658316E-001   8.292550870164328E-001
   2.094336088528962E-001   6.265215924733801E-001
       -1.761644442474183   4.789568217935758E-001
  -6.842079373971096E-001   6.755174351804075E-001
   9.549453788628121E-002   8.046619913313799E-001
  -6.049251627176291E-001   7.974657491700634E-001
  -1.522830763513076E-001   7.472130198702756E-001
  -6.228643065073772E-001   7.968220328712654E-001
   1.718817573690718E-002   7.710816462040914E-001
  -5.880915604589066E-001   6.845379901623095E-001
   7.415264273846148E-002   7.804478940492372E-001
  -8.569207430144951E-001   7.652546671905233E-001
  -2.617567590437572E-002   7.983166335229340E-001
   1.984687722748866E-001   6.383134531055307E-001
       -1.803302079783346   4.954846942453703E-001
  -7.672375282505620E-001   7.248625909920959E-001
   7.221364735538038E-002   8.055265046406638E-001
  -3.567079437296110E-001   7.450585635208155E-001
  -1.265268613254913E-002   7.391981014216826E-001
  -7.695013027432681E-001   7.114381403708612E-001
   1.145477837463597E-001   8.183297568062307E-001
  -6.479807740859793E-001   6.933989900993709E-001
   1.390385642402965E-001   8.022429041666308E-001
   4.867650021051041E-002   6.826280068418048E-001
       -1.876194869698930   5.139384628714188E-001
  -5.883499497062586E-001   6.849810544447434E-001
   8.760566885377234E-002   7.820084113238498E-001
  -8.311334018207063E-001   7.283197481049040E-001
   9.306257459366898E-002   8.214081395419047E-001
  -5.529209635704856E-001   6.337274436784255E-001
   1.111776942139771E-001   7.896561770122378E-001
  -7.375440920313346E-001   7.104655359891671E-001
   1.096442264980774E-001   8.113510192977074E-001
  -4.769916322026237E-002   5.696681414266443E-001
       -1.291856598929375   3.427076234387631E-001
  -9.198386509515680E-001   7.123835266340763E-001
   9.052542168778807E-002   8.195335932595302E-001
  -6.170653214173342E-001   6.748899370199108E-001
   1.054919587949388E-001   7.968940992199987E-001
  -6.027887934204844E-001   6.943936908672264E-001
  -6.354650265461360E-003   7.650613984208267E-001
  -8.071596317876474E-001   6.986210171204146E-001
   1.566388885316291E-001   8.311259122383963E-001
   2.684612285984502E-001   6.197086411361540E-001
       -1.782584098617913   4.950012118458599E-001
  -7.697263874478276E-001   7.145723346327398E-001
   1.468904143229872E-001   8.224926725904042E-001
  -6.712838742167504E-001   6.909406112823820E-001
   8.620679334574786E-002   7.997725489202105E-001
  -7.990802752495626E-001   7.271846724651603E-001
   8.654048012432396E-002   8.141882639330036E-001
  -7.695697195906379E-001   6.903048818390771E-001
   1.695147327171634E-001   6.989865125306064E-001
  -3.836934184956070E-001   7.676962269494151E-001
  -3.649726541213941E-002   7.362620816184817E-001
  -7.059329633444441E-001   7.083026368141031E-001
   9.673886551385071E-002   8.027981667747769E-001
  -6.895671662070116E-001   6.812772482660456E-001
   1.756566422032077E-001   8.214554575094779E-001
  -7.169137144823666E-001   6.755523617630728E-001
   8.607137450170496E-002   8.043756460412641E-001
       -1.016266125583392   7.609851802062826E-001
   4.520001934923618E-002   8.352787148450103E-001
  -7.440803685376650E-001   6.926999053195938E-001
   1.160791552587234E-001   8.168541410536675E-001
  -7.358951137866979E-001   7.215090787229564E-001
   5.151745220186465E-002   7.959980360187605E-001
  -7.981504472997751E-001   7.429526487243533E-001
  -4.817581205822544E-002   7.809675482029704E-001
  -8.118903349058540E-001   6.826387684166936E-001
   1.521436978989729E-001   8.191383124690280E-001
   2.121813074917793E-001   5.738016418089495E-001
       -1.945510839277517   4.516833126692306E-001
  -7.796757406479415E-001   6.716071906548732E-001
   1.202429287501453E-001   7.962902013347469E-001
  -7.084652882191037E-001   7.231449986500189E-001
  -5.544064435987958E-002   7.689311288823004E-001
  -5.914982376724734E-001   9.618095080432743E-001
   1.500474899017605E-001   9.539376808992487E-001
  -5.179028697081076E-001   6.737470976877490E-001
  -8.147729506069668E-003   7.516429436856755E-001
  -7.557161558058315E-001   7.903203908314425E-001
   1.235769204521671E-001   8.053094522341623E-001
  -6.804168460404464E-001   6.926155110820483E-001
   1.214236316888076E-001   8.075659525370249E-001
   3.511360788382898E-001   6.268035362356844E-001
       -1.823866607961040   4.541441379696862E-001
  -9.926693294478618E-001   7.395392816744788E-001
   7.088611484741894E-002   8.212439937608338E-001
  -6.480021886173022E-001   7.145913887783044E-001
  -1.217312840058340E-001   7.463122590592458E-001
   2.462516441885046E-002   7.605732619131884E-001
       -1.761418807281512   4.699713220940049E-001
  -6.419117964019705E-001   6.362550434712987E-001
   1.026671562761745E-001   7.847643940457909E-001
  -6.780262722159014E-001   6.588704022737949E-001
   3.309319019300488E-002   7.832748156717543E-001
  -5.232139357871242E-001   7.806161803786995E-001
  -1.955667222925691E-002   7.626970129320749E-001
  -6.605770946863091E-001   6.486251400899274E-001
   8.324142601255834E-002   7.900359727155815E-001
  -4.651895154074208E-001   7.585662730196611E-001
   1.077828196371675E-001   7.785063549085480E-001
  -2.824755297058584E-001   7.155881176641441E-001
   3.409632289559045E-001   7.982832535118062E-001
  -7.731478024149857E-001   7.106390786219600E-001
   4.933311789248039E-001   8.425823467397054E-001
  -7.981504472997751E-001   7.429526487243533E-001
  -4.817581205822544E-002   7.809675482029704E-001
  -8.101326959503294E-001   7.160026555866691E-001
   1.108987189074687E-001   7.994854287431665E-001
  -6.790973282919275E-001   6.468661483678065E-001
   1.046263558525052E-001   7.884726673346407E-001
  -7.697263874478276E-001   7.145723346327398E-001
   1.468904143229872E-001   8.224926725904042E-001
  -6.606453390095508E-001   7.931855805617003E-001
   2.478824727802668E-001   8.261387430972451E-001
  -7.111973476442007E-001   6.983152945904233E-001
   1.682168895073783E-001   8.197894749230920E-001
  -7.751264830236564E-001   6.920383288269890E-001
   1.067209515553517E-001   8.172350588379172E-001
  -7.722700829480843E-001   6.570578839531422E-001
   2.179385666779491E-001   8.032163905226659E-001
  -9.876496571120800E-001   7.582140001725576E-001
   7.468156797534746E-002   8.188356116027087E-001
  -7.358951137866979E-001   7.215090787229564E-001
   5.151745220186465E-002   7.959980360187605E-001
  -5.890466295569913E-001   6.967513175686528E-001
  -8.901162500413383E-002   7.442184461771675E-001
  -8.913907324084666E-001   6.971053960670209E-001
   2.074473073085183E-001   8.155737525226060E-001
  -7.375440920313346E-001   7.104655359891671E-001
   1.096442264980774E-001   8.113510192977074E-001
  -9.312013591942259E-001   7.733718214907558E-001
   1.343348604125894E-001   8.193332405411010E-001
  -8.020879695626019E-001   7.155232616214292E-001
   1.509888049658316E-001   8.292550870164328E-001
  -6.972283895010345E-001   6.410526011225028E-001
   1.729066751740978E-001   7.876361544891102E-001
  -7.672375282505620E-001   7.248625909920959E-001
   7.221364735538038E-002   8.055265046406638E-001
  -6.803716851169211E-001   6.628192345807861E-001
   7.010211678977449E-002   7.955443134790106E-001
  -7.375973669910537E-001   7.124925319896654E-001
   1.345120992829282E-001   8.141082898659413E-001
  -7.990802752495626E-001   7.271846724651603E-001
   8.654048012432396E-002   8.141882639330036E-001
  -2.362679638071447E-001   6.338455525449318E-001
       -1.375288247378480   3.653952558825575E-001
  -7.732940232735144E-001   7.320310796243026E-001
   7.117110358006129E-002   7.591860238455912E-001
  -6.787060734057593E-001   6.267300754289423E-001
   3.952071539688302E-001   8.153196587131692E-001
  -7.346775457512164E-001   6.620875507562394E-001
   4.100927337654386E-002   7.814226260969690E-001
  -8.209044146779368E-001   6.712720732265822E-001
   1.964788190953866E-001   8.059187326617859E-001
  -6.907464030538685E-001   6.413086862163891E-001
   1.169959765413583E-001   7.805108447046980E-001
  -8.361326803446202E-001   6.822534542727946E-001
   1.361360446448274E-001   8.083117224953404E-001
  -6.479807740859793E-001   6.933989900993709E-001
   1.390385642402965E-001   8.022429041666308E-001
  -8.557977893698006E-001   8.146823767761601E-001
   6.742418919112729E-001   8.884015822487473E-001
  -2.061242649928227E-001   6.632745397516385E-001
       -1.333556529542168   5.001296742632994E-001
  -6.493302949114914E-001   7.131810115796761E-001
  -1.179846811481041E-001   7.472801560031961E-001
  -6.825906241056883E-001   7.977001936126533E-001
   1.423993453537615E-001   8.113914370017504E-001
  -7.632958793376088E-001   8.190759208649824E-001
  -1.770251658253138E-001   7.972006821074582E-001
  -8.052039265148019E-001   6.918092910131250E-001
   9.885995262356076E-002   8.155049364394489E-001
  -7.672375282505620E-001   7.248625909920959E-001
   7.221364735538038E-002   8.055265046406638E-001
  -1.038983427566474E-001   5.728231466029340E-001
       -1.322296026772058   3.432697544950407E-001
   3.196846252217909E-001   7.055530153215350E-001
       -1.831587740675742   5.039428502087288E-001
  -7.346775457512164E-001   6.620875507562394E-001
   4.100927337654386E-002   7.814226260969690E-001
  -7.385805439454848E-001   7.281351967792509E-001
  -2.402855167477271E-002   7.794676931121056E-001
  -5.922539817003923E-001   7.034715836275676E-001
  -1.772851996695647E-001   7.248532586972214E-001
  -4.921302884155800E-001   6.822498826008746E-001
  -2.027116611030977E-001   7.011705800800635E-001
   1.498891585258040E-001   6.523796761960798E-001
       -1.820355470338270   4.968231046592850E-001
   1.956460683814319E-001   6.476228168112852E-001
       -1.844281288639685   5.122759620283118E-001
  -5.045662505703795E-001   6.698741396338826E-001
  -4.484916976576710E-003   7.496995275738066E-001
  -4.116564530833816E-001   6.486748045474103E-001
  -4.157721620748220E-002   7.268788291292146E-001
  -5.595783421335094E-001   6.856168654782695E-001
  -3.039365952228683E-002   7.523757491631036E-001
  -5.595783421335094E-001   6.856168654782695E-001
  -3.039365952228683E-002   7.523757491631036E-001
  -4.896894095807138E-001   6.753808275942356E-001
  -1.206367762226900E-001   7.210395662784401E-001
  -4.896894095807138E-001   6.753808275942356E-001
  -1.206367762226900E-001   7.210395662784401E-001
  -5.318460968841592E-001   6.805964008507198E-001
  -6.154529624403103E-002   7.413146535682371E-001
  -5.045746766221209E-001   6.756937921524573E-001
  -9.202835447330822E-002   7.300939903874432E-001
  -6.258734556646680E-001   7.151121292554127E-001
  -2.345303135238765E-001   7.167393494284081E-001
  -4.381329741772175E-001   6.534501731309057E-001
  -1.255598692490808E-002   7.380693934181983E-001
   1.188048869458117E-001   6.575402628934448E-001
       -1.816643004032096   4.917065658976157E-001
  -6.480021886173022E-001   7.145913887783044E-001
  -1.217312840058340E-001   7.463122590592458E-001
  -5.874521443054824E-001   6.979718731365264E-001
  -9.276583232557664E-002   7.431872716284060E-001
  -5.045746766221209E-001   6.756937921524573E-001
  -9.202835447330822E-002   7.300939903874432E-001
  -6.152720586387149E-001   6.964512746259747E-001
   2.491705270666842E-002   7.728134091002010E-001
  -5.289237625644760E-003   6.102274916279836E-001
       -1.218418728927106   3.313846389657033E-001
  -4.628754289484459E-001   6.641654728722648E-001
  -6.594256219092540E-002   7.295122284469046E-001
  -6.480021886173022E-001   7.145913887783044E-001
  -1.217312840058340E-001   7.463122590592458E-001
  -4.921302884155800E-001   6.822498826008746E-001
  -2.027116611030977E-001   7.011705800800635E-001
   3.176217778765763E-002   6.895633620761594E-001
       -1.886314911849256   5.472630583147701E-001
  -7.561163672625763E-003   6.064486598642601E-001
       -1.210881474935353   3.325101058527111E-001
  -7.527461306023191E-003   6.063787142936286E-001
       -1.213686473908524   3.337701431225476E-001
  -6.176113489895060E-001   7.017509907678532E-001
  -5.791078325890772E-002   7.552213606442442E-001
  -6.190049854886326E-001   7.096971522493103E-001
  -1.514880448020750E-001   7.351760561279665E-001
  -5.045746766221209E-001   6.756937921524573E-001
  -9.202835447330822E-002   7.300939903874432E-001
  -5.334767802143796E-001   6.870436500582657E-001
  -1.487045689217070E-001   7.217041527476623E-001
  -6.152720586387149E-001   6.964512746259747E-001
   2.491705270666842E-002   7.728134091002010E-001
  -4.209080426263856E-001   6.262474839651286E-001
   5.046094653609769E-002   7.565969094481947E-001
  -6.176113489895060E-001   7.017509907678532E-001
  -5.791078325890772E-002   7.552213606442442E-001
  -5.609741696060510E-001   6.918512448258979E-001
  -1.193597908042640E-001   7.330397345206393E-001
  -5.863818028127956E-001   6.915822060375902E-001
  -4.619112228247961E-003   7.621488505292543E-001
   2.851219660792601E-001   6.174141905172662E-001
       -1.788091685444084   4.992970679293531E-001
  -6.152720586387149E-001   6.964512746259747E-001
   2.491705270666842E-002   7.728134091002010E-001
  -5.045746766221209E-001   6.756937921524573E-001
  -9.202835447330822E-002   7.300939903874432E-001
   1.848711724784952E-001   6.472295539511755E-001
       -1.833576278185477   5.063927065763151E-001
  -5.318460968841592E-001   6.805964008507198E-001
  -6.154529624403103E-002   7.413146535682371E-001
   3.843307949632945E-001   4.341262282711743E-001
   4.031274425547223E-001   7.192825122082135E-001
   4.627945957387458E-001   4.199024125825924E-001
   3.241475796504797E-001   6.873545627881175E-001
   3.837083889788920E-001   4.360884585528930E-001
   4.387965831775248E-001   7.289335077662313E-001
   3.517252541148528E-001   4.407994537228174E-001
   4.693747264426344E-001   7.425415566529023E-001
   9.869804746983138E-001   3.513294462054425E-001
       -1.599669839509575   3.890513562784790E-001
   2.343389723682107E-001   4.534650871505458E-001
   5.794092359172802E-001   7.887003219684737E-001
   7.350561843635866E-001   4.866987207377320E-001
   4.378827553088478E-001   6.870777497267281E-001
   4.900142230351198E-001   4.805153948150122E-001
   5.173753387814086E-001   7.304060803620573E-001
   1.749155866175937E-001   6.098953519831098E-001
   5.930756086924568E-001   7.776155898940115E-001
   8.894274150007353E-002   4.541069593003843E-001
   4.204360617695601E-001   7.784480046679751E-001
   7.765260177072161E-001   3.892673430013279E-001
   5.083292336861766E-001   6.948797262462968E-001
   7.652715098223092E-001   3.893487385975126E-001
   5.017682656233521E-001   6.945598965500166E-001
   3.200768259591273E-001   4.394577380932049E-001
   3.167013721489142E-001   7.052631349339339E-001
   5.199032920822975E-001   4.234736534537816E-001
   7.632624566177000E-001   7.981091295511316E-001
   9.602450743118796E-001   2.913924185551087E-001
  -8.043181921025929E-001   2.593499027722499E-001
   5.396027717057290E-001   3.570883229843684E-001
  -9.972143107803424E-001   2.718268232345497E-001
   2.441206492913473E-001   4.546622852831074E-001
   4.026846118064621E-001   7.383160783759489E-001
  -1.083822236878322E-002   4.630810457769090E-001
   3.991911579497291E-001   7.593429952187262E-001
   6.430822419985714E-001   4.301895795890650E-001
   6.203015909424348E-001   7.344138708379645E-001
   8.039063673430511E-001   3.508951445370037E-001
  -8.332272973936815E-001   2.388550113449626E-001
   8.985514097957735E-001   4.547976213169376E-001
   7.534977015647468E-001   7.696600582092027E-001
   2.696531153905488E-001   4.499427375981718E-001
   4.507104603891436E-001   7.489785791639172E-001
   2.660729141229352E-001   4.500611341141882E-001
   3.629168237499474E-001   7.262703182562278E-001
   7.602279613715899E-001   3.933112919438259E-001
   5.411793730486106E-001   7.061897653003719E-001
   3.049692254297525E-001   4.420121786885102E-001
   3.022805040735401E-001   7.038389919257894E-001
  -1.937509300237197E-002   4.527587461319545E-001
   4.891652349422969E-001   7.622794113228564E-001
   4.635553182846921E-001   4.162440920728891E-001
   6.888909958065305E-001   7.999888501567548E-001
   5.850581037600496E-001   3.442423566746114E-001
  -9.937197973937948E-001   2.691189544071844E-001
   4.226301053643097E-001   4.132457996663318E-001
   6.713125690619861E-001   7.986833699641709E-001
        1.081332254689714   4.330800750978106E-001
   7.051540880815322E-001   7.160161439665175E-001
        1.494647410158995   3.333902251651434E-001
       -1.242446438919919   4.450552545451891E-001
   5.641231158181423E-001   4.149700159255050E-001
   6.668832346944459E-001   7.816560941491559E-001
   4.587482983002392E-002   4.555899121613119E-001
   3.718607020044279E-001   7.666129666026890E-001
        1.475956339466203   3.317755033700187E-001
       -1.234705302710505   4.373219271757319E-001
        1.019786061639439   4.442085243964814E-001
   7.961435496910936E-001   7.485141300465531E-001
   1.792780670353637E-001   4.498956026636226E-001
   4.094914102830432E-001   7.645423191514968E-001
   7.336707970070930E-001   4.027155398218589E-001
   6.092888187238258E-001   7.309138838949857E-001
   2.760524098451315E-001   4.479503004620642E-001
   4.025907511512910E-001   7.371812202112978E-001
        1.087769604180239   3.207196987602325E-001
  -7.264353929100151E-001   2.663512941538505E-001
        1.205792234380995   2.965534221605264E-001
  -6.318410668073084E-001   2.222609920155244E-001
  -3.430101861625005E-002   4.716410927569596E-001
   3.968149542922177E-001   7.807882007242196E-001
   5.541308993506445E-001   4.428278239814741E-001
   7.291005402881362E-001   7.637290900786871E-001
        1.475950323008155   3.317771723327370E-001
       -1.234718878717716   4.373300596199109E-001
        1.138808937936016   4.172001388332239E-001
   6.245788840595304E-001   6.797103443335647E-001
   2.014944754229443E-001   4.586111847041358E-001
   4.874900016495791E-001   7.693355273815516E-001
   6.675989547690191E-001   4.142926575166068E-001
   7.107103605076642E-001   7.591337103395212E-001
   6.479378426986385E-001   4.375619924071759E-001
   6.673951421620856E-001   7.504438248467552E-001
   2.384055600720341E-001   4.555419949180048E-001
   4.394290386331090E-001   7.488694448957186E-001
   3.766587089927837E-001   4.097121514699206E-001
   6.934019481080128E-001   7.921352227633054E-001
   7.656297819822229E-001   3.942503365156363E-001
   5.463536310108232E-001   7.081300256030142E-001
   3.051055707170212E-001   4.411033242096028E-001
   2.626754757490266E-001   6.923670687545855E-001
   7.403277398746818E-001   3.932053357083725E-001
   5.220245758815859E-001   7.040478589114149E-001
        1.603133207257414   5.299385906618067E-001
   9.898354943263936E-001   7.333710530837756E-001
        1.127305086334215   5.910469867864893E-001
   8.090025075113995E-001   6.272176522839166E-001
        1.158816175148587   5.886636729589193E-001
   9.622068109098931E-001   7.520136339653117E-001
        1.936489976814689   3.447465865204810E-001
       -1.070858095782121   4.362743662032982E-001
        1.352096996830174   5.423301468091078E-001
   9.743564139135182E-001   7.795887279342226E-001
        1.055611395275740   4.140811248839065E-001
   6.829543819239690E-001   7.101012863380397E-001
        1.406251927686049   5.257970110350008E-001
   9.239605011474062E-001   7.341624476001226E-001
        1.042785237068538   4.112171106693949E-001
   6.689254294585726E-001   7.059293478035376E-001
        1.155638362878927   4.062975254517829E-001
   8.424763371095967E-001   7.274222316171238E-001
   2.910268597420808E-001   4.649408139533268E-001
   5.302880773553843E-001   7.443362503032587E-001
   2.708047932539281E-001   4.689706556470590E-001
   5.686645794706293E-001   7.528321196973250E-001
        1.549570069134700   5.190238002200848E-001
   9.459930394447803E-001   7.301928142319553E-001
        1.178311126304714   5.614922001645662E-001
   9.678172162233328E-001   7.526585051004240E-001
        1.235918562406754   5.822615630877003E-001
        1.002309641326839   7.533355837092328E-001
   8.889882359556460E-001   4.311521099765612E-001
   7.913992954511530E-001   7.626288681967067E-001
   1.948111113273855E-001   4.919159483639072E-001
   6.373118999753241E-001   7.719445654755843E-001
        1.455056307350301   5.495157939871759E-001
   9.121541958627480E-001   7.511692175970839E-001
        1.564531596955707   5.350264785714438E-001
   9.997148881953294E-001   7.450125333916799E-001
        1.215124593535162   5.604413097499341E-001
   8.980360223525999E-001   7.351501379884625E-001
        1.653097265900728   5.734152814967910E-001
        1.190666517301040   7.576397529287009E-001
        1.560276166151848   4.952486645486626E-001
   9.005649117644453E-001   7.058618448217185E-001
        1.502191366305637   5.313931457276906E-001
        1.000996478449205   7.552976138115165E-001
        1.604574408588580   5.351065564542345E-001
   9.356572296718068E-001   7.243311889737511E-001
        1.718071661708902   3.627173621232296E-001
       -1.126771058683943   4.585962073665105E-001
        2.169284904557564   5.251673328662750E-001
       -1.068155398609753   4.986519876442442E-001
        1.102153331171438   5.213708408884028E-001
   8.429624211040360E-001   7.541017364840567E-001
        1.166670135978954   5.425247553736986E-001
   8.747157604188777E-001   7.392577709251510E-001
   2.433074888885829E-001   4.781650944983541E-001
   6.700152938730769E-001   7.704788189835302E-001
        1.200984018232842   5.446538121682797E-001
   8.361200334039122E-001   7.282883702241337E-001
   5.831616479413373E-001   4.146771030843802E-001
   7.445232789064714E-001   7.544014681188697E-001
        1.951222677347293   5.033730794363483E-001
  -3.249286782472367E-001   3.293280504508128E-001
        1.623434536744198   5.221159417530126E-001
        1.185125456422048   7.546889811974044E-001
        1.509621671024796   5.039498589712731E-001
   9.349275680328302E-001   7.278372682929022E-001
        1.124034911994563   5.297926363103520E-001
   8.732642692473240E-001   7.526174315730977E-001
        2.005733731009212   4.954309548988849E-001
       -1.162578431330060   4.581008862058085E-001
        1.292148087634495   5.536962124404096E-001
   7.923452746409652E-001   7.166499076162792E-001
        1.837863558828203   5.129219943798112E-001
  -4.112578101347869E-001   3.321167159571420E-001
  -5.331177349466101E-001   7.992434316102156E-001
   3.961155726047007E-001   8.290382454660004E-001
           0
