  -3.402823466385289E+038      154750        1921
  -3.402823466385289E+038       72450        1922
  -3.402823466385289E+038      256197        1923
  -3.402823466385289E+038      356068        1924
  -3.402823466385289E+038       91976        1925
    -3406.971511829480278      680987        1926
  -3.402823466385289E+038      856347        1927
  -3.402823466385289E+038      129198        1928
  -3.402823466385289E+038      401245        1929
  -3.402823466385289E+038      904490        1930
  -3.402823466385289E+038      608208        1931
  -3.402823466385289E+038       90218        1932
  -3.402823466385289E+038      611687        1933
  -3.402823466385289E+038      966994        1934
  -3.402823466385289E+038      483599        1935
  -3.402823466385289E+038      444363        1936
  -3.402823466385289E+038      766178        1937
  -3.402823466385289E+038      988290        1938
  -3.402823466385289E+038      209986        1939
  -3.402823466385289E+038      344410        1940
  -3.402823466385289E+038      164643        1941
  -3.402823466385289E+038      125763        1942
  -3.402823466385289E+038      784504        1943
  -3.402823466385289E+038      820170        1944
  -3.402823466385289E+038      242970        1945
  -3.402823466385289E+038      928085        1946
  -3.402823466385289E+038      331259        1947
  -3.402823466385289E+038      891481        1948
  -3.402823466385289E+038      594127        1949
  -3.402823466385289E+038      118244        1950
  -3.402823466385289E+038      471512        1951
  -3.402823466385289E+038      215483        1952
  -3.402823466385289E+038      768687        1953
  -3.402823466385289E+038      662359        1954
  -3.402823466385289E+038      564643        1955
  -3.402823466385289E+038      932449        1956
  -3.402823466385289E+038      643910        1957
  -3.402823466385289E+038      772315        1958
  -3.402823466385289E+038       76847        1959
  -3.402823466385289E+038      116136        1960
  -3.402823466385289E+038      189463        1961
  -3.402823466385289E+038      526265        1962
  -3.402823466385289E+038      739458        1963
  -3.402823466385289E+038      227786        1964
  -3.402823466385289E+038      234137        1965
  -3.402823466385289E+038      427363        1966
  -3.402823466385289E+038      883789        1967
  -3.402823466385289E+038      795831        1968
  -3.402823466385289E+038      286835        1969
  -3.402823466385289E+038      738142        1970
  -3.402823466385289E+038      929361        1971
  -3.402823466385289E+038      261759        1972
  -3.402823466385289E+038      563993        1973
  -3.402823466385289E+038      533691        1974
  -3.402823466385289E+038      448749        1975
  -3.402823466385289E+038       40588        1976
  -3.402823466385289E+038      516908        1977
  -3.402823466385289E+038      184656        1978
  -3.402823466385289E+038      923767        1979
  -3.402823466385289E+038      988537        1980
  -3.402823466385289E+038      943550        1981
  -3.402823466385289E+038      780626        1982
  -3.402823466385289E+038      177414        1983
  -3.402823466385289E+038      503540        1984
  -3.402823466385289E+038      835019        1985
  -3.402823466385289E+038      462167        1986
  -3.402823466385289E+038       75718        1987
  -3.402823466385289E+038       21130        1988
  -3.402823466385289E+038      266349        1989
  -3.402823466385289E+038      382611        1990
  -3.402823466385289E+038      115929        1991
  -3.402823466385289E+038      620550        1992
  -3.402823466385289E+038      505082        1993
  -3.402823466385289E+038      927045        1994
  -3.402823466385289E+038      201311        1995
  -3.402823466385289E+038      899942        1996
  -3.402823466385289E+038       92355        1997
  -3.402823466385289E+038      502974        1998
  -3.402823466385289E+038      294948        1999
  -3.402823466385289E+038      266425        2000
  -3.402823466385289E+038      270249        2001
  -3.402823466385289E+038      994893        2002
  -3.402823466385289E+038       76204        2003
  -3.402823466385289E+038      532095        2004
  -3.402823466385289E+038      169882        2005
  -3.402823466385289E+038      141887        2006
  -3.402823466385289E+038      114115        2007
  -3.402823466385289E+038      613319        2008
  -3.402823466385289E+038      543202        2009
  -3.402823466385289E+038      697272        2010
  -3.402823466385289E+038      420002        2011
  -3.402823466385289E+038       23143        2012
  -3.402823466385289E+038      250631        2013
  -3.402823466385289E+038      690330        2014
  -3.402823466385289E+038      262076        2015
  -3.402823466385289E+038      513448        2016
  -3.402823466385289E+038      758437        2017
  -3.402823466385289E+038      919494        2018
  -3.402823466385289E+038      961880        2019
  -3.402823466385289E+038      518472        2020
  -3.402823466385289E+038      429335        2021
  -3.402823466385289E+038      425831        2022
  -3.402823466385289E+038      668293        2023
  -3.402823466385289E+038      173814        2024
  -3.402823466385289E+038      588887        2025
  -3.402823466385289E+038      931959        2026
  -3.402823466385289E+038      776546        2027
  -3.402823466385289E+038      273640        2028
  -3.402823466385289E+038      143337        2029
  -3.402823466385289E+038      546118        2030
  -3.402823466385289E+038      330772        2031
  -3.402823466385289E+038      420636        2032
  -3.402823466385289E+038      553174        2033
  -3.402823466385289E+038      910119        2034
  -3.402823466385289E+038      786984        2035
  -3.402823466385289E+038      668655        2036
  -3.402823466385289E+038      481974        2037
  -3.402823466385289E+038      354693        2038
  -3.402823466385289E+038      247610        2039
  -3.402823466385289E+038      935195        2040
  -3.402823466385289E+038      879409        2041
  -3.402823466385289E+038      371138        2042
  -3.402823466385289E+038      818278        2043
  -3.402823466385289E+038       61127        2044
  -3.402823466385289E+038      782096        2045
  -3.402823466385289E+038      714574        2046
  -3.402823466385289E+038      164467        2047
  -3.402823466385289E+038       42638        2048
    -3404.314351747900218      680987        1926
  -3.402823466385289E+038       42638        2048
  -3.402823466385289E+038      164467        2047
  -3.402823466385289E+038      714574        2046
  -3.402823466385289E+038      782096        2045
  -3.402823466385289E+038       61127        2044
  -3.402823466385289E+038      818278        2043
  -3.402823466385289E+038      371138        2042
  -3.402823466385289E+038      879409        2041
  -3.402823466385289E+038      935195        2040
  -3.402823466385289E+038      247610        2039
  -3.402823466385289E+038      354693        2038
  -3.402823466385289E+038      481974        2037
  -3.402823466385289E+038      668655        2036
  -3.402823466385289E+038      786984        2035
  -3.402823466385289E+038      910119        2034
       -2.844919293790343
        2.796378921534787
   4.595780171328930E-001
   7.277801114372450E-001
  -3.167196333422776E-001
   5.754924718609705E-002
   4.595780171328930E-001
   7.277801114372450E-001
        1.413931309739879
       -3.116096770420076
   4.595780171328930E-001
   7.277801114372450E-001
        1.747707617392742
   2.621686016991912E-001
   4.595780171328930E-001
   7.277801114372450E-001
  -1.075867681301689E-011
   1.042765179833689E-011
  -2.794001407882054E-012
   8.998346446738415E-013
  -1.187888999790765E-011
   1.924632683051970E-011
  -1.220624177491266E-011
   1.891897506739145E-011
   1.640586480522764E-011
  -4.178252252082828E-012
   2.947853382744342E-011
   4.367421884149869E-003
   1.908014665629837E-001
   3.293246768000289E-002
   3.718289046201468E-002
   6.812703698643019E-001
  -2.376191381769376E-001
  -7.544823684128471E-002
   1.244280049177860E-001
   1.875153715372486E-001
   1.129947090267877E-001
  -6.596651492006567E-002
   3.685780352820572E-002
   9.927171590562942E-002
  -2.157235134697807E-001
   1.135084277675319E-001
  -1.750578241984472E-001
  -3.103648668557498E-001
   1.024346997066045E-001
   1.383317671984565E-002
   1.910282670659776E-001
   2.293847373517678E-001
  -5.702967410953539E-002
   7.728248563102404E-002
  -1.688775377624382E-001
   1.457964946832996E-001
   1.437032873379396E-001
  -1.643086986321297E-001
   1.586131222196672E-001
  -7.023170296301067E-001
   9.545881589714112E-001
  -9.380907139154107E-001
   7.467022675215299E-001
   8.774471729575739E-001
        1.776954861866674
   4.830688736376507E-001
        1.579803744608627
       -1.533862611900936
        2.263543688690019
        1.756291506559704
   7.026663677779751E-001
        3.413845155976797
       -3.710941680568006
       -1.813071193684764
        2.150655375411505
        2.150655570401308
        2.150608232355878
        2.150608372021925
       -1.462980063872384
        1.465842644691527
        1.427601442488991
  -5.951918318546546E-001
   4.272744740630242E-001
       -1.900789584720339
   4.335638468969358E-001
        1.767856579795166
        2.108853195261504
        1.306828668905614
        1.650473389028894
       -2.205418131125705
        3.251189193234123
   8.139510549818438E-001
      -27.342603472491000
        1.859936987711390
       -1.595722288958619
  -3.561613751421787E-001
  -1.125600076516754E-001
  -7.852967658835899E-002
  -1.330581282112160E-001
   3.064305793493931E-001
   3.114706832675855E-001
  -3.880164604392183E-001
   6.485665846061531E-002
   1.724042905203913E-001
  -5.433920811073425E-002
   1.590644622170317E-001
   1.173114615734881E-001
   1.066084073735742E-001
   7.490475873838050E-002
   8.308421057175186E-002
   3.026686648991520E-015
   2.884550355230706E-013
   2.885513913458187E-013
      -33.431307888897678
      -28.884785364478248
      -36.878483847561817
         102
           0
