    -3285.406972522121123      452342        3073
  -3.402823466385289E+038      596170        3074
  -3.402823466385289E+038      111494        3075
  -3.402823466385289E+038      794426        3076
  -3.402823466385289E+038      225561        3077
  -3.402823466385289E+038      322464        3078
  -3.402823466385289E+038      425133        3079
  -3.402823466385289E+038      352184        3080
  -3.402823466385289E+038      548036        3081
  -3.402823466385289E+038      745249        3082
  -3.402823466385289E+038      718593        3083
  -3.402823466385289E+038      867423        3084
  -3.402823466385289E+038      979276        3085
  -3.402823466385289E+038      400139        3086
  -3.402823466385289E+038       15150        3087
  -3.402823466385289E+038      509415        3088
  -3.402823466385289E+038      383636        3089
  -3.402823466385289E+038      948834        3090
  -3.402823466385289E+038      689967        3091
  -3.402823466385289E+038      485816        3092
  -3.402823466385289E+038      904241        3093
  -3.402823466385289E+038      914462        3094
  -3.402823466385289E+038      831417        3095
  -3.402823466385289E+038       12939        3096
  -3.402823466385289E+038      705989        3097
  -3.402823466385289E+038      354564        3098
  -3.402823466385289E+038       60380        3099
  -3.402823466385289E+038      911681        3100
  -3.402823466385289E+038      565930        3101
  -3.402823466385289E+038      625189        3102
  -3.402823466385289E+038      467054        3103
  -3.402823466385289E+038      837992        3104
  -3.402823466385289E+038      746416        3105
  -3.402823466385289E+038      738220        3106
  -3.402823466385289E+038      586121        3107
  -3.402823466385289E+038      214821        3108
  -3.402823466385289E+038      654248        3109
  -3.402823466385289E+038      365814        3110
  -3.402823466385289E+038      474518        3111
  -3.402823466385289E+038      841121        3112
  -3.402823466385289E+038      240241        3113
    -3229.520686505382400      442879        3114
  -3.402823466385289E+038      970939        3115
  -3.402823466385289E+038       40947        3116
  -3.402823466385289E+038      941301        3117
  -3.402823466385289E+038      883576        3118
  -3.402823466385289E+038      158480        3119
  -3.402823466385289E+038      387058        3120
  -3.402823466385289E+038      335866        3121
  -3.402823466385289E+038      326944        3122
  -3.402823466385289E+038      100345        3123
  -3.402823466385289E+038      216506        3124
  -3.402823466385289E+038      212202        3125
  -3.402823466385289E+038      133285        3126
  -3.402823466385289E+038      824535        3127
  -3.402823466385289E+038      464292        3128
  -3.402823466385289E+038      793768        3129
  -3.402823466385289E+038      678766        3130
  -3.402823466385289E+038      539883        3131
  -3.402823466385289E+038      779095        3132
  -3.402823466385289E+038      416157        3133
  -3.402823466385289E+038      411984        3134
  -3.402823466385289E+038      587750        3135
  -3.402823466385289E+038      585553        3136
  -3.402823466385289E+038      444660        3137
  -3.402823466385289E+038      546374        3138
  -3.402823466385289E+038      942094        3139
  -3.402823466385289E+038      968857        3140
  -3.402823466385289E+038      463232        3141
  -3.402823466385289E+038      935426        3142
  -3.402823466385289E+038       53570        3143
  -3.402823466385289E+038      455429        3144
  -3.402823466385289E+038      541019        3145
  -3.402823466385289E+038      999166        3146
  -3.402823466385289E+038      107066        3147
  -3.402823466385289E+038      941043        3148
  -3.402823466385289E+038      581912        3149
  -3.402823466385289E+038      180654        3150
  -3.402823466385289E+038      716642        3151
  -3.402823466385289E+038      423665        3152
  -3.402823466385289E+038      499951        3153
  -3.402823466385289E+038      374756        3154
  -3.402823466385289E+038      261045        3155
  -3.402823466385289E+038      398349        3156
  -3.402823466385289E+038      845466        3157
  -3.402823466385289E+038      560717        3158
  -3.402823466385289E+038      568475        3159
  -3.402823466385289E+038      870609        3160
  -3.402823466385289E+038      702449        3161
  -3.402823466385289E+038      203592        3162
  -3.402823466385289E+038       69487        3163
  -3.402823466385289E+038      669320        3164
  -3.402823466385289E+038      193926        3165
  -3.402823466385289E+038      227770        3166
  -3.402823466385289E+038      254020        3167
  -3.402823466385289E+038      679891        3168
  -3.402823466385289E+038      232654        3169
  -3.402823466385289E+038      488814        3170
  -3.402823466385289E+038      886520        3171
  -3.402823466385289E+038      512048        3172
  -3.402823466385289E+038      873388        3173
  -3.402823466385289E+038      556697        3174
    -3253.574120898258570      126505        3175
  -3.402823466385289E+038      903246        3176
  -3.402823466385289E+038      829575        3177
  -3.402823466385289E+038      110389        3178
  -3.402823466385289E+038      743613        3179
  -3.402823466385289E+038       14721        3180
  -3.402823466385289E+038       44644        3181
  -3.402823466385289E+038      755611        3182
  -3.402823466385289E+038      375054        3183
  -3.402823466385289E+038      633984        3184
  -3.402823466385289E+038      458784        3185
  -3.402823466385289E+038       66600        3186
  -3.402823466385289E+038      630121        3187
  -3.402823466385289E+038      485948        3188
  -3.402823466385289E+038      675755        3189
  -3.402823466385289E+038      699580        3190
  -3.402823466385289E+038      390788        3191
  -3.402823466385289E+038      533267        3192
  -3.402823466385289E+038      256717        3193
  -3.402823466385289E+038      961908        3194
  -3.402823466385289E+038      485590        3195
  -3.402823466385289E+038      893715        3196
  -3.402823466385289E+038      948974        3197
  -3.402823466385289E+038      287545        3198
  -3.402823466385289E+038       71086        3199
  -3.402823466385289E+038      569777        3200
  -3.402823466385289E+038      541342        3201
  -3.402823466385289E+038      402557        3202
  -3.402823466385289E+038       72387        3203
  -3.402823466385289E+038       91119        3204
  -3.402823466385289E+038      276397        3205
  -3.402823466385289E+038      677041        3206
  -3.402823466385289E+038      935274        3207
  -3.402823466385289E+038       64791        3208
  -3.402823466385289E+038      529308        3209
  -3.402823466385289E+038      496792        3210
  -3.402823466385289E+038      407732        3211
  -3.402823466385289E+038      332917        3212
  -3.402823466385289E+038      224806        3213
  -3.402823466385289E+038      755386        3214
  -3.402823466385289E+038      881058        3215
  -3.402823466385289E+038      725083        3216
  -3.402823466385289E+038      715260        3217
  -3.402823466385289E+038      399539        3218
  -3.402823466385289E+038      510814        3219
  -3.402823466385289E+038      351165        3220
    -3293.943276779786174       16220        3221
  -3.402823466385289E+038      417713        3222
  -3.402823466385289E+038      115831        3223
  -3.402823466385289E+038      104055        3224
  -3.402823466385289E+038      884737        3225
  -3.402823466385289E+038      611958        3226
  -3.402823466385289E+038      676223        3227
  -3.402823466385289E+038      142853        3228
  -3.402823466385289E+038       19333        3229
  -3.402823466385289E+038      272764        3230
  -3.402823466385289E+038      649554        3231
  -3.402823466385289E+038      588056        3232
  -3.402823466385289E+038      560128        3233
  -3.402823466385289E+038      827063        3234
  -3.402823466385289E+038      176439        3235
  -3.402823466385289E+038      747511        3236
  -3.402823466385289E+038      361267        3237
  -3.402823466385289E+038      167280        3238
  -3.402823466385289E+038      832635        3239
  -3.402823466385289E+038      309767        3240
  -3.402823466385289E+038      497801        3241
  -3.402823466385289E+038      786887        3242
  -3.402823466385289E+038      953684        3243
  -3.402823466385289E+038      619752        3244
  -3.402823466385289E+038       22170        3245
  -3.402823466385289E+038      456812        3246
  -3.402823466385289E+038      738379        3247
  -3.402823466385289E+038      459673        3248
  -3.402823466385289E+038      503619        3249
  -3.402823466385289E+038      118724        3250
  -3.402823466385289E+038      725158        3251
  -3.402823466385289E+038      754057        3252
  -3.402823466385289E+038      919335        3253
  -3.402823466385289E+038       58195        3254
  -3.402823466385289E+038      369026        3255
  -3.402823466385289E+038      338967        3256
  -3.402823466385289E+038      109669        3257
  -3.402823466385289E+038       36369        3258
  -3.402823466385289E+038      685607        3259
  -3.402823466385289E+038      377751        3260
  -3.402823466385289E+038      243593        3261
  -3.402823466385289E+038      144257        3262
  -3.402823466385289E+038      371072        3263
  -3.402823466385289E+038      431630        3264
  -3.402823466385289E+038      833278        3265
  -3.402823466385289E+038      941728        3266
  -3.402823466385289E+038      420067        3267
  -3.402823466385289E+038      599524        3268
  -3.402823466385289E+038      852387        3269
  -3.402823466385289E+038       56662        3270
  -3.402823466385289E+038      139941        3271
  -3.402823466385289E+038      507303        3272
  -3.402823466385289E+038      677825        3273
  -3.402823466385289E+038      693264        3274
  -3.402823466385289E+038      117146        3275
  -3.402823466385289E+038      965578        3276
  -3.402823466385289E+038      561546        3277
  -3.402823466385289E+038      927241        3278
  -3.402823466385289E+038      331821        3279
  -3.402823466385289E+038      196425        3280
  -3.402823466385289E+038      964448        3281
  -3.402823466385289E+038      704204        3282
  -3.402823466385289E+038      616776        3283
  -3.402823466385289E+038      427987        3284
  -3.402823466385289E+038      720520        3285
  -3.402823466385289E+038       21740        3286
  -3.402823466385289E+038      781255        3287
  -3.402823466385289E+038      627047        3288
  -3.402823466385289E+038      138927        3289
  -3.402823466385289E+038      344416        3290
  -3.402823466385289E+038      786697        3291
  -3.402823466385289E+038      370560        3292
  -3.402823466385289E+038      972931        3293
  -3.402823466385289E+038       45556        3294
  -3.402823466385289E+038      168870        3295
  -3.402823466385289E+038      705020        3296
  -3.402823466385289E+038      103240        3297
  -3.402823466385289E+038      534052        3298
  -3.402823466385289E+038      897739        3299
  -3.402823466385289E+038      945490        3300
  -3.402823466385289E+038      261364        3301
  -3.402823466385289E+038      464143        3302
  -3.402823466385289E+038      867669        3303
  -3.402823466385289E+038      139881        3304
  -3.402823466385289E+038      382139        3305
  -3.402823466385289E+038      514098        3306
  -3.402823466385289E+038      323788        3307
  -3.402823466385289E+038      614098        3308
  -3.402823466385289E+038      990322        3309
  -3.402823466385289E+038      970791        3310
  -3.402823466385289E+038      850071        3311
  -3.402823466385289E+038      775209        3312
  -3.402823466385289E+038      705057        3313
  -3.402823466385289E+038      537926        3314
  -3.402823466385289E+038      301682        3315
  -3.402823466385289E+038      278485        3316
  -3.402823466385289E+038      151775        3317
  -3.402823466385289E+038       48057        3318
  -3.402823466385289E+038      736705        3319
  -3.402823466385289E+038      296574        3320
  -3.402823466385289E+038      749756        3321
  -3.402823466385289E+038      169819        3322
  -3.402823466385289E+038      220889        3323
  -3.402823466385289E+038      891749        3324
  -3.402823466385289E+038      461231        3325
  -3.402823466385289E+038      269990        3326
  -3.402823466385289E+038      968853        3327
  -3.402823466385289E+038      788197        3328
  -3.402823466385289E+038      442879        3114
  -3.402823466385289E+038      788197        3328
  -3.402823466385289E+038      968853        3327
  -3.402823466385289E+038      269990        3326
  -3.402823466385289E+038      461231        3325
  -3.402823466385289E+038      891749        3324
  -3.402823466385289E+038      220889        3323
  -3.402823466385289E+038      169819        3322
  -3.402823466385289E+038      749756        3321
  -3.402823466385289E+038      296574        3320
  -3.402823466385289E+038      736705        3319
  -3.402823466385289E+038       48057        3318
  -3.402823466385289E+038      151775        3317
  -3.402823466385289E+038      278485        3316
  -3.402823466385289E+038      301682        3315
  -3.402823466385289E+038      537926        3314
  -3.605290979587517E-001
   2.054086246793448E-002
   4.462974348410750E-001
   9.694396472491201E-001
  -8.934183345992182E-001
  -3.280154066790407E-001
   4.462974348410750E-001
   9.694396472491201E-001
  -3.485683351974959E-001
   2.955679472486330E-001
   4.462974348410750E-001
   9.694396472491201E-001
        1.602515767755466
   1.190659696247321E-002
   4.462974348410750E-001
   9.694396472491201E-001
  -7.854074771567719E-001
   7.947648924028042E-001
  -9.212506189878491E-001
   4.494778501152172E-001
        2.741562725487224
        3.444574104009241
        1.731767437684626
        3.400129980028203
       -2.336555264896730
        3.925473083944417
        1.989969911228704
  -6.949864027851821E-002
   1.358180001109862E-001
  -9.733781389548750E-002
  -1.405662731112009E-001
   7.269137438601269E-001
  -3.793592103587247E-001
  -5.144924924449639E-002
   1.845416997553511E-001
   2.818772673292956E-001
   1.677122548395662E-001
  -4.322904993052355E-002
   7.687260734297632E-002
   1.599220644019147E-001
  -1.831858219874649E-001
  -1.938174787447390E-002
  -9.438809347744337E-002
  -7.926267151962227E-002
   2.983732430244841E-001
   6.938775627080229E-002
   2.131445966118671E-001
   2.313628398901845E-001
  -3.629082001785505E-002
   1.091705022576995E-001
  -1.111906828539150E-001
   1.455736437938721E-001
   1.528091468112281E-001
  -1.025922424904750E-001
   1.484277045932273E-001
       -1.468880082598328
   4.887721594486926E-001
       -1.328893872700519
        1.290900345410060
   5.164421989160193E-001
        1.724035060309477
   4.554330015008578E-001
        1.191224116037652
        2.457656935267836
       -1.930025566671619
        1.433928139905175
  -2.765411999550665E-001
        1.253452254964453
  -9.636320901948734E-001
   8.024723051759752E-001
       -2.113577444016661
   5.181506471247452E-002
       -2.900260557538180
  -5.138087877977183E-002
       -1.855711170346446
        3.004071786035194
        1.229747585494644
  -1.832896122499111E-001
   8.665982197178774E-001
       -1.490953260829416
   4.295139641341641E-001
        1.622592146328500
        1.971809788773765
        1.111907151039521
        1.476735377688270
       -1.685792582511622
        2.234297226707865
   7.394941441735352E-001
        1.273883385667871
  -6.711711179225426E-001
   3.916210856711802E-001
  -3.561613751422577E-001
  -1.125600076516925E-001
  -7.852967658830252E-002
  -1.330581282111378E-001
   3.064305793493980E-001
   3.114706832672839E-001
  -3.880164604389006E-001
   6.485665846058331E-002
   1.724042905202571E-001
  -5.433920811104784E-002
   1.590644622167990E-001
   1.173114615734454E-001
   1.066084073734336E-001
   7.490475873808355E-002
   8.308421057166268E-002
   1.085599278006987E-015
   1.822278044566994E-015
   1.473447150217340E-012
      -34.456644230435955
      -34.844379742989446
      -27.244653970373605
         461
           0
