Mplus VERSION 8.10
MUTHEN & MUTHEN
03/27/2025   8:24 PM

INPUT INSTRUCTIONS

  TITLE: Your title goes here

  DATA: FILE = "data/lalonde_obs.csv";

  VARIABLE:
  NAMES = re78 treat marr nodegree black hispanic q1 q2 q3 q4;
  USEV = treat-hispanic q1-q4;
  CATEGORICAL = marr-hispanic;
  CLASSES = C(3);
  MISSING=.;
  AUXILIARY = re78;


  ANALYSIS:
  TYPE = mixture;
  ESTIMATOR = MLR;
  PROCESSORS = 8;
  STARTS = 32 8;



  MODEL:

  %OVERALL%

      c#1 ON treat* (b01);
      c#2 ON treat* (b02);

      [ c#1* ] (b12);
      [ c#2* ] (b22);

      q1 with q2-q4@0;
      q2 with q3-q4@0;
      q3 with q4@0;

      q1-q4*;

  %C#1%
      [marr$1-hispanic$1*] (at1-at4);
      [q1-q4*] (am1-am4);
      q1-q4* (av1-av4);


  %C#2%
      [marr$1-hispanic$1*] (bt1-bt4);
      [q1-q4*] (bm1-bm4);
      q1-q4* (bv1-bv4);


  %C#3%
      [marr$1-hispanic$1*] (ct1-ct4);
      [q1-q4*] (cm1-cm4);
      q1-q4* (cv1-cv4);




  OUTPUT:
  svalues;




INPUT READING TERMINATED NORMALLY



Your title goes here

SUMMARY OF ANALYSIS

Number of groups                                                 1
Number of observations                                        2675

Number of dependent variables                                    8
Number of independent variables                                  1
Number of continuous latent variables                            0
Number of categorical latent variables                           1

Observed dependent variables

  Continuous
   Q1          Q2          Q3          Q4

  Binary and ordered categorical (ordinal)
   MARR        NODEGREE    BLACK       HISPANIC

Observed independent variables
   TREAT

Observed auxiliary variables
   RE78

Categorical latent variables
   C


Estimator                                                      MLR
Information matrix                                        OBSERVED
Optimization Specifications for the Quasi-Newton Algorithm for
Continuous Outcomes
  Maximum number of iterations                                 100
  Convergence criterion                                  0.100D-05
Optimization Specifications for the EM Algorithm
  Maximum number of iterations                                 500
  Convergence criteria
    Loglikelihood change                                 0.100D-06
    Relative loglikelihood change                        0.100D-06
    Derivative                                           0.100D-05
Optimization Specifications for the M step of the EM Algorithm for
Categorical Latent variables
  Number of M step iterations                                    1
  M step convergence criterion                           0.100D-05
  Basis for M step termination                           ITERATION
Optimization Specifications for the M step of the EM Algorithm for
Censored, Binary or Ordered Categorical (Ordinal), Unordered
Categorical (Nominal) and Count Outcomes
  Number of M step iterations                                    1
  M step convergence criterion                           0.100D-05
  Basis for M step termination                           ITERATION
  Maximum value for logit thresholds                            15
  Minimum value for logit thresholds                           -15
  Minimum expected cell size for chi-square              0.100D-01
Maximum number of iterations for H1                           2000
Convergence criterion for H1                             0.100D-03
Optimization algorithm                                         EMA
Random Starts Specifications
  Number of initial stage random starts                         32
  Number of final stage optimizations                            8
  Number of initial stage iterations                            10
  Initial stage convergence criterion                    0.100D+01
  Random starts scale                                    0.500D+01
  Random seed for generating random starts                       0
Link                                                         LOGIT

Input data file(s)
  data/lalonde_obs.csv
Input data format  FREE


SUMMARY OF DATA

     Number of missing data patterns             1
     Number of y missing data patterns           1
     Number of u missing data patterns           1


COVARIANCE COVERAGE OF DATA

Minimum covariance coverage value   0.100


     PROPORTION OF DATA PRESENT FOR Y


           Covariance Coverage
              Q1            Q2            Q3            Q4            TREAT
              ________      ________      ________      ________      ________
 Q1             1.000
 Q2             1.000         1.000
 Q3             1.000         1.000         1.000
 Q4             1.000         1.000         1.000         1.000
 TREAT          1.000         1.000         1.000         1.000         1.000


UNIVARIATE PROPORTIONS AND COUNTS FOR CATEGORICAL VARIABLES

    MARR
      Category 1    0.181          483.000
      Category 2    0.819         2192.000
    NODEGREE
      Category 1    0.667         1784.000
      Category 2    0.333          891.000
    BLACK
      Category 1    0.708         1895.000
      Category 2    0.292          780.000
    HISPANIC
      Category 1    0.966         2583.000
      Category 2    0.034           92.000



UNIVARIATE SAMPLE STATISTICS


     UNIVARIATE HIGHER-ORDER MOMENT DESCRIPTIVE STATISTICS

         Variable/         Mean/     Skewness/   Minimum/ % with                Percentiles
        Sample Size      Variance    Kurtosis    Maximum  Min/Max      20%/60%    40%/80%    Median

     Q1                    0.000      -0.426      -3.928    0.11%      -0.653      0.002      0.002
            2675.000       1.000       0.339       1.639    7.89%       0.002      0.984
     Q2                    0.000       0.383      -1.641    0.49%      -0.974     -0.593     -0.212
            2675.000       1.000      -1.116       1.979    1.46%       0.169      1.121
     Q3                    0.000       1.240      -1.328   12.93%      -0.900     -0.300     -0.058
            2675.000       1.000       4.566       8.666    0.04%       0.157      0.701
     Q4                    0.000       1.348      -1.286   13.46%      -0.937     -0.272     -0.061
            2675.000       1.000       5.845      10.002    0.04%       0.171      0.661
     TREAT                 0.069       3.396       0.000   93.08%       0.000      0.000      0.000
            2675.000       0.064       9.534       1.000    6.92%       0.000      0.000

RANDOM STARTS RESULTS RANKED FROM THE BEST TO THE WORST LOGLIKELIHOOD VALUES


2 perturbed starting value run(s) did not converge.
Final stage loglikelihood values at local maxima, seeds, and initial stage start numbers:

          -17286.396  195873           6
          -17286.396  392418           28
          -17286.396  608496           4
          -17360.023  127215           9
          -17360.023  637345           19

3 perturbed starting value run(s) did not converge.



THE BEST LOGLIKELIHOOD VALUE HAS BEEN REPLICATED.  RERUN WITH AT LEAST TWICE THE
RANDOM STARTS TO CHECK THAT THE BEST LOGLIKELIHOOD IS STILL OBTAINED AND REPLICATED.

     IN THE OPTIMIZATION, ONE OR MORE LOGIT THRESHOLDS APPROACHED EXTREME VALUES
     OF -15.000 AND 15.000 AND WERE FIXED TO STABILIZE MODEL ESTIMATION.  THESE
     VALUES IMPLY PROBABILITIES OF 0 AND 1.  IN THE MODEL RESULTS SECTION, THESE
     PARAMETERS HAVE 0 STANDARD ERRORS AND 999 IN THE Z-SCORE AND P-VALUE COLUMNS.




THE MODEL ESTIMATION TERMINATED NORMALLY



MODEL FIT INFORMATION

Number of Free Parameters                       40

Loglikelihood

          H0 Value                      -17286.396
          H0 Scaling Correction Factor      1.4839
            for MLR

Information Criteria

          Akaike (AIC)                   34652.793
          Bayesian (BIC)                 34888.461
          Sample-Size Adjusted BIC       34761.369
            (n* = (n + 2) / 24)

Chi-Square Test of Model Fit for the Binary and Ordered Categorical
(Ordinal) Outcomes

          Pearson Chi-Square

          Value                             88.741
          Degrees of Freedom                     1
          P-Value                           0.0000

          Likelihood Ratio Chi-Square

          Value                            116.881
          Degrees of Freedom                     1
          P-Value                           0.0000



FINAL CLASS COUNTS AND PROPORTIONS FOR THE LATENT CLASSES
BASED ON THE ESTIMATED MODEL

    Latent
   Classes

       1        266.66739          0.09969
       2        706.95011          0.26428
       3       1701.38250          0.63603


FINAL CLASS COUNTS AND PROPORTIONS FOR THE LATENT CLASSES
BASED ON ESTIMATED POSTERIOR PROBABILITIES

    Latent
   Classes

       1        266.66739          0.09969
       2        706.95011          0.26428
       3       1701.38250          0.63603


FINAL CLASS COUNTS AND PROPORTIONS FOR THE LATENT CLASSES
BASED ON THEIR MOST LIKELY LATENT CLASS MEMBERSHIP

Class Counts and Proportions

    Latent
   Classes

       1              257          0.09607
       2              716          0.26766
       3             1702          0.63626


CLASSIFICATION QUALITY

     Entropy                         0.965


Average Latent Class Probabilities for Most Likely Latent Class Membership (Row)
by Latent Class (Column)

           1        2        3

    1   0.950    0.024    0.026
    2   0.017    0.977    0.006
    3   0.006    0.001    0.993


Classification Probabilities for the Most Likely Latent Class Membership (Column)
by Latent Class (Row)

           1        2        3

    1   0.915    0.045    0.040
    2   0.009    0.990    0.002
    3   0.004    0.003    0.993


Logits for the Classification Probabilities for the Most Likely Latent Class Membership (Column)
by Latent Class (Row)

              1        2        3

    1      3.134    0.117    0.000
    2      1.735    6.463    0.000
    3     -5.527   -5.956    0.000


MODEL RESULTS

                                                    Two-Tailed
                    Estimate       S.E.  Est./S.E.    P-Value

Latent Class 1

 Q1       WITH
    Q2                 0.000      0.000    999.000    999.000
    Q3                 0.000      0.000    999.000    999.000
    Q4                 0.000      0.000    999.000    999.000

 Q2       WITH
    Q3                 0.000      0.000    999.000    999.000
    Q4                 0.000      0.000    999.000    999.000

 Q3       WITH
    Q4                 0.000      0.000    999.000    999.000

 Means
    Q1                -0.462      0.058     -8.011      0.000
    Q2                -0.833      0.089     -9.394      0.000
    Q3                -1.179      0.039    -30.194      0.000
    Q4                -1.174      0.026    -45.969      0.000

 Thresholds
    MARR$1             1.265      0.223      5.680      0.000
    NODEGREE$1        -0.642      0.167     -3.836      0.000
    BLACK$1           -1.232      0.202     -6.103      0.000
    HISPANIC$1         2.942      0.291     10.123      0.000

 Variances
    Q1                 0.430      0.076      5.640      0.000
    Q2                 0.414      0.117      3.544      0.000
    Q3                 0.057      0.017      3.383      0.001
    Q4                 0.025      0.007      3.600      0.000

Latent Class 2

 Q1       WITH
    Q2                 0.000      0.000    999.000    999.000
    Q3                 0.000      0.000    999.000    999.000
    Q4                 0.000      0.000    999.000    999.000

 Q2       WITH
    Q3                 0.000      0.000    999.000    999.000
    Q4                 0.000      0.000    999.000    999.000

 Q3       WITH
    Q4                 0.000      0.000    999.000    999.000

 Means
    Q1                -1.146      0.030    -38.667      0.000
    Q2                 0.516      0.046     11.206      0.000
    Q3                -0.212      0.033     -6.438      0.000
    Q4                -0.251      0.034     -7.468      0.000

 Thresholds
    MARR$1            -2.163      0.140    -15.425      0.000
    NODEGREE$1       -15.000      0.000    999.000    999.000
    BLACK$1            0.304      0.082      3.687      0.000
    HISPANIC$1         2.959      0.175     16.925      0.000

 Variances
    Q1                 0.518      0.033     15.825      0.000
    Q2                 0.974      0.045     21.588      0.000
    Q3                 0.482      0.031     15.699      0.000
    Q4                 0.477      0.033     14.597      0.000

Latent Class 3

 Q1       WITH
    Q2                 0.000      0.000    999.000    999.000
    Q3                 0.000      0.000    999.000    999.000
    Q4                 0.000      0.000    999.000    999.000

 Q2       WITH
    Q3                 0.000      0.000    999.000    999.000
    Q4                 0.000      0.000    999.000    999.000

 Q3       WITH
    Q4                 0.000      0.000    999.000    999.000

 Means
    Q1                 0.548      0.016     34.266      0.000
    Q2                -0.084      0.024     -3.567      0.000
    Q3                 0.273      0.026     10.423      0.000
    Q4                 0.288      0.026     10.936      0.000

 Thresholds
    MARR$1            -2.004      0.080    -25.068      0.000
    NODEGREE$1         5.203      0.556      9.351      0.000
    BLACK$1            1.653      0.068     24.247      0.000
    HISPANIC$1         3.634      0.154     23.600      0.000

 Variances
    Q1                 0.409      0.009     45.550      0.000
    Q2                 0.875      0.023     37.946      0.000
    Q3                 1.051      0.070     15.099      0.000
    Q4                 1.044      0.077     13.540      0.000

Categorical Latent Variables

 C#1        ON
    TREAT              7.366      0.735     10.017      0.000

 C#2        ON
    TREAT              1.756      0.902      1.947      0.052

 Intercepts
    C#1               -2.950      0.239    -12.339      0.000
    C#2               -0.884      0.047    -18.976      0.000


QUALITY OF NUMERICAL RESULTS

     Condition Number for the Information Matrix              0.550E-05
       (ratio of smallest to largest eigenvalue)


RESULTS IN PROBABILITY SCALE

                                                    Two-Tailed
                    Estimate       S.E.  Est./S.E.    P-Value

Latent Class 1

 MARR
    Category 1         0.780      0.038     20.401      0.000
    Category 2         0.220      0.038      5.755      0.000
 NODEGREE
    Category 1         0.345      0.038      9.114      0.000
    Category 2         0.655      0.038     17.325      0.000
 BLACK
    Category 1         0.226      0.035      6.398      0.000
    Category 2         0.774      0.035     21.936      0.000
 HISPANIC
    Category 1         0.950      0.014     68.648      0.000
    Category 2         0.050      0.014      3.623      0.000

Latent Class 2

 MARR
    Category 1         0.103      0.013      7.951      0.000
    Category 2         0.897      0.013     69.157      0.000
 NODEGREE
    Category 1         0.000      0.000      0.000      1.000
    Category 2         1.000      0.000      0.000      1.000
 BLACK
    Category 1         0.575      0.020     28.564      0.000
    Category 2         0.425      0.020     21.076      0.000
 HISPANIC
    Category 1         0.951      0.008    116.007      0.000
    Category 2         0.049      0.008      6.016      0.000

Latent Class 3

 MARR
    Category 1         0.119      0.008     14.196      0.000
    Category 2         0.881      0.008    105.304      0.000
 NODEGREE
    Category 1         0.995      0.003    328.513      0.000
    Category 2         0.005      0.003      1.807      0.071
 BLACK
    Category 1         0.839      0.009     91.278      0.000
    Category 2         0.161      0.009     17.476      0.000
 HISPANIC
    Category 1         0.974      0.004    252.389      0.000
    Category 2         0.026      0.004      6.666      0.000


LATENT CLASS INDICATOR ODDS RATIOS FOR THE LATENT CLASSES

                                                95% C.I.
                    Estimate       S.E.  Lower 2.5% Upper 2.5%

Latent Class 1 Compared to Latent Class 2

 MARR
    Category > 1       0.032      0.008      0.020      0.053
 NODEGREE
    Category > 1       0.000      0.000      0.000      0.000
 BLACK
    Category > 1       4.647      1.015      3.029      7.129
 HISPANIC
    Category > 1       1.018      0.349      0.520      1.991

Latent Class 1 Compared to Latent Class 3

 MARR
    Category > 1       0.038      0.009      0.024      0.060
 NODEGREE
    Category > 1     345.529    202.795    109.369   1091.625
 BLACK
    Category > 1      17.907      3.805     11.807     27.159
 HISPANIC
    Category > 1       1.998      0.663      1.043      3.827

Latent Class 2 Compared to Latent Class 3

 MARR
    Category > 1       1.173      0.182      0.865      1.590
 NODEGREE
    Category > 1   *********      0.000  *********  *********
 BLACK
    Category > 1       3.854      0.406      3.135      4.737
 HISPANIC
    Category > 1       1.964      0.458      1.243      3.101


LOGISTIC REGRESSION ODDS RATIO RESULTS

                                                95% C.I.
                    Estimate       S.E.  Lower 2.5% Upper 2.5%

Categorical Latent Variables

 C#1      ON
    TREAT           1581.605   1163.026    374.247   6684.009

 C#2      ON
    TREAT              5.787      5.220      0.988     33.901


ALTERNATIVE PARAMETERIZATIONS FOR THE CATEGORICAL LATENT VARIABLE REGRESSION

                                                    Two-Tailed
                    Estimate       S.E.  Est./S.E.    P-Value

Parameterization using Reference Class 1

 C#2      ON
    TREAT             -5.611      0.590     -9.508      0.000

 C#3      ON
    TREAT             -7.366      0.735    -10.017      0.000

 Intercepts
    C#2                2.066      0.247      8.354      0.000
    C#3                2.950      0.239     12.339      0.000

Parameterization using Reference Class 2

 C#1      ON
    TREAT              5.611      0.590      9.508      0.000

 C#3      ON
    TREAT             -1.756      0.902     -1.947      0.052

 Intercepts
    C#1               -2.066      0.247     -8.354      0.000
    C#3                0.884      0.047     18.976      0.000


ODDS RATIO FOR THE ALTERNATIVE PARAMETERIZATIONS FOR THE CATEGORICAL LATENT VARIABLE REGRESSION

                                                95% C.I.
                    Estimate       S.E.  Lower 2.5% Upper 2.5%

Parameterization using Reference Class 1

 C#2      ON
    TREAT              0.004      0.002      0.001      0.012

 C#3      ON
    TREAT              0.001      0.000      0.000      0.003

Parameterization using Reference Class 2

 C#1      ON
    TREAT            273.292    161.261     85.971    868.765

 C#3      ON
    TREAT              0.173      0.156      0.029      1.012


MODEL COMMAND WITH FINAL ESTIMATES USED AS STARTING VALUES

     %OVERALL%

     c#1 ON treat*7.36620 (b01);
     c#2 ON treat*1.75566 (b02);

     [ c#1*-2.94991 ] (b12);
     [ c#2*-0.88426 ] (b22);

     %C#1%

     q1 WITH q2@0;
     q1 WITH q3@0;
     q1 WITH q4@0;
     q2 WITH q3@0;
     q2 WITH q4@0;
     q3 WITH q4@0;

     [ q1*-0.46157 ] (am1);
     [ q2*-0.83264 ] (am2);
     [ q3*-1.17933 ] (am3);
     [ q4*-1.17435 ] (am4);

     [ marr$1*1.26542 ] (at1);
     [ nodegree$1*-0.64232 ] (at2);
     [ black$1*-1.23211 ] (at3);
     [ hispanic$1*2.94175 ] (at4);

     q1*0.42994 (av1);
     q2*0.41443 (av2);
     q3*0.05737 (av3);
     q4*0.02533 (av4);

     %C#2%

     q1 WITH q2@0;
     q1 WITH q3@0;
     q1 WITH q4@0;
     q2 WITH q3@0;
     q2 WITH q4@0;
     q3 WITH q4@0;

     [ q1*-1.14573 ] (bm1);
     [ q2*0.51645 ] (bm2);
     [ q3*-0.21190 ] (bm3);
     [ q4*-0.25110 ] (bm4);

     [ marr$1*-2.16305 ] (bt1);
     [ nodegree$1*-15 ] (bt2);
     [ black$1*0.30402 ] (bt3);
     [ hispanic$1*2.95921 ] (bt4);

     q1*0.51847 (bv1);
     q2*0.97385 (bv2);
     q3*0.48152 (bv3);
     q4*0.47660 (bv4);

     %C#3%

     q1 WITH q2@0;
     q1 WITH q3@0;
     q1 WITH q4@0;
     q2 WITH q3@0;
     q2 WITH q4@0;
     q3 WITH q4@0;

     [ q1*0.54841 ] (cm1);
     [ q2*-0.08409 ] (cm2);
     [ q3*0.27289 ] (cm3);
     [ q4*0.28840 ] (cm4);

     [ marr$1*-2.00391 ] (ct1);
     [ nodegree$1*5.20276 ] (ct2);
     [ black$1*1.65310 ] (ct3);
     [ hispanic$1*3.63400 ] (ct4);

     q1*0.40925 (cv1);
     q2*0.87550 (cv2);
     q3*1.05147 (cv3);
     q4*1.04414 (cv4);



DIAGRAM INFORMATION

  Mplus diagrams are currently not available for Mixture analysis.
  No diagram output was produced.


     Beginning Time:  20:24:01
        Ending Time:  20:24:08
       Elapsed Time:  00:00:07



MUTHEN & MUTHEN
3463 Stoner Ave.
Los Angeles, CA  90066

Tel: (310) 391-9971
Fax: (310) 391-8971
Web: www.StatModel.com
Support: Support@StatModel.com

Copyright (c) 1998-2023 Muthen & Muthen
