Mplus VERSION 8.10
MUTHEN & MUTHEN
03/28/2025   4:47 PM

INPUT INSTRUCTIONS

  TITLE: Your title goes here

  DATA: FILE = "data/lalonde_obs.dat";

  VARIABLE:
  NAMES = re78 treat u e educ re75;
  USEV = treat e educ re75;
  CENSORED = re75 (bi);
  CLASSES = C(3);
  MISSING=.;
  AUXILIARY = re78;


  ANALYSIS:
  TYPE = mixture;
  ESTIMATOR = MLR;
  !ALGORITHM = INTEGRATION;
  PROCESSORS = 8;
  STARTS = 32 8;


  MODEL:

  %OVERALL%

  C on treat;
  e with educ@0;
  [e-re75*];
  [re75#1*];


  %C#1% !Below common support
  [educ-re75*];
  [e@-0.8363425];
  e@0.04947994;

  %C#2% !Above common support
  [educ-re75*];
  [e@3.292603];
  e@0.02200702;

  %C#3% !Within common support
  [educ-re75*];







  OUTPUT:
  svalues;




INPUT READING TERMINATED NORMALLY



Your title goes here

SUMMARY OF ANALYSIS

Number of groups                                                 1
Number of observations                                        2675

Number of dependent variables                                    3
Number of independent variables                                  1
Number of continuous latent variables                            0
Number of categorical latent variables                           1

Observed dependent variables

  Continuous
   E           EDUC

  Censored
   RE75

Observed independent variables
   TREAT

Observed auxiliary variables
   RE78

Categorical latent variables
   C


Estimator                                                      MLR
Information matrix                                        OBSERVED
Optimization Specifications for the Quasi-Newton Algorithm for
Continuous Outcomes
  Maximum number of iterations                                 100
  Convergence criterion                                  0.100D-05
Optimization Specifications for the EM Algorithm
  Maximum number of iterations                                 500
  Convergence criteria
    Loglikelihood change                                 0.100D-06
    Relative loglikelihood change                        0.100D-06
    Derivative                                           0.100D-05
Optimization Specifications for the M step of the EM Algorithm for
Categorical Latent variables
  Number of M step iterations                                    1
  M step convergence criterion                           0.100D-05
  Basis for M step termination                           ITERATION
Optimization Specifications for the M step of the EM Algorithm for
Censored, Binary or Ordered Categorical (Ordinal), Unordered
Categorical (Nominal) and Count Outcomes
  Number of M step iterations                                    1
  M step convergence criterion                           0.100D-05
  Basis for M step termination                           ITERATION
  Maximum value for logit thresholds                            15
  Minimum value for logit thresholds                           -15
  Minimum expected cell size for chi-square              0.100D-01
Maximum number of iterations for H1                           2000
Convergence criterion for H1                             0.100D-03
Optimization algorithm                                         EMA
Random Starts Specifications
  Number of initial stage random starts                         32
  Number of final stage optimizations                            8
  Number of initial stage iterations                            10
  Initial stage convergence criterion                    0.100D+01
  Random starts scale                                    0.500D+01
  Random seed for generating random starts                       0

Input data file(s)
  data/lalonde_obs.dat
Input data format  FREE


SUMMARY OF DATA

     Number of missing data patterns             1
     Number of y missing data patterns           1
     Number of u missing data patterns           0


COVARIANCE COVERAGE OF DATA

Minimum covariance coverage value   0.100


     PROPORTION OF DATA PRESENT FOR Y


           Covariance Coverage
              E             EDUC          TREAT
              ________      ________      ________
 E              1.000
 EDUC           1.000         1.000
 TREAT          1.000         1.000         1.000


SUMMARY OF CENSORED LIMITS

      RE75               0.000



UNIVARIATE SAMPLE STATISTICS


     UNIVARIATE HIGHER-ORDER MOMENT DESCRIPTIVE STATISTICS

         Variable/         Mean/     Skewness/   Minimum/ % with                Percentiles
        Sample Size      Variance    Kurtosis    Maximum  Min/Max      20%/60%    40%/80%    Median

     E                     0.000       1.450      -1.401    0.04%      -0.706     -0.406     -0.303
            2675.000       1.000       1.271       3.595    0.04%      -0.175      0.367
     EDUC                  0.000      -0.426      -3.928    0.11%      -0.653      0.002      0.002
            2675.000       1.000       0.339       1.639    7.89%       0.002      0.984
     TREAT                 0.069       3.396       0.000   93.08%       0.000      0.000      0.000
            2675.000       0.064       9.534       1.000    6.92%       0.000      0.000

RANDOM STARTS RESULTS RANKED FROM THE BEST TO THE WORST LOGLIKELIHOOD VALUES

Final stage loglikelihood values at local maxima, seeds, and initial stage start numbers:

           -5139.354  432148           30
           -5139.354  851945           18
           -5139.354  887676           22
           -5139.354  253358           2
           -5139.354  569131           26
           -5139.354  533738           11
           -5139.354  399671           13
           -5226.525  903420           5



THE BEST LOGLIKELIHOOD VALUE HAS BEEN REPLICATED.  RERUN WITH AT LEAST TWICE THE
RANDOM STARTS TO CHECK THAT THE BEST LOGLIKELIHOOD IS STILL OBTAINED AND REPLICATED.


     WARNING:  THE SAMPLE VARIANCE OF TREAT IN CLASS 1 IS  0.000.

     IN THE OPTIMIZATION, ONE OR MORE LOGIT SCALE PARAMETERS APPROACHED EXTREME VALUES
     OF -15.000 AND 15.000 AND WERE FIXED TO STABILIZE MODEL ESTIMATION.  THESE
     VALUES IMPLY PROBABILITIES OF 0 AND 1.  IN THE MODEL RESULTS SECTION, THESE
     PARAMETERS HAVE 0 STANDARD ERRORS AND 999 IN THE Z-SCORE AND P-VALUE COLUMNS.

     THE STANDARD ERRORS OF THE MODEL PARAMETER ESTIMATES MAY NOT BE
     TRUSTWORTHY FOR SOME PARAMETERS DUE TO A NON-POSITIVE DEFINITE
     FIRST-ORDER DERIVATIVE PRODUCT MATRIX.  THIS MAY BE DUE TO THE STARTING
     VALUES BUT MAY ALSO BE AN INDICATION OF MODEL NONIDENTIFICATION.  THE
     CONDITION NUMBER IS       0.177D-15.  PROBLEM INVOLVING THE FOLLOWING PARAMETER:
     Parameter 17, %C#3%: [ RE75 ]

     ONE OR MORE PARAMETERS WERE FIXED TO AVOID SINGULARITY OF THE
     INFORMATION MATRIX. THE SINGULARITY IS MOST LIKELY DUE TO THE
     MODEL IS NOT IDENTIFIED, OR DUE TO A LARGE OR A SMALL PARAMETER
     ON THE LOGIT SCALE. THE FOLLOWING PARAMETERS WERE FIXED:
     Parameter 14, %C#2%: [ RE75#1 ]
     Parameter 15, %C#2%: [ RE75 ]
     Parameter 9, C#1 ON TREAT


THE MODEL ESTIMATION TERMINATED NORMALLY



MODEL FIT INFORMATION

Number of Free Parameters                       17

Loglikelihood

          H0 Value                       -5139.354
          H0 Scaling Correction Factor      1.0457
            for MLR

Information Criteria

          Akaike (AIC)                   10312.708
          Bayesian (BIC)                 10412.867
          Sample-Size Adjusted BIC       10358.853
            (n* = (n + 2) / 24)



FINAL CLASS COUNTS AND PROPORTIONS FOR THE LATENT CLASSES
BASED ON THE ESTIMATED MODEL

    Latent
   Classes

       1       1042.31311          0.38965
       2         20.62473          0.00771
       3       1612.06216          0.60264


FINAL CLASS COUNTS AND PROPORTIONS FOR THE LATENT CLASSES
BASED ON ESTIMATED POSTERIOR PROBABILITIES

    Latent
   Classes

       1       1042.31309          0.38965
       2         20.62473          0.00771
       3       1612.06217          0.60264


FINAL CLASS COUNTS AND PROPORTIONS FOR THE LATENT CLASSES
BASED ON THEIR MOST LIKELY LATENT CLASS MEMBERSHIP

Class Counts and Proportions

    Latent
   Classes

       1             1037          0.38766
       2               18          0.00673
       3             1620          0.60561


CLASSIFICATION QUALITY

     Entropy                         0.828


Average Latent Class Probabilities for Most Likely Latent Class Membership (Row)
by Latent Class (Column)

           1        2        3

    1   0.892    0.000    0.108
    2   0.000    0.977    0.023
    3   0.073    0.002    0.925


Classification Probabilities for the Most Likely Latent Class Membership (Column)
by Latent Class (Row)

           1        2        3

    1   0.887    0.000    0.113
    2   0.000    0.853    0.147
    3   0.070    0.000    0.930


Logits for the Classification Probabilities for the Most Likely Latent Class Membership (Column)
by Latent Class (Row)

              1        2        3

    1      2.062  -11.634    0.000
    2    -11.901    1.755    0.000
    3     -2.591   -8.192    0.000


MODEL RESULTS

                                                    Two-Tailed
                    Estimate       S.E.  Est./S.E.    P-Value

Latent Class 1

 E        WITH
    EDUC               0.000      0.000    999.000    999.000

 Means
    E                 -0.836      0.000    999.000    999.000
    EDUC               0.779      0.026     29.916      0.000

 Means
    RE75#1           -15.000      0.000    999.000    999.000
    RE75               1.121      0.002    724.752      0.000

 Variances
    E                  0.049      0.000    999.000    999.000
    EDUC               0.579      0.020     29.140      0.000

 Variances
    RE75               0.006      0.000     14.996      0.000

Latent Class 2

 E        WITH
    EDUC               0.000      0.000    999.000    999.000

 Means
    E                  3.293      0.000    999.000    999.000
    EDUC              -2.578      0.095    -27.119      0.000

 Means
    RE75#1             2.928      0.000    999.000    999.000
    RE75              -2.557      0.000    999.000    999.000

 Variances
    E                  0.022      0.000    999.000    999.000
    EDUC               0.579      0.020     29.140      0.000

 Variances
    RE75               0.006      0.000     14.996      0.000

Latent Class 3

 E        WITH
    EDUC               0.000      0.000    999.000    999.000

 Means
    E                  0.437      0.035     12.621      0.000
    EDUC              -0.470      0.023    -20.232      0.000

 Means
    RE75#1            -1.322      0.075    -17.580      0.000
    RE75               1.030      0.003    332.438      0.000

 Variances
    E                  0.945      0.036     26.592      0.000
    EDUC               0.579      0.020     29.140      0.000

 Variances
    RE75               0.006      0.000     14.996      0.000

Categorical Latent Variables

 C#1        ON
    TREAT            -28.855      0.000    999.000    999.000

 C#2        ON
    TREAT              1.357      0.493      2.752      0.006

 Intercepts
    C#1               -0.319      0.065     -4.941      0.000
    C#2               -4.636      0.290    -15.969      0.000


QUALITY OF NUMERICAL RESULTS

     Condition Number for the Information Matrix              0.142E-05
       (ratio of smallest to largest eigenvalue)


LOGISTIC REGRESSION ODDS RATIO RESULTS

                                                95% C.I.
                    Estimate       S.E.  Lower 2.5% Upper 2.5%

Categorical Latent Variables

 C#1      ON
    TREAT              0.000      0.000      0.000      0.000

 C#2      ON
    TREAT              3.885      1.916      1.478     10.214


ALTERNATIVE PARAMETERIZATIONS FOR THE CATEGORICAL LATENT VARIABLE REGRESSION

                                                    Two-Tailed
                    Estimate       S.E.  Est./S.E.    P-Value

Parameterization using Reference Class 1

 C#2      ON
    TREAT             30.213      0.493     61.265      0.000

 C#3      ON
    TREAT             28.855      0.000      0.000      1.000

 Intercepts
    C#2               -4.317      0.296    -14.561      0.000
    C#3                0.319      0.065      4.941      0.000

Parameterization using Reference Class 2

 C#1      ON
    TREAT            -30.213      0.493    -61.265      0.000

 C#3      ON
    TREAT             -1.357      0.493     -2.752      0.006

 Intercepts
    C#1                4.317      0.296     14.561      0.000
    C#3                4.636      0.290     15.969      0.000


ODDS RATIO FOR THE ALTERNATIVE PARAMETERIZATIONS FOR THE CATEGORICAL LATENT VARIABLE REGRESSION

                                                95% C.I.
                    Estimate       S.E.  Lower 2.5% Upper 2.5%

Parameterization using Reference Class 1

 C#2      ON
    TREAT            999.000    999.000    999.000    999.000

 C#3      ON
    TREAT            999.000    999.000    999.000    999.000

Parameterization using Reference Class 2

 C#1      ON
    TREAT              0.000      0.000      0.000      0.000

 C#3      ON
    TREAT              0.257      0.127      0.098      0.677


MODEL COMMAND WITH FINAL ESTIMATES USED AS STARTING VALUES

     %OVERALL%

     c#1 ON treat*-28.85533;
     c#2 ON treat*1.35723;

     [ c#1*-0.31887 ];
     [ c#2*-4.63573 ];

     %C#1%

     e WITH educ@0;

     [ e@-0.83634 ];
     [ educ*0.77860 ];
     [ re75#1*-15 ];
     [ re75*1.12119 ];

     e@0.04948;
     educ*0.57879 (2);
     re75*0.00637 (13);

     %C#2%

     e WITH educ@0;

     [ e@3.29260 ];
     [ educ*-2.57833 ];
     [ re75#1*2.92756 ];
     [ re75*-2.55681 ];

     e@0.02201;
     educ*0.57879 (2);
     re75*0.00637 (13);

     %C#3%

     e WITH educ@0;

     [ e*0.43733 ];
     [ educ*-0.47043 ];
     [ re75#1*-1.32178 ];
     [ re75*1.02954 ];

     e*0.94541;
     educ*0.57879 (2);
     re75*0.00637 (13);



DIAGRAM INFORMATION

  Mplus diagrams are currently not available for Mixture analysis.
  No diagram output was produced.


     Beginning Time:  16:47:47
        Ending Time:  16:47:50
       Elapsed Time:  00:00:03



MUTHEN & MUTHEN
3463 Stoner Ave.
Los Angeles, CA  90066

Tel: (310) 391-9971
Fax: (310) 391-8971
Web: www.StatModel.com
Support: Support@StatModel.com

Copyright (c) 1998-2023 Muthen & Muthen
