Mplus VERSION 8.10
MUTHEN & MUTHEN
03/28/2025  11:26 PM

INPUT INSTRUCTIONS

  TITLE: Your title goes here

  DATA: FILE = "data/lalonde_obs.dat";

  VARIABLE:
  NAMES = re78 treat u e educ re75;
  USEV = treat e educ re75;
  CATEGORICAL = re75;
  CLASSES = A(2) C(6);
  KNOWNCLASS = A(treat=0 treat=1);
  MISSING=.;
  AUXILIARY = re78;


  ANALYSIS:
  TYPE = mixture;
  ESTIMATOR = mlr;
  PARAMETERIZATION = probability;
  !ALGORITHM = INTEGRATION;
  PROCESSORS = 8;
  STARTS = 128 32;


  MODEL:

  %OVERALL%

  C on A;
  e with educ@0;
  ![e-re75*];
  !e-re75*;
  ![re75#1*];


  C#1 ON A#2 (p1_1);
  C#2 ON A#2 (p1_2);
  C#3 ON A#2 (p1_3);
  C#4 ON A#2 (p1_4);
  C#5 ON A#2 (p1_5);


  %A#1.C#1% !Below common support
  [educ*] (m1_1);
  educ* (v1_1);
  ![re75#1*] (h_1);
  [e*] (me_1);
  e* (ve_1);
  [re75$1*] (t1_1);
  [re75$2*] (t2_1);

  %A#2.C#1%
  [educ@0];
  educ@1;
  ![re75#1@0];
  [e*] (me_1);
  e@1;
  [re75$1@0];
  [re75$2@1];

  %A#1.C#2% !Within common support
  [educ*] (m1_2);
  educ* (v1_2);
  ![re75#1*] (h_2);
  [e*] (me_2);
  e* (ve_2);
  [re75$1*] (t1_2);
  [re75$2*] (t2_2);


  %A#2.C#2%
  [educ*] (m1_2);
  educ* (v1_2);
  ![re75#1*] (h_2);
  [e*] (me_2);
  e* (ve_2);
  [re75$1*] (t1_2);
  [re75$2*] (t2_2);


  %A#1.C#3% !Within common support
  [e*] (me_3);
  e* (ve_3);
  [educ*] (m1_3);
  educ* (v1_3);
  ![re75#1*] (h_3);
  [re75$1*] (t1_3);
  [re75$2*] (t2_3);

  %A#2.C#3%
  [e*] (me_3);
  e* (ve_3);
  [educ*] (m1_3);
  educ* (v1_3);
  ![re75#1*] (h_3);
  [re75$1*] (t1_3);
  [re75$2*] (t2_3);


  %A#1.C#4% !Within common support
  [e*] (me_4);
  e* (ve_4);
  [educ*] (m1_4);
  educ* (v1_4);
  ![re75#1*] (h_4);
  [re75$1*] (t1_4);
  [re75$2*] (t2_4);

  %A#2.C#4%
  [e*] (me_4);
  e* (ve_4);
  [educ*] (m1_4);
  educ* (v1_4);
  ![re75#1*] (h_4);
  [re75$1*] (t1_4);
  [re75$2*] (t2_4);


  %A#1.C#5% !Within common support
  [e*] (me_5);
  e* (ve_5);
  [educ*] (m1_5);
  educ* (v1_5);
  ![re75#1*] (h_5);
  [re75$1*] (t1_5);
  [re75$2*] (t2_5);

  %A#2.C#5%
  [e*] (me_5);
  e* (ve_5);
  [educ*] (m1_5);
  educ* (v1_5);
  ![re75#1*] (h_5);
  [re75$1*] (t1_5);
  [re75$2*] (t2_5);




  %A#1.C#6% !Above common support
  [e*] (me_6);
  e* (ve_6);
  [educ*] (m1_6);
  educ* (v1_6);
  [re75$1*] (t1_6);
  [re75$2*] (t2_6);
  ![re75#1*] (h_6);


  %A#2.C#6%
  [e*] (me_6);
  e@1;
  [educ@0];
  educ@1;
  ![re75#1@0];
  [re75$1@0];
  [re75$2@1];



  Model Constraint:
  New(p1_6*);
  p1_6 = 1 - p1_1 - p1_2 - p1_3 - p1_4 - p1_5;
  0 = p1_1;
  0 = p1_6;
  0 = p1_2-p1_5;
  0 = p1_3-p1_5;
  0 = p1_4-p1_5;


  0 = me_1+0.8363425;
  0 = me_6-3.292603;




  OUTPUT:
  svalues;




INPUT READING TERMINATED NORMALLY



Your title goes here

SUMMARY OF ANALYSIS

Number of groups                                                 1
Number of observations                                        2675

Number of dependent variables                                    3
Number of independent variables                                  0
Number of continuous latent variables                            0
Number of categorical latent variables                           2

Observed dependent variables

  Continuous
   E           EDUC

  Binary and ordered categorical (ordinal)
   RE75

Observed auxiliary variables
   RE78

Categorical latent variables
   A           C

  Knownclass            A


Estimator                                                      MLR
Information matrix                                        OBSERVED
Optimization Specifications for the Quasi-Newton Algorithm for
Continuous Outcomes
  Maximum number of iterations                                 100
  Convergence criterion                                  0.100D-05
Optimization Specifications for the EM Algorithm
  Maximum number of iterations                                 500
  Convergence criteria
    Loglikelihood change                                 0.100D-03
    Relative loglikelihood change                        0.100D-05
    Derivative                                           0.100D-03
Optimization Specifications for the M step of the EM Algorithm for
Categorical Latent variables
  Number of M step iterations                                    1
  M step convergence criterion                           0.100D-03
  Basis for M step termination                           ITERATION
Optimization Specifications for the M step of the EM Algorithm for
Censored, Binary or Ordered Categorical (Ordinal), Unordered
Categorical (Nominal) and Count Outcomes
  Number of M step iterations                                    1
  M step convergence criterion                           0.100D-03
  Basis for M step termination                           ITERATION
  Maximum value for logit thresholds                            15
  Minimum value for logit thresholds                           -15
  Minimum expected cell size for chi-square              0.100D-01
Maximum number of iterations for H1                           2000
Convergence criterion for H1                             0.100D-03
Optimization algorithm                                         EMA
Random Starts Specifications
  Number of initial stage random starts                        128
  Number of final stage optimizations                           32
  Number of initial stage iterations                            10
  Initial stage convergence criterion                    0.100D+01
  Random starts scale                                    0.500D+01
  Random seed for generating random starts                       0
Parameterization                                       PROBABILITY
Link                                                         LOGIT

Input data file(s)
  data/lalonde_obs.dat
Input data format  FREE


SUMMARY OF DATA

     Number of missing data patterns             1
     Number of y missing data patterns           1
     Number of u missing data patterns           1


COVARIANCE COVERAGE OF DATA

Minimum covariance coverage value   0.100


     PROPORTION OF DATA PRESENT FOR Y


           Covariance Coverage
              E             EDUC
              ________      ________
 E              1.000
 EDUC           1.000         1.000


UNIVARIATE PROPORTIONS AND COUNTS FOR CATEGORICAL VARIABLES

    RE75
      Category 1    0.135          360.000
      Category 2    0.027           72.000
      Category 3    0.839         2243.000



UNIVARIATE SAMPLE STATISTICS


     UNIVARIATE HIGHER-ORDER MOMENT DESCRIPTIVE STATISTICS

         Variable/         Mean/     Skewness/   Minimum/ % with                Percentiles
        Sample Size      Variance    Kurtosis    Maximum  Min/Max      20%/60%    40%/80%    Median

     E                     0.000       1.450      -1.401    0.04%      -0.706     -0.406     -0.303
            2675.000       1.000       1.271       3.595    0.04%      -0.175      0.367
     EDUC                  0.000      -0.426      -3.928    0.11%      -0.653      0.002      0.002
            2675.000       1.000       0.339       1.639    7.89%       0.002      0.984

RANDOM STARTS RESULTS RANKED FROM THE BEST TO THE WORST LOGLIKELIHOOD VALUES


44 perturbed starting value run(s) did not converge or were rejected in the third stage.
Final stage loglikelihood values at local maxima, seeds, and initial stage start numbers:

           -5182.645  124999           96
           -5182.645  603842           61
           -5783.723  471398           74
           -5792.929  366706           29
           -5920.578  70118            104
           -5936.949  341041           34
           -6132.049  153942           31
           -6132.049  268217           83
           -6474.477  794236           127

23 perturbed starting value run(s) did not converge or were rejected in the third stage.



THE BEST LOGLIKELIHOOD VALUE HAS BEEN REPLICATED.  RERUN WITH AT LEAST TWICE THE
RANDOM STARTS TO CHECK THAT THE BEST LOGLIKELIHOOD IS STILL OBTAINED AND REPLICATED.

     IN THE OPTIMIZATION, ONE OR MORE LOGIT THRESHOLDS APPROACHED EXTREME VALUES
     OF -15.000 AND 15.000 AND WERE FIXED TO STABILIZE MODEL ESTIMATION.  THESE
     VALUES IMPLY PROBABILITIES OF 0 AND 1.  IN THE MODEL RESULTS SECTION, THESE
     PARAMETERS HAVE 0 STANDARD ERRORS AND 999 IN THE Z-SCORE AND P-VALUE COLUMNS.

     THE STANDARD ERRORS OF THE MODEL PARAMETER ESTIMATES MAY NOT BE
     TRUSTWORTHY FOR SOME PARAMETERS DUE TO A NON-POSITIVE DEFINITE
     FIRST-ORDER DERIVATIVE PRODUCT MATRIX.  THIS MAY BE DUE TO THE STARTING
     VALUES BUT MAY ALSO BE AN INDICATION OF MODEL NONIDENTIFICATION.  THE
     CONDITION NUMBER IS       0.185D-18.  PROBLEM INVOLVING THE FOLLOWING PARAMETER:
     Parameter 24, %A#1.C#6%: EDUC (equality/label)




THE MODEL ESTIMATION TERMINATED NORMALLY



MODEL FIT INFORMATION

Number of Free Parameters                       40

Loglikelihood

          H0 Value                       -5182.645
          H0 Scaling Correction Factor      1.1015
            for MLR

Information Criteria

          Akaike (AIC)                   10445.290
          Bayesian (BIC)                 10680.958
          Sample-Size Adjusted BIC       10553.866
            (n* = (n + 2) / 24)

Chi-Square Test of Model Fit for the Binary and Ordered Categorical
(Ordinal) Outcomes

          Pearson Chi-Square

          Value                            277.999
          Degrees of freedom cannot be computed for this model part.

          Likelihood Ratio Chi-Square

          Value                            211.675
          Degrees of freedom cannot be computed for this model part.



FINAL CLASS COUNTS AND PROPORTIONS FOR EACH LATENT CLASS VARIABLE
BASED ON THE ESTIMATED MODEL

  Latent Class
    Variable    Class

    A              1      2490.00000          0.93084
                   2       185.00000          0.06916
    C              1        34.51071          0.01290
                   2       279.99731          0.10467
                   3      1208.81250          0.45189
                   4       591.66095          0.22118
                   5       544.67072          0.20362
                   6        15.34779          0.00574


LATENT CLASS INDICATOR MEANS AND PROBABILITIES FOR EACH LATENT CLASS

     MEAN/PROBABILITY PROFILES FOR C
                       Latent class
                     1      2      3      4      5      6
     E            -0.836  2.205 -0.401  0.188 -0.977  3.293


LATENT TRANSITION PROBABILITIES BASED ON THE ESTIMATED MODEL

  A Classes (Rows) by C Classes (Columns)

            1        2        3        4        5        6

   1     0.014    0.094    0.467    0.219    0.200    0.006
   2     0.000    0.250    0.250    0.250    0.250    0.000


C-SPECIFIC CLASSIFICATION RESULTS

Classification Quality for A

     Entropy                         1.000

Average Latent Class Probabilities for Most Likely Latent Class Membership (Row)
by Latent Class (Column)

           1        2

    1   1.000    0.000
    2   0.000    1.000


Classification Probabilities for the Most Likely Latent Class Membership (Column)
by Latent Class (Row)

           1        2

    1   1.000    0.000
    2   0.000    1.000


Logits for the Classification Probabilities for the Most Likely Latent Class Membership (Column)
by Latent Class (Row)

              1        2

    1     13.816    0.000
    2    -13.816    0.000

Classification Quality for C

     Entropy                         0.953

Average Latent Class Probabilities for Most Likely Latent Class Membership (Row)
by Latent Class (Column)

           1        2        3        4        5        6

    1   0.869    0.000    0.000    0.131    0.000    0.000
    2   0.000    0.999    0.000    0.000    0.000    0.001
    3   0.000    0.000    0.968    0.028    0.004    0.000
    4   0.011    0.000    0.051    0.937    0.000    0.000
    5   0.000    0.000    0.005    0.001    0.994    0.000
    6   0.000    0.211    0.000    0.000    0.000    0.789


Classification Probabilities for the Most Likely Latent Class Membership (Column)
by Latent Class (Row)

           1        2        3        4        5        6

    1   0.806    0.000    0.000    0.194    0.000    0.000
    2   0.000    0.988    0.000    0.000    0.000    0.012
    3   0.000    0.000    0.971    0.027    0.002    0.000
    4   0.007    0.000    0.054    0.938    0.001    0.000
    5   0.000    0.000    0.009    0.000    0.991    0.000
    6   0.000    0.023    0.000    0.000    0.000    0.977


Logits for the Classification Probabilities for the Most Likely Latent Class Membership (Column)
by Latent Class (Row)

              1        2        3        4        5        6

    1     13.599    0.000    0.000   12.177    0.000    0.000
    2     -5.635    4.444   -9.359   -3.895   -9.359    0.000
    3      0.000    0.000   13.786   10.199    7.732    0.000
    4      8.831    4.451   10.902   13.751    6.716    0.000
    5      0.000    0.000    9.124    3.713   13.806    0.000
    6    -13.792   -3.728  -13.792  -13.792  -13.792    0.000


MODEL RESULTS

                                                    Two-Tailed
                    Estimate       S.E.  Est./S.E.    P-Value

Parameters in the Overall Part of the Model (Parameters Equal in All of the Classes)

 E        WITH
    EDUC               0.000      0.000    999.000    999.000

Parameters for Class-specific Model Parts

Latent Class Pattern 1 1

 Means
    E                 -0.836      0.000    999.000    999.000
    EDUC              -2.813      0.107    -26.362      0.000

 Thresholds
    RE75$1           -26.722      0.000    999.000    999.000
    RE75$2            -1.945      0.550     -3.539      0.000

 Variances
    E                  3.079      0.130     23.737      0.000
    EDUC               0.207      0.059      3.493      0.000

Latent Class Pattern 1 2

 Means
    E                  2.205      0.021    102.788      0.000
    EDUC              -0.178      0.058     -3.089      0.002

 Thresholds
    RE75$1             5.800      1.076      5.389      0.000
    RE75$2            29.061      0.000    999.000    999.000

 Variances
    E                  0.113      0.010     10.986      0.000
    EDUC               0.814      0.073     11.164      0.000

Latent Class Pattern 1 3

 Means
    E                 -0.401      0.007    -59.513      0.000
    EDUC               0.088      0.011      7.945      0.000

 Thresholds
    RE75$1           -29.774      0.000    999.000    999.000
    RE75$2           -29.277      0.000    999.000    999.000

 Variances
    E                  0.030      0.002     16.526      0.000
    EDUC               0.091      0.007     13.077      0.000

Latent Class Pattern 1 4

 Means
    E                  0.188      0.019      9.772      0.000
    EDUC              -0.987      0.043    -23.153      0.000

 Thresholds
    RE75$1           -29.696      0.000    999.000    999.000
    RE75$2            -2.109      0.138    -15.264      0.000

 Variances
    E                  0.072      0.007     10.631      0.000
    EDUC               0.464      0.050      9.290      0.000

Latent Class Pattern 1 5

 Means
    E                 -0.977      0.009   -112.308      0.000
    EDUC               1.400      0.014    101.624      0.000

 Thresholds
    RE75$1           -29.530      0.000    999.000    999.000
    RE75$2            -6.750      2.238     -3.016      0.003

 Variances
    E                  0.024      0.002     11.024      0.000
    EDUC               0.046      0.006      8.212      0.000

Latent Class Pattern 1 6

 Means
    E                  3.293      0.000    999.000    999.000
    EDUC              -2.592      0.285     -9.088      0.000

 Thresholds
    RE75$1            25.799      0.000    999.000    999.000
    RE75$2            25.802      0.000    999.000    999.000

 Variances
    E                  0.077      0.051      1.509      0.131
    EDUC               0.292      0.141      2.071      0.038

Latent Class Pattern 2 1

 Means
    E                 -0.836      0.000    999.000    999.000
    EDUC               0.000      0.000    999.000    999.000

 Thresholds
    RE75$1             0.000      0.000    999.000    999.000
    RE75$2             1.000      0.000    999.000    999.000

 Variances
    E                  1.000      0.000    999.000    999.000
    EDUC               1.000      0.000    999.000    999.000

Latent Class Pattern 2 2

 Means
    E                  2.205      0.021    102.788      0.000
    EDUC              -0.178      0.058     -3.089      0.002

 Thresholds
    RE75$1             5.800      1.076      5.389      0.000
    RE75$2            29.061      0.000    999.000    999.000

 Variances
    E                  0.113      0.010     10.986      0.000
    EDUC               0.814      0.073     11.164      0.000

Latent Class Pattern 2 3

 Means
    E                 -0.401      0.007    -59.513      0.000
    EDUC               0.088      0.011      7.945      0.000

 Thresholds
    RE75$1           -29.774      0.000    999.000    999.000
    RE75$2           -29.277      0.000    999.000    999.000

 Variances
    E                  0.030      0.002     16.526      0.000
    EDUC               0.091      0.007     13.077      0.000

Latent Class Pattern 2 4

 Means
    E                  0.188      0.019      9.772      0.000
    EDUC              -0.987      0.043    -23.153      0.000

 Thresholds
    RE75$1           -29.696      0.000    999.000    999.000
    RE75$2            -2.109      0.138    -15.264      0.000

 Variances
    E                  0.072      0.007     10.631      0.000
    EDUC               0.464      0.050      9.290      0.000

Latent Class Pattern 2 5

 Means
    E                 -0.977      0.009   -112.308      0.000
    EDUC               1.400      0.014    101.624      0.000

 Thresholds
    RE75$1           -29.530      0.000    999.000    999.000
    RE75$2            -6.750      2.238     -3.016      0.003

 Variances
    E                  0.024      0.002     11.024      0.000
    EDUC               0.046      0.006      8.212      0.000

Latent Class Pattern 2 6

 Means
    E                  3.293      0.000    999.000    999.000
    EDUC               0.000      0.000    999.000    999.000

 Thresholds
    RE75$1             0.000      0.000    999.000    999.000
    RE75$2             1.000      0.000    999.000    999.000

 Variances
    E                  1.000      0.000    999.000    999.000
    EDUC               1.000      0.000    999.000    999.000

Categorical Latent Variables

 C#1      ON
    A#1                0.014      0.004      3.701      0.000
    A#2                0.000      0.000    999.000    999.000

 C#2      ON
    A#1                0.094      0.006     15.537      0.000
    A#2                0.250      0.000    999.000    999.000

 C#3      ON
    A#1                0.467      0.012     38.510      0.000
    A#2                0.250      0.000    999.000    999.000

 C#4      ON
    A#1                0.219      0.010     22.057      0.000
    A#2                0.250      0.000    999.000    999.000

 C#5      ON
    A#1                0.200      0.008     23.854      0.000
    A#2                0.250      0.000    999.000    999.000

 Means
    A#1                0.931      0.005    189.747      0.000

New/Additional Parameters
    P1_6               0.000      0.000      0.000      1.000


QUALITY OF NUMERICAL RESULTS

     Condition Number for the Information Matrix              0.185E-18
       (ratio of smallest to largest eigenvalue)


RESULTS IN PROBABILITY SCALE

                                                    Two-Tailed
                    Estimate       S.E.  Est./S.E.    P-Value

Latent Class Pattern 1 1

 RE75
    Category 1         0.000      0.000      0.000      1.000
    Category 2         0.125      0.060      2.079      0.038
    Category 3         0.875      0.060     14.545      0.000

Latent Class Pattern 1 2

 RE75
    Category 1         0.997      0.003    307.802      0.000
    Category 2         0.003      0.003      0.932      0.351
    Category 3         0.000      0.000      0.000      1.000

Latent Class Pattern 1 3

 RE75
    Category 1         0.000      0.000      0.000      1.000
    Category 2         0.000      0.000      0.000      1.000
    Category 3         1.000      0.000      0.000      1.000

Latent Class Pattern 1 4

 RE75
    Category 1         0.000      0.000      0.000      1.000
    Category 2         0.108      0.013      8.114      0.000
    Category 3         0.892      0.013     66.890      0.000

Latent Class Pattern 1 5

 RE75
    Category 1         0.000      0.000      0.000      1.000
    Category 2         0.001      0.003      0.447      0.655
    Category 3         0.999      0.003    382.050      0.000

Latent Class Pattern 1 6

 RE75
    Category 1         1.000      0.000      0.000      1.000
    Category 2         0.000      0.000      0.000      1.000
    Category 3         0.000      0.000      0.000      1.000

Latent Class Pattern 2 1

 RE75
    Category 1         0.500      0.000      0.000      1.000
    Category 2         0.231      0.000      0.000      1.000
    Category 3         0.269      0.000      0.000      1.000

Latent Class Pattern 2 2

 RE75
    Category 1         0.997      0.003    307.802      0.000
    Category 2         0.003      0.003      0.932      0.351
    Category 3         0.000      0.000      0.000      1.000

Latent Class Pattern 2 3

 RE75
    Category 1         0.000      0.000      0.000      1.000
    Category 2         0.000      0.000      0.000      1.000
    Category 3         1.000      0.000      0.000      1.000

Latent Class Pattern 2 4

 RE75
    Category 1         0.000      0.000      0.000      1.000
    Category 2         0.108      0.013      8.114      0.000
    Category 3         0.892      0.013     66.890      0.000

Latent Class Pattern 2 5

 RE75
    Category 1         0.000      0.000      0.000      1.000
    Category 2         0.001      0.003      0.447      0.655
    Category 3         0.999      0.003    382.050      0.000

Latent Class Pattern 2 6

 RE75
    Category 1         0.500      0.000      0.000      1.000
    Category 2         0.231      0.000      0.000      1.000
    Category 3         0.269      0.000      0.000      1.000


MODEL COMMAND WITH FINAL ESTIMATES USED AS STARTING VALUES

     %OVERALL%

     c#1 ON a#1*0.01386;
     c#1 ON a#2*0 (p1_1);
     c#2 ON a#1*0.09387;
     c#2 ON a#2*0.25000 (p1_2);
     c#3 ON a#1*0.46689;
     c#3 ON a#2*0.25000 (p1_3);
     c#4 ON a#1*0.21904;
     c#4 ON a#2*0.25000 (p1_4);
     c#5 ON a#1*0.20017;
     c#5 ON a#2*0.25000 (p1_5);

     [ a#1*0.93084 ];

     e WITH educ@0;


     %A#1.C#1%

     [ e*-0.83634 ] (me_1);
     [ educ*-2.81285 ] (m1_1);

     [ re75$1*-26.72182 ] (t1_1);
     [ re75$2*-1.94535 ] (t2_1);

     e*3.07943 (ve_1);
     educ*0.20667 (v1_1);

     %A#1.C#2%

     [ e*2.20495 ] (me_2);
     [ educ*-0.17778 ] (m1_2);

     [ re75$1*5.79985 ] (t1_2);
     [ re75$2*29.06073 ] (t2_2);

     e*0.11321 (ve_2);
     educ*0.81450 (v1_2);

     %A#1.C#3%

     [ e*-0.40108 ] (me_3);
     [ educ*0.08826 ] (m1_3);

     [ re75$1*-29.77421 ] (t1_3);
     [ re75$2*-29.27729 ] (t2_3);

     e*0.02961 (ve_3);
     educ*0.09090 (v1_3);

     %A#1.C#4%

     [ e*0.18847 ] (me_4);
     [ educ*-0.98711 ] (m1_4);

     [ re75$1*-29.69570 ] (t1_4);
     [ re75$2*-2.10948 ] (t2_4);

     e*0.07189 (ve_4);
     educ*0.46406 (v1_4);

     %A#1.C#5%

     [ e*-0.97664 ] (me_5);
     [ educ*1.39996 ] (m1_5);

     [ re75$1*-29.52998 ] (t1_5);
     [ re75$2*-6.74996 ] (t2_5);

     e*0.02448 (ve_5);
     educ*0.04623 (v1_5);

     %A#1.C#6%

     [ e*3.29260 ] (me_6);
     [ educ*-2.59172 ] (m1_6);

     [ re75$1*25.79935 ] (t1_6);
     [ re75$2*25.80226 ] (t2_6);

     e*0.07657 (ve_6);
     educ*0.29184 (v1_6);

     %A#2.C#1%

     [ e*-0.83634 ] (me_1);
     [ educ@0 ];

     [ re75$1@0 ];
     [ re75$2@1 ];

     e@1;
     educ@1;

     %A#2.C#2%

     [ e*2.20495 ] (me_2);
     [ educ*-0.17778 ] (m1_2);

     [ re75$1*5.79985 ] (t1_2);
     [ re75$2*29.06073 ] (t2_2);

     e*0.11321 (ve_2);
     educ*0.81450 (v1_2);

     %A#2.C#3%

     [ e*-0.40108 ] (me_3);
     [ educ*0.08826 ] (m1_3);

     [ re75$1*-29.77421 ] (t1_3);
     [ re75$2*-29.27729 ] (t2_3);

     e*0.02961 (ve_3);
     educ*0.09090 (v1_3);

     %A#2.C#4%

     [ e*0.18847 ] (me_4);
     [ educ*-0.98711 ] (m1_4);

     [ re75$1*-29.69570 ] (t1_4);
     [ re75$2*-2.10948 ] (t2_4);

     e*0.07189 (ve_4);
     educ*0.46406 (v1_4);

     %A#2.C#5%

     [ e*-0.97664 ] (me_5);
     [ educ*1.39996 ] (m1_5);

     [ re75$1*-29.52998 ] (t1_5);
     [ re75$2*-6.74996 ] (t2_5);

     e*0.02448 (ve_5);
     educ*0.04623 (v1_5);

     %A#2.C#6%

     [ e*3.29260 ] (me_6);
     [ educ@0 ];

     [ re75$1@0 ];
     [ re75$2@1 ];

     e@1;
     educ@1;

     ! NEW statements in MODEL CONSTRAINT
     NEW(p1_6*0);




DIAGRAM INFORMATION

  Mplus diagrams are currently not available for Mixture analysis.
  No diagram output was produced.


     Beginning Time:  23:26:58
        Ending Time:  23:27:10
       Elapsed Time:  00:00:12



MUTHEN & MUTHEN
3463 Stoner Ave.
Los Angeles, CA  90066

Tel: (310) 391-9971
Fax: (310) 391-8971
Web: www.StatModel.com
Support: Support@StatModel.com

Copyright (c) 1998-2023 Muthen & Muthen
