Mplus VERSION 8.10
MUTHEN & MUTHEN
03/28/2025  11:14 PM

INPUT INSTRUCTIONS

  TITLE: Your title goes here

  DATA: FILE = "data/lalonde_obs.dat";

  VARIABLE:
  NAMES = re78 treat u e educ re75;
  USEV = treat e educ re75;
  CATEGORICAL = re75;
  CLASSES = A(2) C(5);
  KNOWNCLASS = A(treat=0 treat=1);
  MISSING=.;
  AUXILIARY = re78;


  ANALYSIS:
  TYPE = mixture;
  ESTIMATOR = mlr;
  PARAMETERIZATION = probability;
  !ALGORITHM = INTEGRATION;
  PROCESSORS = 8;
  STARTS = 128 32;


  MODEL:

  %OVERALL%

  C on A;
  e with educ@0;
  ![e-re75*];
  !e-re75*;
  ![re75#1*];


  C#1 ON A#2 (p1_1);
  C#2 ON A#2 (p1_2);
  C#3 ON A#2 (p1_3);
  C#4 ON A#2 (p1_4);


  %A#1.C#1% !Below common support
  [educ*] (m1_1);
  educ* (v1_1);
  ![re75#1*] (h_1);
  [e*] (me_1);
  e* (ve_1);
  [re75$1*] (t1_1);
  [re75$2*] (t2_1);

  %A#2.C#1%
  [educ@0];
  educ@1;
  ![re75#1@0];
  [e*] (me_1);
  e@1;
  [re75$1@0];
  [re75$2@1];

  %A#1.C#2% !Within common support
  [educ*] (m1_2);
  educ* (v1_2);
  ![re75#1*] (h_2);
  [e*] (me_2);
  e* (ve_2);
  [re75$1*] (t1_2);
  [re75$2*] (t2_2);


  %A#2.C#2%
  [educ*] (m1_2);
  educ* (v1_2);
  ![re75#1*] (h_2);
  [e*] (me_2);
  e* (ve_2);
  [re75$1*] (t1_2);
  [re75$2*] (t2_2);


  %A#1.C#3% !Within common support
  [e*] (me_3);
  e* (ve_3);
  [educ*] (m1_3);
  educ* (v1_3);
  ![re75#1*] (h_3);
  [re75$1*] (t1_3);
  [re75$2*] (t2_3);

  %A#2.C#3%
  [e*] (me_3);
  e* (ve_3);
  [educ*] (m1_3);
  educ* (v1_3);
  ![re75#1*] (h_3);
  [re75$1*] (t1_3);
  [re75$2*] (t2_3);


  %A#1.C#4% !Within common support
  [e*] (me_4);
  e* (ve_4);
  [educ*] (m1_4);
  educ* (v1_4);
  ![re75#1*] (h_4);
  [re75$1*] (t1_4);
  [re75$2*] (t2_4);

  %A#2.C#4%
  [e*] (me_4);
  e* (ve_4);
  [educ*] (m1_4);
  educ* (v1_4);
  ![re75#1*] (h_4);
  [re75$1*] (t1_4);
  [re75$2*] (t2_4);



  %A#1.C#5% !Above common support
  [e*] (me_5);
  e* (ve_5);
  [educ*] (m1_5);
  educ* (v1_5);
  [re75$1*] (t1_5);
  [re75$2*] (t2_5);
  ![re75#1*] (h_5);


  %A#2.C#5%
  [e*] (me_5);
  e@1;
  [educ@0];
  educ@1;
  ![re75#1@0];
  [re75$1@0];
  [re75$2@1];



  Model Constraint:
  New(p1_5*);
  p1_5 = 1 - p1_1 - p1_2 - p1_3 - p1_4;
  0 = p1_1;
  0 = p1_5;
  0 = p1_2-p1_4;
  0 = p1_3-p1_4;


  0 = me_1+0.8363425;
  0 = me_5-3.292603;



  OUTPUT:
  svalues;




INPUT READING TERMINATED NORMALLY



Your title goes here

SUMMARY OF ANALYSIS

Number of groups                                                 1
Number of observations                                        2675

Number of dependent variables                                    3
Number of independent variables                                  0
Number of continuous latent variables                            0
Number of categorical latent variables                           2

Observed dependent variables

  Continuous
   E           EDUC

  Binary and ordered categorical (ordinal)
   RE75

Observed auxiliary variables
   RE78

Categorical latent variables
   A           C

  Knownclass            A


Estimator                                                      MLR
Information matrix                                        OBSERVED
Optimization Specifications for the Quasi-Newton Algorithm for
Continuous Outcomes
  Maximum number of iterations                                 100
  Convergence criterion                                  0.100D-05
Optimization Specifications for the EM Algorithm
  Maximum number of iterations                                 500
  Convergence criteria
    Loglikelihood change                                 0.100D-03
    Relative loglikelihood change                        0.100D-06
    Derivative                                           0.100D-03
Optimization Specifications for the M step of the EM Algorithm for
Categorical Latent variables
  Number of M step iterations                                    1
  M step convergence criterion                           0.100D-05
  Basis for M step termination                           ITERATION
Optimization Specifications for the M step of the EM Algorithm for
Censored, Binary or Ordered Categorical (Ordinal), Unordered
Categorical (Nominal) and Count Outcomes
  Number of M step iterations                                    1
  M step convergence criterion                           0.100D-05
  Basis for M step termination                           ITERATION
  Maximum value for logit thresholds                            15
  Minimum value for logit thresholds                           -15
  Minimum expected cell size for chi-square              0.100D-01
Maximum number of iterations for H1                           2000
Convergence criterion for H1                             0.100D-03
Optimization algorithm                                         EMA
Random Starts Specifications
  Number of initial stage random starts                        128
  Number of final stage optimizations                           32
  Number of initial stage iterations                            10
  Initial stage convergence criterion                    0.100D+01
  Random starts scale                                    0.500D+01
  Random seed for generating random starts                       0
Parameterization                                       PROBABILITY
Link                                                         LOGIT

Input data file(s)
  data/lalonde_obs.dat
Input data format  FREE


SUMMARY OF DATA

     Number of missing data patterns             1
     Number of y missing data patterns           1
     Number of u missing data patterns           1


COVARIANCE COVERAGE OF DATA

Minimum covariance coverage value   0.100


     PROPORTION OF DATA PRESENT FOR Y


           Covariance Coverage
              E             EDUC
              ________      ________
 E              1.000
 EDUC           1.000         1.000


UNIVARIATE PROPORTIONS AND COUNTS FOR CATEGORICAL VARIABLES

    RE75
      Category 1    0.135          360.000
      Category 2    0.027           72.000
      Category 3    0.839         2243.000



UNIVARIATE SAMPLE STATISTICS


     UNIVARIATE HIGHER-ORDER MOMENT DESCRIPTIVE STATISTICS

         Variable/         Mean/     Skewness/   Minimum/ % with                Percentiles
        Sample Size      Variance    Kurtosis    Maximum  Min/Max      20%/60%    40%/80%    Median

     E                     0.000       1.450      -1.401    0.04%      -0.706     -0.406     -0.303
            2675.000       1.000       1.271       3.595    0.04%      -0.175      0.367
     EDUC                  0.000      -0.426      -3.928    0.11%      -0.653      0.002      0.002
            2675.000       1.000       0.339       1.639    7.89%       0.002      0.984

RANDOM STARTS RESULTS RANKED FROM THE BEST TO THE WORST LOGLIKELIHOOD VALUES


61 perturbed starting value run(s) did not converge or were rejected in the third stage.
Final stage loglikelihood values at local maxima, seeds, and initial stage start numbers:

           -6085.540  626891           32
           -6085.540  373505           88
           -6085.540  25127            107
           -6085.540  407168           44
           -6087.807  341041           34
           -6109.638  637345           19
           -6110.462  685657           69
           -6195.706  960438           116
           -6260.387  85462            51
           -6260.387  851945           18
           -6260.387  165853           105
           -6260.387  345070           114
           -6260.387  314084           81
           -6260.387  939021           8
           -6315.590  471398           74
           -6611.538  794236           127
           -6615.062  992389           77
           -7056.749  318230           46

14 perturbed starting value run(s) did not converge or were rejected in the third stage.



THE BEST LOGLIKELIHOOD VALUE HAS BEEN REPLICATED.  RERUN WITH AT LEAST TWICE THE
RANDOM STARTS TO CHECK THAT THE BEST LOGLIKELIHOOD IS STILL OBTAINED AND REPLICATED.

     IN THE OPTIMIZATION, ONE OR MORE LOGIT THRESHOLDS APPROACHED EXTREME VALUES
     OF -15.000 AND 15.000 AND WERE FIXED TO STABILIZE MODEL ESTIMATION.  THESE
     VALUES IMPLY PROBABILITIES OF 0 AND 1.  IN THE MODEL RESULTS SECTION, THESE
     PARAMETERS HAVE 0 STANDARD ERRORS AND 999 IN THE Z-SCORE AND P-VALUE COLUMNS.

     THE STANDARD ERRORS OF THE MODEL PARAMETER ESTIMATES MAY NOT BE
     TRUSTWORTHY FOR SOME PARAMETERS DUE TO A NON-POSITIVE DEFINITE
     FIRST-ORDER DERIVATIVE PRODUCT MATRIX.  THIS MAY BE DUE TO THE STARTING
     VALUES BUT MAY ALSO BE AN INDICATION OF MODEL NONIDENTIFICATION.  THE
     CONDITION NUMBER IS       0.292D-18.  PROBLEM INVOLVING THE FOLLOWING PARAMETER:
     Parameter 20, %A#1.C#5%: EDUC (equality/label)




THE MODEL ESTIMATION TERMINATED NORMALLY



MODEL FIT INFORMATION

Number of Free Parameters                       33

Loglikelihood

          H0 Value                       -6085.540
          H0 Scaling Correction Factor      1.1352
            for MLR

Information Criteria

          Akaike (AIC)                   12237.079
          Bayesian (BIC)                 12431.506
          Sample-Size Adjusted BIC       12326.654
            (n* = (n + 2) / 24)

Chi-Square Test of Model Fit for the Binary and Ordered Categorical
(Ordinal) Outcomes

          Pearson Chi-Square

          Value                            418.922
          Degrees of freedom cannot be computed for this model part.

          Likelihood Ratio Chi-Square

          Value                            207.061
          Degrees of freedom cannot be computed for this model part.



FINAL CLASS COUNTS AND PROPORTIONS FOR EACH LATENT CLASS VARIABLE
BASED ON THE ESTIMATED MODEL

  Latent Class
    Variable    Class

    A              1      2490.00000          0.93084
                   2       185.00000          0.06916
    C              1       199.62761          0.07463
                   2       296.33020          0.11078
                   3      1628.56311          0.60881
                   4       535.95551          0.20036
                   5        14.52359          0.00543


LATENT CLASS INDICATOR MEANS AND PROBABILITIES FOR EACH LATENT CLASS

     MEAN/PROBABILITY PROFILES FOR C
                       Latent class
                     1      2      3      4      5
     E            -0.836  2.202 -0.269 -0.991  3.293


LATENT TRANSITION PROBABILITIES BASED ON THE ESTIMATED MODEL

  A Classes (Rows) by C Classes (Columns)

            1        2        3        4        5

   1     0.080    0.094    0.629    0.190    0.006
   2     0.000    0.333    0.333    0.333    0.000


C-SPECIFIC CLASSIFICATION RESULTS

Classification Quality for A

     Entropy                         1.000

Average Latent Class Probabilities for Most Likely Latent Class Membership (Row)
by Latent Class (Column)

           1        2

    1   1.000    0.000
    2   0.000    1.000


Classification Probabilities for the Most Likely Latent Class Membership (Column)
by Latent Class (Row)

           1        2

    1   1.000    0.000
    2   0.000    1.000


Logits for the Classification Probabilities for the Most Likely Latent Class Membership (Column)
by Latent Class (Row)

              1        2

    1     13.816    0.000
    2    -13.816    0.000

Classification Quality for C

     Entropy                         0.962

Average Latent Class Probabilities for Most Likely Latent Class Membership (Row)
by Latent Class (Column)

           1        2        3        4        5

    1   0.924    0.001    0.075    0.000    0.000
    2   0.000    0.990    0.000    0.000    0.010
    3   0.021    0.000    0.976    0.003    0.000
    4   0.000    0.000    0.022    0.978    0.000
    5   0.000    0.011    0.000    0.000    0.989


Classification Probabilities for the Most Likely Latent Class Membership (Column)
by Latent Class (Row)

           1        2        3        4        5

    1   0.824    0.000    0.176    0.000    0.000
    2   0.001    0.998    0.001    0.000    0.000
    3   0.008    0.000    0.985    0.006    0.000
    4   0.000    0.000    0.010    0.990    0.000
    5   0.000    0.251    0.000    0.000    0.749


Logits for the Classification Probabilities for the Most Likely Latent Class Membership (Column)
by Latent Class (Row)

              1        2        3        4        5

    1     13.622    0.000   12.080    0.000    0.000
    2      0.436    7.981    0.635   -5.833    0.000
    3      9.008    2.635   13.801    8.757    0.000
    4      0.000    0.000    9.201   13.806    0.000
    5    -13.527   -1.094  -13.527  -13.527    0.000


MODEL RESULTS

                                                    Two-Tailed
                    Estimate       S.E.  Est./S.E.    P-Value

Parameters in the Overall Part of the Model (Parameters Equal in All of the Classes)

 E        WITH
    EDUC               0.000      0.000    999.000    999.000

Parameters for Class-specific Model Parts

Latent Class Pattern 1 1

 Means
    E                 -0.836      0.000    999.000    999.000
    EDUC              -1.914      0.089    -21.590      0.000

 Thresholds
    RE75$1           -28.451      0.000    999.000    999.000
    RE75$2            -2.616      0.303     -8.627      0.000

 Variances
    E                  1.863      0.110     16.967      0.000
    EDUC               0.367      0.045      8.065      0.000

Latent Class Pattern 1 2

 Means
    E                  2.202      0.023     93.996      0.000
    EDUC              -0.189      0.063     -3.004      0.003

 Thresholds
    RE75$1             4.976      0.820      6.070      0.000
    RE75$2             5.872      1.033      5.687      0.000

 Variances
    E                  0.119      0.014      8.589      0.000
    EDUC               0.833      0.081     10.331      0.000

Latent Class Pattern 1 3

 Means
    E                 -0.269      0.013    -20.105      0.000
    EDUC              -0.114      0.027     -4.165      0.000

 Thresholds
    RE75$1           -31.162      0.000    999.000    999.000
    RE75$2            -3.323      0.137    -24.221      0.000

 Variances
    E                  0.088      0.006     15.083      0.000
    EDUC               0.286      0.028     10.059      0.000

Latent Class Pattern 1 4

 Means
    E                 -0.991      0.008   -127.640      0.000
    EDUC               1.418      0.011    133.137      0.000

 Thresholds
    RE75$1           -30.151      0.000    999.000    999.000
    RE75$2           -29.677      0.000    999.000    999.000

 Variances
    E                  0.021      0.002     13.178      0.000
    EDUC               0.039      0.003     15.248      0.000

Latent Class Pattern 1 5

 Means
    E                  3.293      0.000    999.000    999.000
    EDUC              -2.630      0.374     -7.027      0.000

 Thresholds
    RE75$1            26.113      0.000    999.000    999.000
    RE75$2            26.661      0.000    999.000    999.000

 Variances
    E                  0.070      0.066      1.049      0.294
    EDUC               0.279      0.174      1.606      0.108

Latent Class Pattern 2 1

 Means
    E                 -0.836      0.000    999.000    999.000
    EDUC               0.000      0.000    999.000    999.000

 Thresholds
    RE75$1             0.000      0.000    999.000    999.000
    RE75$2             1.000      0.000    999.000    999.000

 Variances
    E                  1.000      0.000    999.000    999.000
    EDUC               1.000      0.000    999.000    999.000

Latent Class Pattern 2 2

 Means
    E                  2.202      0.023     93.996      0.000
    EDUC              -0.189      0.063     -3.004      0.003

 Thresholds
    RE75$1             4.976      0.820      6.070      0.000
    RE75$2             5.872      1.033      5.687      0.000

 Variances
    E                  0.119      0.014      8.589      0.000
    EDUC               0.833      0.081     10.331      0.000

Latent Class Pattern 2 3

 Means
    E                 -0.269      0.013    -20.105      0.000
    EDUC              -0.114      0.027     -4.165      0.000

 Thresholds
    RE75$1           -31.162      0.000    999.000    999.000
    RE75$2            -3.323      0.137    -24.221      0.000

 Variances
    E                  0.088      0.006     15.083      0.000
    EDUC               0.286      0.028     10.059      0.000

Latent Class Pattern 2 4

 Means
    E                 -0.991      0.008   -127.640      0.000
    EDUC               1.418      0.011    133.137      0.000

 Thresholds
    RE75$1           -30.151      0.000    999.000    999.000
    RE75$2           -29.677      0.000    999.000    999.000

 Variances
    E                  0.021      0.002     13.178      0.000
    EDUC               0.039      0.003     15.248      0.000

Latent Class Pattern 2 5

 Means
    E                  3.293      0.000    999.000    999.000
    EDUC               0.000      0.000    999.000    999.000

 Thresholds
    RE75$1             0.000      0.000    999.000    999.000
    RE75$2             1.000      0.000    999.000    999.000

 Variances
    E                  1.000      0.000    999.000    999.000
    EDUC               1.000      0.000    999.000    999.000

Categorical Latent Variables

 C#1      ON
    A#1                0.080      0.012      6.748      0.000
    A#2                0.000      0.000    999.000    999.000

 C#2      ON
    A#1                0.094      0.006     15.082      0.000
    A#2                0.333      0.000    999.000    999.000

 C#3      ON
    A#1                0.629      0.015     43.091      0.000
    A#2                0.333      0.000    999.000    999.000

 C#4      ON
    A#1                0.190      0.008     23.452      0.000
    A#2                0.333      0.000    999.000    999.000

 Means
    A#1                0.931      0.005    189.747      0.000

New/Additional Parameters
    P1_5               0.000      0.000      0.000      1.000


QUALITY OF NUMERICAL RESULTS

     Condition Number for the Information Matrix              0.292E-18
       (ratio of smallest to largest eigenvalue)


RESULTS IN PROBABILITY SCALE

                                                    Two-Tailed
                    Estimate       S.E.  Est./S.E.    P-Value

Latent Class Pattern 1 1

 RE75
    Category 1         0.000      0.000      0.000      1.000
    Category 2         0.068      0.019      3.539      0.000
    Category 3         0.932      0.019     48.416      0.000

Latent Class Pattern 1 2

 RE75
    Category 1         0.993      0.006    177.934      0.000
    Category 2         0.004      0.004      0.904      0.366
    Category 3         0.003      0.003      0.971      0.331

Latent Class Pattern 1 3

 RE75
    Category 1         0.000      0.000      0.000      1.000
    Category 2         0.035      0.005      7.551      0.000
    Category 3         0.965      0.005    209.550      0.000

Latent Class Pattern 1 4

 RE75
    Category 1         0.000      0.000      0.000      1.000
    Category 2         0.000      0.000      0.000      1.000
    Category 3         1.000      0.000      0.000      1.000

Latent Class Pattern 1 5

 RE75
    Category 1         1.000      0.000      0.000      1.000
    Category 2         0.000      0.000      0.000      1.000
    Category 3         0.000      0.000      0.000      1.000

Latent Class Pattern 2 1

 RE75
    Category 1         0.500      0.000      0.000      1.000
    Category 2         0.231      0.000      0.000      1.000
    Category 3         0.269      0.000      0.000      1.000

Latent Class Pattern 2 2

 RE75
    Category 1         0.993      0.006    177.934      0.000
    Category 2         0.004      0.004      0.904      0.366
    Category 3         0.003      0.003      0.971      0.331

Latent Class Pattern 2 3

 RE75
    Category 1         0.000      0.000      0.000      1.000
    Category 2         0.035      0.005      7.551      0.000
    Category 3         0.965      0.005    209.550      0.000

Latent Class Pattern 2 4

 RE75
    Category 1         0.000      0.000      0.000      1.000
    Category 2         0.000      0.000      0.000      1.000
    Category 3         1.000      0.000      0.000      1.000

Latent Class Pattern 2 5

 RE75
    Category 1         0.500      0.000      0.000      1.000
    Category 2         0.231      0.000      0.000      1.000
    Category 3         0.269      0.000      0.000      1.000


MODEL COMMAND WITH FINAL ESTIMATES USED AS STARTING VALUES

     %OVERALL%

     c#1 ON a#1*0.08017;
     c#1 ON a#2*0.00000 (p1_1);
     c#2 ON a#1*0.09424;
     c#2 ON a#2*0.33333 (p1_2);
     c#3 ON a#1*0.62928;
     c#3 ON a#2*0.33333 (p1_3);
     c#4 ON a#1*0.19048;
     c#4 ON a#2*0.33333 (p1_4);

     [ a#1*0.93084 ];

     e WITH educ@0;


     %A#1.C#1%

     [ e*-0.83634 ] (me_1);
     [ educ*-1.91437 ] (m1_1);

     [ re75$1*-28.45100 ] (t1_1);
     [ re75$2*-2.61598 ] (t2_1);

     e*1.86301 (ve_1);
     educ*0.36689 (v1_1);

     %A#1.C#2%

     [ e*2.20175 ] (me_2);
     [ educ*-0.18886 ] (m1_2);

     [ re75$1*4.97569 ] (t1_2);
     [ re75$2*5.87196 ] (t2_2);

     e*0.11931 (ve_2);
     educ*0.83336 (v1_2);

     %A#1.C#3%

     [ e*-0.26859 ] (me_3);
     [ educ*-0.11385 ] (m1_3);

     [ re75$1*-31.16205 ] (t1_3);
     [ re75$2*-3.32331 ] (t2_3);

     e*0.08800 (ve_3);
     educ*0.28607 (v1_3);

     %A#1.C#4%

     [ e*-0.99062 ] (me_4);
     [ educ*1.41815 ] (m1_4);

     [ re75$1*-30.15101 ] (t1_4);
     [ re75$2*-29.67725 ] (t2_4);

     e*0.02070 (ve_4);
     educ*0.03891 (v1_4);

     %A#1.C#5%

     [ e*3.29260 ] (me_5);
     [ educ*-2.63010 ] (m1_5);

     [ re75$1*26.11278 ] (t1_5);
     [ re75$2*26.66115 ] (t2_5);

     e*0.06960 (ve_5);
     educ*0.27918 (v1_5);

     %A#2.C#1%

     [ e*-0.83634 ] (me_1);
     [ educ@0 ];

     [ re75$1@0 ];
     [ re75$2@1 ];

     e@1;
     educ@1;

     %A#2.C#2%

     [ e*2.20175 ] (me_2);
     [ educ*-0.18886 ] (m1_2);

     [ re75$1*4.97569 ] (t1_2);
     [ re75$2*5.87196 ] (t2_2);

     e*0.11931 (ve_2);
     educ*0.83336 (v1_2);

     %A#2.C#3%

     [ e*-0.26859 ] (me_3);
     [ educ*-0.11385 ] (m1_3);

     [ re75$1*-31.16205 ] (t1_3);
     [ re75$2*-3.32331 ] (t2_3);

     e*0.08800 (ve_3);
     educ*0.28607 (v1_3);

     %A#2.C#4%

     [ e*-0.99062 ] (me_4);
     [ educ*1.41815 ] (m1_4);

     [ re75$1*-30.15101 ] (t1_4);
     [ re75$2*-29.67725 ] (t2_4);

     e*0.02070 (ve_4);
     educ*0.03891 (v1_4);

     %A#2.C#5%

     [ e*3.29260 ] (me_5);
     [ educ@0 ];

     [ re75$1@0 ];
     [ re75$2@1 ];

     e@1;
     educ@1;

     ! NEW statements in MODEL CONSTRAINT
     NEW(p1_5*0.00000);




DIAGRAM INFORMATION

  Mplus diagrams are currently not available for Mixture analysis.
  No diagram output was produced.


     Beginning Time:  23:14:13
        Ending Time:  23:14:22
       Elapsed Time:  00:00:09



MUTHEN & MUTHEN
3463 Stoner Ave.
Los Angeles, CA  90066

Tel: (310) 391-9971
Fax: (310) 391-8971
Web: www.StatModel.com
Support: Support@StatModel.com

Copyright (c) 1998-2023 Muthen & Muthen
